Input file: ./Instances/rudy/g05_100.8

Graph has 100 vertices and 2475 edges.

BiqBin parameters:
    init_bundle_iter = 5
     max_bundle_iter = 20
      min_outer_iter = 10
      max_outer_iter = 30
       violated_Ineq = 0.050000
             TriIneq = 500
         Pent_Trials = 160
        Hepta_Trials = 120
        include_Pent = 1
       include_Hepta = 1
                root = 0
            use_diff = 1
          time_limit = 0
   branchingStrategy = 1
      detailedOutput = 1

**************************************************************************************************************************
                                               Node 1
**************************************************************************************************************************
Problem size 100
Fixed variables:
Node 1 Feasible solution 1430
==========================================================================================================================
starting bound     cut  triangles added  violation
       1464.75    1430              500       0.49
==========================================================================================================================
iter     time      bound  bdl   viol3  triag  purged   added   viol5  penta  purged   added   viol7  hepta  purged   added
==========================================================================================================================
   1     0.05    1455.29    3   4e-01    783    -210   +493   
Node 1 Feasible solution 1431
   2     0.11    1449.84    6   3e-01   1026    -227   +470   
   3     0.29    1447.82    8   3e-01   1189    -256   +419    6e-01    477    -0     +477    6e-01    461    -0     +461  
   4     0.47    1446.12    9   3e-01   1322    -305   +438    6e-01    729    -227   +479    7e-01    598    -313   +450  
   5     0.68    1444.65   15   2e-01   1330    -338   +346    5e-01    795    -342   +408    5e-01    525    -388   +315  
   6     0.89    1443.67   17   1e-01   1219    -292   +181    5e-01    894    -245   +344    5e-01    535    -221   +231  
   7     1.11    1442.57   19   1e-01   1052    -234   +67     5e-01    930    -237   +273    4e-01    542    -183   +190  
   8     1.34    1441.94   21   1e-01    943    -136   +27     4e-01    971    -170   +211    3e-01    532    -136   +126  
   9     1.57    1441.55   24   9e-02    868    -86    +11     4e-01   1060    -114   +203    3e-01    530    -97    +95   
  10     1.82    1441.09   27   9e-02    817    -78    +27     4e-01   1107    -146   +193    4e-01    518    -115   +103  
Node 1 Feasible solution 1432
  11     1.96    1440.72   32   9e-02    817    -0     +0      4e-01   1107    -0     +0      4e-01    518    -0     +0    
==========================================================================================================================
BOUNDING STOPPED: Gap to big!
==========================================================================================================================
Depth = 0, Bound = 1440.72, Best = 1432

Branching on x[63] = 0.50
Fixing x[63] = 0

**************************************************************************************************************************
                                               Node 2
**************************************************************************************************************************
Problem size 99
Fixed variables: (x[63],0)
==========================================================================================================================
BOUNDING STOPPED: Gap to big!
==========================================================================================================================
Depth = 1, Bound = 1463.01, Best = 1432

Fixing x[63] = 1

**************************************************************************************************************************
                                               Node 3
**************************************************************************************************************************
Problem size 99
Fixed variables: (x[63],1)
==========================================================================================================================
BOUNDING STOPPED: Gap to big!
==========================================================================================================================
Depth = 1, Bound = 1463.23, Best = 1432

Branching on x[83] = 0.50
Fixing x[83] = 0

**************************************************************************************************************************
                                               Node 4
**************************************************************************************************************************
Problem size 98
Fixed variables: (x[63],1) (x[83],0)
==========================================================================================================================
BOUNDING STOPPED: Gap to big!
==========================================================================================================================
Depth = 2, Bound = 1460.85, Best = 1432

Fixing x[83] = 1

**************************************************************************************************************************
                                               Node 5
**************************************************************************************************************************
Problem size 98
Fixed variables: (x[63],1) (x[83],1)
==========================================================================================================================
BOUNDING STOPPED: Gap to big!
==========================================================================================================================
Depth = 2, Bound = 1460.54, Best = 1432

Branching on x[66] = 0.50
Fixing x[66] = 0

**************************************************************************************************************************
                                               Node 6
**************************************************************************************************************************
Problem size 98
Fixed variables: (x[63],0) (x[66],0)
==========================================================================================================================
BOUNDING STOPPED: Gap to big!
==========================================================================================================================
Depth = 2, Bound = 1461.84, Best = 1432

Fixing x[66] = 1

**************************************************************************************************************************
                                               Node 7
**************************************************************************************************************************
Problem size 98
Fixed variables: (x[63],0) (x[66],1)
==========================================================================================================================
BOUNDING STOPPED: Gap to big!
==========================================================================================================================
Depth = 2, Bound = 1461.72, Best = 1432

Branching on x[51] = 0.50
Fixing x[51] = 0

**************************************************************************************************************************
                                               Node 8
**************************************************************************************************************************
Problem size 97
Fixed variables: (x[51],0) (x[63],0) (x[66],0)
==========================================================================================================================
BOUNDING STOPPED: Gap to big!
==========================================================================================================================
Depth = 3, Bound = 1460.56, Best = 1432

Fixing x[51] = 1

**************************************************************************************************************************
                                               Node 9
**************************************************************************************************************************
Problem size 97
Fixed variables: (x[51],1) (x[63],0) (x[66],0)
==========================================================================================================================
BOUNDING STOPPED: Gap to big!
==========================================================================================================================
Depth = 3, Bound = 1460.13, Best = 1432

Branching on x[2] = 0.50
Fixing x[2] = 0

**************************************************************************************************************************
                                               Node 10
**************************************************************************************************************************
Problem size 97
Fixed variables: (x[2],0) (x[63],0) (x[66],1)
==========================================================================================================================
BOUNDING STOPPED: Gap to big!
==========================================================================================================================
Depth = 3, Bound = 1460.04, Best = 1432

Fixing x[2] = 1

**************************************************************************************************************************
                                               Node 11
**************************************************************************************************************************
Problem size 97
Fixed variables: (x[2],1) (x[63],0) (x[66],1)
==========================================================================================================================
BOUNDING STOPPED: Gap to big!
==========================================================================================================================
Depth = 3, Bound = 1460.20, Best = 1432

Branching on x[96] = 0.50
Fixing x[96] = 0

**************************************************************************************************************************
                                               Node 12
**************************************************************************************************************************
Problem size 97
Fixed variables: (x[63],1) (x[83],0) (x[96],0)
==========================================================================================================================
BOUNDING STOPPED: Gap to big!
==========================================================================================================================
Depth = 3, Bound = 1458.69, Best = 1432

Fixing x[96] = 1

**************************************************************************************************************************
                                               Node 13
**************************************************************************************************************************
Problem size 97
Fixed variables: (x[63],1) (x[83],0) (x[96],1)
==========================================================================================================================
BOUNDING STOPPED: Gap to big!
==========================================================================================================================
Depth = 3, Bound = 1459.19, Best = 1432

Branching on x[86] = 0.52
Fixing x[86] = 0

**************************************************************************************************************************
                                               Node 14
**************************************************************************************************************************
Problem size 96
Fixed variables: (x[51],0) (x[63],0) (x[66],0) (x[86],0)
==========================================================================================================================
BOUNDING STOPPED: Gap to big!
==========================================================================================================================
Depth = 4, Bound = 1458.06, Best = 1432

Fixing x[86] = 1

**************************************************************************************************************************
                                               Node 15
**************************************************************************************************************************
Problem size 96
Fixed variables: (x[51],0) (x[63],0) (x[66],0) (x[86],1)
==========================================================================================================================
BOUNDING STOPPED: Gap to big!
==========================================================================================================================
Depth = 4, Bound = 1459.13, Best = 1432

Branching on x[18] = 0.51
Fixing x[18] = 0

**************************************************************************************************************************
                                               Node 16
**************************************************************************************************************************
Problem size 97
Fixed variables: (x[18],0) (x[63],1) (x[83],1)
==========================================================================================================================
BOUNDING STOPPED: Gap to big!
==========================================================================================================================
Depth = 3, Bound = 1459.32, Best = 1432

Fixing x[18] = 1

**************************************************************************************************************************
                                               Node 17
**************************************************************************************************************************
Problem size 97
Fixed variables: (x[18],1) (x[63],1) (x[83],1)
==========================================================================================================================
BOUNDING STOPPED: Gap to big!
==========================================================================================================================
Depth = 3, Bound = 1458.82, Best = 1432

Branching on x[6] = 0.51
Fixing x[6] = 0

**************************************************************************************************************************
                                               Node 18
**************************************************************************************************************************
Problem size 96
Fixed variables: (x[2],1) (x[6],0) (x[63],0) (x[66],1)
==========================================================================================================================
BOUNDING STOPPED: Gap to big!
==========================================================================================================================
Depth = 4, Bound = 1457.82, Best = 1432

Fixing x[6] = 1

**************************************************************************************************************************
                                               Node 19
**************************************************************************************************************************
Problem size 96
Fixed variables: (x[2],1) (x[6],1) (x[63],0) (x[66],1)
==========================================================================================================================
BOUNDING STOPPED: Gap to big!
==========================================================================================================================
Depth = 4, Bound = 1457.93, Best = 1432

Branching on x[53] = 0.50
Fixing x[53] = 0

**************************************************************************************************************************
                                               Node 20
**************************************************************************************************************************
Problem size 96
Fixed variables: (x[51],1) (x[53],0) (x[63],0) (x[66],0)
==========================================================================================================================
BOUNDING STOPPED: Gap to big!
==========================================================================================================================
Depth = 4, Bound = 1458.32, Best = 1432

Fixing x[53] = 1

**************************************************************************************************************************
                                               Node 21
**************************************************************************************************************************
Problem size 96
Fixed variables: (x[51],1) (x[53],1) (x[63],0) (x[66],0)
==========================================================================================================================
BOUNDING STOPPED: Gap to big!
==========================================================================================================================
Depth = 4, Bound = 1458.45, Best = 1432

Branching on x[83] = 0.50
Fixing x[83] = 0

**************************************************************************************************************************
                                               Node 22
**************************************************************************************************************************
Problem size 96
Fixed variables: (x[2],0) (x[63],0) (x[66],1) (x[83],0)
==========================================================================================================================
BOUNDING STOPPED: Gap to big!
==========================================================================================================================
Depth = 4, Bound = 1457.29, Best = 1432

Fixing x[83] = 1

**************************************************************************************************************************
                                               Node 23
**************************************************************************************************************************
Problem size 96
Fixed variables: (x[2],0) (x[63],0) (x[66],1) (x[83],1)
==========================================================================================================================
starting bound     cut  triangles added  violation
       1456.78    1432              500       0.49
==========================================================================================================================
iter     time      bound  bdl   viol3  triag  purged   added   viol5  penta  purged   added   viol7  hepta  purged   added
==========================================================================================================================
   1     2.19    1448.16    4   4e-01    798    -185   +483   
   2     2.24    1442.83    6   3e-01   1070    -189   +461   
   3     2.29    1440.52    8   3e-01   1314    -204   +448   
   4     2.47    1438.89   12   2e-01   1368    -324   +378    6e-01    469    -0     +469    6e-01    453    -0     +453  
   5     2.66    1437.92   15   2e-01   1488    -194   +314    5e-01    817    -109   +457    6e-01    702    -156   +405  
   6     2.86    1436.93   19   1e-01   1261    -305   +78     6e-01   1004    -192   +379    5e-01    691    -301   +290  
   7     3.07    1436.00   19   1e-01   1134    -214   +87     4e-01   1113    -220   +329    5e-01    693    -232   +234  
   8     3.29    1435.22   22   1e-01    981    -195   +42     4e-01   1183    -229   +299    4e-01    683    -200   +190  
   9     3.51    1434.77   22   1e-01    914    -92    +25     3e-01   1249    -165   +231    4e-01    681    -152   +150  
  10     3.75    1434.26   23   1e-01    891    -73    +50     4e-01   1335    -158   +244    4e-01    736    -115   +170  
  11     4.00    1433.97   27   9e-02    840    -75    +24     4e-01   1382    -165   +212    4e-01    722    -150   +136  
  12     4.26    1433.58   32   8e-02    796    -55    +11     4e-01   1372    -168   +158    4e-01    722    -100   +100  
  13     4.53    1433.33   27   8e-02    786    -35    +25     3e-01   1434    -116   +178    4e-01    771    -78    +127  
  14     4.81    1433.13   29   1e-01    774    -39    +27     3e-01   1492    -133   +191    3e-01    798    -78    +105  
  15     4.96    1432.98   30   1e-01    774    -0     +0      3e-01   1492    -0     +0      3e-01    798    -0     +0    
==========================================================================================================================
Prune!
==========================================================================================================================
Depth = 4, Bound = 1432.98, Best = 1432

Branching on x[40] = 0.50
Fixing x[40] = 0

**************************************************************************************************************************
                                               Node 24
**************************************************************************************************************************
Problem size 96
Fixed variables: (x[18],0) (x[40],0) (x[63],1) (x[83],1)
==========================================================================================================================
BOUNDING STOPPED: Gap to big!
==========================================================================================================================
Depth = 4, Bound = 1457.18, Best = 1432

Fixing x[40] = 1

**************************************************************************************************************************
                                               Node 25
**************************************************************************************************************************
Problem size 96
Fixed variables: (x[18],0) (x[40],1) (x[63],1) (x[83],1)
==========================================================================================================================
starting bound     cut  triangles added  violation
       1457.02    1432              500       0.49
==========================================================================================================================
iter     time      bound  bdl   viol3  triag  purged   added   viol5  penta  purged   added   viol7  hepta  purged   added
==========================================================================================================================
   1     5.02    1448.01    3   4e-01    802    -178   +480   
   2     5.08    1443.39    7   3e-01   1069    -184   +451   
   3     5.25    1440.82   11   2e-01   1190    -303   +424    7e-01    476    -0     +476    7e-01    454    -0     +454  
   4     5.43    1439.07   14   2e-01   1266    -224   +300    6e-01    730    -185   +439    6e-01    590    -241   +377  
   5     5.62    1437.75   17   2e-01   1163    -243   +140    5e-01    901    -207   +378    4e-01    611    -249   +270  
   6     5.81    1436.72   18   2e-01   1100    -195   +132    5e-01   1090    -185   +374    5e-01    620    -217   +226  
   7     6.02    1436.06   22   1e-01    950    -164   +14     4e-01   1122    -237   +269    4e-01    589    -184   +153  
   8     6.23    1435.35   27   1e-01    872    -124   +46     4e-01   1141    -225   +244    4e-01    566    -153   +130  
   9     6.45    1435.00   30   9e-02    827    -70    +25     4e-01   1180    -131   +170    3e-01    565    -101   +100  
  10     6.69    1434.69   31   1e-01    790    -74    +37     4e-01   1255    -139   +214    4e-01    586    -107   +128  
  11     6.94    1434.37   28   8e-02    762    -41    +13     4e-01   1244    -173   +162    3e-01    572    -94    +80   
  12     7.19    1434.16   26   1e-01    741    -48    +27     3e-01   1284    -120   +160    4e-01    594    -63    +85   
  13     7.45    1434.03   28   1e-01    729    -29    +17     3e-01   1322    -114   +152    3e-01    638    -42    +86   
  14     7.72    1433.82   29   9e-02    722    -30    +23     4e-01   1374    -101   +153    3e-01    651    -66    +79   
  15     8.01    1433.67   28   6e-02    702    -25    +5      3e-01   1404    -103   +133    3e-01    664    -59    +72   
  16     8.30    1433.47   32   8e-02    676    -30    +4      2e-01   1388    -111   +95     3e-01    625    -88    +49   
  17     8.60    1433.35   34   6e-02    651    -28    +3      3e-01   1432    -57    +101    3e-01    625    -44    +44   
  18     8.90    1433.24   33   8e-02    638    -23    +10     3e-01   1504    -50    +122    3e-01    668    -21    +64   
  19     9.19    1433.14   34   7e-02    644    -10    +16     2e-01   1546    -69    +111    4e-01    685    -34    +51   
  20     9.49    1433.03   40   6e-02    634    -12    +2      3e-01   1552    -80    +86     3e-01    693    -38    +46   
  21     9.58    1432.97   36   6e-02    634    -0     +0      3e-01   1552    -0     +0      3e-01    693    -0     +0    
==========================================================================================================================
Prune!
==========================================================================================================================
Depth = 4, Bound = 1432.97, Best = 1432

Branching on x[53] = 0.50
Fixing x[53] = 0

**************************************************************************************************************************
                                               Node 26
**************************************************************************************************************************
Problem size 96
Fixed variables: (x[53],0) (x[63],1) (x[83],0) (x[96],1)
==========================================================================================================================
BOUNDING STOPPED: Gap to big!
==========================================================================================================================
Depth = 4, Bound = 1457.11, Best = 1432

Fixing x[53] = 1

**************************************************************************************************************************
                                               Node 27
**************************************************************************************************************************
Problem size 96
Fixed variables: (x[53],1) (x[63],1) (x[83],0) (x[96],1)
==========================================================================================================================
BOUNDING STOPPED: Gap to big!
==========================================================================================================================
Depth = 4, Bound = 1457.16, Best = 1432

Branching on x[33] = 0.51
Fixing x[33] = 0

**************************************************************************************************************************
                                               Node 28
**************************************************************************************************************************
Problem size 95
Fixed variables: (x[33],0) (x[51],0) (x[63],0) (x[66],0) (x[86],1)
==========================================================================================================================
starting bound     cut  triangles added  violation
       1456.60    1432              500       0.50
==========================================================================================================================
iter     time      bound  bdl   viol3  triag  purged   added   viol5  penta  purged   added   viol7  hepta  purged   added
==========================================================================================================================
   1     9.66    1448.74    3   5e-01    828    -156   +484   
   2     9.71    1443.88    7   3e-01   1068    -240   +480   
   3     9.78    1441.02   10   3e-01   1286    -217   +435   
   4     9.85    1439.39    8   4e-01   1477    -272   +463   
   5    10.06    1438.08   12   2e-01   1502    -393   +418    6e-01    480    -0     +480    7e-01    480    -0     +480  
   6    10.29    1437.11   15   2e-01   1504    -357   +359    6e-01    815    -141   +476    6e-01    750    -189   +459  
   7    10.52    1436.30   16   1e-01   1255    -375   +126    5e-01   1009    -242   +436    5e-01    865    -285   +400  
   8    10.76    1435.24   19   1e-01   1103    -219   +67     5e-01   1171    -250   +412    5e-01    949    -261   +345  
   9    11.01    1434.69   24   1e-01   1094    -139   +130    4e-01   1371    -204   +404    4e-01   1073    -217   +341  
  10    11.29    1434.30   23   2e-01   1274    -118   +298    4e-01   1548    -265   +442    5e-01   1226    -245   +398  
  11    11.58    1433.90   23   1e-01   1034    -286   +46     4e-01   1541    -348   +341    4e-01   1184    -320   +278  
  12    11.87    1433.46   25   8e-02    915    -126   +7      3e-01   1524    -273   +256    4e-01   1185    -230   +231  
  13    12.17    1433.17   28   7e-02    852    -70    +7      3e-01   1597    -176   +249    3e-01   1258    -175   +248  
  14    12.26    1432.98   32   7e-02    852    -0     +0      3e-01   1597    -0     +0      3e-01   1258    -0     +0    
==========================================================================================================================
Prune!
==========================================================================================================================
Depth = 5, Bound = 1432.98, Best = 1432

Fixing x[33] = 1

**************************************************************************************************************************
                                               Node 29
**************************************************************************************************************************
Problem size 95
Fixed variables: (x[33],1) (x[51],0) (x[63],0) (x[66],0) (x[86],1)
==========================================================================================================================
starting bound     cut  triangles added  violation
       1456.77    1432              500       0.50
==========================================================================================================================
iter     time      bound  bdl   viol3  triag  purged   added   viol5  penta  purged   added   viol7  hepta  purged   added
==========================================================================================================================
   1    12.32    1447.47    5   5e-01    832    -161   +493   
   2    12.37    1443.65    6   4e-01   1107    -203   +478   
   3    12.43    1441.61    7   3e-01   1333    -223   +449   
   4    12.51    1439.88   10   3e-01   1494    -286   +447   
   5    12.72    1438.83   15   2e-01   1568    -280   +354    6e-01    479    -0     +479    7e-01    480    -0     +480  
   6    12.95    1437.62   20   2e-01   1599    -293   +324    5e-01    860    -93    +474    6e-01    830    -112   +462  
   7    13.20    1436.57   20   2e-01   1388    -336   +125    4e-01   1136    -182   +458    6e-01   1053    -212   +435  
   8    13.46    1435.90   22   1e-01   1216    -248   +76     5e-01   1339    -246   +449    5e-01   1203    -288   +438  
   9    13.73    1435.49   24   9e-02   1097    -160   +41     4e-01   1516    -240   +417    4e-01   1371    -238   +406  
  10    14.02    1434.85   22   1e-01   1236    -109   +248    4e-01   1727    -250   +461    5e-01   1607    -225   +461  
  11    14.33    1434.46   23   1e-01   1047    -237   +48     3e-01   1841    -311   +425    5e-01   1685    -334   +412  
  12    14.64    1434.31   25   8e-02    985    -92    +30     4e-01   1956    -295   +410    4e-01   1862    -226   +403  
  13    14.98    1433.99   28   6e-02    902    -89    +6      3e-01   1924    -337   +305    4e-01   1818    -347   +303  
  14    15.31    1433.76   25   5e-02    865    -40    +3      3e-01   2022    -205   +303    4e-01   1951    -188   +321  
  15    15.66    1433.55   26   1e-01    863    -38    +36     3e-01   2202    -239   +419    4e-01   2131    -218   +398  
  16    16.03    1433.39   26   1e-01    876    -48    +61     3e-01   2345    -294   +437    4e-01   2311    -241   +421  
  17    16.41    1433.25   28   8e-02    818    -71    +13     2e-01   2356    -338   +349    3e-01   2285    -346   +320  
  18    16.80    1433.14   18   1e-01    955    -25    +162    5e-01   2523    -302   +469    6e-01   2513    -241   +469  
  19    17.18    1433.08   26   6e-02    820    -137   +2      3e-01   2428    -398   +303    4e-01   2441    -382   +310  
  20    17.33    1433.00   26   6e-02    820    -0     +0      3e-01   2428    -0     +0      4e-01   2441    -0     +0    
==========================================================================================================================
Prune!
==========================================================================================================================
Depth = 5, Bound = 1433.00, Best = 1432

Branching on x[47] = 0.50
Fixing x[47] = 0

**************************************************************************************************************************
                                               Node 30
**************************************************************************************************************************
Problem size 96
Fixed variables: (x[18],1) (x[47],0) (x[63],1) (x[83],1)
==========================================================================================================================
BOUNDING STOPPED: Gap to big!
==========================================================================================================================
Depth = 4, Bound = 1457.47, Best = 1432

Fixing x[47] = 1

**************************************************************************************************************************
                                               Node 31
**************************************************************************************************************************
Problem size 96
Fixed variables: (x[18],1) (x[47],1) (x[63],1) (x[83],1)
==========================================================================================================================
BOUNDING STOPPED: Gap to big!
==========================================================================================================================
Depth = 4, Bound = 1457.25, Best = 1432

Branching on x[4] = 0.49
Fixing x[4] = 0

**************************************************************************************************************************
                                               Node 32
**************************************************************************************************************************
Problem size 96
Fixed variables: (x[4],0) (x[63],1) (x[83],0) (x[96],0)
==========================================================================================================================
starting bound     cut  triangles added  violation
       1456.80    1432              500       0.49
==========================================================================================================================
iter     time      bound  bdl   viol3  triag  purged   added   viol5  penta  purged   added   viol7  hepta  purged   added
==========================================================================================================================
   1    17.40    1447.34    3   5e-01    852    -132   +484   
   2    17.46    1442.18    5   4e-01   1056    -279   +483   
   3    17.52    1440.30    7   3e-01   1111    -399   +454   
   4    17.69    1438.72    9   3e-01   1236    -219   +344    7e-01    473    -0     +473    7e-01    432    -0     +432  
   5    17.87    1437.16   10   2e-01   1360    -232   +356    6e-01    776    -157   +460    6e-01    600    -220   +388  
   6    18.07    1436.01   15   2e-01   1374    -300   +314    5e-01    901    -281   +406    5e-01    640    -281   +321  
   7    18.28    1435.13   20   9e-02   1091    -316   +33     5e-01    940    -273   +312    5e-01    580    -258   +198  
   8    18.49    1434.51   21   1e-01   1006    -163   +78     4e-01   1018    -188   +266    4e-01    544    -175   +139  
   9    18.71    1433.94   22   1e-01    946    -110   +50     4e-01   1075    -199   +256    4e-01    562    -119   +137  
  10    18.95    1433.66   25   1e-01    897    -83    +34     4e-01   1152    -128   +205    4e-01    579    -109   +126  
  11    19.19    1433.24   28   8e-02    814    -97    +14     4e-01   1168    -161   +177    5e-01    561    -101   +83   
  12    19.32    1432.99   29   8e-02    814    -0     +0      4e-01   1168    -0     +0      5e-01    561    -0     +0    
==========================================================================================================================
Prune!
==========================================================================================================================
Depth = 4, Bound = 1432.99, Best = 1432

Fixing x[4] = 1

**************************************************************************************************************************
                                               Node 33
**************************************************************************************************************************
Problem size 96
Fixed variables: (x[4],1) (x[63],1) (x[83],0) (x[96],0)
==========================================================================================================================
starting bound     cut  triangles added  violation
       1456.84    1432              500       0.50
==========================================================================================================================
iter     time      bound  bdl   viol3  triag  purged   added   viol5  penta  purged   added   viol7  hepta  purged   added
==========================================================================================================================
   1    19.37    1447.35    3   4e-01    831    -139   +470   
   2    19.42    1442.23    5   3e-01   1018    -262   +449   
   3    19.48    1439.84    8   3e-01   1224    -214   +420   
   4    19.66    1438.31    8   3e-01   1416    -209   +401    6e-01    480    -0     +480    7e-01    475    -0     +475  
   5    19.84    1436.97   14   2e-01   1367    -371   +322    6e-01    675    -237   +432    5e-01    562    -286   +373  
   6    20.03    1435.79   17   1e-01   1191    -265   +89     6e-01    828    -185   +338    5e-01    543    -250   +231  
   7    20.24    1434.96   16   1e-01   1111    -156   +76     4e-01    973    -167   +312    4e-01    568    -170   +195  
   8    20.45    1434.19   20   1e-01   1076    -155   +120    4e-01   1034    -219   +280    5e-01    550    -176   +158  
   9    20.67    1433.83   24   9e-02    949    -140   +13     4e-01   1052    -199   +217    5e-01    516    -144   +110  
  10    20.90    1433.40   18   1e-01   1073    -58    +182    4e-01   1204    -132   +284    5e-01    565    -87    +136  
  11    21.15    1433.26   20   1e-01    958    -131   +16     4e-01   1185    -206   +187    4e-01    564    -92    +91   
  12    21.23    1433.00   23   1e-01    958    -0     +0      4e-01   1185    -0     +0      4e-01    564    -0     +0    
==========================================================================================================================
Prune!
==========================================================================================================================
Depth = 4, Bound = 1433.00, Best = 1432

Branching on x[65] = 0.51
Fixing x[65] = 0

**************************************************************************************************************************
                                               Node 34
**************************************************************************************************************************
Problem size 95
Fixed variables: (x[51],1) (x[53],1) (x[63],0) (x[65],0) (x[66],0)
==========================================================================================================================
starting bound     cut  triangles added  violation
       1456.56    1432              500       0.49
==========================================================================================================================
iter     time      bound  bdl   viol3  triag  purged   added   viol5  penta  purged   added   viol7  hepta  purged   added
==========================================================================================================================
   1    21.28    1447.46    3   4e-01    849    -135   +484   
   2    21.34    1443.28    5   4e-01   1063    -257   +471   
   3    21.53    1441.06    6   3e-01   1278    -232   +447    8e-01    480    -0     +480    8e-01    479    -0     +479  
   4    21.73    1439.15    8   2e-01   1406    -301   +429    7e-01    774    -186   +480    7e-01    726    -231   +478  
   5    21.95    1437.96   13   2e-01   1426    -336   +356    7e-01   1026    -225   +477    7e-01    909    -279   +462  
   6    22.18    1436.67   16   2e-01   1322    -358   +254    5e-01   1198    -286   +458    6e-01   1012    -326   +429  
   7    22.41    1435.78   21   1e-01   1116    -267   +61     4e-01   1346    -259   +407    5e-01   1063    -303   +354  
   8    22.67    1435.15   21   1e-01   1188    -122   +194    5e-01   1598    -187   +439    5e-01   1270    -198   +405  
   9    22.93    1434.67   22   7e-02   1030    -188   +30     4e-01   1589    -350   +341    5e-01   1311    -302   +343  
  10    23.21    1434.20   25   9e-02    945    -105   +20     3e-01   1665    -260   +336    4e-01   1389    -222   +300  
  11    23.50    1433.94   20   1e-01    962    -75    +92     3e-01   1870    -224   +429    5e-01   1607    -181   +399  
  12    23.80    1433.70   26   8e-02    870    -102   +10     4e-01   1903    -311   +344    4e-01   1631    -280   +304  
  13    24.12    1433.40   26   1e-01    840    -51    +21     2e-01   1941    -261   +299    4e-01   1693    -231   +293  
  14    24.45    1433.24   27   6e-02    795    -47    +2      3e-01   1950    -215   +224    4e-01   1751    -200   +258  
  15    24.61    1433.00   33   6e-02    795    -0     +0      3e-01   1950    -0     +0      4e-01   1751    -0     +0    
==========================================================================================================================
Prune!
==========================================================================================================================
Depth = 5, Bound = 1433.00, Best = 1432

Fixing x[65] = 1

**************************************************************************************************************************
                                               Node 35
**************************************************************************************************************************
Problem size 95
Fixed variables: (x[51],1) (x[53],1) (x[63],0) (x[65],1) (x[66],0)
==========================================================================================================================
starting bound     cut  triangles added  violation
       1455.81    1432              500       0.49
==========================================================================================================================
iter     time      bound  bdl   viol3  triag  purged   added   viol5  penta  purged   added   viol7  hepta  purged   added
==========================================================================================================================
   1    24.66    1446.20    3   5e-01    828    -153   +481   
   2    24.71    1442.27    6   4e-01   1058    -260   +490   
   3    24.78    1440.10   10   3e-01   1242    -255   +439   
   4    24.85    1438.70   10   3e-01   1439    -260   +457   
   5    25.04    1437.52   13   2e-01   1392    -409   +362    6e-01    466    -0     +466    7e-01    437    -0     +437  
   6    25.23    1436.33   15   2e-01   1288    -292   +188    5e-01    744    -143   +421    6e-01    592    -186   +341  
   7    25.44    1435.22   20   1e-01   1062    -263   +37     4e-01    868    -208   +332    4e-01    597    -228   +233  
   8    25.66    1434.69   18   1e-01   1162    -107   +207    5e-01   1081    -164   +377    5e-01    715    -147   +265  
   9    25.90    1434.09   22   1e-01    962    -220   +20     4e-01   1107    -244   +270    4e-01    642    -247   +174  
  10    26.14    1433.85   21   1e-01   1075    -82    +195    4e-01   1284    -153   +330    4e-01    762    -105   +225  
  11    26.40    1433.42   28   1e-01    913    -197   +35     3e-01   1257    -262   +235    4e-01    749    -170   +157  
  12    26.66    1433.18   27   8e-02    846    -80    +13     4e-01   1358    -136   +237    4e-01    760    -103   +114  
  13    26.71    1433.00   29   8e-02    846    -0     +0      4e-01   1358    -0     +0      4e-01    760    -0     +0    
==========================================================================================================================
Prune!
==========================================================================================================================
Depth = 5, Bound = 1433.00, Best = 1432

Branching on x[58] = 0.49
Fixing x[58] = 0

**************************************************************************************************************************
                                               Node 36
**************************************************************************************************************************
Problem size 95
Fixed variables: (x[51],1) (x[53],0) (x[58],0) (x[63],0) (x[66],0)
==========================================================================================================================
starting bound     cut  triangles added  violation
       1456.26    1432              500       0.50
==========================================================================================================================
iter     time      bound  bdl   viol3  triag  purged   added   viol5  penta  purged   added   viol7  hepta  purged   added
==========================================================================================================================
   1    26.76    1446.63    5   4e-01    809    -173   +482   
   2    26.83    1442.33    6   4e-01   1098    -193   +482   
   3    26.90    1440.70    8   4e-01   1271    -280   +453   
   4    27.09    1439.04   10   2e-01   1349    -338   +416    6e-01    480    -0     +480    7e-01    476    -0     +476  
   5    27.30    1437.47   12   2e-01   1449    -284   +384    6e-01    807    -152   +479    7e-01    729    -207   +460  
   6    27.51    1436.38   16   1e-01   1436    -342   +329    5e-01   1027    -237   +457    5e-01    862    -286   +419  
   7    27.75    1435.46   19   2e-01   1460    -285   +309    5e-01   1231    -244   +448    5e-01   1008    -252   +398  
   8    28.00    1434.60   24   8e-02   1109    -375   +24     4e-01   1224    -350   +343    4e-01    993    -313   +298  
   9    28.25    1433.98   27   1e-01    975    -164   +30     5e-01   1395    -187   +358    4e-01   1064    -198   +269  
  10    28.51    1433.51   22   1e-01    969    -93    +87     4e-01   1568    -193   +366    4e-01   1152    -198   +286  
  11    28.79    1433.15   29   9e-02    858    -129   +18     3e-01   1578    -275   +285    4e-01   1123    -269   +240  
  12    28.89    1432.93   27   9e-02    858    -0     +0      3e-01   1578    -0     +0      4e-01   1123    -0     +0    
==========================================================================================================================
Prune!
==========================================================================================================================
Depth = 5, Bound = 1432.93, Best = 1432

Fixing x[58] = 1

**************************************************************************************************************************
                                               Node 37
**************************************************************************************************************************
Problem size 95
Fixed variables: (x[51],1) (x[53],0) (x[58],1) (x[63],0) (x[66],0)
==========================================================================================================================
starting bound     cut  triangles added  violation
       1455.53    1432              500       0.50
==========================================================================================================================
iter     time      bound  bdl   viol3  triag  purged   added   viol5  penta  purged   added   viol7  hepta  purged   added
==========================================================================================================================
   1    28.94    1445.49    3   5e-01    827    -151   +478   
   2    29.00    1440.51    7   4e-01   1078    -199   +450   
   3    29.17    1437.50   11   3e-01   1162    -310   +394    7e-01    472    -0     +472    7e-01    452    -0     +452  
   4    29.34    1435.73   11   3e-01   1285    -254   +377    7e-01    714    -219   +461    6e-01    567    -299   +414  
   5    29.53    1434.55   15   2e-01   1148    -284   +147    5e-01    808    -263   +357    5e-01    527    -295   +255  
   6    29.72    1433.41   19   1e-01   1017    -199   +68     5e-01    828    -244   +264    5e-01    460    -232   +165  
   7    29.77    1432.94   21   1e-01   1017    -0     +0      5e-01    828    -0     +0      5e-01    460    -0     +0    
==========================================================================================================================
Prune!
==========================================================================================================================
Depth = 5, Bound = 1432.94, Best = 1432

Branching on x[32] = 0.50
Fixing x[32] = 0

**************************************************************************************************************************
                                               Node 38
**************************************************************************************************************************
Problem size 95
Fixed variables: (x[32],0) (x[51],0) (x[63],0) (x[66],0) (x[86],0)
==========================================================================================================================
starting bound     cut  triangles added  violation
       1455.60    1432              500       0.49
==========================================================================================================================
iter     time      bound  bdl   viol3  triag  purged   added   viol5  penta  purged   added   viol7  hepta  purged   added
==========================================================================================================================
   1    29.82    1446.62    3   5e-01    835    -144   +479   
   2    29.88    1441.43    5   4e-01   1023    -282   +470   
   3    29.94    1438.72    6   4e-01   1318    -172   +467   
   4    30.12    1437.76    9   2e-01   1360    -339   +381    6e-01    475    -0     +475    6e-01    427    -0     +427  
   5    30.31    1436.24   10   2e-01   1430    -293   +363    6e-01    767    -168   +460    6e-01    631    -209   +413  
   6    30.50    1434.92   14   2e-01   1309    -343   +222    6e-01    908    -260   +401    5e-01    595    -330   +294  
   7    30.71    1434.00   19   1e-01   1200    -247   +138    5e-01   1047    -212   +351    5e-01    642    -190   +237  
   8    30.93    1433.25   21   1e-01   1015    -236   +51     4e-01   1078    -237   +268    3e-01    584    -227   +169  
   9    30.99    1432.94   22   1e-01   1015    -0     +0      4e-01   1078    -0     +0      3e-01    584    -0     +0    
==========================================================================================================================
Prune!
==========================================================================================================================
Depth = 5, Bound = 1432.94, Best = 1432

Fixing x[32] = 1

**************************************************************************************************************************
                                               Node 39
**************************************************************************************************************************
Problem size 95
Fixed variables: (x[32],1) (x[51],0) (x[63],0) (x[66],0) (x[86],0)
==========================================================================================================================
starting bound     cut  triangles added  violation
       1455.86    1432              500       0.50
==========================================================================================================================
iter     time      bound  bdl   viol3  triag  purged   added   viol5  penta  purged   added   viol7  hepta  purged   added
==========================================================================================================================
   1    31.04    1447.06    4   4e-01    796    -183   +479   
   2    31.10    1442.37    5   4e-01   1164    -108   +476   
   3    31.16    1439.68    6   3e-01   1281    -340   +457   
   4    31.35    1438.35    9   3e-01   1377    -314   +410    7e-01    479    -0     +479    7e-01    473    -0     +473  
   5    31.54    1437.03   13   2e-01   1445    -325   +393    7e-01    736    -223   +480    6e-01    645    -278   +450  
   6    31.75    1435.53   15   1e-01   1231    -357   +143    5e-01    888    -261   +413    5e-01    645    -337   +337  
   7    31.96    1434.66   17   1e-01   1095    -199   +63     5e-01   1036    -197   +345    5e-01    684    -208   +247  
   8    32.19    1433.88   22   1e-01   1040    -143   +88     5e-01   1154    -196   +314    4e-01    719    -200   +235  
   9    32.42    1433.24   25   1e-01    918    -145   +23     4e-01   1196    -226   +268    4e-01    703    -184   +168  
  10    32.49    1432.99   28   1e-01    918    -0     +0      4e-01   1196    -0     +0      4e-01    703    -0     +0    
==========================================================================================================================
Prune!
==========================================================================================================================
Depth = 5, Bound = 1432.99, Best = 1432

Branching on x[51] = 0.50
Fixing x[51] = 0

**************************************************************************************************************************
                                               Node 40
**************************************************************************************************************************
Problem size 95
Fixed variables: (x[2],1) (x[6],1) (x[51],0) (x[63],0) (x[66],1)
==========================================================================================================================
starting bound     cut  triangles added  violation
       1456.35    1432              500       0.50
==========================================================================================================================
iter     time      bound  bdl   viol3  triag  purged   added   viol5  penta  purged   added   viol7  hepta  purged   added
==========================================================================================================================
   1    32.55    1448.21    4   4e-01    812    -176   +488   
   2    32.60    1443.24    6   4e-01   1019    -281   +488   
   3    32.67    1441.19    8   4e-01   1273    -205   +459   
   4    32.87    1439.47   10   2e-01   1332    -390   +449    8e-01    480    -0     +480    8e-01    480    -0     +480  
   5    33.08    1438.03   15   2e-01   1407    -302   +377    7e-01    831    -128   +479    7e-01    739    -202   +461  
   6    33.30    1436.83   19   2e-01   1276    -318   +187    5e-01   1087    -207   +463    5e-01    897    -275   +433  
   7    33.54    1436.01   20   1e-01   1114    -245   +83     5e-01   1280    -225   +418    5e-01    983    -270   +356  
   8    33.80    1435.22   18   2e-01   1349    -145   +380    5e-01   1509    -246   +475    6e-01   1216    -234   +467  
   9    34.08    1434.94   18   1e-01   1151    -340   +142    4e-01   1567    -373   +431    5e-01   1287    -339   +410  
  10    34.35    1434.52   22   1e-01   1013    -201   +63     3e-01   1593    -342   +368    4e-01   1282    -343   +338  
  11    34.63    1434.05   25   9e-02    974    -122   +83     3e-01   1691    -275   +373    5e-01   1367    -263   +348  
  12    34.93    1433.65   26   9e-02    891    -102   +19     4e-01   1764    -275   +348    4e-01   1426    -247   +306  
  13    35.25    1433.43   26   7e-02    809    -88    +6      3e-01   1799    -231   +266    4e-01   1422    -232   +228  
  14    35.58    1433.17   29   1e-01    779    -54    +24     2e-01   1882    -230   +313    3e-01   1536    -181   +295  
  15    35.76    1433.00   24   1e-01    779    -0     +0      2e-01   1882    -0     +0      3e-01   1536    -0     +0    
==========================================================================================================================
Prune!
==========================================================================================================================
Depth = 5, Bound = 1433.00, Best = 1432

Fixing x[51] = 1

**************************************************************************************************************************
                                               Node 41
**************************************************************************************************************************
Problem size 95
Fixed variables: (x[2],1) (x[6],1) (x[51],1) (x[63],0) (x[66],1)
==========================================================================================================================
starting bound     cut  triangles added  violation
       1456.02    1432              500       0.50
==========================================================================================================================
iter     time      bound  bdl   viol3  triag  purged   added   viol5  penta  purged   added   viol7  hepta  purged   added
==========================================================================================================================
   1    35.81    1446.94    4   4e-01    808    -174   +482   
   2    35.88    1442.68    8   3e-01   1041    -228   +461   
   3    35.94    1439.72    8   3e-01   1298    -215   +472   
   4    36.15    1438.51    9   3e-01   1477    -267   +446    7e-01    480    -0     +480    7e-01    480    -0     +480  
   5    36.35    1437.21   13   2e-01   1406    -439   +368    5e-01    764    -180   +464    7e-01    700    -215   +435  
   6    36.57    1436.01   16   1e-01   1433    -288   +315    5e-01   1035    -186   +457    6e-01    871    -245   +416  
   7    36.80    1435.23   21   1e-01   1149    -326   +42     5e-01   1162    -251   +378    5e-01    904    -288   +321  
   8    37.05    1434.53   23   1e-01   1071    -156   +78     4e-01   1342    -224   +404    5e-01   1046    -202   +344  
   9    37.31    1434.03   21   2e-01   1145    -135   +209    4e-01   1543    -245   +446    6e-01   1194    -245   +393  
  10    37.58    1433.66   22   1e-01   1052    -188   +95     4e-01   1604    -312   +373    4e-01   1203    -303   +312  
  11    37.85    1433.24   21   1e-01   1070    -121   +139    4e-01   1767    -242   +405    4e-01   1351    -213   +361  
  12    38.15    1433.06   22   7e-02    938    -152   +20     4e-01   1824    -282   +339    4e-01   1424    -238   +311  
  13    38.17    1433.00   25   7e-02    938    -0     +0      4e-01   1824    -0     +0      4e-01   1424    -0     +0    
==========================================================================================================================
Prune!
==========================================================================================================================
Depth = 5, Bound = 1433.00, Best = 1432

Branching on x[13] = 0.52
Fixing x[13] = 0

**************************************************************************************************************************
                                               Node 42
**************************************************************************************************************************
Problem size 95
Fixed variables: (x[2],1) (x[6],0) (x[13],0) (x[63],0) (x[66],1)
==========================================================================================================================
starting bound     cut  triangles added  violation
       1455.39    1432              500       0.50
==========================================================================================================================
iter     time      bound  bdl   viol3  triag  purged   added   viol5  penta  purged   added   viol7  hepta  purged   added
==========================================================================================================================
   1    38.23    1445.69    4   4e-01    822    -151   +473   
   2    38.28    1440.82    6   4e-01   1108    -176   +462   
   3    38.34    1438.74    6   4e-01   1363    -215   +470   
   4    38.53    1437.03    8   2e-01   1366    -390   +393    7e-01    479    -0     +479    7e-01    468    -0     +468  
   5    38.72    1435.80   12   2e-01   1456    -258   +348    6e-01    815    -120   +456    6e-01    689    -190   +411  
   6    38.92    1434.75   18   1e-01   1331    -306   +181    5e-01    986    -225   +396    6e-01    709    -307   +327  
   7    39.14    1433.83   21   1e-01   1104    -273   +46     5e-01   1054    -260   +328    4e-01    683    -255   +229  
   8    39.36    1433.35   23   1e-01   1032    -117   +45     4e-01   1172    -180   +298    5e-01    738    -128   +183  
   9    39.42    1432.88   24   1e-01   1032    -0     +0      4e-01   1172    -0     +0      5e-01    738    -0     +0    
==========================================================================================================================
Prune!
==========================================================================================================================
Depth = 5, Bound = 1432.88, Best = 1432

Fixing x[13] = 1

**************************************************************************************************************************
                                               Node 43
**************************************************************************************************************************
Problem size 95
Fixed variables: (x[2],1) (x[6],0) (x[13],1) (x[63],0) (x[66],1)
==========================================================================================================================
starting bound     cut  triangles added  violation
       1455.71    1432              500       0.49
==========================================================================================================================
iter     time      bound  bdl   viol3  triag  purged   added   viol5  penta  purged   added   viol7  hepta  purged   added
==========================================================================================================================
   1    39.47    1447.57    4   5e-01    862    -110   +472   
   2    39.52    1441.48    5   3e-01   1084    -238   +460   
   3    39.69    1438.87    8   3e-01   1283    -242   +441    8e-01    480    -0     +480    7e-01    477    -0     +477  
   4    39.88    1436.97   12   2e-01   1383    -259   +359    6e-01    722    -218   +460    7e-01    621    -294   +438  
   5    40.07    1435.52   14   2e-01   1409    -289   +315    5e-01    945    -222   +445    6e-01    729    -293   +401  
   6    40.28    1434.27   19   1e-01   1155    -326   +72     5e-01    964    -297   +316    4e-01    612    -344   +227  
   7    40.49    1433.59   20   1e-01   1177    -140   +162    4e-01   1129    -185   +350    4e-01    704    -147   +239  
   8    40.71    1433.01   24   1e-01   1046    -164   +33     5e-01   1202    -221   +294    4e-01    684    -195   +175  
   9    40.73    1432.82   26   1e-01   1046    -0     +0      5e-01   1202    -0     +0      4e-01    684    -0     +0    
==========================================================================================================================
Prune!
==========================================================================================================================
Depth = 5, Bound = 1432.82, Best = 1432

Branching on x[94] = 0.50
Fixing x[94] = 0

**************************************************************************************************************************
                                               Node 44
**************************************************************************************************************************
Problem size 95
Fixed variables: (x[18],1) (x[47],0) (x[63],1) (x[83],1) (x[94],0)
==========================================================================================================================
starting bound     cut  triangles added  violation
       1456.23    1432              500       0.49
==========================================================================================================================
iter     time      bound  bdl   viol3  triag  purged   added   viol5  penta  purged   added   viol7  hepta  purged   added
==========================================================================================================================
   1    40.78    1446.90    3   5e-01    832    -144   +476   
   2    40.83    1441.82    7   4e-01   1011    -267   +446   
   3    40.90    1439.57    7   4e-01   1276    -205   +470   
   4    41.07    1438.26   11   3e-01   1354    -318   +396    6e-01    476    -0     +476    7e-01    450    -0     +450  
   5    41.26    1436.80   13   2e-01   1329    -355   +330    6e-01    698    -195   +417    5e-01    488    -281   +319  
   6    41.45    1435.60   17   1e-01   1229    -259   +159    5e-01    829    -213   +344    5e-01    495    -237   +244  
   7    41.65    1434.70   19   1e-01   1049    -212   +32     5e-01    892    -218   +281    5e-01    492    -178   +175  
   8    41.86    1434.14   20   1e-01    983    -108   +42     4e-01    995    -138   +241    4e-01    528    -111   +147  
   9    42.08    1433.62   23   1e-01    928    -97    +42     4e-01   1102    -138   +245    4e-01    541    -113   +126  
  10    42.31    1433.19   23   9e-02    884    -73    +29     4e-01   1163    -164   +225    4e-01    556    -97    +112  
  11    42.41    1432.97   26   9e-02    884    -0     +0      4e-01   1163    -0     +0      4e-01    556    -0     +0    
==========================================================================================================================
Prune!
==========================================================================================================================
Depth = 5, Bound = 1432.97, Best = 1432

Fixing x[94] = 1

**************************************************************************************************************************
                                               Node 45
**************************************************************************************************************************
Problem size 95
Fixed variables: (x[18],1) (x[47],0) (x[63],1) (x[83],1) (x[94],1)
==========================================================================================================================
starting bound     cut  triangles added  violation
       1456.17    1432              500       0.50
==========================================================================================================================
iter     time      bound  bdl   viol3  triag  purged   added   viol5  penta  purged   added   viol7  hepta  purged   added
==========================================================================================================================
   1    42.46    1447.17    4   5e-01    809    -175   +484   
   2    42.52    1443.23    7   4e-01   1120    -155   +466   
   3    42.59    1440.57   10   3e-01   1235    -320   +435   
   4    42.77    1439.06   12   3e-01   1392    -227   +384    7e-01    479    -0     +479    7e-01    480    -0     +480  
   5    42.97    1437.39   13   2e-01   1402    -310   +320    6e-01    729    -198   +448    5e-01    630    -261   +411  
   6    43.17    1436.19   16   1e-01   1178    -341   +117    5e-01    907    -198   +376    5e-01    637    -273   +280  
   7    43.37    1435.39   18   1e-01   1094    -173   +89     5e-01   1075    -171   +339    4e-01    706    -178   +247  
   8    43.59    1434.68   20   1e-01   1023    -144   +73     5e-01   1170    -207   +302    4e-01    681    -212   +187  
   9    43.82    1434.06   25   1e-01    935    -124   +36     4e-01   1224    -211   +265    5e-01    689    -155   +163  
  10    44.06    1433.58   27   9e-02    857    -102   +24     4e-01   1275    -182   +233    5e-01    658    -143   +112  
  11    44.31    1433.31   26   8e-02    817    -52    +12     3e-01   1323    -150   +198    4e-01    712    -77    +131  
  12    44.57    1433.07   25   8e-02    785    -47    +15     4e-01   1418    -112   +207    5e-01    740    -97    +125  
  13    44.59    1432.97   27   8e-02    785    -0     +0      4e-01   1418    -0     +0      5e-01    740    -0     +0    
==========================================================================================================================
Prune!
==========================================================================================================================
Depth = 5, Bound = 1432.97, Best = 1432

Branching on x[34] = 0.50
Fixing x[34] = 0

**************************************************************************************************************************
                                               Node 46
**************************************************************************************************************************
Problem size 95
Fixed variables: (x[2],0) (x[34],0) (x[63],0) (x[66],1) (x[83],0)
==========================================================================================================================
starting bound     cut  triangles added  violation
       1455.20    1432              500       0.49
==========================================================================================================================
iter     time      bound  bdl   viol3  triag  purged   added   viol5  penta  purged   added   viol7  hepta  purged   added
==========================================================================================================================
   1    44.64    1446.65    4   4e-01    837    -138   +475   
   2    44.70    1440.77    6   4e-01   1116    -211   +490   
   3    44.76    1438.37   11   3e-01   1225    -324   +433   
   4    44.94    1437.13    9   3e-01   1387    -213   +375    7e-01    480    -0     +480    7e-01    462    -0     +462  
   5    45.14    1435.45   13   2e-01   1424    -324   +361    6e-01    774    -166   +460    6e-01    635    -245   +418  
   6    45.33    1434.28   15   2e-01   1345    -338   +259    5e-01    942    -223   +391    5e-01    629    -307   +301  
   7    45.55    1433.49   20   1e-01   1211    -232   +98     5e-01   1063    -232   +353    6e-01    691    -196   +258  
   8    45.59    1432.94   23   1e-01   1211    -0     +0      5e-01   1063    -0     +0      6e-01    691    -0     +0    
==========================================================================================================================
Prune!
==========================================================================================================================
Depth = 5, Bound = 1432.94, Best = 1432

Fixing x[34] = 1

**************************************************************************************************************************
                                               Node 47
**************************************************************************************************************************
Problem size 95
Fixed variables: (x[2],0) (x[34],1) (x[63],0) (x[66],1) (x[83],0)
==========================================================================================================================
starting bound     cut  triangles added  violation
       1455.64    1432              500       0.50
==========================================================================================================================
iter     time      bound  bdl   viol3  triag  purged   added   viol5  penta  purged   added   viol7  hepta  purged   added
==========================================================================================================================
   1    45.65    1446.50    4   4e-01    834    -154   +488   
   2    45.71    1441.34    5   3e-01   1089    -174   +429   
   3    45.88    1438.81    6   3e-01   1315    -210   +436    7e-01    480    -0     +480    8e-01    480    -0     +480  
   4    46.07    1436.71   10   3e-01   1438    -281   +404    6e-01    772    -187   +479    7e-01    685    -270   +475  
   5    46.27    1435.35   16   2e-01   1344    -365   +271    6e-01    921    -280   +429    5e-01    704    -350   +369  
   6    46.48    1434.22   15   2e-01   1292    -250   +198    4e-01   1101    -214   +394    5e-01    776    -257   +329  
   7    46.70    1433.39   20   1e-01   1138    -223   +69     4e-01   1197    -252   +348    4e-01    754    -268   +246  
   8    46.76    1432.96   21   1e-01   1138    -0     +0      4e-01   1197    -0     +0      4e-01    754    -0     +0    
==========================================================================================================================
Prune!
==========================================================================================================================
Depth = 5, Bound = 1432.96, Best = 1432

Branching on x[2] = 0.50
Fixing x[2] = 0

**************************************************************************************************************************
                                               Node 48
**************************************************************************************************************************
Problem size 95
Fixed variables: (x[2],0) (x[18],1) (x[47],1) (x[63],1) (x[83],1)
==========================================================================================================================
starting bound     cut  triangles added  violation
       1455.51    1432              500       0.49
==========================================================================================================================
iter     time      bound  bdl   viol3  triag  purged   added   viol5  penta  purged   added   viol7  hepta  purged   added
==========================================================================================================================
   1    46.82    1448.23    3   4e-01    807    -162   +469   
   2    46.87    1442.87    6   4e-01   1074    -179   +446   
   3    46.93    1439.86    7   3e-01   1315    -187   +428   
   4    47.11    1438.08   11   3e-01   1376    -345   +406    8e-01    475    -0     +475    7e-01    465    -0     +465  
   5    47.30    1436.74   13   2e-01   1400    -306   +330    6e-01    724    -197   +446    6e-01    577    -265   +377  
   6    47.49    1435.46   19   1e-01   1192    -320   +112    4e-01    860    -230   +366    5e-01    594    -251   +268  
   7    47.70    1434.83   18   1e-01   1144    -162   +114    4e-01   1034    -165   +339    5e-01    640    -179   +225  
   8    47.91    1434.16   22   1e-01    981    -182   +19     5e-01   1078    -205   +249    5e-01    618    -190   +168  
   9    48.14    1433.76   22   1e-01    949    -76    +44     4e-01   1184    -145   +251    4e-01    640    -128   +150  
  10    48.37    1433.34   23   8e-02    857    -102   +10     4e-01   1166    -206   +188    4e-01    622    -130   +112  
  11    48.47    1432.89   26   8e-02    857    -0     +0      4e-01   1166    -0     +0      4e-01    622    -0     +0    
==========================================================================================================================
Prune!
==========================================================================================================================
Depth = 5, Bound = 1432.89, Best = 1432

Fixing x[2] = 1

**************************************************************************************************************************
                                               Node 49
**************************************************************************************************************************
Problem size 95
Fixed variables: (x[2],1) (x[18],1) (x[47],1) (x[63],1) (x[83],1)
==========================================================================================================================
starting bound     cut  triangles added  violation
       1455.96    1432              500       0.50
==========================================================================================================================
iter     time      bound  bdl   viol3  triag  purged   added   viol5  penta  purged   added   viol7  hepta  purged   added
==========================================================================================================================
   1    48.53    1447.10    4   4e-01    809    -169   +478   
   2    48.59    1442.75    5   4e-01   1111    -153   +455   
   3    48.65    1439.24    7   3e-01   1249    -287   +425   
   4    48.83    1437.52    9   2e-01   1386    -241   +378    7e-01    469    -0     +469    6e-01    442    -0     +442  
   5    49.01    1436.14   14   2e-01   1367    -319   +300    6e-01    717    -170   +418    6e-01    549    -225   +332  
   6    49.21    1435.11   19   1e-01   1178    -249   +60     5e-01    887    -181   +351    4e-01    570    -216   +237  
   7    49.42    1434.22   20   1e-01   1189    -151   +162    5e-01   1033    -184   +330    4e-01    617    -172   +219  
   8    49.64    1433.60   21   9e-02    982    -226   +19     4e-01   1025    -256   +248    4e-01    524    -203   +110  
   9    49.86    1433.04   23   1e-01    916    -114   +48     4e-01   1103    -155   +233    4e-01    549    -106   +131  
  10    49.88    1432.96   26   1e-01    916    -0     +0      4e-01   1103    -0     +0      4e-01    549    -0     +0    
==========================================================================================================================
Prune!
==========================================================================================================================
Depth = 5, Bound = 1432.96, Best = 1432

Branching on x[75] = 0.50
Fixing x[75] = 0

**************************************************************************************************************************
                                               Node 50
**************************************************************************************************************************
Problem size 95
Fixed variables: (x[18],0) (x[40],0) (x[63],1) (x[75],0) (x[83],1)
==========================================================================================================================
starting bound     cut  triangles added  violation
       1455.42    1432              500       0.49
==========================================================================================================================
iter     time      bound  bdl   viol3  triag  purged   added   viol5  penta  purged   added   viol7  hepta  purged   added
==========================================================================================================================
   1    49.94    1446.67    4   4e-01    821    -164   +485   
   2    49.99    1441.89    6   4e-01   1134    -149   +462   
   3    50.06    1439.80   10   3e-01   1247    -295   +408   
   4    50.13    1437.68   10   3e-01   1409    -270   +432   
   5    50.32    1436.60   10   2e-01   1450    -338   +379    6e-01    466    -0     +466    7e-01    430    -0     +430  
   6    50.52    1435.91   15   2e-01   1323    -257   +130    6e-01    722    -145   +401    5e-01    576    -175   +321  
   7    50.72    1434.85   19   2e-01   1307    -239   +223    5e-01    918    -192   +388    5e-01    644    -233   +301  
   8    50.94    1434.21   19   1e-01   1182    -230   +105    5e-01   1073    -192   +347    6e-01    682    -196   +234  
   9    51.16    1433.56   23   9e-02   1022    -178   +18     4e-01   1052    -245   +224    4e-01    648    -175   +141  
  10    51.40    1433.17   23   8e-02    912    -120   +10     4e-01   1135    -127   +210    4e-01    650    -124   +126  
  11    51.44    1432.96   21   8e-02    912    -0     +0      4e-01   1135    -0     +0      4e-01    650    -0     +0    
==========================================================================================================================
Prune!
==========================================================================================================================
Depth = 5, Bound = 1432.96, Best = 1432

Fixing x[75] = 1

**************************************************************************************************************************
                                               Node 51
**************************************************************************************************************************
Problem size 95
Fixed variables: (x[18],0) (x[40],0) (x[63],1) (x[75],1) (x[83],1)
==========================================================================================================================
starting bound     cut  triangles added  violation
       1455.59    1432              500       0.50
==========================================================================================================================
iter     time      bound  bdl   viol3  triag  purged   added   viol5  penta  purged   added   viol7  hepta  purged   added
==========================================================================================================================
   1    51.49    1446.93    4   4e-01    793    -183   +476   
   2    51.55    1441.63    6   4e-01   1079    -169   +455   
   3    51.61    1439.15    7   4e-01   1357    -180   +458   
   4    51.79    1437.42    7   3e-01   1356    -409   +408    7e-01    477    -0     +477    7e-01    447    -0     +447  
   5    51.97    1436.46   13   2e-01   1422    -232   +298    5e-01    759    -146   +428    6e-01    586    -217   +356  
   6    52.17    1435.24   16   2e-01   1433    -233   +244    5e-01    954    -207   +402    5e-01    663    -243   +320  
   7    52.38    1434.39   18   1e-01   1212    -266   +45     4e-01   1001    -251   +298    4e-01    645    -235   +217  
   8    52.59    1433.78   22   9e-02   1089    -133   +10     4e-01   1088    -159   +246    4e-01    644    -135   +134  
   9    52.82    1433.26   26   7e-02    936    -164   +11     4e-01   1131    -171   +214    4e-01    610    -157   +123  
  10    52.90    1432.93   26   7e-02    936    -0     +0      4e-01   1131    -0     +0      4e-01    610    -0     +0    
==========================================================================================================================
Prune!
==========================================================================================================================
Depth = 5, Bound = 1432.93, Best = 1432

Branching on x[4] = 0.51
Fixing x[4] = 0

**************************************************************************************************************************
                                               Node 52
**************************************************************************************************************************
Problem size 95
Fixed variables: (x[4],0) (x[53],1) (x[63],1) (x[83],0) (x[96],1)
==========================================================================================================================
starting bound     cut  triangles added  violation
       1454.97    1432              500       0.50
==========================================================================================================================
iter     time      bound  bdl   viol3  triag  purged   added   viol5  penta  purged   added   viol7  hepta  purged   added
==========================================================================================================================
   1    52.96    1445.78    4   4e-01    808    -158   +466   
   2    53.02    1441.02    6   4e-01   1042    -241   +475   
   3    53.08    1438.66    8   3e-01   1206    -273   +437   
   4    53.15    1436.99    9   3e-01   1393    -250   +437   
   5    53.34    1435.98   11   2e-01   1470    -304   +381    6e-01    472    -0     +472    6e-01    466    -0     +466  
   6    53.55    1434.84   17   1e-01   1355    -281   +166    5e-01    764    -141   +433    6e-01    610    -219   +363  
   7    53.77    1434.15   20   2e-01   1379    -189   +213    5e-01   1037    -153   +426    6e-01    798    -168   +356  
   8    54.00    1433.30   23   1e-01   1139    -301   +61     5e-01   1137    -260   +360    4e-01    778    -265   +245  
   9    54.08    1432.90   23   1e-01   1139    -0     +0      5e-01   1137    -0     +0      4e-01    778    -0     +0    
==========================================================================================================================
Prune!
==========================================================================================================================
Depth = 5, Bound = 1432.90, Best = 1432

Fixing x[4] = 1

**************************************************************************************************************************
                                               Node 53
**************************************************************************************************************************
Problem size 95
Fixed variables: (x[4],1) (x[53],1) (x[63],1) (x[83],0) (x[96],1)
==========================================================================================================================
starting bound     cut  triangles added  violation
       1455.36    1432              500       0.49
==========================================================================================================================
iter     time      bound  bdl   viol3  triag  purged   added   viol5  penta  purged   added   viol7  hepta  purged   added
==========================================================================================================================
   1    54.14    1445.07    4   4e-01    837    -150   +487   
   2    54.20    1441.25    6   4e-01   1129    -171   +463   
   3    54.27    1439.14    7   4e-01   1387    -212   +470   
   4    54.45    1437.52   11   3e-01   1449    -368   +430    7e-01    480    -0     +480    7e-01    477    -0     +477  
   5    54.66    1435.95   15   2e-01   1427    -373   +351    6e-01    788    -153   +461    6e-01    693    -223   +439  
   6    54.86    1434.51   18   1e-01   1247    -330   +150    5e-01    979    -229   +420    5e-01    790    -269   +366  
   7    55.09    1433.68   20   1e-01   1312    -187   +252    5e-01   1164    -235   +420    6e-01    938    -218   +366  
   8    55.33    1433.13   21   1e-01   1179    -281   +148    4e-01   1286    -269   +391    6e-01    996    -274   +332  
   9    55.36    1432.87   22   1e-01   1179    -0     +0      4e-01   1286    -0     +0      6e-01    996    -0     +0    
==========================================================================================================================
Prune!
==========================================================================================================================
Depth = 5, Bound = 1432.87, Best = 1432

Branching on x[47] = 0.51
Fixing x[47] = 0

**************************************************************************************************************************
                                               Node 54
**************************************************************************************************************************
Problem size 95
Fixed variables: (x[47],0) (x[53],0) (x[63],1) (x[83],0) (x[96],1)
==========================================================================================================================
starting bound     cut  triangles added  violation
       1455.25    1432              500       0.50
==========================================================================================================================
iter     time      bound  bdl   viol3  triag  purged   added   viol5  penta  purged   added   viol7  hepta  purged   added
==========================================================================================================================
   1    55.41    1446.01    5   4e-01    814    -162   +476   
   2    55.47    1441.03    8   4e-01   1113    -162   +461   
   3    55.65    1438.68   10   3e-01   1321    -213   +421    7e-01    480    -0     +480    7e-01    477    -0     +477  
   4    55.84    1436.99   11   2e-01   1416    -276   +371    6e-01    772    -184   +476    6e-01    711    -218   +452  
   5    56.04    1435.56   14   2e-01   1433    -295   +312    6e-01    981    -236   +445    5e-01    798    -292   +379  
   6    56.25    1434.50   19   1e-01   1222    -278   +67     5e-01   1072    -267   +358    4e-01    785    -309   +296  
   7    56.47    1433.78   18   1e-01   1130    -139   +47     5e-01   1244    -146   +318    4e-01    863    -156   +234  
   8    56.70    1433.14   25   1e-01   1093    -131   +94     4e-01   1387    -202   +345    5e-01    896    -196   +229  
   9    56.73    1432.89   27   1e-01   1093    -0     +0      4e-01   1387    -0     +0      5e-01    896    -0     +0    
==========================================================================================================================
Prune!
==========================================================================================================================
Depth = 5, Bound = 1432.89, Best = 1432

Fixing x[47] = 1

**************************************************************************************************************************
                                               Node 55
**************************************************************************************************************************
Problem size 95
Fixed variables: (x[47],1) (x[53],0) (x[63],1) (x[83],0) (x[96],1)
==========================================================================================================================
starting bound     cut  triangles added  violation
       1455.20    1432              500       0.49
==========================================================================================================================
iter     time      bound  bdl   viol3  triag  purged   added   viol5  penta  purged   added   viol7  hepta  purged   added
==========================================================================================================================
   1    56.78    1446.35    3   4e-01    829    -140   +469   
   2    56.83    1441.24    5   4e-01   1072    -236   +479   
   3    56.90    1439.66    8   3e-01   1165    -365   +458   
   4    57.09    1437.92    8   3e-01   1349    -267   +451    8e-01    480    -0     +480    7e-01    477    -0     +477  
   5    57.29    1436.62   10   2e-01   1363    -344   +358    6e-01    736    -219   +475    6e-01    652    -277   +452  
   6    57.49    1435.53   15   1e-01   1337    -258   +232    6e-01    968    -191   +423    6e-01    782    -238   +368  
   7    57.71    1434.45   15   1e-01   1160    -244   +67     6e-01   1142    -213   +387    5e-01    875    -237   +330  
   8    57.93    1433.60   21   1e-01   1046    -167   +53     5e-01   1254    -244   +356    5e-01    894    -235   +254  
   9    58.18    1433.08   24   1e-01   1018    -110   +82     4e-01   1364    -234   +344    4e-01    982    -184   +272  
  10    58.21    1432.97   19   1e-01   1018    -0     +0      4e-01   1364    -0     +0      4e-01    982    -0     +0    
==========================================================================================================================
Prune!
==========================================================================================================================
Depth = 5, Bound = 1432.97, Best = 1432


Nodes = 55
Root node bound = 1440.719
Maximum value = 1432
Solution = ( 2 3 4 6 7 8 11 15 16 17 18 22 23 26 28 29 30 31 34 35 36 37 40 41 42 46 47 51 54 56 57 58 60 63 65 68 70 74 75 77 79 84 85 87 88 93 95 96 99 )
CPU time = 58.21 s

