Input file: ./Instances/rudy/g05_100.6

Graph has 100 vertices and 2475 edges.

BiqBin parameters:
    init_bundle_iter = 5
     max_bundle_iter = 20
      min_outer_iter = 10
      max_outer_iter = 30
       violated_Ineq = 0.050000
             TriIneq = 500
         Pent_Trials = 160
        Hepta_Trials = 120
        include_Pent = 1
       include_Hepta = 1
                root = 0
            use_diff = 1
          time_limit = 0
   branchingStrategy = 1
      detailedOutput = 1

**************************************************************************************************************************
                                               Node 1
**************************************************************************************************************************
Problem size 100
Fixed variables:
Node 1 Feasible solution 1434
==========================================================================================================================
starting bound     cut  triangles added  violation
       1463.17    1434              500       0.49
==========================================================================================================================
iter     time      bound  bdl   viol3  triag  purged   added   viol5  penta  purged   added   viol7  hepta  purged   added
==========================================================================================================================
   1     0.05    1454.08    5   4e-01    806    -174   +480   
   2     0.10    1450.19    8   3e-01   1071    -194   +459   
   3     0.29    1447.51    7   3e-01   1313    -189   +431    7e-01    480    -0     +480    8e-01    480    -0     +480  
   4     0.49    1445.60   11   3e-01   1395    -326   +408    6e-01    755    -202   +477    7e-01    683    -257   +460  
   5     0.70    1444.21   16   2e-01   1264    -354   +223    5e-01    909    -267   +421    5e-01    674    -344   +335  
   6     0.92    1443.15   20   1e-01   1171    -225   +132    5e-01   1085    -201   +377    5e-01    751    -208   +285  
   7     1.15    1442.51   21   1e-01   1029    -179   +37     5e-01   1140    -252   +307    5e-01    761    -216   +226  
   8     1.39    1441.92   25   8e-02    950    -108   +29     4e-01   1259    -156   +275    4e-01    789    -134   +162  
   9     1.64    1441.51   25   1e-01    977    -81    +108    4e-01   1432    -154   +327    4e-01    886    -116   +213  
  10     1.91    1441.15   25   9e-02    880    -129   +32     4e-01   1459    -222   +249    4e-01    873    -186   +173  
  11     2.19    1440.72   30   8e-02    801    -88    +9      3e-01   1477    -181   +199    4e-01    857    -157   +141  
  12     2.34    1440.48   29   8e-02    801    -0     +0      3e-01   1477    -0     +0      4e-01    857    -0     +0    
==========================================================================================================================
BOUNDING STOPPED: Gap to big!
==========================================================================================================================
Depth = 0, Bound = 1440.48, Best = 1434

Branching on x[35] = 0.50
Fixing x[35] = 0

**************************************************************************************************************************
                                               Node 2
**************************************************************************************************************************
Problem size 99
Fixed variables: (x[35],0)
==========================================================================================================================
BOUNDING STOPPED: Gap to big!
==========================================================================================================================
Depth = 1, Bound = 1462.25, Best = 1434

Fixing x[35] = 1

**************************************************************************************************************************
                                               Node 3
**************************************************************************************************************************
Problem size 99
Fixed variables: (x[35],1)
==========================================================================================================================
BOUNDING STOPPED: Gap to big!
==========================================================================================================================
Depth = 1, Bound = 1460.87, Best = 1434

Branching on x[46] = 0.51
Fixing x[46] = 0

**************************************************************************************************************************
                                               Node 4
**************************************************************************************************************************
Problem size 98
Fixed variables: (x[35],0) (x[46],0)
==========================================================================================================================
BOUNDING STOPPED: Gap to big!
==========================================================================================================================
Depth = 2, Bound = 1460.62, Best = 1434

Fixing x[46] = 1

**************************************************************************************************************************
                                               Node 5
**************************************************************************************************************************
Problem size 98
Fixed variables: (x[35],0) (x[46],1)
==========================================================================================================================
BOUNDING STOPPED: Gap to big!
==========================================================================================================================
Depth = 2, Bound = 1460.64, Best = 1434

Branching on x[45] = 0.50
Fixing x[45] = 0

**************************************************************************************************************************
                                               Node 6
**************************************************************************************************************************
Problem size 98
Fixed variables: (x[35],1) (x[45],0)
==========================================================================================================================
BOUNDING STOPPED: Gap to big!
==========================================================================================================================
Depth = 2, Bound = 1458.65, Best = 1434

Fixing x[45] = 1

**************************************************************************************************************************
                                               Node 7
**************************************************************************************************************************
Problem size 98
Fixed variables: (x[35],1) (x[45],1)
==========================================================================================================================
BOUNDING STOPPED: Gap to big!
==========================================================================================================================
Depth = 2, Bound = 1459.50, Best = 1434

Branching on x[40] = 0.50
Fixing x[40] = 0

**************************************************************************************************************************
                                               Node 8
**************************************************************************************************************************
Problem size 97
Fixed variables: (x[35],0) (x[40],0) (x[46],1)
==========================================================================================================================
BOUNDING STOPPED: Gap to big!
==========================================================================================================================
Depth = 3, Bound = 1458.84, Best = 1434

Fixing x[40] = 1

**************************************************************************************************************************
                                               Node 9
**************************************************************************************************************************
Problem size 97
Fixed variables: (x[35],0) (x[40],1) (x[46],1)
==========================================================================================================================
BOUNDING STOPPED: Gap to big!
==========================================================================================================================
Depth = 3, Bound = 1458.86, Best = 1434

Branching on x[34] = 0.51
Fixing x[34] = 0

**************************************************************************************************************************
                                               Node 10
**************************************************************************************************************************
Problem size 97
Fixed variables: (x[34],0) (x[35],0) (x[46],0)
==========================================================================================================================
BOUNDING STOPPED: Gap to big!
==========================================================================================================================
Depth = 3, Bound = 1458.12, Best = 1434

Fixing x[34] = 1

**************************************************************************************************************************
                                               Node 11
**************************************************************************************************************************
Problem size 97
Fixed variables: (x[34],1) (x[35],0) (x[46],0)
==========================================================================================================================
BOUNDING STOPPED: Gap to big!
==========================================================================================================================
Depth = 3, Bound = 1459.02, Best = 1434

Branching on x[52] = 0.51
Fixing x[52] = 0

**************************************************************************************************************************
                                               Node 12
**************************************************************************************************************************
Problem size 97
Fixed variables: (x[35],1) (x[45],1) (x[52],0)
==========================================================================================================================
starting bound     cut  triangles added  violation
       1457.62    1434              500       0.49
==========================================================================================================================
iter     time      bound  bdl   viol3  triag  purged   added   viol5  penta  purged   added   viol7  hepta  purged   added
==========================================================================================================================
   1     2.49    1450.10    5   4e-01    839    -139   +478   
   2     2.54    1445.80    6   3e-01   1111    -204   +476   
   3     2.60    1443.60    7   4e-01   1420    -164   +473   
   4     2.81    1442.27   11   3e-01   1429    -410   +419    7e-01    480    -0     +480    7e-01    480    -0     +480  
   5     3.03    1440.63   11   2e-01   1449    -358   +378    6e-01    819    -137   +476    6e-01    809    -148   +477  
   6     3.26    1439.68   15   1e-01   1424    -263   +238    5e-01   1148    -135   +464    5e-01   1045    -217   +453  
   7     3.51    1438.97   14   2e-01   1483    -277   +336    5e-01   1338    -282   +472    6e-01   1222    -298   +475  
   8     3.78    1438.33   20   8e-02   1162    -339   +18     4e-01   1440    -308   +410    5e-01   1333    -297   +408  
   9     4.05    1437.74   20   9e-02   1037    -161   +36     5e-01   1571    -265   +396    4e-01   1400    -284   +351  
  10     4.33    1437.13   20   2e-01   1321    -118   +402    5e-01   1798    -242   +469    5e-01   1584    -275   +459  
  11     4.65    1436.85   23   1e-01   1035    -343   +57     3e-01   1837    -380   +419    5e-01   1691    -317   +424  
  12     4.97    1436.52   23   9e-02    912    -139   +16     3e-01   1822    -354   +339    5e-01   1677    -341   +327  
  13     5.29    1436.22   25   1e-01    866    -74    +28     3e-01   1945    -261   +384    5e-01   1778    -264   +365  
  14     5.64    1436.01   28   7e-02    811    -64    +9      2e-01   2013    -248   +316    4e-01   1834    -254   +310  
  15     6.00    1435.86   27   9e-02    778    -50    +17     3e-01   2138    -223   +348    3e-01   1923    -249   +338  
  16     6.36    1435.68   25   8e-02    759    -42    +23     3e-01   2221    -286   +369    4e-01   2056    -236   +369  
  17     6.73    1435.53   28   5e-02    709    -53    +3      3e-01   2224    -296   +299    3e-01   2050    -284   +278  
  18     7.11    1435.47   22   5e-02    698    -11    +0      2e-01   2285    -202   +263    3e-01   2198    -139   +287  
  19     7.48    1435.38   25   8e-02    699    -18    +19     3e-01   2359    -298   +372    4e-01   2328    -241   +371  
  20     7.87    1435.28   31   8e-02    714    -19    +34     3e-01   2495    -269   +405    4e-01   2462    -241   +375  
  21     8.27    1435.21   32   6e-02    685    -32    +3      3e-01   2451    -325   +281    3e-01   2492    -270   +300  
  22     8.67    1435.12   34   5e-02    667    -18    +0      2e-01   2419    -227   +195    3e-01   2477    -239   +224  
  23     9.07    1435.07   29   5e-02    660    -11    +4      2e-01   2490    -166   +237    3e-01   2600    -157   +280  
  24     9.47    1435.02   28   5e-02    654    -7     +1      2e-01   2536    -166   +212    3e-01   2686    -159   +245  
  25     9.55    1434.99   32   5e-02    654    -0     +0      2e-01   2536    -0     +0      3e-01   2686    -0     +0    
==========================================================================================================================
Prune!
==========================================================================================================================
Depth = 3, Bound = 1434.99, Best = 1434

Fixing x[52] = 1

**************************************************************************************************************************
                                               Node 13
**************************************************************************************************************************
Problem size 97
Fixed variables: (x[35],1) (x[45],1) (x[52],1)
==========================================================================================================================
starting bound     cut  triangles added  violation
       1457.53    1434              500       0.49
==========================================================================================================================
iter     time      bound  bdl   viol3  triag  purged   added   viol5  penta  purged   added   viol7  hepta  purged   added
==========================================================================================================================
   1     9.60    1449.68    4   4e-01    794    -192   +486   
   2     9.66    1444.60    6   3e-01   1060    -189   +455   
   3     9.73    1442.89    6   4e-01   1387    -149   +476   
   4     9.93    1441.23   10   2e-01   1385    -422   +420    6e-01    478    -0     +478    7e-01    477    -0     +477  
   5    10.13    1439.82   14   2e-01   1418    -297   +330    5e-01    830    -118   +470    6e-01    752    -163   +438  
   6    10.36    1438.81   20   2e-01   1445    -285   +312    5e-01   1107    -175   +452    5e-01    853    -273   +374  
   7    10.59    1437.96   24   1e-01   1133    -380   +68     5e-01   1211    -295   +399    6e-01    908    -287   +342  
   8    10.84    1437.28   21   1e-01   1084    -174   +125    4e-01   1357    -222   +368    4e-01    976    -230   +298  
   9    11.10    1436.64   20   1e-01    980    -158   +54     4e-01   1457    -270   +370    4e-01   1028    -230   +282  
  10    11.37    1436.24   23   9e-02    893    -102   +15     5e-01   1524    -227   +294    5e-01   1062    -195   +229  
  11    11.64    1435.83   19   9e-02    838    -94    +39     4e-01   1574    -237   +287    4e-01   1117    -179   +234  
  12    11.92    1435.61   27   9e-02    800    -63    +25     3e-01   1636    -218   +280    4e-01   1180    -175   +238  
  13    12.23    1435.31   31   8e-02    764    -49    +13     3e-01   1651    -212   +227    4e-01   1162    -188   +170  
  14    12.54    1435.05   31   7e-02    700    -68    +4      3e-01   1656    -195   +200    5e-01   1111    -188   +137  
  15    12.59    1434.98   30   7e-02    700    -0     +0      3e-01   1656    -0     +0      5e-01   1111    -0     +0    
==========================================================================================================================
Prune!
==========================================================================================================================
Depth = 3, Bound = 1434.98, Best = 1434

Branching on x[39] = 0.50
Fixing x[39] = 0

**************************************************************************************************************************
                                               Node 14
**************************************************************************************************************************
Problem size 96
Fixed variables: (x[34],1) (x[35],0) (x[39],0) (x[46],0)
==========================================================================================================================
starting bound     cut  triangles added  violation
       1457.58    1434              500       0.49
==========================================================================================================================
iter     time      bound  bdl   viol3  triag  purged   added   viol5  penta  purged   added   viol7  hepta  purged   added
==========================================================================================================================
   1    12.64    1447.67    4   4e-01    823    -162   +485   
   2    12.69    1443.86    8   3e-01   1088    -205   +470   
   3    12.75    1441.34    9   3e-01   1298    -227   +437   
   4    12.94    1439.89    9   3e-01   1488    -267   +457    7e-01    480    -0     +480    8e-01    479    -0     +479  
   5    13.14    1438.66   11   2e-01   1486    -380   +378    6e-01    762    -196   +478    6e-01    682    -249   +452  
   6    13.35    1437.59   15   2e-01   1466    -340   +320    5e-01   1008    -208   +454    5e-01    790    -297   +405  
   7    13.58    1436.55   22   1e-01   1297    -315   +146    4e-01   1191    -247   +430    4e-01    860    -272   +342  
   8    13.81    1435.72   20   1e-01   1194    -231   +128    4e-01   1329    -255   +393    5e-01    906    -281   +327  
   9    14.05    1435.10   20   1e-01   1070    -172   +48     4e-01   1416    -269   +356    5e-01    910    -245   +249  
  10    14.11    1434.88   24   1e-01   1070    -0     +0      4e-01   1416    -0     +0      5e-01    910    -0     +0    
==========================================================================================================================
Prune!
==========================================================================================================================
Depth = 4, Bound = 1434.88, Best = 1434

Fixing x[39] = 1

**************************************************************************************************************************
                                               Node 15
**************************************************************************************************************************
Problem size 96
Fixed variables: (x[34],1) (x[35],0) (x[39],1) (x[46],0)
==========================================================================================================================
starting bound     cut  triangles added  violation
       1457.47    1434              500       0.50
==========================================================================================================================
iter     time      bound  bdl   viol3  triag  purged   added   viol5  penta  purged   added   viol7  hepta  purged   added
==========================================================================================================================
   1    14.16    1448.20    5   5e-01    822    -160   +482   
   2    14.21    1445.16    5   4e-01   1056    -232   +466   
   3    14.27    1443.20    6   4e-01   1320    -205   +469   
   4    14.47    1441.29    8   3e-01   1380    -405   +465    7e-01    480    -0     +480    7e-01    479    -0     +479  
   5    14.67    1439.74   11   2e-01   1422    -379   +421    6e-01    782    -176   +478    7e-01    753    -196   +470  
   6    14.89    1438.59   17   1e-01   1307    -328   +213    5e-01    996    -231   +445    5e-01    868    -284   +399  
   7    15.12    1437.72   21   1e-01   1167    -215   +75     5e-01   1200    -230   +434    5e-01   1006    -235   +373  
   8    15.36    1436.92   19   1e-01   1073    -200   +106    5e-01   1339    -266   +405    4e-01   1082    -260   +336  
   9    15.61    1436.30   25   8e-02    932    -155   +14     3e-01   1437    -272   +370    5e-01   1106    -266   +290  
  10    15.87    1435.70   27   9e-02    864    -102   +34     4e-01   1520    -240   +323    5e-01   1120    -241   +255  
  11    16.15    1435.29   23   1e-01    950    -49    +135    4e-01   1687    -218   +385    4e-01   1263    -179   +322  
  12    16.43    1435.11   25   1e-01    891    -119   +60     4e-01   1702    -326   +341    4e-01   1259    -272   +268  
  13    16.48    1434.99   27   1e-01    891    -0     +0      4e-01   1702    -0     +0      4e-01   1259    -0     +0    
==========================================================================================================================
Prune!
==========================================================================================================================
Depth = 4, Bound = 1434.99, Best = 1434

Branching on x[31] = 0.51
Fixing x[31] = 0

**************************************************************************************************************************
                                               Node 16
**************************************************************************************************************************
Problem size 96
Fixed variables: (x[31],0) (x[35],0) (x[40],1) (x[46],1)
==========================================================================================================================
starting bound     cut  triangles added  violation
       1456.43    1434              500       0.49
==========================================================================================================================
iter     time      bound  bdl   viol3  triag  purged   added   viol5  penta  purged   added   viol7  hepta  purged   added
==========================================================================================================================
   1    16.53    1447.12    4   4e-01    817    -168   +485   
   2    16.58    1442.95    7   4e-01   1041    -228   +452   
   3    16.64    1440.28    6   3e-01   1265    -238   +462   
   4    16.82    1438.86    9   2e-01   1380    -305   +420    7e-01    477    -0     +477    7e-01    471    -0     +471  
   5    17.01    1437.61   12   3e-01   1456    -288   +364    6e-01    771    -179   +473    7e-01    648    -252   +429  
   6    17.20    1436.43   14   2e-01   1249    -346   +139    4e-01    900    -274   +403    6e-01    599    -331   +282  
   7    17.41    1435.38   16   1e-01   1208    -209   +168    5e-01   1043    -217   +360    4e-01    676    -195   +272  
   8    17.47    1434.91   18   1e-01   1208    -0     +0      5e-01   1043    -0     +0      4e-01    676    -0     +0    
==========================================================================================================================
Prune!
==========================================================================================================================
Depth = 4, Bound = 1434.91, Best = 1434

Fixing x[31] = 1

**************************************************************************************************************************
                                               Node 17
**************************************************************************************************************************
Problem size 96
Fixed variables: (x[31],1) (x[35],0) (x[40],1) (x[46],1)
==========================================================================================================================
starting bound     cut  triangles added  violation
       1456.72    1434              500       0.49
==========================================================================================================================
iter     time      bound  bdl   viol3  triag  purged   added   viol5  penta  purged   added   viol7  hepta  purged   added
==========================================================================================================================
   1    17.52    1446.89    3   5e-01    867    -124   +491   
   2    17.57    1443.12    5   3e-01   1028    -308   +469   
   3    17.63    1440.87    6   3e-01   1263    -201   +436   
   4    17.81    1439.09    8   3e-01   1390    -280   +407    7e-01    480    -0     +480    6e-01    476    -0     +476  
   5    18.00    1437.97   12   2e-01   1440    -260   +310    6e-01    792    -148   +460    6e-01    716    -181   +421  
   6    18.20    1436.54   16   1e-01   1267    -301   +128    4e-01    993    -211   +412    6e-01    797    -258   +339  
   7    18.41    1435.62   20   1e-01   1111    -209   +53     5e-01   1159    -179   +345    5e-01    776    -266   +245  
   8    18.48    1434.97   25   1e-01   1111    -0     +0      5e-01   1159    -0     +0      5e-01    776    -0     +0    
==========================================================================================================================
Prune!
==========================================================================================================================
Depth = 4, Bound = 1434.97, Best = 1434

Branching on x[27] = 0.49
Fixing x[27] = 0

**************************************************************************************************************************
                                               Node 18
**************************************************************************************************************************
Problem size 96
Fixed variables: (x[27],0) (x[35],0) (x[40],0) (x[46],1)
==========================================================================================================================
starting bound     cut  triangles added  violation
       1456.79    1434              500       0.49
==========================================================================================================================
iter     time      bound  bdl   viol3  triag  purged   added   viol5  penta  purged   added   viol7  hepta  purged   added
==========================================================================================================================
   1    18.53    1448.06    3   5e-01    835    -154   +489   
   2    18.58    1444.77    4   4e-01   1053    -258   +476   
   3    18.76    1442.73    6   3e-01   1253    -252   +452    8e-01    480    -0     +480    8e-01    480    -0     +480  
   4    18.96    1440.97    9   3e-01   1384    -286   +417    7e-01    824    -136   +480    7e-01    813    -145   +478  
   5    19.16    1439.46   11   2e-01   1410    -395   +421    6e-01   1040    -264   +480    7e-01    919    -369   +475  
   6    19.39    1438.25   15   2e-01   1443    -335   +368    5e-01   1222    -290   +472    6e-01   1029    -351   +461  
   7    19.63    1437.47   19   1e-01   1240    -343   +140    4e-01   1373    -279   +430    5e-01   1141    -289   +401  
   8    19.88    1436.74   20   1e-01   1132    -210   +102    5e-01   1513    -267   +407    4e-01   1213    -296   +368  
   9    20.13    1436.06   23   1e-01   1088    -148   +104    4e-01   1643    -276   +406    5e-01   1259    -298   +344  
  10    20.40    1435.60   27   9e-02    979    -129   +20     3e-01   1691    -295   +343    4e-01   1265    -288   +294  
  11    20.68    1435.19   27   1e-01    943    -100   +64     3e-01   1798    -258   +365    5e-01   1343    -218   +296  
  12    20.80    1434.97   29   1e-01    943    -0     +0      3e-01   1798    -0     +0      5e-01   1343    -0     +0    
==========================================================================================================================
Prune!
==========================================================================================================================
Depth = 4, Bound = 1434.97, Best = 1434

Fixing x[27] = 1

**************************************************************************************************************************
                                               Node 19
**************************************************************************************************************************
Problem size 96
Fixed variables: (x[27],1) (x[35],0) (x[40],0) (x[46],1)
==========================================================================================================================
starting bound     cut  triangles added  violation
       1456.14    1434              500       0.48
==========================================================================================================================
iter     time      bound  bdl   viol3  triag  purged   added   viol5  penta  purged   added   viol7  hepta  purged   added
==========================================================================================================================
   1    20.85    1446.46    3   4e-01    861    -132   +493   
   2    20.91    1443.64    6   4e-01   1129    -193   +461   
   3    20.97    1441.44    8   4e-01   1294    -311   +476   
   4    21.16    1439.90    7   2e-01   1345    -348   +399    7e-01    479    -0     +479    6e-01    476    -0     +476  
   5    21.35    1438.23   12   2e-01   1413    -285   +353    6e-01    808    -145   +474    6e-01    718    -200   +442  
   6    21.55    1437.08   15   2e-01   1349    -334   +270    5e-01    994    -254   +440    6e-01    750    -340   +372  
   7    21.76    1436.15   14   1e-01   1089    -319   +59     6e-01   1087    -265   +358    5e-01    710    -294   +254  
   8    21.98    1435.41   17   1e-01   1125    -141   +177    5e-01   1247    -216   +376    5e-01    782    -198   +270  
   9    22.03    1434.99   20   1e-01   1125    -0     +0      5e-01   1247    -0     +0      5e-01    782    -0     +0    
==========================================================================================================================
Prune!
==========================================================================================================================
Depth = 4, Bound = 1434.99, Best = 1434

Branching on x[97] = 0.51
Fixing x[97] = 0

**************************************************************************************************************************
                                               Node 20
**************************************************************************************************************************
Problem size 97
Fixed variables: (x[35],1) (x[45],0) (x[97],0)
==========================================================================================================================
starting bound     cut  triangles added  violation
       1457.44    1434              500       0.50
==========================================================================================================================
iter     time      bound  bdl   viol3  triag  purged   added   viol5  penta  purged   added   viol7  hepta  purged   added
==========================================================================================================================
   1    22.09    1450.82    4   4e-01    840    -129   +469   
   2    22.14    1445.63    5   4e-01   1046    -275   +481   
   3    22.20    1443.71    5   4e-01   1310    -185   +449   
   4    22.41    1442.17    7   3e-01   1340    -412   +442    7e-01    480    -0     +480    7e-01    479    -0     +479  
   5    22.62    1440.64   14   2e-01   1397    -332   +389    7e-01    792    -163   +475    6e-01    781    -167   +469  
   6    22.84    1439.73   13   2e-01   1386    -254   +243    5e-01   1058    -196   +462    7e-01   1003    -220   +442  
   7    23.08    1438.69   20   1e-01   1216    -309   +139    4e-01   1199    -288   +429    5e-01   1091    -312   +400  
   8    23.34    1438.13   18   1e-01   1109    -205   +98     5e-01   1365    -255   +421    5e-01   1143    -323   +375  
   9    23.61    1437.64   17   1e-01   1136    -169   +196    4e-01   1501    -299   +435    5e-01   1275    -288   +420  
  10    23.90    1437.23   22   1e-01   1009    -204   +77     4e-01   1603    -310   +412    5e-01   1337    -322   +384  
  11    24.19    1436.83   28   8e-02    895    -128   +14     4e-01   1595    -312   +304    4e-01   1325    -310   +298  
  12    24.50    1436.58   24   1e-01    897    -67    +69     4e-01   1759    -206   +370    4e-01   1499    -195   +369  
  13    24.82    1436.29   28   6e-02    800    -99    +2      2e-01   1660    -329   +230    5e-01   1422    -305   +228  
  14    25.15    1436.09   27   1e-01    766    -44    +10     3e-01   1780    -150   +270    4e-01   1521    -152   +251  
  15    25.49    1435.90   24   6e-02    732    -37    +3      3e-01   1821    -167   +208    3e-01   1594    -154   +227  
  16    25.84    1435.75   28   6e-02    712    -23    +3      3e-01   1856    -156   +191    4e-01   1656    -143   +205  
  17    26.20    1435.65   27   5e-02    701    -14    +3      2e-01   1945    -105   +194    4e-01   1736    -114   +194  
  18    26.56    1435.54   31   5e-02    679    -24    +2      2e-01   1969    -139   +163    4e-01   1793    -112   +169  
  19    26.92    1435.41   28   7e-02    661    -20    +2      2e-01   2043    -111   +185    3e-01   1855    -117   +179  
  20    27.29    1435.36   28   4e-02    652    -9     +0      2e-01   2090    -107   +154    4e-01   1906    -114   +165  
  21    27.66    1435.27   27   5e-02    638    -17    +3      3e-01   2176    -124   +210    4e-01   2002    -109   +205  
  22    28.04    1435.17   33   4e-02    624    -14    +0      2e-01   2116    -163   +103    3e-01   2021    -147   +166  
  23    28.42    1435.08   32   4e-02    608    -16    +0      2e-01   2121    -106   +111    3e-01   2052    -107   +138  
  24    28.80    1435.06   21   1e-01    735    -5     +132    4e-01   2499    -74    +452    5e-01   2407    -89    +444  
  25    29.20    1435.02   26   6e-02    644    -94    +3      2e-01   2373    -360   +234    3e-01   2330    -353   +276  
  26    29.35    1435.00   29   6e-02    644    -0     +0      2e-01   2373    -0     +0      3e-01   2330    -0     +0    
==========================================================================================================================
Prune!
==========================================================================================================================
Depth = 3, Bound = 1435.00, Best = 1434

Fixing x[97] = 1

**************************************************************************************************************************
                                               Node 21
**************************************************************************************************************************
Problem size 97
Fixed variables: (x[35],1) (x[45],0) (x[97],1)
==========================================================================================================================
starting bound     cut  triangles added  violation
       1457.17    1434              500       0.49
==========================================================================================================================
iter     time      bound  bdl   viol3  triag  purged   added   viol5  penta  purged   added   viol7  hepta  purged   added
==========================================================================================================================
   1    29.41    1448.45    4   4e-01    835    -148   +483   
   2    29.46    1444.62    7   4e-01   1067    -221   +453   
   3    29.52    1441.63    6   3e-01   1277    -266   +476   
   4    29.71    1440.50    9   3e-01   1386    -314   +423    7e-01    480    -0     +480    7e-01    479    -0     +479  
   5    29.90    1439.25   11   2e-01   1353    -371   +338    7e-01    746    -185   +451    6e-01    619    -256   +396  
   6    30.10    1438.20   14   1e-01   1266    -272   +185    5e-01    991    -160   +405    5e-01    733    -221   +335  
   7    30.31    1437.32   18   1e-01   1110    -201   +45     6e-01   1106    -227   +342    4e-01    744    -223   +234  
   8    30.53    1436.57   24   1e-01    970    -168   +28     4e-01   1152    -253   +299    4e-01    657    -257   +170  
   9    30.76    1436.11   23   1e-01    915    -83    +28     4e-01   1220    -180   +248    4e-01    667    -130   +140  
  10    31.01    1435.59   22   8e-02    857    -86    +28     4e-01   1328    -149   +257    4e-01    683    -117   +133  
  11    31.25    1435.20   26   9e-02    809    -76    +28     4e-01   1372    -169   +213    4e-01    688    -134   +139  
  12    31.34    1434.97   29   9e-02    809    -0     +0      4e-01   1372    -0     +0      4e-01    688    -0     +0    
==========================================================================================================================
Prune!
==========================================================================================================================
Depth = 3, Bound = 1434.97, Best = 1434

Branching on x[56] = 0.50
Fixing x[56] = 0

**************************************************************************************************************************
                                               Node 22
**************************************************************************************************************************
Problem size 96
Fixed variables: (x[34],0) (x[35],0) (x[46],0) (x[56],0)
==========================================================================================================================
starting bound     cut  triangles added  violation
       1456.39    1434              500       0.49
==========================================================================================================================
iter     time      bound  bdl   viol3  triag  purged   added   viol5  penta  purged   added   viol7  hepta  purged   added
==========================================================================================================================
   1    31.39    1448.43    4   5e-01    818    -169   +487   
   2    31.44    1443.95    6   4e-01   1038    -257   +477   
   3    31.50    1441.47    7   3e-01   1228    -252   +442   
   4    31.68    1439.33    8   3e-01   1361    -241   +374    7e-01    480    -0     +480    7e-01    469    -0     +469  
   5    31.86    1437.91   13   2e-01   1394    -308   +341    6e-01    758    -173   +451    6e-01    609    -239   +379  
   6    32.06    1436.91   14   1e-01   1264    -284   +154    5e-01    937    -213   +392    5e-01    633    -262   +286  
   7    32.26    1436.02   20   1e-01   1090    -212   +38     5e-01   1074    -190   +327    5e-01    648    -189   +204  
   8    32.47    1435.22   17   2e-01   1241    -104   +255    5e-01   1270    -176   +372    4e-01    701    -188   +241  
   9    32.52    1434.87   22   2e-01   1241    -0     +0      5e-01   1270    -0     +0      4e-01    701    -0     +0    
==========================================================================================================================
Prune!
==========================================================================================================================
Depth = 4, Bound = 1434.87, Best = 1434

Fixing x[56] = 1

**************************************************************************************************************************
                                               Node 23
**************************************************************************************************************************
Problem size 96
Fixed variables: (x[34],0) (x[35],0) (x[46],0) (x[56],1)
==========================================================================================================================
starting bound     cut  triangles added  violation
       1456.79    1434              500       0.50
==========================================================================================================================
iter     time      bound  bdl   viol3  triag  purged   added   viol5  penta  purged   added   viol7  hepta  purged   added
==========================================================================================================================
   1    32.57    1448.84    4   4e-01    835    -129   +464   
   2    32.62    1443.78    6   3e-01   1087    -209   +461   
   3    32.68    1441.29    8   3e-01   1342    -199   +454   
   4    32.87    1439.67    9   2e-01   1439    -327   +424    7e-01    480    -0     +480    7e-01    478    -0     +478  
   5    33.07    1438.17   11   2e-01   1469    -326   +356    7e-01    786    -168   +474    7e-01    733    -204   +459  
   6    33.28    1437.03   16   2e-01   1244    -353   +128    5e-01   1010    -201   +425    6e-01    850    -254   +371  
   7    33.51    1436.00   20   2e-01   1208    -196   +160    5e-01   1193    -226   +409    5e-01    917    -248   +315  
   8    33.73    1435.30   20   1e-01   1120    -187   +99     5e-01   1309    -244   +360    5e-01    900    -268   +251  
   9    33.79    1435.00   25   1e-01   1120    -0     +0      5e-01   1309    -0     +0      5e-01    900    -0     +0    
==========================================================================================================================
Prune!
==========================================================================================================================
Depth = 4, Bound = 1435.00, Best = 1434


Nodes = 23
Root node bound = 1440.478
Maximum value = 1434
Solution = ( 2 3 4 5 7 8 10 12 13 17 18 20 23 26 27 30 31 32 35 36 37 38 39 40 50 51 57 62 63 64 65 67 69 70 71 72 73 74 77 78 79 80 81 82 84 85 86 89 90 93 97 )
CPU time = 33.79 s

