Input file: ./Instances/rudy/g05_100.4

Graph has 100 vertices and 2475 edges.

BiqBin parameters:
    init_bundle_iter = 5
     max_bundle_iter = 20
      min_outer_iter = 10
      max_outer_iter = 30
       violated_Ineq = 0.050000
             TriIneq = 500
         Pent_Trials = 160
        Hepta_Trials = 120
        include_Pent = 1
       include_Hepta = 1
                root = 0
            use_diff = 1
          time_limit = 0
   branchingStrategy = 1
      detailedOutput = 1

**************************************************************************************************************************
                                               Node 1
**************************************************************************************************************************
Problem size 100
Fixed variables:
Node 1 Feasible solution 1439
==========================================================================================================================
starting bound     cut  triangles added  violation
       1468.80    1439              500       0.49
==========================================================================================================================
iter     time      bound  bdl   viol3  triag  purged   added   viol5  penta  purged   added   viol7  hepta  purged   added
==========================================================================================================================
Node 1 Feasible solution 1440
   1     0.05    1458.25    4   4e-01    813    -174   +487   
   2     0.11    1454.50    6   3e-01   1068    -214   +469   
   3     0.17    1451.63    7   4e-01   1334    -209   +475   
   4     0.37    1450.63   11   3e-01   1457    -306   +429    6e-01    479    -0     +479    7e-01    479    -0     +479  
   5     0.58    1448.78   13   2e-01   1445    -381   +369    6e-01    737    -207   +465    6e-01    582    -290   +393  
   6     0.80    1447.62   17   2e-01   1428    -316   +299    5e-01    931    -227   +421    5e-01    695    -238   +351  
   7     1.04    1446.61   20   1e-01   1192    -323   +87     4e-01   1049    -246   +364    4e-01    708    -242   +255  
   8     1.28    1446.02   19   9e-02   1058    -161   +27     4e-01   1111    -201   +263    4e-01    705    -191   +188  
   9     1.52    1445.48   24   1e-01   1016    -126   +84     4e-01   1207    -208   +304    4e-01    757    -145   +197  
  10     1.79    1444.91   24   8e-02    928    -106   +18     4e-01   1260    -163   +216    4e-01    730    -172   +145  
  11     2.06    1444.62   28   1e-01    884    -64    +20     4e-01   1319    -149   +208    3e-01    783    -100   +153  
  12     2.34    1444.27   31   7e-02    830    -63    +9      3e-01   1363    -151   +195    5e-01    783    -128   +128  
  13     2.63    1444.08   23   1e-01    980    -31    +181    5e-01   1580    -126   +343    4e-01    921    -83    +221  
  14     2.94    1443.78   31   6e-02    836    -146   +2      3e-01   1461    -275   +156    3e-01    832    -191   +102  
  15     3.13    1443.61   30   6e-02    836    -0     +0      3e-01   1461    -0     +0      3e-01    832    -0     +0    
==========================================================================================================================
BOUNDING STOPPED: Gap to big!
==========================================================================================================================
Depth = 0, Bound = 1443.61, Best = 1440

Branching on x[51] = 0.50
Fixing x[51] = 0

**************************************************************************************************************************
                                               Node 2
**************************************************************************************************************************
Problem size 99
Fixed variables: (x[51],0)
==========================================================================================================================
BOUNDING STOPPED: Gap to big!
==========================================================================================================================
Depth = 1, Bound = 1466.63, Best = 1440

Fixing x[51] = 1

**************************************************************************************************************************
                                               Node 3
**************************************************************************************************************************
Problem size 99
Fixed variables: (x[51],1)
==========================================================================================================================
BOUNDING STOPPED: Gap to big!
==========================================================================================================================
Depth = 1, Bound = 1467.51, Best = 1440

Branching on x[49] = 0.50
Fixing x[49] = 0

**************************************************************************************************************************
                                               Node 4
**************************************************************************************************************************
Problem size 98
Fixed variables: (x[49],0) (x[51],1)
==========================================================================================================================
starting bound     cut  triangles added  violation
       1465.30    1440              500       0.50
==========================================================================================================================
iter     time      bound  bdl   viol3  triag  purged   added   viol5  penta  purged   added   viol7  hepta  purged   added
==========================================================================================================================
   1     3.20    1455.18    4   4e-01    820    -159   +479   
   2     3.25    1451.14    6   4e-01   1047    -232   +459   
   3     3.43    1447.65    9   2e-01   1224    -256   +433    6e-01    476    -0     +476    6e-01    453    -0     +453  
   4     3.61    1445.17   12   2e-01   1387    -240   +403    6e-01    790    -162   +476    6e-01    664    -227   +438  
   5     3.81    1443.70   16   2e-01   1269    -298   +180    6e-01    868    -296   +374    5e-01    593    -336   +265  
   6     4.01    1442.64   18   1e-01   1107    -232   +70     4e-01    965    -229   +326    4e-01    544    -238   +189  
   7     4.22    1442.07   20   1e-01   1110    -111   +114    4e-01   1080    -196   +311    5e-01    597    -153   +206  
   8     4.45    1441.51   23   8e-02   1001    -138   +29     5e-01   1142    -202   +264    5e-01    582    -168   +153  
   9     4.68    1441.01   26   1e-01    993    -80    +72     4e-01   1204    -180   +242    5e-01    629    -122   +169  
  10     4.71    1440.91   26   1e-01    993    -0     +0      4e-01   1204    -0     +0      5e-01    629    -0     +0    
==========================================================================================================================
Prune!
==========================================================================================================================
Depth = 2, Bound = 1440.91, Best = 1440

Fixing x[49] = 1

**************************************************************************************************************************
                                               Node 5
**************************************************************************************************************************
Problem size 98
Fixed variables: (x[49],1) (x[51],1)
==========================================================================================================================
starting bound     cut  triangles added  violation
       1464.98    1440              500       0.49
==========================================================================================================================
iter     time      bound  bdl   viol3  triag  purged   added   viol5  penta  purged   added   viol7  hepta  purged   added
==========================================================================================================================
   1     4.76    1456.34    3   4e-01    811    -177   +488   
   2     4.82    1451.44    7   4e-01   1060    -222   +471   
   3     4.88    1449.01    7   4e-01   1351    -162   +453   
   4     5.08    1447.11    7   2e-01   1426    -359   +434    7e-01    480    -0     +480    7e-01    478    -0     +478  
   5     5.29    1445.97   12   2e-01   1510    -302   +386    6e-01    782    -177   +479    7e-01    730    -209   +461  
   6     5.51    1444.67   14   1e-01   1462    -352   +304    5e-01   1001    -236   +455    5e-01    834    -283   +387  
   7     5.74    1443.97   19   1e-01   1298    -338   +174    5e-01   1143    -255   +397    5e-01    899    -268   +333  
   8     5.99    1443.27   18   2e-01   1298    -200   +200    5e-01   1283    -259   +399    6e-01   1005    -256   +362  
   9     6.24    1442.74   24   1e-01   1135    -201   +38     4e-01   1362    -253   +332    4e-01    982    -274   +251  
  10     6.52    1442.42   21   1e-01   1063    -123   +51     4e-01   1501    -224   +363    6e-01   1116    -179   +313  
  11     6.80    1442.00   24   1e-01    962    -116   +15     3e-01   1537    -245   +281    5e-01   1064    -256   +204  
  12     7.09    1441.59   23   1e-01    963    -77    +78     3e-01   1681    -191   +335    4e-01   1137    -171   +244  
  13     7.40    1441.30   27   1e-01    899    -94    +30     3e-01   1732    -240   +291    4e-01   1125    -227   +215  
  14     7.71    1441.04   26   8e-02    877    -56    +34     4e-01   1777    -227   +272    4e-01   1173    -165   +213  
  15     7.75    1440.98   30   8e-02    877    -0     +0      4e-01   1777    -0     +0      4e-01   1173    -0     +0    
==========================================================================================================================
Prune!
==========================================================================================================================
Depth = 2, Bound = 1440.98, Best = 1440

Branching on x[23] = 0.50
Fixing x[23] = 0

**************************************************************************************************************************
                                               Node 6
**************************************************************************************************************************
Problem size 98
Fixed variables: (x[23],0) (x[51],0)
==========================================================================================================================
starting bound     cut  triangles added  violation
       1465.51    1440              500       0.49
==========================================================================================================================
iter     time      bound  bdl   viol3  triag  purged   added   viol5  penta  purged   added   viol7  hepta  purged   added
==========================================================================================================================
   1     7.80    1457.18    4   5e-01    867    -108   +475   
   2     7.86    1451.62    5   4e-01   1096    -238   +467   
   3     8.04    1449.35    9   3e-01   1251    -276   +431    7e-01    480    -0     +480    7e-01    479    -0     +479  
   4     8.25    1446.88   11   2e-01   1453    -239   +441    7e-01    807    -153   +480    7e-01    720    -239   +480  
   5     8.47    1445.61   15   2e-01   1419    -361   +327    5e-01   1043    -226   +462    6e-01    855    -301   +436  
   6     8.70    1444.69   18   2e-01   1443    -285   +309    5e-01   1249    -237   +443    6e-01   1036    -241   +422  
   7     8.94    1443.74   21   1e-01   1207    -327   +91     4e-01   1356    -296   +403    5e-01   1087    -298   +349  
   8     9.20    1443.20   22   1e-01   1195    -152   +140    5e-01   1522    -244   +410    5e-01   1174    -272   +359  
   9     9.47    1442.66   24   1e-01   1098    -172   +75     4e-01   1581    -323   +382    4e-01   1169    -308   +303  
  10     9.75    1442.42   21   1e-01   1171    -110   +183    4e-01   1753    -247   +419    5e-01   1320    -236   +387  
  11    10.05    1442.14   21   7e-02   1013    -170   +12     3e-01   1746    -328   +321    4e-01   1326    -299   +305  
  12    10.36    1441.87   24   1e-01    994    -74    +55     4e-01   1921    -215   +390    4e-01   1501    -196   +371  
  13    10.68    1441.62   27   9e-02    934    -90    +30     3e-01   1926    -308   +313    4e-01   1515    -282   +296  
  14    11.01    1441.40   29   7e-02    885    -61    +12     3e-01   1932    -250   +256    4e-01   1475    -264   +224  
  15    11.36    1441.20   30   1e-01    957    -44    +116    4e-01   2091    -227   +386    4e-01   1582    -192   +299  
  16    11.74    1441.05   31   8e-02    862    -113   +18     3e-01   2109    -298   +316    3e-01   1621    -237   +276  
  17    11.85    1440.96   29   8e-02    862    -0     +0      3e-01   2109    -0     +0      3e-01   1621    -0     +0    
==========================================================================================================================
Prune!
==========================================================================================================================
Depth = 2, Bound = 1440.96, Best = 1440

Fixing x[23] = 1

**************************************************************************************************************************
                                               Node 7
**************************************************************************************************************************
Problem size 98
Fixed variables: (x[23],1) (x[51],0)
==========================================================================================================================
starting bound     cut  triangles added  violation
       1465.60    1440              500       0.50
==========================================================================================================================
iter     time      bound  bdl   viol3  triag  purged   added   viol5  penta  purged   added   viol7  hepta  purged   added
==========================================================================================================================
   1    11.90    1457.39    3   5e-01    810    -166   +476   
   2    11.96    1451.62    6   4e-01   1097    -193   +480   
   3    12.02    1449.22    8   3e-01   1336    -212   +451   
   4    12.21    1447.07    8   2e-01   1406    -346   +416    7e-01    480    -0     +480    6e-01    473    -0     +473  
   5    12.41    1445.79   11   2e-01   1423    -309   +326    6e-01    778    -167   +465    6e-01    685    -211   +423  
   6    12.63    1444.24   15   2e-01   1497    -320   +394    5e-01    990    -263   +475    7e-01    824    -296   +435  
   7    12.86    1443.47   18   1e-01   1133    -410   +46     4e-01   1018    -318   +346    5e-01    763    -345   +284  
   8    13.10    1442.78   21   1e-01   1121    -149   +137    5e-01   1178    -194   +354    4e-01    833    -198   +268  
   9    13.35    1442.23   21   1e-01    992    -159   +30     4e-01   1242    -219   +283    4e-01    876    -174   +217  
  10    13.60    1441.89   24   8e-02    904    -94    +6      4e-01   1315    -169   +242    4e-01    869    -184   +177  
  11    13.87    1441.49   24   1e-01    908    -64    +68     4e-01   1469    -166   +320    4e-01    942    -127   +200  
  12    14.15    1441.18   26   7e-02    842    -74    +8      4e-01   1489    -183   +203    3e-01    920    -149   +127  
  13    14.23    1440.99   24   7e-02    842    -0     +0      4e-01   1489    -0     +0      3e-01    920    -0     +0    
==========================================================================================================================
Prune!
==========================================================================================================================
Depth = 2, Bound = 1440.99, Best = 1440


Nodes = 7
Root node bound = 1443.614
Maximum value = 1440
Solution = ( 2 3 4 6 8 9 12 13 16 17 19 25 26 27 28 29 31 32 33 35 36 37 40 43 44 45 46 48 50 51 57 58 60 61 66 68 69 70 72 73 76 79 82 84 85 88 92 99 )
CPU time = 14.23 s

