Input file: ./Instances/rudy/g05_100.2

Graph has 100 vertices and 2475 edges.

BiqBin parameters:
    init_bundle_iter = 5
     max_bundle_iter = 20
      min_outer_iter = 10
      max_outer_iter = 30
       violated_Ineq = 0.050000
             TriIneq = 500
         Pent_Trials = 160
        Hepta_Trials = 120
        include_Pent = 1
       include_Hepta = 1
                root = 0
            use_diff = 1
          time_limit = 0
   branchingStrategy = 1
      detailedOutput = 1

**************************************************************************************************************************
                                               Node 1
**************************************************************************************************************************
Problem size 100
Fixed variables:
Node 1 Feasible solution 1430
==========================================================================================================================
starting bound     cut  triangles added  violation
       1461.65    1430              500       0.50
==========================================================================================================================
iter     time      bound  bdl   viol3  triag  purged   added   viol5  penta  purged   added   viol7  hepta  purged   added
==========================================================================================================================
Node 1 Feasible solution 1431
   1     0.10    1452.47    3   4e-01    795    -195   +490   
Node 1 Feasible solution 1432
   2     0.17    1448.64    6   4e-01    994    -274   +473   
   3     0.26    1446.15    9   3e-01   1259    -199   +464   
   4     0.51    1444.26    8   2e-01   1352    -329   +422    7e-01    476    -0     +476    6e-01    459    -0     +459  
   5     0.77    1442.86   11   2e-01   1346    -339   +333    5e-01    742    -180   +446    7e-01    588    -253   +382  
   6     0.98    1441.66   16   2e-01   1296    -294   +244    5e-01    901    -222   +381    6e-01    596    -265   +273  
   7     1.21    1440.60   19   1e-01   1216    -248   +168    5e-01   1035    -232   +366    5e-01    630    -217   +251  
   8     1.45    1440.03   22   1e-01   1056    -189   +29     5e-01   1085    -214   +264    4e-01    611    -183   +164  
   9     1.70    1439.49   24   9e-02    959    -124   +27     5e-01   1154    -191   +260    4e-01    630    -134   +153  
  10     1.96    1439.01   23   1e-01   1022    -74    +137    4e-01   1278    -180   +304    4e-01    665    -137   +172  
  11     2.10    1438.81   24   1e-01   1022    -0     +0      4e-01   1278    -0     +0      4e-01    665    -0     +0    
==========================================================================================================================
BOUNDING STOPPED: Gap to big!
==========================================================================================================================
Depth = 0, Bound = 1438.81, Best = 1432

Branching on x[66] = 0.50
Fixing x[66] = 0

**************************************************************************************************************************
                                               Node 2
**************************************************************************************************************************
Problem size 99
Fixed variables: (x[66],0)
==========================================================================================================================
BOUNDING STOPPED: Gap to big!
==========================================================================================================================
Depth = 1, Bound = 1460.76, Best = 1432

Fixing x[66] = 1

**************************************************************************************************************************
                                               Node 3
**************************************************************************************************************************
Problem size 99
Fixed variables: (x[66],1)
==========================================================================================================================
BOUNDING STOPPED: Gap to big!
==========================================================================================================================
Depth = 1, Bound = 1461.09, Best = 1432

Branching on x[20] = 0.50
Fixing x[20] = 0

**************************************************************************************************************************
                                               Node 4
**************************************************************************************************************************
Problem size 98
Fixed variables: (x[20],0) (x[66],1)
==========================================================================================================================
BOUNDING STOPPED: Gap to big!
==========================================================================================================================
Depth = 2, Bound = 1459.53, Best = 1432

Fixing x[20] = 1

**************************************************************************************************************************
                                               Node 5
**************************************************************************************************************************
Problem size 98
Fixed variables: (x[20],1) (x[66],1)
==========================================================================================================================
BOUNDING STOPPED: Gap to big!
==========================================================================================================================
Depth = 2, Bound = 1459.67, Best = 1432

Branching on x[33] = 0.50
Fixing x[33] = 0

**************************************************************************************************************************
                                               Node 6
**************************************************************************************************************************
Problem size 98
Fixed variables: (x[33],0) (x[66],0)
==========================================================================================================================
BOUNDING STOPPED: Gap to big!
==========================================================================================================================
Depth = 2, Bound = 1459.49, Best = 1432

Fixing x[33] = 1

**************************************************************************************************************************
                                               Node 7
**************************************************************************************************************************
Problem size 98
Fixed variables: (x[33],1) (x[66],0)
==========================================================================================================================
BOUNDING STOPPED: Gap to big!
==========================================================================================================================
Depth = 2, Bound = 1458.98, Best = 1432

Branching on x[67] = 0.50
Fixing x[67] = 0

**************************************************************************************************************************
                                               Node 8
**************************************************************************************************************************
Problem size 97
Fixed variables: (x[20],1) (x[66],1) (x[67],0)
==========================================================================================================================
BOUNDING STOPPED: Gap to big!
==========================================================================================================================
Depth = 3, Bound = 1457.96, Best = 1432

Fixing x[67] = 1

**************************************************************************************************************************
                                               Node 9
**************************************************************************************************************************
Problem size 97
Fixed variables: (x[20],1) (x[66],1) (x[67],1)
==========================================================================================================================
BOUNDING STOPPED: Gap to big!
==========================================================================================================================
Depth = 3, Bound = 1458.12, Best = 1432

Branching on x[60] = 0.50
Fixing x[60] = 0

**************************************************************************************************************************
                                               Node 10
**************************************************************************************************************************
Problem size 97
Fixed variables: (x[20],0) (x[60],0) (x[66],1)
==========================================================================================================================
BOUNDING STOPPED: Gap to big!
==========================================================================================================================
Depth = 3, Bound = 1457.02, Best = 1432

Fixing x[60] = 1

**************************************************************************************************************************
                                               Node 11
**************************************************************************************************************************
Problem size 97
Fixed variables: (x[20],0) (x[60],1) (x[66],1)
==========================================================================================================================
BOUNDING STOPPED: Gap to big!
==========================================================================================================================
Depth = 3, Bound = 1457.45, Best = 1432

Branching on x[89] = 0.50
Fixing x[89] = 0

**************************************************************************************************************************
                                               Node 12
**************************************************************************************************************************
Problem size 97
Fixed variables: (x[33],0) (x[66],0) (x[89],0)
==========================================================================================================================
BOUNDING STOPPED: Gap to big!
==========================================================================================================================
Depth = 3, Bound = 1457.90, Best = 1432

Fixing x[89] = 1

**************************************************************************************************************************
                                               Node 13
**************************************************************************************************************************
Problem size 97
Fixed variables: (x[33],0) (x[66],0) (x[89],1)
==========================================================================================================================
BOUNDING STOPPED: Gap to big!
==========================================================================================================================
Depth = 3, Bound = 1458.31, Best = 1432

Branching on x[32] = 0.50
Fixing x[32] = 0

**************************************************************************************************************************
                                               Node 14
**************************************************************************************************************************
Problem size 97
Fixed variables: (x[32],0) (x[33],1) (x[66],0)
==========================================================================================================================
BOUNDING STOPPED: Gap to big!
==========================================================================================================================
Depth = 3, Bound = 1457.04, Best = 1432

Fixing x[32] = 1

**************************************************************************************************************************
                                               Node 15
**************************************************************************************************************************
Problem size 97
Fixed variables: (x[32],1) (x[33],1) (x[66],0)
==========================================================================================================================
BOUNDING STOPPED: Gap to big!
==========================================================================================================================
Depth = 3, Bound = 1456.92, Best = 1432

Branching on x[98] = 0.50
Fixing x[98] = 0

**************************************************************************************************************************
                                               Node 16
**************************************************************************************************************************
Problem size 96
Fixed variables: (x[33],0) (x[66],0) (x[89],1) (x[98],0)
==========================================================================================================================
BOUNDING STOPPED: Gap to big!
==========================================================================================================================
Depth = 4, Bound = 1456.72, Best = 1432

Fixing x[98] = 1

**************************************************************************************************************************
                                               Node 17
**************************************************************************************************************************
Problem size 96
Fixed variables: (x[33],0) (x[66],0) (x[89],1) (x[98],1)
==========================================================================================================================
BOUNDING STOPPED: Gap to big!
==========================================================================================================================
Depth = 4, Bound = 1456.66, Best = 1432

Branching on x[6] = 0.50
Fixing x[6] = 0

**************************************************************************************************************************
                                               Node 18
**************************************************************************************************************************
Problem size 96
Fixed variables: (x[6],0) (x[20],1) (x[66],1) (x[67],1)
==========================================================================================================================
BOUNDING STOPPED: Gap to big!
==========================================================================================================================
Depth = 4, Bound = 1457.12, Best = 1432

Fixing x[6] = 1

**************************************************************************************************************************
                                               Node 19
**************************************************************************************************************************
Problem size 96
Fixed variables: (x[6],1) (x[20],1) (x[66],1) (x[67],1)
==========================================================================================================================
BOUNDING STOPPED: Gap to big!
==========================================================================================================================
Depth = 4, Bound = 1457.21, Best = 1432

Branching on x[80] = 0.51
Fixing x[80] = 0

**************************************************************************************************************************
                                               Node 20
**************************************************************************************************************************
Problem size 96
Fixed variables: (x[20],1) (x[66],1) (x[67],0) (x[80],0)
==========================================================================================================================
BOUNDING STOPPED: Gap to big!
==========================================================================================================================
Depth = 4, Bound = 1456.47, Best = 1432

Fixing x[80] = 1

**************************************************************************************************************************
                                               Node 21
**************************************************************************************************************************
Problem size 96
Fixed variables: (x[20],1) (x[66],1) (x[67],0) (x[80],1)
==========================================================================================================================
BOUNDING STOPPED: Gap to big!
==========================================================================================================================
Depth = 4, Bound = 1456.48, Best = 1432

Branching on x[3] = 0.50
Fixing x[3] = 0

**************************************************************************************************************************
                                               Node 22
**************************************************************************************************************************
Problem size 96
Fixed variables: (x[3],0) (x[33],0) (x[66],0) (x[89],0)
==========================================================================================================================
BOUNDING STOPPED: Gap to big!
==========================================================================================================================
Depth = 4, Bound = 1457.14, Best = 1432

Fixing x[3] = 1

**************************************************************************************************************************
                                               Node 23
**************************************************************************************************************************
Problem size 96
Fixed variables: (x[3],1) (x[33],0) (x[66],0) (x[89],0)
==========================================================================================================================
BOUNDING STOPPED: Gap to big!
==========================================================================================================================
Depth = 4, Bound = 1457.01, Best = 1432

Branching on x[34] = 0.50
Fixing x[34] = 0

**************************************************************************************************************************
                                               Node 24
**************************************************************************************************************************
Problem size 96
Fixed variables: (x[20],0) (x[34],0) (x[60],1) (x[66],1)
==========================================================================================================================
starting bound     cut  triangles added  violation
       1454.90    1432              500       0.49
==========================================================================================================================
iter     time      bound  bdl   viol3  triag  purged   added   viol5  penta  purged   added   viol7  hepta  purged   added
==========================================================================================================================
   1     2.34    1445.53    3   4e-01    824    -159   +483   
   2     2.39    1441.45    5   4e-01   1065    -242   +483   
   3     2.45    1439.32    8   3e-01   1227    -304   +466   
   4     2.63    1437.35   10   2e-01   1354    -262   +389    6e-01    478    -0     +478    6e-01    470    -0     +470  
   5     2.83    1435.94   14   2e-01   1414    -275   +335    6e-01    785    -152   +459    6e-01    693    -195   +418  
   6     3.04    1434.78   16   2e-01   1489    -260   +335    6e-01   1050    -201   +466    6e-01    858    -262   +427  
   7     3.26    1434.05   18   1e-01   1276    -332   +119    5e-01   1133    -280   +363    5e-01    843    -324   +309  
   8     3.49    1433.42   24   1e-01   1098    -204   +26     4e-01   1231    -224   +322    4e-01    872    -223   +252  
   9     3.56    1432.98   26   1e-01   1098    -0     +0      4e-01   1231    -0     +0      4e-01    872    -0     +0    
==========================================================================================================================
Prune!
==========================================================================================================================
Depth = 4, Bound = 1432.98, Best = 1432

Fixing x[34] = 1

**************************************************************************************************************************
                                               Node 25
**************************************************************************************************************************
Problem size 96
Fixed variables: (x[20],0) (x[34],1) (x[60],1) (x[66],1)
==========================================================================================================================
starting bound     cut  triangles added  violation
       1455.15    1432              500       0.49
==========================================================================================================================
iter     time      bound  bdl   viol3  triag  purged   added   viol5  penta  purged   added   viol7  hepta  purged   added
==========================================================================================================================
   1     3.61    1445.61    5   4e-01    840    -149   +489   
   2     3.66    1441.76    6   4e-01   1082    -227   +469   
   3     3.72    1439.71    7   3e-01   1287    -251   +456   
   4     3.92    1438.37    8   3e-01   1449    -280   +442    7e-01    480    -0     +480    7e-01    480    -0     +480  
   5     4.12    1437.01   13   2e-01   1424    -403   +378    5e-01    754    -200   +474    7e-01    720    -220   +460  
   6     4.34    1436.16   15   2e-01   1493    -259   +328    6e-01   1080    -147   +473    6e-01    957    -210   +447  
   7     4.57    1435.04   17   1e-01   1163    -373   +43     4e-01   1222    -288   +430    5e-01   1056    -282   +381  
   8     4.82    1434.40   19   9e-02    993    -196   +26     3e-01   1308    -247   +333    4e-01   1106    -264   +314  
   9     5.06    1433.94   20   1e-01   1108    -93    +208    4e-01   1552    -192   +436    5e-01   1270    -203   +367  
  10     5.33    1433.68   16   1e-01   1038    -176   +106    4e-01   1629    -314   +391    4e-01   1327    -270   +327  
  11     5.60    1433.23   24   7e-02    897    -163   +22     3e-01   1603    -318   +292    4e-01   1271    -328   +272  
  12     5.70    1432.98   27   7e-02    897    -0     +0      3e-01   1603    -0     +0      4e-01   1271    -0     +0    
==========================================================================================================================
Prune!
==========================================================================================================================
Depth = 4, Bound = 1432.98, Best = 1432

Branching on x[68] = 0.49
Fixing x[68] = 0

**************************************************************************************************************************
                                               Node 26
**************************************************************************************************************************
Problem size 95
Fixed variables: (x[6],1) (x[20],1) (x[66],1) (x[67],1) (x[68],0)
==========================================================================================================================
starting bound     cut  triangles added  violation
       1455.26    1432              500       0.50
==========================================================================================================================
iter     time      bound  bdl   viol3  triag  purged   added   viol5  penta  purged   added   viol7  hepta  purged   added
==========================================================================================================================
   1     5.75    1443.88    4   4e-01    838    -149   +487   
   2     5.80    1439.70    7   4e-01   1056    -244   +462   
   3     5.86    1437.11    5   3e-01   1273    -240   +457   
   4     5.92    1436.01    9   3e-01   1440    -274   +441   
   5     6.11    1434.84   12   2e-01   1416    -357   +333    7e-01    462    -0     +462    6e-01    411    -0     +411  
   6     6.31    1433.79   16   2e-01   1499    -218   +301    6e-01    774    -125   +437    5e-01    607    -168   +364  
   7     6.37    1432.95   20   2e-01   1499    -0     +0      6e-01    774    -0     +0      5e-01    607    -0     +0    
==========================================================================================================================
Prune!
==========================================================================================================================
Depth = 5, Bound = 1432.95, Best = 1432

Fixing x[68] = 1

**************************************************************************************************************************
                                               Node 27
**************************************************************************************************************************
Problem size 95
Fixed variables: (x[6],1) (x[20],1) (x[66],1) (x[67],1) (x[68],1)
==========================================================================================================================
starting bound     cut  triangles added  violation
       1455.29    1432              500       0.49
==========================================================================================================================
iter     time      bound  bdl   viol3  triag  purged   added   viol5  penta  purged   added   viol7  hepta  purged   added
==========================================================================================================================
   1     6.43    1444.02    4   4e-01    843    -140   +483   
   2     6.48    1440.48    5   4e-01   1164    -143   +464   
   3     6.54    1437.78    6   3e-01   1303    -269   +408   
   4     6.72    1435.46   10   3e-01   1397    -279   +373    7e-01    473    -0     +473    7e-01    459    -0     +459  
   5     6.91    1434.13   14   2e-01   1453    -263   +319    6e-01    754    -163   +444    5e-01    568    -241   +350  
   6     7.11    1433.36   19   1e-01   1291    -251   +89     6e-01    930    -194   +370    5e-01    626    -209   +267  
   7     7.15    1432.88   19   1e-01   1291    -0     +0      6e-01    930    -0     +0      5e-01    626    -0     +0    
==========================================================================================================================
Prune!
==========================================================================================================================
Depth = 5, Bound = 1432.88, Best = 1432

Branching on x[64] = 0.50
Fixing x[64] = 0

**************************************************************************************************************************
                                               Node 28
**************************************************************************************************************************
Problem size 95
Fixed variables: (x[3],0) (x[33],0) (x[64],0) (x[66],0) (x[89],0)
==========================================================================================================================
BOUNDING STOPPED: Gap to big!
==========================================================================================================================
Depth = 5, Bound = 1456.12, Best = 1432

Fixing x[64] = 1

**************************************************************************************************************************
                                               Node 29
**************************************************************************************************************************
Problem size 95
Fixed variables: (x[3],0) (x[33],0) (x[64],1) (x[66],0) (x[89],0)
==========================================================================================================================
starting bound     cut  triangles added  violation
       1455.64    1432              500       0.49
==========================================================================================================================
iter     time      bound  bdl   viol3  triag  purged   added   viol5  penta  purged   added   viol7  hepta  purged   added
==========================================================================================================================
   1     7.20    1445.23    4   4e-01    856    -124   +480   
   2     7.26    1441.33    8   3e-01   1096    -229   +469   
   3     7.32    1439.00   10   3e-01   1308    -224   +436   
   4     7.53    1437.99    8   3e-01   1474    -258   +424    7e-01    480    -0     +480    8e-01    480    -0     +480  
   5     7.74    1436.90   13   2e-01   1490    -353   +369    6e-01    741    -218   +479    7e-01    701    -250   +471  
   6     7.96    1435.89   19   1e-01   1497    -312   +319    6e-01   1014    -197   +470    6e-01    903    -244   +446  
   7     8.20    1434.94   20   1e-01   1171    -364   +38     4e-01   1177    -242   +405    5e-01    981    -280   +358  
   8     8.45    1434.26   23   1e-01   1111    -159   +99     4e-01   1354    -225   +402    4e-01   1076    -246   +341  
   9     8.70    1433.94   16   1e-01   1129    -116   +134    4e-01   1535    -242   +423    5e-01   1213    -226   +363  
  10     8.97    1433.35   23   7e-02    954    -183   +8      4e-01   1459    -357   +281    4e-01   1098    -356   +241  
  11     9.11    1432.99   23   7e-02    954    -0     +0      4e-01   1459    -0     +0      4e-01   1098    -0     +0    
==========================================================================================================================
Prune!
==========================================================================================================================
Depth = 5, Bound = 1432.99, Best = 1432

Branching on x[77] = 0.50
Fixing x[77] = 0

**************************************************************************************************************************
                                               Node 30
**************************************************************************************************************************
Problem size 95
Fixed variables: (x[6],0) (x[20],1) (x[66],1) (x[67],1) (x[77],0)
==========================================================================================================================
starting bound     cut  triangles added  violation
       1455.15    1432              500       0.50
==========================================================================================================================
iter     time      bound  bdl   viol3  triag  purged   added   viol5  penta  purged   added   viol7  hepta  purged   added
==========================================================================================================================
   1     9.16    1443.64    5   4e-01    825    -162   +487   
   2     9.21    1439.82    7   4e-01   1064    -215   +454   
   3     9.27    1436.73    9   3e-01   1272    -217   +425   
   4     9.45    1435.55    9   3e-01   1394    -267   +389    7e-01    478    -0     +478    8e-01    462    -0     +462  
   5     9.64    1434.15   11   2e-01   1463    -305   +374    6e-01    728    -220   +470    6e-01    613    -284   +435  
   6     9.71    1432.97   17   2e-01   1463    -0     +0      6e-01    728    -0     +0      6e-01    613    -0     +0    
==========================================================================================================================
Prune!
==========================================================================================================================
Depth = 5, Bound = 1432.97, Best = 1432

Fixing x[77] = 1

**************************************************************************************************************************
                                               Node 31
**************************************************************************************************************************
Problem size 95
Fixed variables: (x[6],0) (x[20],1) (x[66],1) (x[67],1) (x[77],1)
==========================================================================================================================
starting bound     cut  triangles added  violation
       1455.09    1432              500       0.50
==========================================================================================================================
iter     time      bound  bdl   viol3  triag  purged   added   viol5  penta  purged   added   viol7  hepta  purged   added
==========================================================================================================================
   1     9.76    1444.51    4   4e-01    847    -141   +488   
   2     9.82    1440.64    5   4e-01   1144    -158   +455   
   3     9.88    1438.60    6   3e-01   1293    -306   +455   
   4     9.95    1436.48    8   3e-01   1430    -318   +455   
   5    10.15    1435.28   13   2e-01   1487    -321   +378    6e-01    476    -0     +476    7e-01    464    -0     +464  
   6    10.36    1434.29   15   2e-01   1491    -324   +328    5e-01    791    -141   +456    6e-01    691    -185   +412  
   7    10.58    1433.27   20   1e-01   1284    -317   +110    5e-01    986    -205   +400    6e-01    742    -265   +316  
   8    10.63    1432.79   23   1e-01   1284    -0     +0      5e-01    986    -0     +0      6e-01    742    -0     +0    
==========================================================================================================================
Prune!
==========================================================================================================================
Depth = 5, Bound = 1432.79, Best = 1432

Branching on x[47] = 0.50
Fixing x[47] = 0

**************************************************************************************************************************
                                               Node 32
**************************************************************************************************************************
Problem size 96
Fixed variables: (x[32],0) (x[33],1) (x[47],0) (x[66],0)
==========================================================================================================================
starting bound     cut  triangles added  violation
       1454.91    1432              500       0.50
==========================================================================================================================
iter     time      bound  bdl   viol3  triag  purged   added   viol5  penta  purged   added   viol7  hepta  purged   added
==========================================================================================================================
   1    10.68    1446.39    3   5e-01    826    -162   +488   
   2    10.74    1442.18    6   4e-01    982    -322   +478   
   3    10.79    1439.42    8   4e-01   1208    -222   +448   
   4    10.96    1437.91    9   2e-01   1308    -254   +354    7e-01    478    -0     +478    6e-01    451    -0     +451  
   5    11.15    1436.60   13   2e-01   1406    -264   +362    7e-01    765    -175   +462    6e-01    632    -232   +413  
   6    11.34    1435.21   14   1e-01   1241    -331   +166    6e-01    912    -249   +396    6e-01    615    -324   +307  
   7    11.54    1434.47   19   1e-01   1120    -181   +60     5e-01   1021    -218   +327    5e-01    635    -209   +229  
   8    11.76    1433.71   22   1e-01   1030    -153   +63     5e-01   1109    -209   +297    4e-01    605    -213   +183  
   9    11.98    1433.23   23   1e-01    978    -112   +60     5e-01   1191    -194   +276    4e-01    638    -125   +158  
  10    12.05    1432.87   27   1e-01    978    -0     +0      5e-01   1191    -0     +0      4e-01    638    -0     +0    
==========================================================================================================================
Prune!
==========================================================================================================================
Depth = 4, Bound = 1432.87, Best = 1432

Fixing x[47] = 1

**************************************************************************************************************************
                                               Node 33
**************************************************************************************************************************
Problem size 96
Fixed variables: (x[32],0) (x[33],1) (x[47],1) (x[66],0)
==========================================================================================================================
starting bound     cut  triangles added  violation
       1455.55    1432              500       0.49
==========================================================================================================================
iter     time      bound  bdl   viol3  triag  purged   added   viol5  penta  purged   added   viol7  hepta  purged   added
==========================================================================================================================
   1    12.10    1446.78    4   5e-01    847    -146   +493   
   2    12.15    1443.14    6   4e-01   1059    -246   +458   
   3    12.20    1439.77    8   3e-01   1211    -304   +456   
   4    12.39    1438.11    9   3e-01   1378    -260   +427    7e-01    480    -0     +480    7e-01    475    -0     +475  
   5    12.58    1436.89   10   2e-01   1415    -333   +370    7e-01    736    -218   +474    6e-01    654    -268   +447  
   6    12.78    1435.58   15   1e-01   1260    -341   +186    5e-01    886    -267   +417    6e-01    726    -285   +357  
   7    12.99    1434.62   19   1e-01   1134    -241   +115    4e-01   1024    -229   +367    7e-01    743    -270   +287  
   8    13.21    1433.83   18   1e-01   1044    -171   +81     4e-01   1158    -209   +343    5e-01    754    -213   +224  
   9    13.44    1433.30   20   1e-01    949    -133   +38     4e-01   1208    -237   +287    4e-01    718    -205   +169  
  10    13.50    1432.99   25   1e-01    949    -0     +0      4e-01   1208    -0     +0      4e-01    718    -0     +0    
==========================================================================================================================
Prune!
==========================================================================================================================
Depth = 4, Bound = 1432.99, Best = 1432

Branching on x[9] = 0.50
Fixing x[9] = 0

**************************************************************************************************************************
                                               Node 34
**************************************************************************************************************************
Problem size 96
Fixed variables: (x[9],0) (x[20],0) (x[60],0) (x[66],1)
==========================================================================================================================
starting bound     cut  triangles added  violation
       1455.35    1432              500       0.49
==========================================================================================================================
iter     time      bound  bdl   viol3  triag  purged   added   viol5  penta  purged   added   viol7  hepta  purged   added
==========================================================================================================================
   1    13.56    1446.79    3   5e-01    827    -155   +482   
   2    13.61    1441.94    7   4e-01   1067    -226   +466   
   3    13.67    1439.27    7   3e-01   1226    -247   +406   
   4    13.84    1437.90   10   3e-01   1372    -242   +388    7e-01    468    -0     +468    7e-01    450    -0     +450  
   5    14.03    1436.32   13   2e-01   1412    -298   +338    6e-01    746    -168   +446    6e-01    578    -254   +382  
   6    14.22    1435.17   17   1e-01   1145    -341   +74     5e-01    857    -234   +345    6e-01    599    -243   +264  
   7    14.42    1434.40   19   1e-01   1099    -122   +76     5e-01   1022    -161   +326    5e-01    653    -146   +200  
   8    14.64    1433.87   22   1e-01    987    -145   +33     5e-01   1107    -179   +264    4e-01    625    -181   +153  
   9    14.86    1433.32   25   1e-01    960    -98    +71     4e-01   1243    -159   +295    5e-01    658    -142   +175  
  10    14.96    1432.96   21   1e-01    960    -0     +0      4e-01   1243    -0     +0      5e-01    658    -0     +0    
==========================================================================================================================
Prune!
==========================================================================================================================
Depth = 4, Bound = 1432.96, Best = 1432

Fixing x[9] = 1

**************************************************************************************************************************
                                               Node 35
**************************************************************************************************************************
Problem size 96
Fixed variables: (x[9],1) (x[20],0) (x[60],0) (x[66],1)
==========================================================================================================================
starting bound     cut  triangles added  violation
       1455.63    1432              500       0.50
==========================================================================================================================
iter     time      bound  bdl   viol3  triag  purged   added   viol5  penta  purged   added   viol7  hepta  purged   added
==========================================================================================================================
   1    15.01    1447.05    4   5e-01    813    -178   +491   
   2    15.06    1442.43    7   4e-01   1152    -142   +481   
   3    15.12    1439.80    9   3e-01   1285    -312   +445   
   4    15.30    1438.05   11   3e-01   1407    -265   +387    7e-01    477    -0     +477    6e-01    458    -0     +458  
   5    15.49    1436.31   13   3e-01   1396    -338   +327    6e-01    747    -190   +460    6e-01    619    -257   +418  
   6    15.69    1435.17   15   2e-01   1285    -308   +197    5e-01    923    -232   +408    5e-01    637    -270   +288  
   7    15.90    1434.27   19   1e-01   1250    -218   +183    4e-01   1112    -202   +391    5e-01    704    -216   +283  
   8    16.12    1433.75   25   1e-01   1146    -185   +81     5e-01   1230    -213   +331    4e-01    707    -212   +215  
   9    16.36    1433.25   26   1e-01   1013    -158   +25     4e-01   1219    -271   +260    3e-01    654    -200   +147  
  10    16.44    1432.94   30   1e-01   1013    -0     +0      4e-01   1219    -0     +0      3e-01    654    -0     +0    
==========================================================================================================================
Prune!
==========================================================================================================================
Depth = 4, Bound = 1432.94, Best = 1432

Branching on x[91] = 0.51
Fixing x[91] = 0

**************************************************************************************************************************
                                               Node 36
**************************************************************************************************************************
Problem size 95
Fixed variables: (x[3],1) (x[33],0) (x[66],0) (x[89],0) (x[91],0)
==========================================================================================================================
starting bound     cut  triangles added  violation
       1454.73    1432              500       0.49
==========================================================================================================================
iter     time      bound  bdl   viol3  triag  purged   added   viol5  penta  purged   added   viol7  hepta  purged   added
==========================================================================================================================
   1    16.49    1443.77    4   4e-01    856    -113   +469   
   2    16.55    1440.11    5   4e-01   1139    -170   +453   
   3    16.61    1437.95    7   3e-01   1297    -257   +415   
   4    16.79    1435.97   10   2e-01   1378    -291   +372    7e-01    476    -0     +476    6e-01    445    -0     +445  
   5    16.98    1434.61   13   2e-01   1409    -282   +313    6e-01    788    -143   +455    6e-01    630    -217   +402  
   6    17.18    1433.19   15   1e-01   1241    -285   +117    5e-01    937    -233   +382    6e-01    673    -247   +290  
   7    17.21    1432.93   17   1e-01   1241    -0     +0      5e-01    937    -0     +0      6e-01    673    -0     +0    
==========================================================================================================================
Prune!
==========================================================================================================================
Depth = 5, Bound = 1432.93, Best = 1432

Fixing x[91] = 1

**************************************************************************************************************************
                                               Node 37
**************************************************************************************************************************
Problem size 95
Fixed variables: (x[3],1) (x[33],0) (x[66],0) (x[89],0) (x[91],1)
==========================================================================================================================
starting bound     cut  triangles added  violation
       1455.35    1432              500       0.50
==========================================================================================================================
iter     time      bound  bdl   viol3  triag  purged   added   viol5  penta  purged   added   viol7  hepta  purged   added
==========================================================================================================================
   1    17.27    1446.27    3   5e-01    835    -146   +481   
   2    17.32    1442.11    4   4e-01   1051    -264   +480   
   3    17.51    1439.71    7   3e-01   1257    -250   +456    8e-01    480    -0     +480    7e-01    480    -0     +480  
   4    17.72    1438.52    9   3e-01   1410    -288   +441    7e-01    782    -178   +480    7e-01    775    -185   +480  
   5    17.80    1437.12    9   3e-01   1512    -378   +480   
   6    18.04    1436.31   12   2e-01   1499    -434   +421    6e-01    984    -276   +478    6e-01    907    -347   +479  
   7    18.28    1435.65   15   1e-01   1341    -345   +187    5e-01   1185    -263   +464    6e-01   1051    -311   +455  
   8    18.54    1434.84   16   1e-01   1242    -236   +137    4e-01   1405    -243   +463    5e-01   1226    -263   +438  
   9    18.82    1434.18   20   1e-01   1100    -211   +69     4e-01   1539    -306   +440    5e-01   1338    -288   +400  
  10    19.12    1433.94   15   2e-01   1457    -119   +476    6e-01   1730    -289   +480    7e-01   1578    -240   +480  
  11    19.45    1433.71   17   1e-01   1146    -453   +142    4e-01   1663    -529   +462    5e-01   1542    -490   +454  
  12    19.78    1433.39   21   1e-01   1058    -166   +78     4e-01   1761    -355   +453    5e-01   1692    -287   +437  
  13    20.12    1433.18   17   9e-02    977    -127   +46     3e-01   1833    -338   +410    5e-01   1769    -324   +401  
  14    20.27    1432.98   17   9e-02    977    -0     +0      3e-01   1833    -0     +0      5e-01   1769    -0     +0    
==========================================================================================================================
Prune!
==========================================================================================================================
Depth = 5, Bound = 1432.98, Best = 1432

Branching on x[15] = 0.50
Fixing x[15] = 0

**************************************************************************************************************************
                                               Node 38
**************************************************************************************************************************
Problem size 96
Fixed variables: (x[15],0) (x[32],1) (x[33],1) (x[66],0)
==========================================================================================================================
starting bound     cut  triangles added  violation
       1455.50    1432              500       0.48
==========================================================================================================================
iter     time      bound  bdl   viol3  triag  purged   added   viol5  penta  purged   added   viol7  hepta  purged   added
==========================================================================================================================
   1    20.32    1446.08    3   5e-01    842    -144   +486   
   2    20.37    1442.75    5   4e-01   1025    -293   +476   
   3    20.43    1440.20    8   3e-01   1202    -241   +418   
   4    20.61    1438.42    9   3e-01   1373    -261   +432    7e-01    479    -0     +479    7e-01    477    -0     +477  
   5    20.81    1437.33   14   2e-01   1426    -304   +357    7e-01    774    -171   +466    6e-01    692    -239   +454  
   6    21.02    1436.10   19   2e-01   1230    -305   +109    5e-01    923    -243   +392    5e-01    746    -291   +345  
   7    21.23    1435.01   21   1e-01   1111    -215   +96     4e-01   1129    -179   +385    5e-01    798    -240   +292  
   8    21.46    1434.59   21   1e-01   1004    -142   +35     5e-01   1272    -195   +338    5e-01    846    -166   +214  
   9    21.70    1434.00   17   2e-01   1130    -97    +223    5e-01   1430    -230   +388    4e-01    964    -201   +319  
  10    21.95    1433.63   24   9e-02    939    -198   +7      4e-01   1429    -275   +274    4e-01    923    -253   +212  
  11    22.21    1433.22   26   7e-02    850    -94    +5      4e-01   1468    -192   +231    4e-01    920    -156   +153  
  12    22.34    1432.96   23   7e-02    850    -0     +0      4e-01   1468    -0     +0      4e-01    920    -0     +0    
==========================================================================================================================
Prune!
==========================================================================================================================
Depth = 4, Bound = 1432.96, Best = 1432

Fixing x[15] = 1

**************************************************************************************************************************
                                               Node 39
**************************************************************************************************************************
Problem size 96
Fixed variables: (x[15],1) (x[32],1) (x[33],1) (x[66],0)
==========================================================================================================================
starting bound     cut  triangles added  violation
       1455.51    1432              500       0.49
==========================================================================================================================
iter     time      bound  bdl   viol3  triag  purged   added   viol5  penta  purged   added   viol7  hepta  purged   added
==========================================================================================================================
   1    22.39    1445.86    3   5e-01    841    -144   +485   
   2    22.44    1442.01    4   3e-01   1022    -290   +471   
   3    22.60    1439.01    8   3e-01   1147    -291   +416    7e-01    478    -0     +478    8e-01    470    -0     +470  
   4    22.78    1437.41    9   3e-01   1373    -168   +394    8e-01    801    -156   +479    7e-01    700    -225   +455  
   5    22.97    1436.05   15   1e-01   1223    -321   +171    5e-01    940    -262   +401    5e-01    668    -350   +318  
   6    23.17    1434.78   19   1e-01   1085    -240   +102    5e-01   1068    -250   +378    5e-01    688    -246   +266  
   7    23.38    1434.15   21   1e-01   1014    -160   +89     5e-01   1165    -236   +333    5e-01    703    -209   +224  
   8    23.60    1433.57   22   1e-01    945    -125   +56     4e-01   1238    -227   +300    4e-01    721    -177   +195  
   9    23.83    1433.16   25   1e-01    914    -67    +36     3e-01   1306    -185   +253    4e-01    773    -122   +174  
  10    23.89    1432.92   25   1e-01    914    -0     +0      3e-01   1306    -0     +0      4e-01    773    -0     +0    
==========================================================================================================================
Prune!
==========================================================================================================================
Depth = 4, Bound = 1432.92, Best = 1432

Branching on x[13] = 0.50
Fixing x[13] = 0

**************************************************************************************************************************
                                               Node 40
**************************************************************************************************************************
Problem size 95
Fixed variables: (x[13],0) (x[33],0) (x[66],0) (x[89],1) (x[98],0)
==========================================================================================================================
starting bound     cut  triangles added  violation
       1454.61    1432              500       0.49
==========================================================================================================================
iter     time      bound  bdl   viol3  triag  purged   added   viol5  penta  purged   added   viol7  hepta  purged   added
==========================================================================================================================
   1    23.94    1444.04    4   4e-01    841    -148   +489   
   2    23.99    1439.85    5   4e-01   1149    -181   +489   
   3    24.06    1437.75    7   3e-01   1217    -388   +456   
   4    24.24    1435.80   10   3e-01   1382    -260   +425    7e-01    479    -0     +479    7e-01    473    -0     +473  
   5    24.44    1434.16   14   2e-01   1437    -337   +392    6e-01    757    -198   +476    7e-01    646    -270   +443  
   6    24.64    1433.15   19   1e-01   1222    -338   +123    6e-01    848    -292   +383    5e-01    630    -322   +306  
   7    24.67    1432.84   20   1e-01   1222    -0     +0      6e-01    848    -0     +0      5e-01    630    -0     +0    
==========================================================================================================================
Prune!
==========================================================================================================================
Depth = 5, Bound = 1432.84, Best = 1432

Fixing x[13] = 1

**************************************************************************************************************************
                                               Node 41
**************************************************************************************************************************
Problem size 95
Fixed variables: (x[13],1) (x[33],0) (x[66],0) (x[89],1) (x[98],0)
==========================================================================================================================
starting bound     cut  triangles added  violation
       1454.91    1432              500       0.50
==========================================================================================================================
iter     time      bound  bdl   viol3  triag  purged   added   viol5  penta  purged   added   viol7  hepta  purged   added
==========================================================================================================================
   1    24.72    1445.50    5   5e-01    811    -173   +484   
   2    24.78    1440.86    5   4e-01   1102    -185   +476   
   3    24.97    1438.47    8   3e-01   1249    -323   +470    7e-01    480    -0     +480    8e-01    480    -0     +480  
   4    25.17    1436.90   10   3e-01   1384    -287   +422    7e-01    781    -179   +480    8e-01    729    -229   +478  
   5    25.38    1435.60   14   2e-01   1440    -321   +377    6e-01    990    -269   +478    7e-01    874    -324   +469  
   6    25.61    1434.59   17   1e-01   1328    -305   +193    5e-01   1204    -243   +457    6e-01   1034    -272   +432  
   7    25.85    1433.66   20   1e-01   1333    -228   +233    5e-01   1381    -259   +436    5e-01   1107    -329   +402  
   8    26.11    1433.01   22   1e-01   1099    -275   +41     4e-01   1434    -340   +393    5e-01   1142    -317   +352  
   9    26.13    1432.86   24   1e-01   1099    -0     +0      4e-01   1434    -0     +0      5e-01   1142    -0     +0    
==========================================================================================================================
Prune!
==========================================================================================================================
Depth = 5, Bound = 1432.86, Best = 1432

Branching on x[14] = 0.51
Fixing x[14] = 0

**************************************************************************************************************************
                                               Node 42
**************************************************************************************************************************
Problem size 95
Fixed variables: (x[14],0) (x[33],0) (x[66],0) (x[89],1) (x[98],1)
==========================================================================================================================
starting bound     cut  triangles added  violation
       1455.33    1432              500       0.50
==========================================================================================================================
iter     time      bound  bdl   viol3  triag  purged   added   viol5  penta  purged   added   viol7  hepta  purged   added
==========================================================================================================================
   1    26.19    1446.96    4   5e-01    813    -176   +489   
   2    26.24    1443.22    7   4e-01   1098    -186   +471   
   3    26.30    1441.07    6   4e-01   1412    -164   +478   
   4    26.51    1439.18   10   3e-01   1487    -366   +441    7e-01    480    -0     +480    8e-01    480    -0     +480  
   5    26.73    1437.66   11   2e-01   1500    -372   +385    6e-01    805    -154   +479    6e-01    765    -188   +473  
   6    26.95    1436.62   16   1e-01   1458    -341   +299    5e-01   1066    -211   +472    6e-01    994    -229   +458  
   7    27.19    1435.74   16   1e-01   1326    -252   +120    5e-01   1294    -224   +452    6e-01   1159    -253   +418  
   8    27.45    1435.11   20   1e-01   1210    -219   +103    4e-01   1476    -254   +436    5e-01   1273    -288   +402  
   9    27.73    1434.50   20   1e-01   1252    -178   +220    4e-01   1640    -293   +457    5e-01   1425    -294   +446  
  10    28.02    1434.13   24   2e-01   1436    -205   +389    5e-01   1757    -359   +476    5e-01   1536    -359   +470  
  11    28.34    1433.78   24   1e-01   1121    -358   +43     3e-01   1734    -436   +413    5e-01   1521    -398   +383  
  12    28.65    1433.57   22   1e-01   1028    -117   +24     4e-01   1859    -290   +415    4e-01   1653    -267   +399  
  13    28.98    1433.21   26   7e-02    948    -89    +9      3e-01   1847    -317   +305    4e-01   1657    -314   +318  
  14    29.31    1433.06   23   1e-01   1077    -55    +184    4e-01   2120    -190   +463    5e-01   1903    -201   +447  
  15    29.42    1432.93   25   1e-01   1077    -0     +0      4e-01   2120    -0     +0      5e-01   1903    -0     +0    
==========================================================================================================================
Prune!
==========================================================================================================================
Depth = 5, Bound = 1432.93, Best = 1432

Fixing x[14] = 1

**************************************************************************************************************************
                                               Node 43
**************************************************************************************************************************
Problem size 95
Fixed variables: (x[14],1) (x[33],0) (x[66],0) (x[89],1) (x[98],1)
==========================================================================================================================
starting bound     cut  triangles added  violation
       1454.28    1432              500       0.50
==========================================================================================================================
iter     time      bound  bdl   viol3  triag  purged   added   viol5  penta  purged   added   viol7  hepta  purged   added
==========================================================================================================================
   1    29.47    1445.06    3   4e-01    833    -144   +477   
   2    29.53    1440.86    5   4e-01   1038    -256   +461   
   3    29.59    1438.28    8   3e-01   1292    -193   +447   
   4    29.77    1436.63   11   3e-01   1377    -312   +397    7e-01    476    -0     +476    7e-01    470    -0     +470  
   5    29.97    1435.30   11   2e-01   1405    -301   +329    6e-01    791    -146   +461    7e-01    696    -197   +423  
   6    30.18    1433.97   15   2e-01   1437    -254   +286    5e-01   1028    -196   +433    6e-01    865    -205   +374  
   7    30.26    1432.99   20   2e-01   1437    -0     +0      5e-01   1028    -0     +0      6e-01    865    -0     +0    
==========================================================================================================================
Prune!
==========================================================================================================================
Depth = 5, Bound = 1432.99, Best = 1432

Branching on x[25] = 0.50
Fixing x[25] = 0

**************************************************************************************************************************
                                               Node 44
**************************************************************************************************************************
Problem size 95
Fixed variables: (x[20],1) (x[25],0) (x[66],1) (x[67],0) (x[80],1)
==========================================================================================================================
starting bound     cut  triangles added  violation
       1454.09    1432              500       0.50
==========================================================================================================================
iter     time      bound  bdl   viol3  triag  purged   added   viol5  penta  purged   added   viol7  hepta  purged   added
==========================================================================================================================
   1    30.31    1443.70    4   5e-01    865    -116   +481   
   2    30.37    1439.45    6   4e-01   1087    -223   +445   
   3    30.44    1436.26    6   4e-01   1250    -275   +438   
   4    30.50    1435.18    9   3e-01   1407    -289   +446   
   5    30.68    1433.78   11   2e-01   1419    -344   +356    7e-01    466    -0     +466    6e-01    431    -0     +431  
   6    30.74    1432.96   16   2e-01   1419    -0     +0      7e-01    466    -0     +0      6e-01    431    -0     +0    
==========================================================================================================================
Prune!
==========================================================================================================================
Depth = 5, Bound = 1432.96, Best = 1432

Fixing x[25] = 1

**************************************************************************************************************************
                                               Node 45
**************************************************************************************************************************
Problem size 95
Fixed variables: (x[20],1) (x[25],1) (x[66],1) (x[67],0) (x[80],1)
==========================================================================================================================
starting bound     cut  triangles added  violation
       1454.08    1432              500       0.49
==========================================================================================================================
iter     time      bound  bdl   viol3  triag  purged   added   viol5  penta  purged   added   viol7  hepta  purged   added
==========================================================================================================================
   1    30.80    1444.53    5   4e-01    853    -132   +485   
   2    30.85    1440.28    7   3e-01   1133    -187   +467   
   3    30.92    1438.40    8   3e-01   1348    -237   +452   
   4    30.99    1437.29    8   4e-01   1512    -302   +466   
   5    31.21    1436.35   11   2e-01   1531    -389   +408    7e-01    480    -0     +480    7e-01    479    -0     +479  
   6    31.42    1435.00   14   2e-01   1513    -351   +333    6e-01    826    -126   +472    6e-01    785    -154   +460  
   7    31.65    1434.13   16   1e-01   1364    -322   +173    4e-01   1099    -185   +458    6e-01    999    -214   +428  
   8    31.90    1433.41   20   1e-01   1174    -259   +69     4e-01   1310    -209   +420    5e-01   1140    -256   +397  
   9    31.95    1432.99   23   1e-01   1174    -0     +0      4e-01   1310    -0     +0      5e-01   1140    -0     +0    
==========================================================================================================================
Prune!
==========================================================================================================================
Depth = 5, Bound = 1432.99, Best = 1432

Branching on x[56] = 0.50
Fixing x[56] = 0

**************************************************************************************************************************
                                               Node 46
**************************************************************************************************************************
Problem size 95
Fixed variables: (x[20],1) (x[56],0) (x[66],1) (x[67],0) (x[80],0)
==========================================================================================================================
starting bound     cut  triangles added  violation
       1454.89    1432              500       0.50
==========================================================================================================================
iter     time      bound  bdl   viol3  triag  purged   added   viol5  penta  purged   added   viol7  hepta  purged   added
==========================================================================================================================
   1    32.01    1444.29    3   5e-01    840    -140   +480   
   2    32.06    1440.80    5   4e-01   1112    -204   +476   
   3    32.12    1437.89    8   3e-01   1235    -313   +436   
   4    32.19    1436.01    7   3e-01   1360    -291   +416   
   5    32.37    1434.80   11   2e-01   1456    -289   +385    7e-01    479    -0     +479    7e-01    463    -0     +463  
   6    32.58    1433.73   15   2e-01   1469    -317   +330    6e-01    757    -175   +453    6e-01    597    -256   +390  
   7    32.64    1432.91   18   2e-01   1469    -0     +0      6e-01    757    -0     +0      6e-01    597    -0     +0    
==========================================================================================================================
Prune!
==========================================================================================================================
Depth = 5, Bound = 1432.91, Best = 1432

Fixing x[56] = 1

**************************************************************************************************************************
                                               Node 47
**************************************************************************************************************************
Problem size 95
Fixed variables: (x[20],1) (x[56],1) (x[66],1) (x[67],0) (x[80],0)
==========================================================================================================================
starting bound     cut  triangles added  violation
       1454.94    1432              500       0.50
==========================================================================================================================
iter     time      bound  bdl   viol3  triag  purged   added   viol5  penta  purged   added   viol7  hepta  purged   added
==========================================================================================================================
   1    32.69    1445.34    4   4e-01    789    -181   +470   
   2    32.74    1441.42    7   4e-01   1067    -190   +468   
   3    32.81    1439.01    6   3e-01   1244    -293   +470   
   4    33.00    1437.38    8   3e-01   1372    -317   +445    8e-01    480    -0     +480    7e-01    480    -0     +480  
   5    33.21    1436.48   13   2e-01   1431    -329   +388    6e-01    800    -160   +480    7e-01    745    -204   +469  
   6    33.43    1435.16   17   1e-01   1319    -365   +253    5e-01   1002    -257   +459    6e-01    852    -305   +412  
   7    33.66    1434.31   20   1e-01   1158    -236   +75     4e-01   1155    -253   +406    4e-01    975    -245   +368  
   8    33.91    1433.69   23   1e-01   1103    -139   +84     4e-01   1326    -228   +399    5e-01   1065    -265   +355  
   9    34.16    1433.21   22   1e-01   1045    -139   +81     4e-01   1423    -283   +380    5e-01   1162    -243   +340  
  10    34.20    1432.99   25   1e-01   1045    -0     +0      4e-01   1423    -0     +0      5e-01   1162    -0     +0    
==========================================================================================================================
Prune!
==========================================================================================================================
Depth = 5, Bound = 1432.99, Best = 1432

Branching on x[35] = 0.51
Fixing x[35] = 0

**************************************************************************************************************************
                                               Node 48
**************************************************************************************************************************
Problem size 94
Fixed variables: (x[3],0) (x[33],0) (x[35],0) (x[64],0) (x[66],0) (x[89],0)
==========================================================================================================================
starting bound     cut  triangles added  violation
       1454.03    1432              500       0.50
==========================================================================================================================
iter     time      bound  bdl   viol3  triag  purged   added   viol5  penta  purged   added   viol7  hepta  purged   added
==========================================================================================================================
   1    34.25    1445.43    4   5e-01    857    -131   +488   
   2    34.31    1441.66    6   4e-01   1041    -302   +486   
   3    34.37    1439.81    7   4e-01   1362    -159   +480   
   4    34.58    1438.11   11   3e-01   1422    -403   +463    8e-01    480    -0     +480    8e-01    480    -0     +480  
   5    34.80    1436.61   14   3e-01   1594    -297   +469    7e-01    848    -112   +480    8e-01    815    -145   +480  
   6    35.05    1435.67   10   2e-01   1592    -470   +468    7e-01   1027    -301   +480    7e-01    976    -319   +480  
   7    35.31    1435.15   13   1e-01   1350    -462   +220    6e-01   1179    -325   +477    6e-01   1102    -349   +475  
   8    35.57    1434.50   15   2e-01   1262    -251   +163    5e-01   1401    -245   +467    5e-01   1287    -282   +467  
   9    35.85    1434.04   12   1e-01   1460    -161   +359    4e-01   1602    -279   +480    5e-01   1533    -226   +472  
  10    36.15    1433.72   16   2e-01   1585    -308   +433    5e-01   1743    -338   +479    6e-01   1717    -296   +480  
  11    36.49    1433.45   15   8e-02   1150    -445   +10     4e-01   1797    -388   +442    5e-01   1856    -318   +457  
  12    36.82    1433.19   14   1e-01   1392    -126   +368    5e-01   1961    -316   +480    6e-01   2058    -278   +480  
  13    37.18    1433.01   18   1e-01   1115    -344   +67     4e-01   2007    -428   +474    4e-01   2168    -357   +467  
  14    37.27    1432.97   22   1e-01   1115    -0     +0      4e-01   2007    -0     +0      4e-01   2168    -0     +0    
==========================================================================================================================
Prune!
==========================================================================================================================
Depth = 6, Bound = 1432.97, Best = 1432

Fixing x[35] = 1

**************************************************************************************************************************
                                               Node 49
**************************************************************************************************************************
Problem size 94
Fixed variables: (x[3],0) (x[33],0) (x[35],1) (x[64],0) (x[66],0) (x[89],0)
==========================================================================================================================
starting bound     cut  triangles added  violation
       1453.70    1432              500       0.50
==========================================================================================================================
iter     time      bound  bdl   viol3  triag  purged   added   viol5  penta  purged   added   viol7  hepta  purged   added
==========================================================================================================================
   1    37.32    1443.37    4   4e-01    841    -144   +485   
   2    37.38    1439.31    5   4e-01   1084    -201   +444   
   3    37.44    1436.83    7   3e-01   1394    -145   +455   
   4    37.63    1435.19   10   2e-01   1444    -342   +392    7e-01    479    -0     +479    7e-01    473    -0     +473  
   5    37.82    1433.63   13   2e-01   1501    -284   +341    6e-01    828    -122   +471    7e-01    751    -183   +461  
   6    37.88    1432.71   17   2e-01   1501    -0     +0      6e-01    828    -0     +0      7e-01    751    -0     +0    
==========================================================================================================================
Prune!
==========================================================================================================================
Depth = 6, Bound = 1432.71, Best = 1432


Nodes = 49
Root node bound = 1438.808
Maximum value = 1432
Solution = ( 3 4 9 10 11 14 17 19 20 21 22 24 25 26 27 28 29 30 33 37 38 42 44 45 46 47 52 53 54 56 57 59 60 64 66 71 72 76 77 78 81 83 84 88 89 91 92 94 98 99 )
CPU time = 37.88 s

