Input file: ./Instances/rudy/g05_100.5

Graph has 100 vertices and 2475 edges.

BiqBin parameters:
    init_bundle_iter = 5
     max_bundle_iter = 20
      min_outer_iter = 10
      max_outer_iter = 30
       violated_Ineq = 0.050000
             TriIneq = 500
         Pent_Trials = 160
        Hepta_Trials = 120
        include_Pent = 1
       include_Hepta = 1
                root = 0
            use_diff = 1
          time_limit = 0
   branchingStrategy = 1
      detailedOutput = 1

**************************************************************************************************************************
                                               Node 1
**************************************************************************************************************************
Problem size 100
Fixed variables:
Node 1 Feasible solution 1435
==========================================================================================================================
starting bound     cut  triangles added  violation
       1464.66    1435              500       0.50
==========================================================================================================================
iter     time      bound  bdl   viol3  triag  purged   added   viol5  penta  purged   added   viol7  hepta  purged   added
==========================================================================================================================
   1     0.05    1456.92    4   4e-01    786    -200   +486   
Node 1 Feasible solution 1436
   2     0.11    1452.58    6   4e-01   1026    -241   +481   
   3     0.30    1450.75    9   3e-01   1198    -299   +471    7e-01    480    -0     +480    8e-01    480    -0     +480  
   4     0.50    1448.02   10   3e-01   1326    -313   +441    7e-01    761    -199   +480    7e-01    694    -265   +479  
   5     0.73    1446.69   15   2e-01   1380    -343   +397    6e-01   1003    -236   +478    6e-01    860    -298   +464  
   6     0.95    1445.28   21   1e-01   1257    -321   +198    4e-01   1139    -289   +425    5e-01    902    -325   +367  
   7     1.19    1444.40   23   1e-01   1046    -250   +39     4e-01   1229    -262   +352    5e-01    908    -281   +287  
   8     1.44    1443.48   26   1e-01   1009    -120   +83     4e-01   1370    -216   +357    5e-01    940    -243   +275  
   9     1.71    1442.99   27   1e-01   1027    -114   +132    4e-01   1496    -226   +352    4e-01   1057    -162   +279  
  10     1.99    1442.61   29   1e-01    979    -133   +85     4e-01   1632    -205   +341    4e-01   1102    -210   +255  
  11     2.28    1442.25   31   7e-02    895    -101   +17     3e-01   1623    -267   +258    4e-01   1099    -190   +187  
  12     2.60    1441.79   29   1e-01    821    -96    +22     4e-01   1658    -211   +246    4e-01   1057    -189   +147  
  13     2.77    1441.55   34   1e-01    821    -0     +0      4e-01   1658    -0     +0      4e-01   1057    -0     +0    
==========================================================================================================================
BOUNDING STOPPED: Gap to big!
==========================================================================================================================
Depth = 0, Bound = 1441.55, Best = 1436

Branching on x[2] = 0.50
Fixing x[2] = 0

**************************************************************************************************************************
                                               Node 2
**************************************************************************************************************************
Problem size 99
Fixed variables: (x[2],0)
==========================================================================================================================
BOUNDING STOPPED: Gap to big!
==========================================================================================================================
Depth = 1, Bound = 1463.24, Best = 1436

Fixing x[2] = 1

**************************************************************************************************************************
                                               Node 3
**************************************************************************************************************************
Problem size 99
Fixed variables: (x[2],1)
==========================================================================================================================
BOUNDING STOPPED: Gap to big!
==========================================================================================================================
Depth = 1, Bound = 1463.17, Best = 1436

Branching on x[62] = 0.50
Fixing x[62] = 0

**************************************************************************************************************************
                                               Node 4
**************************************************************************************************************************
Problem size 98
Fixed variables: (x[2],0) (x[62],0)
==========================================================================================================================
BOUNDING STOPPED: Gap to big!
==========================================================================================================================
Depth = 2, Bound = 1460.90, Best = 1436

Fixing x[62] = 1

**************************************************************************************************************************
                                               Node 5
**************************************************************************************************************************
Problem size 98
Fixed variables: (x[2],0) (x[62],1)
==========================================================================================================================
BOUNDING STOPPED: Gap to big!
==========================================================================================================================
Depth = 2, Bound = 1461.80, Best = 1436

Branching on x[77] = 0.51
Fixing x[77] = 0

**************************************************************************************************************************
                                               Node 6
**************************************************************************************************************************
Problem size 98
Fixed variables: (x[2],1) (x[77],0)
==========================================================================================================================
BOUNDING STOPPED: Gap to big!
==========================================================================================================================
Depth = 2, Bound = 1461.86, Best = 1436

Fixing x[77] = 1

**************************************************************************************************************************
                                               Node 7
**************************************************************************************************************************
Problem size 98
Fixed variables: (x[2],1) (x[77],1)
==========================================================================================================================
BOUNDING STOPPED: Gap to big!
==========================================================================================================================
Depth = 2, Bound = 1461.30, Best = 1436

Branching on x[74] = 0.51
Fixing x[74] = 0

**************************************************************************************************************************
                                               Node 8
**************************************************************************************************************************
Problem size 97
Fixed variables: (x[2],1) (x[74],0) (x[77],0)
==========================================================================================================================
BOUNDING STOPPED: Gap to big!
==========================================================================================================================
Depth = 3, Bound = 1460.93, Best = 1436

Fixing x[74] = 1

**************************************************************************************************************************
                                               Node 9
**************************************************************************************************************************
Problem size 97
Fixed variables: (x[2],1) (x[74],1) (x[77],0)
==========================================================================================================================
BOUNDING STOPPED: Gap to big!
==========================================================================================================================
Depth = 3, Bound = 1460.68, Best = 1436

Branching on x[79] = 0.47
Fixing x[79] = 0

**************************************************************************************************************************
                                               Node 10
**************************************************************************************************************************
Problem size 97
Fixed variables: (x[2],0) (x[62],1) (x[79],0)
==========================================================================================================================
BOUNDING STOPPED: Gap to big!
==========================================================================================================================
Depth = 3, Bound = 1460.18, Best = 1436

Fixing x[79] = 1

**************************************************************************************************************************
                                               Node 11
**************************************************************************************************************************
Problem size 97
Fixed variables: (x[2],0) (x[62],1) (x[79],1)
==========================================================================================================================
starting bound     cut  triangles added  violation
       1458.67    1436              500       0.49
==========================================================================================================================
iter     time      bound  bdl   viol3  triag  purged   added   viol5  penta  purged   added   viol7  hepta  purged   added
==========================================================================================================================
   1     2.90    1450.71    5   4e-01    833    -146   +479   
   2     2.95    1446.07    7   4e-01   1106    -199   +472   
   3     3.14    1443.98    7   3e-01   1290    -261   +445    7e-01    480    -0     +480    7e-01    480    -0     +480  
   4     3.34    1441.89    9   2e-01   1395    -327   +432    6e-01    793    -166   +479    7e-01    718    -234   +472  
   5     3.55    1440.67   14   2e-01   1442    -303   +350    5e-01   1047    -213   +467    7e-01    890    -277   +449  
   6     3.78    1439.71   19   1e-01   1366    -307   +231    5e-01   1238    -255   +446    6e-01    980    -307   +397  
   7     4.03    1438.84   15   2e-01   1319    -245   +198    5e-01   1396    -275   +433    5e-01   1121    -257   +398  
   8     4.27    1438.31   20   1e-01   1205    -231   +117    5e-01   1538    -267   +409    5e-01   1191    -305   +375  
   9     4.52    1437.74   20   1e-01   1068    -215   +78     4e-01   1612    -292   +366    4e-01   1204    -309   +322  
  10     4.79    1437.22   20   1e-01   1037    -136   +105    4e-01   1712    -292   +392    5e-01   1257    -267   +320  
  11     4.92    1436.81   20   1e-01   1037    -0     +0      4e-01   1712    -0     +0      5e-01   1257    -0     +0    
==========================================================================================================================
Prune!
==========================================================================================================================
Depth = 3, Bound = 1436.81, Best = 1436

Branching on x[85] = 0.50
Fixing x[85] = 0

**************************************************************************************************************************
                                               Node 12
**************************************************************************************************************************
Problem size 97
Fixed variables: (x[2],1) (x[77],1) (x[85],0)
==========================================================================================================================
BOUNDING STOPPED: Gap to big!
==========================================================================================================================
Depth = 3, Bound = 1460.54, Best = 1436

Fixing x[85] = 1

**************************************************************************************************************************
                                               Node 13
**************************************************************************************************************************
Problem size 97
Fixed variables: (x[2],1) (x[77],1) (x[85],1)
==========================================================================================================================
BOUNDING STOPPED: Gap to big!
==========================================================================================================================
Depth = 3, Bound = 1460.31, Best = 1436

Branching on x[12] = 0.51
Fixing x[12] = 0

**************************************************************************************************************************
                                               Node 14
**************************************************************************************************************************
Problem size 96
Fixed variables: (x[2],1) (x[12],0) (x[74],0) (x[77],0)
==========================================================================================================================
starting bound     cut  triangles added  violation
       1459.59    1436              500       0.49
==========================================================================================================================
iter     time      bound  bdl   viol3  triag  purged   added   viol5  penta  purged   added   viol7  hepta  purged   added
==========================================================================================================================
   1     4.99    1451.31    4   4e-01    820    -160   +480   
   2     5.05    1447.26    5   4e-01   1110    -190   +480   
   3     5.11    1445.19    7   3e-01   1242    -321   +453   
   4     5.30    1443.36   10   2e-01   1364    -308   +430    7e-01    479    -0     +479    8e-01    480    -0     +480  
   5     5.51    1441.62   14   2e-01   1433    -324   +393    6e-01    785    -171   +477    6e-01    732    -223   +475  
   6     5.73    1440.38   17   1e-01   1296    -293   +156    5e-01   1033    -200   +448    6e-01    865    -271   +404  
   7     5.95    1439.20   21   1e-01   1100    -256   +60     4e-01   1184    -240   +391    4e-01    915    -283   +333  
   8     6.19    1438.41   23   1e-01   1021    -176   +97     5e-01   1350    -223   +389    5e-01    985    -234   +304  
   9     6.45    1437.87   23   1e-01   1158    -135   +272    5e-01   1524    -266   +440    6e-01   1112    -229   +356  
  10     6.71    1437.43   27   8e-02    940    -239   +21     4e-01   1543    -306   +325    5e-01   1073    -283   +244  
  11     6.98    1437.07   21   1e-01    973    -94    +127    4e-01   1741    -199   +397    5e-01   1247    -158   +332  
  12     7.04    1436.90   26   1e-01    973    -0     +0      4e-01   1741    -0     +0      5e-01   1247    -0     +0    
==========================================================================================================================
Prune!
==========================================================================================================================
Depth = 4, Bound = 1436.90, Best = 1436

Fixing x[12] = 1

**************************************************************************************************************************
                                               Node 15
**************************************************************************************************************************
Problem size 96
Fixed variables: (x[2],1) (x[12],1) (x[74],0) (x[77],0)
==========================================================================================================================
BOUNDING STOPPED: Gap to big!
==========================================================================================================================
Depth = 4, Bound = 1460.12, Best = 1436

Branching on x[1] = 0.50
Fixing x[1] = 0

**************************************************************************************************************************
                                               Node 16
**************************************************************************************************************************
Problem size 97
Fixed variables: (x[1],0) (x[2],0) (x[62],0)
==========================================================================================================================
starting bound     cut  triangles added  violation
       1459.03    1436              500       0.49
==========================================================================================================================
iter     time      bound  bdl   viol3  triag  purged   added   viol5  penta  purged   added   viol7  hepta  purged   added
==========================================================================================================================
   1     7.10    1450.20    4   4e-01    840    -135   +475   
   2     7.16    1446.00    6   3e-01   1045    -237   +442   
   3     7.22    1443.28    6   3e-01   1281    -208   +444   
   4     7.40    1441.82   10   2e-01   1371    -265   +355    6e-01    474    -0     +474    7e-01    452    -0     +452  
   5     7.59    1440.66   12   2e-01   1408    -320   +357    5e-01    754    -185   +465    6e-01    651    -213   +412  
   6     7.80    1439.43   17   1e-01   1217    -317   +126    5e-01    860    -267   +373    4e-01    626    -322   +297  
   7     8.01    1438.64   17   1e-01   1148    -175   +106    5e-01   1052    -169   +361    6e-01    714    -165   +253  
   8     8.23    1438.02   21   1e-01   1033    -131   +16     5e-01   1118    -207   +273    5e-01    693    -191   +170  
   9     8.46    1437.52   24   8e-02    923    -123   +13     4e-01   1218    -146   +246    5e-01    730    -127   +164  
  10     8.58    1436.99   23   8e-02    923    -0     +0      4e-01   1218    -0     +0      5e-01    730    -0     +0    
==========================================================================================================================
Prune!
==========================================================================================================================
Depth = 3, Bound = 1436.99, Best = 1436

Fixing x[1] = 1

**************************************************************************************************************************
                                               Node 17
**************************************************************************************************************************
Problem size 97
Fixed variables: (x[1],1) (x[2],0) (x[62],0)
==========================================================================================================================
starting bound     cut  triangles added  violation
       1459.38    1436              500       0.50
==========================================================================================================================
iter     time      bound  bdl   viol3  triag  purged   added   viol5  penta  purged   added   viol7  hepta  purged   added
==========================================================================================================================
   1     8.63    1450.80    3   4e-01    820    -163   +483   
   2     8.69    1447.13    5   4e-01   1028    -269   +477   
   3     8.75    1444.80    5   3e-01   1232    -262   +466   
   4     8.82    1443.17    9   3e-01   1418    -259   +445   
   5     9.03    1442.02   11   2e-01   1552    -287   +421    7e-01    480    -0     +480    7e-01    477    -0     +477  
   6     9.25    1440.89   15   2e-01   1486    -354   +288    5e-01    763    -183   +466    6e-01    727    -191   +441  
   7     9.48    1440.16   20   2e-01   1280    -295   +89     5e-01   1008    -173   +418    6e-01    887    -207   +367  
   8     9.72    1439.11   23   1e-01   1129    -232   +81     4e-01   1171    -213   +376    5e-01    919    -276   +308  
   9     9.98    1438.48   24   9e-02   1019    -144   +34     4e-01   1328    -201   +358    5e-01   1012    -199   +292  
  10    10.24    1437.93   20   1e-01   1062    -105   +148    4e-01   1534    -190   +396    6e-01   1158    -185   +331  
  11    10.52    1437.61   19   1e-01   1062    -138   +138    4e-01   1678    -253   +397    6e-01   1248    -228   +318  
  12    10.81    1437.31   24   9e-02    955    -140   +33     3e-01   1703    -310   +335    4e-01   1246    -264   +262  
  13    10.97    1436.96   27   9e-02    955    -0     +0      3e-01   1703    -0     +0      4e-01   1246    -0     +0    
==========================================================================================================================
Prune!
==========================================================================================================================
Depth = 3, Bound = 1436.96, Best = 1436

Branching on x[55] = 0.50
Fixing x[55] = 0

**************************************************************************************************************************
                                               Node 18
**************************************************************************************************************************
Problem size 96
Fixed variables: (x[2],1) (x[55],0) (x[74],1) (x[77],0)
==========================================================================================================================
starting bound     cut  triangles added  violation
       1458.60    1436              500       0.49
==========================================================================================================================
iter     time      bound  bdl   viol3  triag  purged   added   viol5  penta  purged   added   viol7  hepta  purged   added
==========================================================================================================================
   1    11.02    1450.61    4   5e-01    856    -122   +478   
   2    11.08    1445.15    6   3e-01   1057    -272   +473   
   3    11.14    1442.88    7   3e-01   1305    -204   +452   
   4    11.32    1441.09   11   2e-01   1401    -308   +404    7e-01    479    -0     +479    8e-01    476    -0     +476  
   5    11.53    1440.03   14   2e-01   1477    -277   +353    6e-01    829    -124   +474    6e-01    753    -184   +461  
   6    11.74    1438.70   16   2e-01   1467    -339   +329    5e-01   1021    -271   +463    6e-01    822    -343   +412  
   7    11.97    1437.91   17   2e-01   1314    -364   +211    5e-01   1241    -207   +427    5e-01    926    -259   +363  
   8    12.20    1437.06   23   1e-01   1131    -270   +87     4e-01   1294    -338   +391    4e-01    939    -289   +302  
   9    12.23    1436.82   25   1e-01   1131    -0     +0      4e-01   1294    -0     +0      4e-01    939    -0     +0    
==========================================================================================================================
Prune!
==========================================================================================================================
Depth = 4, Bound = 1436.82, Best = 1436

Fixing x[55] = 1

**************************************************************************************************************************
                                               Node 19
**************************************************************************************************************************
Problem size 96
Fixed variables: (x[2],1) (x[55],1) (x[74],1) (x[77],0)
==========================================================================================================================
starting bound     cut  triangles added  violation
       1459.29    1436              500       0.49
==========================================================================================================================
iter     time      bound  bdl   viol3  triag  purged   added   viol5  penta  purged   added   viol7  hepta  purged   added
==========================================================================================================================
   1    12.28    1451.49    4   4e-01    788    -197   +485   
   2    12.33    1446.94    5   4e-01   1034    -245   +491   
   3    12.39    1444.84    7   3e-01   1210    -306   +482   
   4    12.60    1442.95    8   3e-01   1383    -298   +471    8e-01    480    -0     +480    8e-01    480    -0     +480  
   5    12.82    1441.75   13   2e-01   1459    -355   +431    8e-01    814    -146   +480    7e-01    795    -165   +480  
   6    13.05    1440.47   16   2e-01   1438    -375   +354    5e-01   1034    -257   +477    6e-01    991    -272   +468  
   7    13.29    1439.29   20   2e-01   1478    -289   +329    5e-01   1291    -215   +472    5e-01   1149    -293   +451  
   8    13.55    1438.78   19   1e-01   1260    -352   +134    4e-01   1479    -266   +454    5e-01   1273    -311   +435  
   9    13.82    1438.14   23   1e-01   1110    -222   +72     5e-01   1621    -302   +444    5e-01   1388    -295   +410  
  10    14.10    1437.78   22   1e-01   1094    -134   +118    4e-01   1795    -279   +453    5e-01   1556    -264   +432  
  11    14.40    1437.42   26   9e-02   1022    -123   +51     4e-01   1904    -310   +419    4e-01   1682    -278   +404  
  12    14.71    1437.03   26   8e-02    942    -107   +27     3e-01   1981    -321   +398    4e-01   1737    -326   +381  
  13    14.76    1436.86   25   8e-02    942    -0     +0      3e-01   1981    -0     +0      4e-01   1737    -0     +0    
==========================================================================================================================
Prune!
==========================================================================================================================
Depth = 4, Bound = 1436.86, Best = 1436

Branching on x[12] = 0.50
Fixing x[12] = 0

**************************************************************************************************************************
                                               Node 20
**************************************************************************************************************************
Problem size 96
Fixed variables: (x[2],1) (x[12],0) (x[77],1) (x[85],0)
==========================================================================================================================
starting bound     cut  triangles added  violation
       1459.53    1436              500       0.49
==========================================================================================================================
iter     time      bound  bdl   viol3  triag  purged   added   viol5  penta  purged   added   viol7  hepta  purged   added
==========================================================================================================================
   1    14.81    1450.85    4   4e-01    793    -190   +483   
   2    14.86    1445.93    6   4e-01   1075    -197   +479   
   3    14.92    1443.48    7   4e-01   1277    -272   +474   
   4    15.10    1441.99   10   2e-01   1404    -275   +402    7e-01    479    -0     +479    7e-01    475    -0     +475  
   5    15.31    1440.65   13   2e-01   1479    -242   +317    6e-01    840    -110   +471    6e-01    758    -169   +452  
   6    15.51    1439.34   15   2e-01   1480    -276   +277    5e-01   1098    -190   +448    6e-01    933    -213   +388  
   7    15.73    1438.25   21   1e-01   1308    -301   +129    4e-01   1229    -271   +402    5e-01    995    -297   +359  
   8    15.97    1437.47   23   1e-01   1160    -197   +49     4e-01   1301    -270   +342    4e-01    983    -274   +262  
   9    16.08    1436.91   17   1e-01   1160    -0     +0      4e-01   1301    -0     +0      4e-01    983    -0     +0    
==========================================================================================================================
Prune!
==========================================================================================================================
Depth = 4, Bound = 1436.91, Best = 1436

Fixing x[12] = 1

**************************************************************************************************************************
                                               Node 21
**************************************************************************************************************************
Problem size 96
Fixed variables: (x[2],1) (x[12],1) (x[77],1) (x[85],0)
==========================================================================================================================
starting bound     cut  triangles added  violation
       1459.51    1436              500       0.50
==========================================================================================================================
iter     time      bound  bdl   viol3  triag  purged   added   viol5  penta  purged   added   viol7  hepta  purged   added
==========================================================================================================================
   1    16.12    1450.48    3   5e-01    851    -129   +480   
   2    16.18    1445.47    5   4e-01   1107    -217   +473   
   3    16.36    1443.22    8   3e-01   1186    -364   +443    7e-01    480    -0     +480    8e-01    480    -0     +480  
   4    16.55    1441.14    9   3e-01   1331    -264   +409    6e-01    775    -184   +479    7e-01    706    -243   +469  
   5    16.74    1439.82    9   2e-01   1471    -270   +410    7e-01   1065    -190   +480    7e-01    909    -264   +467  
   6    16.96    1438.72   14   1e-01   1367    -383   +279    5e-01   1186    -324   +445    6e-01    871    -421   +383  
   7    17.18    1437.36   17   1e-01   1205    -281   +119    4e-01   1247    -315   +376    4e-01    860    -300   +289  
   8    17.27    1436.92   20   1e-01   1205    -0     +0      4e-01   1247    -0     +0      4e-01    860    -0     +0    
==========================================================================================================================
Prune!
==========================================================================================================================
Depth = 4, Bound = 1436.92, Best = 1436

Branching on x[4] = 0.49
Fixing x[4] = 0

**************************************************************************************************************************
                                               Node 22
**************************************************************************************************************************
Problem size 96
Fixed variables: (x[2],1) (x[4],0) (x[77],1) (x[85],1)
==========================================================================================================================
starting bound     cut  triangles added  violation
       1458.48    1436              500       0.49
==========================================================================================================================
iter     time      bound  bdl   viol3  triag  purged   added   viol5  penta  purged   added   viol7  hepta  purged   added
==========================================================================================================================
   1    17.32    1449.65    4   5e-01    828    -156   +484   
   2    17.37    1445.58    7   4e-01   1128    -174   +474   
   3    17.43    1442.51    8   3e-01   1220    -331   +423   
   4    17.61    1440.94    9   3e-01   1414    -180   +374    6e-01    479    -0     +479    7e-01    475    -0     +475  
   5    17.81    1439.75   12   2e-01   1490    -292   +368    7e-01    817    -140   +478    7e-01    768    -174   +467  
   6    18.02    1438.49   13   2e-01   1478    -390   +378    6e-01    974    -312   +469    6e-01    848    -362   +442  
   7    18.24    1437.55   17   1e-01   1207    -383   +112    5e-01   1056    -310   +392    6e-01    813    -344   +309  
   8    18.28    1436.97   19   1e-01   1207    -0     +0      5e-01   1056    -0     +0      6e-01    813    -0     +0    
==========================================================================================================================
Prune!
==========================================================================================================================
Depth = 4, Bound = 1436.97, Best = 1436

Fixing x[4] = 1

**************************************************************************************************************************
                                               Node 23
**************************************************************************************************************************
Problem size 96
Fixed variables: (x[2],1) (x[4],1) (x[77],1) (x[85],1)
==========================================================================================================================
starting bound     cut  triangles added  violation
       1459.02    1436              500       0.49
==========================================================================================================================
iter     time      bound  bdl   viol3  triag  purged   added   viol5  penta  purged   added   viol7  hepta  purged   added
==========================================================================================================================
   1    18.33    1449.40    3   4e-01    841    -132   +473   
   2    18.39    1445.40    6   4e-01   1073    -227   +459   
   3    18.45    1443.06    7   4e-01   1343    -187   +457   
   4    18.63    1441.35    9   2e-01   1413    -341   +411    6e-01    479    -0     +479    7e-01    476    -0     +476  
   5    18.83    1440.38   14   2e-01   1490    -234   +311    5e-01    824    -116   +461    6e-01    744    -157   +425  
   6    19.04    1439.00   17   1e-01   1319    -297   +126    5e-01   1057    -179   +412    4e-01    857    -244   +357  
   7    19.25    1437.95   20   1e-01   1090    -272   +43     4e-01   1164    -255   +362    4e-01    833    -303   +279  
   8    19.48    1437.21   23   9e-02    980    -153   +43     5e-01   1300    -184   +320    5e-01    818    -229   +214  
   9    19.53    1436.88   22   9e-02    980    -0     +0      5e-01   1300    -0     +0      5e-01    818    -0     +0    
==========================================================================================================================
Prune!
==========================================================================================================================
Depth = 4, Bound = 1436.88, Best = 1436

Branching on x[93] = 0.52
Fixing x[93] = 0

**************************************************************************************************************************
                                               Node 24
**************************************************************************************************************************
Problem size 96
Fixed variables: (x[2],0) (x[62],1) (x[79],0) (x[93],0)
==========================================================================================================================
starting bound     cut  triangles added  violation
       1458.74    1436              500       0.49
==========================================================================================================================
iter     time      bound  bdl   viol3  triag  purged   added   viol5  penta  purged   added   viol7  hepta  purged   added
==========================================================================================================================
   1    19.57    1451.77    3   4e-01    817    -176   +493   
   2    19.63    1447.50    4   5e-01   1110    -197   +490   
   3    19.69    1445.69    9   3e-01   1225    -365   +480   
   4    19.91    1443.95    9   3e-01   1378    -317   +470    8e-01    480    -0     +480    9e-01    480    -0     +480  
   5    20.13    1442.64   13   2e-01   1457    -348   +427    6e-01    838    -122   +480    7e-01    850    -110   +480  
   6    20.37    1441.32   14   2e-01   1537    -313   +393    6e-01   1129    -189   +480    7e-01   1093    -237   +480  
   7    20.63    1440.25   19   2e-01   1518    -420   +401    6e-01   1299    -310   +480    6e-01   1205    -364   +476  
   8    20.90    1439.65   11   2e-01   1579    -372   +433    6e-01   1482    -297   +480    6e-01   1384    -301   +480  
   9    21.19    1439.19   14   2e-01   1536    -425   +382    5e-01   1562    -399   +479    6e-01   1512    -351   +479  
  10    21.49    1438.61   19   1e-01   1325    -387   +176    4e-01   1695    -343   +476    5e-01   1611    -376   +475  
  11    21.80    1438.26   23   1e-01   1123    -238   +36     4e-01   1847    -310   +462    4e-01   1808    -260   +457  
  12    22.13    1437.89   25   8e-02   1065    -124   +66     3e-01   2007    -292   +452    4e-01   1999    -252   +443  
  13    22.47    1437.64   21   8e-02    962    -117   +14     4e-01   2087    -340   +420    4e-01   2108    -323   +432  
  14    22.81    1437.34   26   6e-02    883    -80    +1      3e-01   2098    -357   +368    4e-01   2187    -313   +392  
  15    23.18    1437.17   25   1e-01    977    -38    +132    4e-01   2352    -222   +476    4e-01   2445    -210   +468  
  16    23.56    1437.04   26   7e-02    868    -119   +10     3e-01   2387    -413   +448    4e-01   2546    -350   +451  
  17    23.58    1436.97   26   7e-02    868    -0     +0      3e-01   2387    -0     +0      4e-01   2546    -0     +0    
==========================================================================================================================
Prune!
==========================================================================================================================
Depth = 4, Bound = 1436.97, Best = 1436

Fixing x[93] = 1

**************************************************************************************************************************
                                               Node 25
**************************************************************************************************************************
Problem size 96
Fixed variables: (x[2],0) (x[62],1) (x[79],0) (x[93],1)
==========================================================================================================================
starting bound     cut  triangles added  violation
       1458.47    1436              500       0.50
==========================================================================================================================
iter     time      bound  bdl   viol3  triag  purged   added   viol5  penta  purged   added   viol7  hepta  purged   added
==========================================================================================================================
   1    23.63    1451.42    3   4e-01    823    -160   +483   
   2    23.68    1447.19    6   4e-01   1069    -248   +494   
   3    23.88    1444.90    9   3e-01   1224    -308   +463    8e-01    480    -0     +480    8e-01    480    -0     +480  
   4    24.08    1442.70   11   2e-01   1342    -314   +432    7e-01    808    -152   +480    7e-01    773    -186   +479  
   5    24.31    1441.23   13   2e-01   1411    -343   +412    7e-01   1047    -241   +480    7e-01    962    -290   +479  
   6    24.55    1440.10   17   1e-01   1370    -331   +290    5e-01   1256    -269   +478    6e-01   1162    -272   +472  
   7    24.81    1439.32   22   1e-01   1154    -312   +96     4e-01   1447    -261   +452    5e-01   1296    -295   +429  
   8    25.09    1438.79   12   2e-01   1488    -143   +477    7e-01   1651    -275   +479    7e-01   1540    -236   +480  
   9    25.39    1438.59   19   1e-01   1145    -464   +121    3e-01   1699    -425   +473    5e-01   1607    -398   +465  
  10    25.69    1438.07   16   1e-01   1143    -187   +185    5e-01   1835    -334   +470    6e-01   1758    -321   +472  
  11    26.00    1437.73   16   1e-01   1049    -192   +98     4e-01   1964    -344   +473    5e-01   1921    -310   +473  
  12    26.33    1437.42   20   9e-02    971    -132   +54     3e-01   2071    -351   +458    4e-01   2052    -320   +451  
  13    26.66    1437.23   22   7e-02    890    -86    +5      2e-01   2161    -310   +400    4e-01   2217    -246   +411  
  14    27.01    1437.08   20   1e-01    933    -60    +103    5e-01   2295    -342   +476    5e-01   2368    -326   +477  
  15    27.13    1436.97   24   1e-01    933    -0     +0      5e-01   2295    -0     +0      5e-01   2368    -0     +0    
==========================================================================================================================
Prune!
==========================================================================================================================
Depth = 4, Bound = 1436.97, Best = 1436

Branching on x[35] = 0.50
Fixing x[35] = 0

**************************************************************************************************************************
                                               Node 26
**************************************************************************************************************************
Problem size 95
Fixed variables: (x[2],1) (x[12],1) (x[35],0) (x[74],0) (x[77],0)
==========================================================================================================================
starting bound     cut  triangles added  violation
       1459.02    1436              500       0.50
==========================================================================================================================
iter     time      bound  bdl   viol3  triag  purged   added   viol5  penta  purged   added   viol7  hepta  purged   added
==========================================================================================================================
   1    27.18    1450.29    3   4e-01    832    -156   +488   
   2    27.24    1446.40    7   4e-01   1123    -188   +479   
   3    27.31    1444.18    7   3e-01   1328    -266   +471   
   4    27.53    1442.62   10   3e-01   1517    -263   +452    7e-01    480    -0     +480    8e-01    480    -0     +480  
   5    27.75    1441.11   13   2e-01   1504    -438   +425    6e-01    789    -171   +480    7e-01    785    -173   +478  
   6    27.99    1440.01   17   1e-01   1450    -340   +286    5e-01   1080    -184   +475    6e-01   1037    -216   +468  
   7    28.24    1439.18   17   2e-01   1538    -273   +361    5e-01   1322    -235   +477    6e-01   1242    -261   +466  
   8    28.51    1438.42   18   2e-01   1578    -356   +396    5e-01   1498    -304   +480    6e-01   1398    -321   +477  
   9    28.80    1437.80   21   1e-01   1547    -378   +347    5e-01   1604    -371   +477    5e-01   1539    -328   +469  
  10    29.10    1437.34   23   1e-01   1309    -364   +126    4e-01   1735    -340   +471    5e-01   1711    -287   +459  
  11    29.24    1436.92   25   1e-01   1309    -0     +0      4e-01   1735    -0     +0      5e-01   1711    -0     +0    
==========================================================================================================================
Prune!
==========================================================================================================================
Depth = 5, Bound = 1436.92, Best = 1436

Fixing x[35] = 1

**************************************************************************************************************************
                                               Node 27
**************************************************************************************************************************
Problem size 95
Fixed variables: (x[2],1) (x[12],1) (x[35],1) (x[74],0) (x[77],0)
==========================================================================================================================
starting bound     cut  triangles added  violation
       1458.15    1436              500       0.50
==========================================================================================================================
iter     time      bound  bdl   viol3  triag  purged   added   viol5  penta  purged   added   viol7  hepta  purged   added
==========================================================================================================================
   1    29.30    1451.28    4   5e-01    795    -179   +474   
   2    29.35    1446.16    5   3e-01   1038    -234   +477   
   3    29.42    1443.40    7   4e-01   1312    -185   +459   
   4    29.62    1441.62   10   3e-01   1462    -284   +434    7e-01    480    -0     +480    7e-01    480    -0     +480  
   5    29.83    1439.91   14   2e-01   1508    -318   +364    6e-01    822    -137   +479    6e-01    753    -195   +468  
   6    30.06    1439.03   16   2e-01   1602    -288   +382    6e-01   1116    -184   +478    6e-01   1003    -220   +470  
   7    30.30    1438.16   21   1e-01   1321    -357   +76     4e-01   1269    -276   +429    5e-01   1081    -309   +387  
   8    30.55    1437.34   21   2e-01   1390    -239   +308    4e-01   1468    -251   +450    6e-01   1206    -287   +412  
   9    30.62    1436.89   25   2e-01   1390    -0     +0      4e-01   1468    -0     +0      6e-01   1206    -0     +0    
==========================================================================================================================
Prune!
==========================================================================================================================
Depth = 5, Bound = 1436.89, Best = 1436


Nodes = 27
Root node bound = 1441.548
Maximum value = 1436
Solution = ( 1 2 4 5 8 11 12 13 16 17 20 21 23 28 29 30 33 34 35 37 39 42 46 48 50 51 53 54 56 57 62 63 66 67 68 69 70 73 74 76 77 79 81 83 84 92 94 96 98 99 )
CPU time = 30.62 s

