Input file: ./Instances/rudy/pm1d_100.8

Graph has 100 vertices and 4901 edges.

BiqBin parameters:
    init_bundle_iter = 5
     max_bundle_iter = 20
      min_outer_iter = 10
      max_outer_iter = 30
       violated_Ineq = 0.050000
             TriIneq = 500
         Pent_Trials = 160
        Hepta_Trials = 120
        include_Pent = 1
       include_Hepta = 1
                root = 0
            use_diff = 1
          time_limit = 0
   branchingStrategy = 1
      detailedOutput = 1

**************************************************************************************************************************
                                               Node 1
**************************************************************************************************************************
Problem size 100
Fixed variables:
Node 1 Feasible solution 385
==========================================================================================================================
starting bound     cut  triangles added  violation
        438.03     385              500       0.49
==========================================================================================================================
iter     time      bound  bdl   viol3  triag  purged   added   viol5  penta  purged   added   viol7  hepta  purged   added
==========================================================================================================================
   1     0.10     419.76    3   4e-01    853    -135   +488   
   2     0.18     411.39    8   3e-01   1012    -317   +476   
   3     0.26     407.28    9   3e-01   1295    -164   +447   
   4     0.51     403.87   12   2e-01   1380    -293   +378    7e-01    467    -0     +467    6e-01    422    -0     +422  
   5     0.77     401.69   16   2e-01   1393    -282   +295    5e-01    742    -154   +429    6e-01    532    -220   +330  
   6     0.99     399.65   18   1e-01   1235    -243   +85     5e-01    904    -198   +360    6e-01    577    -202   +247  
   7     1.21     398.22   18   2e-01   1166    -173   +104    4e-01   1014    -225   +335    4e-01    612    -183   +218  
   8     1.45     396.90   25   9e-02   1037    -156   +27     5e-01   1075    -193   +254    4e-01    582    -178   +148  
   9     1.70     396.05   19   2e-01   1164    -72    +199    4e-01   1234    -162   +321    4e-01    685    -99    +202  
  10     1.96     395.42   21   1e-01   1141    -171   +148    5e-01   1298    -252   +316    5e-01    694    -193   +202  
  11     2.23     394.83   20   9e-02    990    -167   +16     4e-01   1280    -229   +211    4e-01    657    -158   +121  
  12     2.51     394.25   24   8e-02    903    -101   +14     3e-01   1257    -200   +177    4e-01    662    -107   +112  
  13     2.80     393.68   30   6e-02    858    -50    +5      3e-01   1228    -136   +107    4e-01    660    -85    +83   
  14     2.98     393.24   31   6e-02    858    -0     +0      3e-01   1228    -0     +0      4e-01    660    -0     +0    
==========================================================================================================================
BOUNDING STOPPED: Gap to big!
==========================================================================================================================
Depth = 0, Bound = 393.24, Best = 385

Branching on x[3] = 0.51
Fixing x[3] = 0

**************************************************************************************************************************
                                               Node 2
**************************************************************************************************************************
Problem size 99
Fixed variables: (x[3],0)
==========================================================================================================================
BOUNDING STOPPED: Gap to big!
==========================================================================================================================
Depth = 1, Bound = 434.77, Best = 385

Fixing x[3] = 1

**************************************************************************************************************************
                                               Node 3
**************************************************************************************************************************
Problem size 99
Fixed variables: (x[3],1)
==========================================================================================================================
BOUNDING STOPPED: Gap to big!
==========================================================================================================================
Depth = 1, Bound = 434.34, Best = 385

Branching on x[93] = 0.50
Fixing x[93] = 0

**************************************************************************************************************************
                                               Node 4
**************************************************************************************************************************
Problem size 98
Fixed variables: (x[3],0) (x[93],0)
==========================================================================================================================
BOUNDING STOPPED: Gap to big!
==========================================================================================================================
Depth = 2, Bound = 433.59, Best = 385

Fixing x[93] = 1

**************************************************************************************************************************
                                               Node 5
**************************************************************************************************************************
Problem size 98
Fixed variables: (x[3],0) (x[93],1)
==========================================================================================================================
BOUNDING STOPPED: Gap to big!
==========================================================================================================================
Depth = 2, Bound = 432.68, Best = 385

Branching on x[4] = 0.49
Fixing x[4] = 0

**************************************************************************************************************************
                                               Node 6
**************************************************************************************************************************
Problem size 98
Fixed variables: (x[3],1) (x[4],0)
==========================================================================================================================
starting bound     cut  triangles added  violation
        430.69     385              500       0.49
==========================================================================================================================
iter     time      bound  bdl   viol3  triag  purged   added   viol5  penta  purged   added   viol7  hepta  purged   added
==========================================================================================================================
   1     3.07     413.02    3   4e-01    877    -113   +490   
   2     3.13     404.97    5   4e-01   1132    -222   +477   
   3     3.19     400.77    8   3e-01   1302    -267   +437   
   4     3.26     397.33    8   3e-01   1487    -267   +452   
   5     3.46     395.25   10   2e-01   1461    -392   +366    5e-01    470    -0     +470    6e-01    422    -0     +422  
   6     3.67     392.91   14   2e-01   1390    -303   +232    6e-01    724    -148   +402    5e-01    526    -203   +307  
   7     3.89     391.52   19   1e-01   1254    -262   +126    6e-01    886    -175   +337    5e-01    573    -168   +215  
   8     4.12     389.81   21   1e-01   1095    -208   +49     6e-01    983    -204   +301    4e-01    527    -212   +166  
   9     4.36     388.87   20   1e-01   1051    -105   +61     5e-01   1114    -140   +271    5e-01    584    -92    +149  
  10     4.61     388.10   25   7e-02    972    -91    +12     4e-01   1132    -177   +195    3e-01    575    -128   +119  
  11     4.87     387.15   27   8e-02    904    -91    +23     4e-01   1150    -172   +190    3e-01    525    -140   +90   
  12     5.13     386.63   22   8e-02    862    -49    +7      4e-01   1192    -113   +155    3e-01    534    -78    +87   
  13     5.40     386.17   23   8e-02    852    -36    +26     4e-01   1262    -94    +164    3e-01    543    -62    +71   
  14     5.45     385.97   26   8e-02    852    -0     +0      4e-01   1262    -0     +0      3e-01    543    -0     +0    
==========================================================================================================================
Prune!
==========================================================================================================================
Depth = 2, Bound = 385.97, Best = 385

Fixing x[4] = 1

**************************************************************************************************************************
                                               Node 7
**************************************************************************************************************************
Problem size 98
Fixed variables: (x[3],1) (x[4],1)
==========================================================================================================================
starting bound     cut  triangles added  violation
        430.16     385              500       0.49
==========================================================================================================================
iter     time      bound  bdl   viol3  triag  purged   added   viol5  penta  purged   added   viol7  hepta  purged   added
==========================================================================================================================
   1     5.50     414.33    4   5e-01    819    -170   +489   
   2     5.56     407.22    5   4e-01   1071    -231   +483   
   3     5.75     403.07    7   3e-01   1168    -381   +478    8e-01    480    -0     +480    8e-01    480    -0     +480  
   4     5.83     399.30    8   3e-01   1344    -281   +457   
   5     6.04     397.56   13   2e-01   1381    -313   +350    7e-01    745    -204   +469    6e-01    674    -253   +447  
   6     6.28     395.74   14   1e-01   1367    -283   +269    5e-01    940    -233   +428    6e-01    780    -282   +388  
   7     6.52     393.72   17   1e-01   1285    -263   +181    4e-01   1125    -251   +436    6e-01    883    -263   +366  
   8     6.78     392.54   19   1e-01   1141    -211   +67     4e-01   1224    -265   +364    5e-01    911    -264   +292  
   9     7.05     391.26   19   1e-01   1037    -153   +49     4e-01   1305    -235   +316    4e-01    896    -269   +254  
  10     7.33     390.41   20   1e-01   1025    -90    +78     4e-01   1425    -228   +348    5e-01    964    -208   +276  
  11     7.62     390.11   23   8e-02    957    -109   +41     4e-01   1528    -215   +318    4e-01   1024    -206   +266  
  12     7.93     389.47   29   8e-02    879    -91    +13     3e-01   1506    -284   +262    3e-01    981    -233   +190  
  13     8.26     388.96   17   2e-01   1158    -58    +337    5e-01   1787    -171   +452    5e-01   1235    -150   +404  
  14     8.61     388.50   23   7e-02    864    -315   +21     3e-01   1649    -408   +270    4e-01   1098    -349   +212  
  15     8.96     388.20   25   7e-02    808    -59    +3      3e-01   1678    -188   +217    4e-01   1093    -174   +169  
  16     9.31     387.75   28   6e-02    755    -56    +3      2e-01   1656    -181   +159    3e-01   1064    -158   +129  
  17     9.67     387.61   21   1e-01    821    -27    +93     4e-01   1938    -106   +388    4e-01   1314    -93    +343  
  18    10.05     387.43   24   9e-02    786    -70    +35     3e-01   1948    -274   +284    3e-01   1287    -258   +231  
  19    10.43     387.20   27   6e-02    746    -41    +1      2e-01   1875    -243   +170    3e-01   1250    -171   +134  
  20    10.63     387.11   29   6e-02    746    -0     +0      2e-01   1875    -0     +0      3e-01   1250    -0     +0    
==========================================================================================================================
BOUNDING STOPPED: Gap to big!
==========================================================================================================================
Depth = 2, Bound = 387.11, Best = 385

Branching on x[34] = 0.51
Fixing x[34] = 0

**************************************************************************************************************************
                                               Node 8
**************************************************************************************************************************
Problem size 97
Fixed variables: (x[3],0) (x[34],0) (x[93],0)
==========================================================================================================================
BOUNDING STOPPED: Gap to big!
==========================================================================================================================
Depth = 3, Bound = 431.81, Best = 385

Fixing x[34] = 1

**************************************************************************************************************************
                                               Node 9
**************************************************************************************************************************
Problem size 97
Fixed variables: (x[3],0) (x[34],1) (x[93],0)
==========================================================================================================================
starting bound     cut  triangles added  violation
        429.55     385              500       0.50
==========================================================================================================================
iter     time      bound  bdl   viol3  triag  purged   added   viol5  penta  purged   added   viol7  hepta  purged   added
==========================================================================================================================
   1    10.69     411.03    4   4e-01    852    -129   +481   
   2    10.75     403.79    5   4e-01   1143    -162   +453   
   3    10.93     398.27   11   3e-01   1325    -249   +431    7e-01    478    -0     +478    7e-01    468    -0     +468  
   4    11.11     395.73   10   3e-01   1415    -316   +406    7e-01    740    -215   +477    6e-01    656    -270   +458  
   5    11.32     392.58   15   2e-01   1396    -354   +335    6e-01    846    -315   +421    5e-01    577    -398   +319  
   6    11.53     390.40   21   1e-01   1186    -292   +82     5e-01    942    -234   +330    5e-01    542    -245   +210  
   7    11.74     388.99   20   1e-01   1181    -150   +145    5e-01   1062    -206   +326    5e-01    566    -180   +204  
   8    11.97     387.58   24   1e-01   1043    -155   +17     5e-01   1061    -239   +238    5e-01    513    -173   +120  
   9    12.20     386.83   22   9e-02   1007    -76    +40     5e-01   1161    -125   +225    3e-01    529    -94    +110  
  10    12.44     386.16   28   9e-02    926    -97    +16     4e-01   1160    -171   +170    4e-01    489    -125   +85   
  11    12.46     385.92   29   9e-02    926    -0     +0      4e-01   1160    -0     +0      4e-01    489    -0     +0    
==========================================================================================================================
Prune!
==========================================================================================================================
Depth = 3, Bound = 385.92, Best = 385

Branching on x[52] = 0.50
Fixing x[52] = 0

**************************************************************************************************************************
                                               Node 10
**************************************************************************************************************************
Problem size 97
Fixed variables: (x[3],0) (x[52],0) (x[93],1)
==========================================================================================================================
starting bound     cut  triangles added  violation
        430.53     385              500       0.49
==========================================================================================================================
iter     time      bound  bdl   viol3  triag  purged   added   viol5  penta  purged   added   viol7  hepta  purged   added
==========================================================================================================================
   1    12.51     413.86    4   5e-01    837    -128   +465   
   2    12.57     404.71    5   4e-01   1063    -258   +484   
   3    12.63     399.65    7   3e-01   1212    -261   +410   
   4    12.81     395.68    9   3e-01   1336    -253   +377    6e-01    472    -0     +472    6e-01    430    -0     +430  
   5    13.01     393.21   15   2e-01   1416    -266   +346    6e-01    732    -188   +448    6e-01    543    -251   +364  
   6    13.22     390.80   18   2e-01   1407    -330   +321    6e-01    822    -286   +376    5e-01    514    -305   +276  
   7    13.43     389.74   19   1e-01   1125    -314   +32     4e-01    891    -223   +292    5e-01    490    -198   +174  
   8    13.66     388.25   23   1e-01   1046    -165   +86     4e-01   1019    -145   +273    4e-01    524    -139   +173  
   9    13.89     387.51   26   1e-01    990    -101   +45     4e-01   1046    -180   +207    4e-01    491    -127   +94   
  10    14.13     386.86   23   2e-01    992    -92    +94     4e-01   1183    -118   +255    4e-01    554    -80    +143  
  11    14.39     386.30   25   9e-02    897    -104   +9      4e-01   1173    -178   +168    4e-01    528    -111   +85   
  12    14.48     385.90   26   9e-02    897    -0     +0      4e-01   1173    -0     +0      4e-01    528    -0     +0    
==========================================================================================================================
Prune!
==========================================================================================================================
Depth = 3, Bound = 385.90, Best = 385

Fixing x[52] = 1

**************************************************************************************************************************
                                               Node 11
**************************************************************************************************************************
Problem size 97
Fixed variables: (x[3],0) (x[52],1) (x[93],1)
==========================================================================================================================
BOUNDING STOPPED: Gap to big!
==========================================================================================================================
Depth = 3, Bound = 431.02, Best = 385

Branching on x[8] = 0.50
Fixing x[8] = 0

**************************************************************************************************************************
                                               Node 12
**************************************************************************************************************************
Problem size 96
Fixed variables: (x[3],0) (x[8],0) (x[34],0) (x[93],0)
==========================================================================================================================
starting bound     cut  triangles added  violation
        428.72     385              500       0.50
==========================================================================================================================
iter     time      bound  bdl   viol3  triag  purged   added   viol5  penta  purged   added   viol7  hepta  purged   added
==========================================================================================================================
   1    14.54     412.09    4   5e-01    862    -124   +486   
   2    14.59     403.61    5   4e-01   1064    -256   +458   
   3    14.65     398.00    8   3e-01   1246    -279   +461   
   4    14.85     394.82    7   3e-01   1448    -251   +453    8e-01    480    -0     +480    8e-01    480    -0     +480  
   5    15.05     392.67   14   3e-01   1507    -320   +379    6e-01    779    -174   +473    7e-01    694    -242   +456  
   6    15.26     390.54   16   1e-01   1335    -351   +179    6e-01    958    -257   +436    6e-01    751    -306   +363  
   7    15.49     388.42   18   1e-01   1320    -203   +188    5e-01   1136    -238   +416    5e-01    838    -245   +332  
   8    15.73     387.13   23   1e-01   1181    -212   +73     4e-01   1218    -258   +340    5e-01    801    -273   +236  
   9    15.98     386.16   20   2e-01   1269    -133   +221    5e-01   1407    -210   +399    5e-01    943    -166   +308  
  10    16.02     385.78   24   2e-01   1269    -0     +0      5e-01   1407    -0     +0      5e-01    943    -0     +0    
==========================================================================================================================
Prune!
==========================================================================================================================
Depth = 4, Bound = 385.78, Best = 385

Fixing x[8] = 1

**************************************************************************************************************************
                                               Node 13
**************************************************************************************************************************
Problem size 96
Fixed variables: (x[3],0) (x[8],1) (x[34],0) (x[93],0)
==========================================================================================================================
starting bound     cut  triangles added  violation
        428.07     385              500       0.49
==========================================================================================================================
iter     time      bound  bdl   viol3  triag  purged   added   viol5  penta  purged   added   viol7  hepta  purged   added
==========================================================================================================================
   1    16.07     411.49    4   5e-01    838    -150   +488   
   2    16.12     403.22    6   4e-01   1099    -211   +472   
   3    16.18     397.62    7   4e-01   1294    -266   +461   
   4    16.37     394.35    9   3e-01   1443    -262   +411    7e-01    479    -0     +479    8e-01    479    -0     +479  
   5    16.58     391.43   13   2e-01   1448    -361   +366    6e-01    759    -191   +471    7e-01    710    -221   +452  
   6    16.79     389.39   17   2e-01   1470    -296   +318    5e-01    961    -247   +449    5e-01    792    -298   +380  
   7    17.02     387.26   21   1e-01   1217    -311   +58     6e-01   1046    -276   +361    5e-01    762    -286   +256  
   8    17.12     385.85   21   1e-01   1217    -0     +0      6e-01   1046    -0     +0      5e-01    762    -0     +0    
==========================================================================================================================
Prune!
==========================================================================================================================
Depth = 4, Bound = 385.85, Best = 385

Branching on x[58] = 0.51
Fixing x[58] = 0

**************************************************************************************************************************
                                               Node 14
**************************************************************************************************************************
Problem size 96
Fixed variables: (x[3],0) (x[52],1) (x[58],0) (x[93],1)
==========================================================================================================================
starting bound     cut  triangles added  violation
        428.58     385              500       0.50
==========================================================================================================================
iter     time      bound  bdl   viol3  triag  purged   added   viol5  penta  purged   added   viol7  hepta  purged   added
==========================================================================================================================
   1    17.17     411.85    3   5e-01    842    -147   +489   
   2    17.22     404.06    7   4e-01   1072    -224   +454   
   3    17.27     398.26    8   3e-01   1337    -172   +437   
   4    17.34     394.86    8   3e-01   1458    -325   +446   
   5    17.54     392.44   13   2e-01   1444    -380   +366    6e-01    463    -0     +463    6e-01    424    -0     +424  
   6    17.74     390.62   17   2e-01   1463    -271   +290    6e-01    750    -144   +431    6e-01    599    -172   +347  
   7    17.95     388.42   18   1e-01   1244    -338   +119    5e-01    859    -217   +326    5e-01    566    -265   +232  
   8    18.18     387.27   22   1e-01   1090    -186   +32     5e-01   1000    -164   +305    5e-01    584    -156   +174  
   9    18.41     386.20   24   1e-01   1016    -111   +37     4e-01   1071    -190   +261    5e-01    562    -155   +133  
  10    18.44     385.87   27   1e-01   1016    -0     +0      4e-01   1071    -0     +0      5e-01    562    -0     +0    
==========================================================================================================================
Prune!
==========================================================================================================================
Depth = 4, Bound = 385.87, Best = 385

Fixing x[58] = 1

**************************************************************************************************************************
                                               Node 15
**************************************************************************************************************************
Problem size 96
Fixed variables: (x[3],0) (x[52],1) (x[58],1) (x[93],1)
==========================================================================================================================
starting bound     cut  triangles added  violation
        429.32     385              500       0.50
==========================================================================================================================
iter     time      bound  bdl   viol3  triag  purged   added   viol5  penta  purged   added   viol7  hepta  purged   added
==========================================================================================================================
   1    18.49     413.42    4   5e-01    798    -181   +479   
   2    18.54     402.63    6   4e-01   1038    -213   +453   
   3    18.72     397.28    8   3e-01   1304    -172   +438    7e-01    480    -0     +480    7e-01    473    -0     +473  
   4    18.90     393.88   12   2e-01   1380    -241   +317    7e-01    771    -157   +448    6e-01    628    -263   +418  
   5    19.10     390.47   13   2e-01   1322    -251   +193    6e-01    912    -253   +394    5e-01    644    -283   +299  
   6    19.30     388.76   19   1e-01   1228    -198   +104    5e-01   1059    -182   +329    5e-01    649    -209   +214  
   7    19.52     387.12   21   1e-01   1107    -182   +61     5e-01   1087    -255   +283    4e-01    597    -231   +179  
   8    19.74     386.25   25   1e-01   1048    -95    +36     4e-01   1185    -152   +250    4e-01    600    -139   +142  
   9    19.76     385.87   24   1e-01   1048    -0     +0      4e-01   1185    -0     +0      4e-01    600    -0     +0    
==========================================================================================================================
Prune!
==========================================================================================================================
Depth = 4, Bound = 385.87, Best = 385

Branching on x[33] = 0.51
Fixing x[33] = 0

**************************************************************************************************************************
                                               Node 16
**************************************************************************************************************************
Problem size 97
Fixed variables: (x[3],1) (x[4],1) (x[33],0)
==========================================================================================================================
starting bound     cut  triangles added  violation
        425.92     385              500       0.49
==========================================================================================================================
iter     time      bound  bdl   viol3  triag  purged   added   viol5  penta  purged   added   viol7  hepta  purged   added
==========================================================================================================================
   1    19.82     412.08    4   4e-01    813    -174   +487   
   2    19.88     403.05    7   3e-01   1088    -201   +476   
   3    19.94     399.39    7   3e-01   1321    -215   +448   
   4    20.02     396.26    8   3e-01   1513    -247   +439   
   5    20.24     394.53   10   2e-01   1509    -385   +381    7e-01    479    -0     +479    7e-01    475    -0     +475  
   6    20.46     392.46   13   2e-01   1461    -308   +260    5e-01    803    -125   +449    6e-01    689    -200   +414  
   7    20.71     391.03   15   1e-01   1242    -286   +67     4e-01   1037    -183   +417    5e-01    837    -211   +359  
   8    20.96     389.67   13   1e-01   1134    -196   +88     4e-01   1183    -242   +388    6e-01    915    -250   +328  
   9    21.24     388.99   13   2e-01   1431    -114   +411    5e-01   1415    -241   +473    5e-01   1104    -248   +437  
  10    21.53     388.53   15   1e-01   1228    -357   +154    4e-01   1422    -424   +431    5e-01   1147    -373   +416  
  11    21.83     387.92   18   1e-01   1071    -194   +37     3e-01   1459    -310   +347    5e-01   1144    -323   +320  
  12    22.15     387.27   20   9e-02   1029    -101   +59     3e-01   1571    -261   +373    4e-01   1265    -234   +355  
  13    22.48     386.98   19   9e-02    992    -65    +28     3e-01   1682    -236   +347    4e-01   1352    -229   +316  
  14    22.82     386.58   18   7e-02    934    -64    +6      3e-01   1711    -255   +284    4e-01   1391    -222   +261  
  15    23.17     386.45   14   9e-02    944    -55    +65     3e-01   1886    -229   +404    4e-01   1518    -227   +354  
  16    23.56     386.23   15   2e-01   1281    -70    +407    5e-01   2062    -301   +477    5e-01   1729    -258   +469  
  17    23.98     386.05   16   1e-01    969    -368   +56     3e-01   2029    -480   +447    4e-01   1706    -431   +408  
  18    24.10     385.94   19   1e-01    969    -0     +0      3e-01   2029    -0     +0      4e-01   1706    -0     +0    
==========================================================================================================================
Prune!
==========================================================================================================================
Depth = 3, Bound = 385.94, Best = 385

Fixing x[33] = 1

**************************************************************************************************************************
                                               Node 17
**************************************************************************************************************************
Problem size 97
Fixed variables: (x[3],1) (x[4],1) (x[33],1)
==========================================================================================================================
starting bound     cut  triangles added  violation
        426.96     385              500       0.49
==========================================================================================================================
iter     time      bound  bdl   viol3  triag  purged   added   viol5  penta  purged   added   viol7  hepta  purged   added
==========================================================================================================================
   1    24.15     410.28    4   4e-01    857    -132   +489   
   2    24.20     403.52    6   4e-01   1049    -298   +490   
   3    24.39     399.72    7   3e-01   1236    -252   +439    7e-01    480    -0     +480    8e-01    480    -0     +480  
   4    24.60     396.46   11   3e-01   1368    -299   +431    6e-01    798    -160   +478    8e-01    743    -210   +473  
   5    24.82     393.52   14   2e-01   1384    -333   +349    6e-01    984    -277   +463    6e-01    850    -337   +444  
   6    25.06     391.48   15   2e-01   1506    -253   +375    5e-01   1227    -230   +473    6e-01   1055    -252   +457  
   7    25.32     390.26   20   1e-01   1178    -391   +63     4e-01   1248    -377   +398    5e-01    982    -429   +356  
   8    25.59     389.48   18   1e-01   1174    -153   +149    5e-01   1442    -230   +424    6e-01   1140    -234   +392  
   9    25.88     389.06   16   1e-01   1135    -163   +124    5e-01   1539    -328   +425    5e-01   1240    -289   +389  
  10    26.18     388.27   19   1e-01   1071    -148   +84     4e-01   1623    -326   +410    5e-01   1301    -301   +362  
  11    26.49     387.77   21   9e-02    990    -116   +35     3e-01   1711    -316   +404    5e-01   1392    -289   +380  
  12    26.83     387.32   22   8e-02    906    -95    +11     3e-01   1740    -289   +318    4e-01   1436    -261   +305  
  13    27.16     386.69   23   9e-02    855    -71    +20     3e-01   1772    -284   +316    4e-01   1438    -273   +275  
  14    27.52     386.42   14   1e-01    822    -60    +27     3e-01   1835    -258   +321    5e-01   1487    -239   +288  
  15    27.88     386.21   17   1e-01    856    -35    +69     5e-01   2036    -231   +432    5e-01   1694    -203   +410  
  16    28.27     386.01   17   7e-02    822    -60    +26     3e-01   2024    -367   +355    4e-01   1720    -309   +335  
  17    28.30     385.97   18   7e-02    822    -0     +0      3e-01   2024    -0     +0      4e-01   1720    -0     +0    
==========================================================================================================================
Prune!
==========================================================================================================================
Depth = 3, Bound = 385.97, Best = 385


Nodes = 17
Root node bound = 393.242
Maximum value = 385
Solution = ( 1 3 4 5 7 10 14 15 18 19 21 22 24 25 26 29 30 33 34 37 39 41 42 45 47 52 53 55 59 61 63 70 72 73 74 75 78 79 82 84 85 92 95 97 99 )
CPU time = 28.30 s

