Input file: ./Instances/rudy/pm1d_100.7

Graph has 100 vertices and 4901 edges.

BiqBin parameters:
    init_bundle_iter = 5
     max_bundle_iter = 20
      min_outer_iter = 10
      max_outer_iter = 30
       violated_Ineq = 0.050000
             TriIneq = 500
         Pent_Trials = 160
        Hepta_Trials = 120
        include_Pent = 1
       include_Hepta = 1
                root = 0
            use_diff = 1
          time_limit = 0
   branchingStrategy = 1
      detailedOutput = 1

**************************************************************************************************************************
                                               Node 1
**************************************************************************************************************************
Problem size 100
Fixed variables:
Node 1 Feasible solution 361
==========================================================================================================================
starting bound     cut  triangles added  violation
        421.52     361              500       0.49
==========================================================================================================================
iter     time      bound  bdl   viol3  triag  purged   added   viol5  penta  purged   added   viol7  hepta  purged   added
==========================================================================================================================
   1     0.06     402.38    4   4e-01    789    -201   +490   
   2     0.11     393.42    6   4e-01   1104    -163   +478   
   3     0.18     387.35    7   4e-01   1360    -204   +460   
   4     0.39     383.29   11   3e-01   1485    -326   +451    6e-01    480    -0     +480    7e-01    476    -0     +476  
   5     0.60     380.46   16   2e-01   1539    -338   +392    6e-01    746    -203   +469    6e-01    656    -243   +423  
   6     0.83     377.95   19   2e-01   1568    -300   +329    5e-01    942    -239   +435    5e-01    733    -289   +366  
   7     1.07     376.58   23   1e-01   1336    -320   +88     5e-01   1046    -256   +360    4e-01    722    -283   +272  
   8     1.33     375.22   23   1e-01   1244    -162   +70     4e-01   1158    -233   +345    5e-01    800    -195   +273  
   9     1.59     373.76   26   1e-01   1131    -154   +41     4e-01   1211    -245   +298    4e-01    772    -224   +196  
  10     1.87     372.62   29   1e-01   1099    -115   +83     4e-01   1292    -207   +288    4e-01    772    -186   +186  
  11     2.16     372.04   21   1e-01   1099    -85    +85     4e-01   1392    -196   +296    4e-01    849    -136   +213  
  12     2.46     371.26   24   1e-01   1081    -104   +86     4e-01   1471    -223   +302    4e-01    907    -159   +217  
  13     2.63     370.82   30   1e-01   1081    -0     +0      4e-01   1471    -0     +0      4e-01    907    -0     +0    
==========================================================================================================================
BOUNDING STOPPED: Gap to big!
==========================================================================================================================
Depth = 0, Bound = 370.82, Best = 361

Branching on x[9] = 0.50
Fixing x[9] = 0

**************************************************************************************************************************
                                               Node 2
**************************************************************************************************************************
Problem size 99
Fixed variables: (x[9],0)
==========================================================================================================================
BOUNDING STOPPED: Gap to big!
==========================================================================================================================
Depth = 1, Bound = 416.80, Best = 361

Fixing x[9] = 1

**************************************************************************************************************************
                                               Node 3
**************************************************************************************************************************
Problem size 99
Fixed variables: (x[9],1)
==========================================================================================================================
BOUNDING STOPPED: Gap to big!
==========================================================================================================================
Depth = 1, Bound = 418.02, Best = 361

Branching on x[55] = 0.50
Fixing x[55] = 0

**************************************************************************************************************************
                                               Node 4
**************************************************************************************************************************
Problem size 98
Fixed variables: (x[9],1) (x[55],0)
==========================================================================================================================
BOUNDING STOPPED: Gap to big!
==========================================================================================================================
Depth = 2, Bound = 413.71, Best = 361

Fixing x[55] = 1

**************************************************************************************************************************
                                               Node 5
**************************************************************************************************************************
Problem size 98
Fixed variables: (x[9],1) (x[55],1)
==========================================================================================================================
BOUNDING STOPPED: Gap to big!
==========================================================================================================================
Depth = 2, Bound = 414.55, Best = 361

Branching on x[60] = 0.51
Fixing x[60] = 0

**************************************************************************************************************************
                                               Node 6
**************************************************************************************************************************
Problem size 98
Fixed variables: (x[9],0) (x[60],0)
==========================================================================================================================
BOUNDING STOPPED: Gap to big!
==========================================================================================================================
Depth = 2, Bound = 414.97, Best = 361

Fixing x[60] = 1

**************************************************************************************************************************
                                               Node 7
**************************************************************************************************************************
Problem size 98
Fixed variables: (x[9],0) (x[60],1)
==========================================================================================================================
BOUNDING STOPPED: Gap to big!
==========================================================================================================================
Depth = 2, Bound = 414.44, Best = 361

Branching on x[48] = 0.50
Fixing x[48] = 0

**************************************************************************************************************************
                                               Node 8
**************************************************************************************************************************
Problem size 97
Fixed variables: (x[9],0) (x[48],0) (x[60],0)
==========================================================================================================================
starting bound     cut  triangles added  violation
        412.37     361              500       0.50
==========================================================================================================================
iter     time      bound  bdl   viol3  triag  purged   added   viol5  penta  purged   added   viol7  hepta  purged   added
==========================================================================================================================
   1     2.74     397.20    3   4e-01    801    -195   +496   
   2     2.80     386.08    6   4e-01   1088    -201   +488   
   3     2.86     381.11    7   3e-01   1289    -286   +487   
   4     3.07     377.57    9   2e-01   1456    -252   +419    7e-01    480    -0     +480    7e-01    479    -0     +479  
   5     3.29     373.60   13   2e-01   1538    -336   +418    6e-01    804    -156   +480    6e-01    762    -194   +477  
   6     3.52     371.60   14   2e-01   1590    -355   +407    6e-01   1034    -249   +479    6e-01    961    -268   +467  
   7     3.78     369.60   20   1e-01   1356    -414   +180    5e-01   1131    -338   +435    5e-01    945    -405   +389  
   8     4.05     368.56   22   2e-01   1578    -185   +407    5e-01   1360    -249   +478    6e-01   1208    -203   +466  
   9     4.35     367.59   22   8e-02   1219    -395   +36     3e-01   1360    -369   +369    5e-01   1154    -403   +349  
  10     4.64     366.30   28   1e-01   1071    -180   +32     4e-01   1487    -240   +367    4e-01   1199    -284   +329  
  11     4.94     365.97   14   1e-01   1073    -63    +65     4e-01   1659    -205   +377    6e-01   1351    -190   +342  
  12     5.25     365.43   19   1e-01   1130    -110   +167    4e-01   1775    -325   +441    5e-01   1459    -294   +402  
  13     5.59     364.87   24   8e-02   1027    -144   +41     3e-01   1799    -347   +371    4e-01   1416    -377   +334  
  14     5.93     364.44   24   1e-01    995    -77    +45     3e-01   1887    -265   +353    4e-01   1502    -232   +318  
  15     6.28     364.00   26   1e-01    998    -52    +55     3e-01   2000    -248   +361    4e-01   1583    -223   +304  
  16     6.64     363.54   32   6e-02    928    -75    +5      2e-01   1915    -331   +246    3e-01   1578    -250   +245  
  17     7.01     363.29   29   8e-02    907    -30    +9      3e-01   2044    -186   +315    4e-01   1708    -152   +282  
  18     7.38     363.09   26   5e-02    882    -25    +0      2e-01   2057    -207   +220    4e-01   1749    -169   +210  
  19     7.75     362.86   31   7e-02    863    -23    +4      2e-01   2122    -160   +225    3e-01   1798    -177   +226  
  20     8.13     362.77   25   9e-02    881    -14    +32     3e-01   2297    -181   +356    4e-01   2003    -147   +352  
  21     8.52     362.60   30   6e-02    842    -41    +2      2e-01   2250    -268   +221    3e-01   1958    -254   +209  
  22     8.91     362.42   32   5e-02    818    -25    +1      2e-01   2243    -166   +159    4e-01   1990    -164   +196  
  23     9.31     362.30   33   6e-02    801    -18    +1      2e-01   2347    -128   +232    4e-01   2106    -103   +219  
  24     9.71     362.20   27   5e-02    790    -11    +0      2e-01   2345    -149   +147    3e-01   2125    -147   +166  
  25    10.10     362.11   30   5e-02    784    -9     +3      2e-01   2444    -126   +225    3e-01   2197    -115   +187  
  26    10.49     362.01   29   6e-02    779    -6     +1      2e-01   2460    -168   +184    4e-01   2278    -118   +199  
  27    10.52     361.99   30   6e-02    779    -0     +0      2e-01   2460    -0     +0      4e-01   2278    -0     +0    
==========================================================================================================================
Prune!
==========================================================================================================================
Depth = 3, Bound = 361.99, Best = 361

Fixing x[48] = 1

**************************************************************************************************************************
                                               Node 9
**************************************************************************************************************************
Problem size 97
Fixed variables: (x[9],0) (x[48],1) (x[60],0)
==========================================================================================================================
BOUNDING STOPPED: Gap to big!
==========================================================================================================================
Depth = 3, Bound = 412.84, Best = 361

Branching on x[68] = 0.50
Fixing x[68] = 0

**************************************************************************************************************************
                                               Node 10
**************************************************************************************************************************
Problem size 97
Fixed variables: (x[9],1) (x[55],1) (x[68],0)
==========================================================================================================================
starting bound     cut  triangles added  violation
        409.83     361              500       0.49
==========================================================================================================================
iter     time      bound  bdl   viol3  triag  purged   added   viol5  penta  purged   added   viol7  hepta  purged   added
==========================================================================================================================
   1    10.58     392.44    3   4e-01    815    -166   +481   
   2    10.63     381.50    5   4e-01   1079    -188   +452   
   3    10.80     375.94    9   3e-01   1323    -163   +407    7e-01    480    -0     +480    6e-01    474    -0     +474  
   4    10.99     370.82   11   2e-01   1467    -241   +385    6e-01    794    -160   +474    6e-01    662    -260   +448  
   5    11.19     367.99   16   2e-01   1525    -245   +303    5e-01    973    -246   +425    5e-01    694    -297   +329  
   6    11.40     366.01   22   1e-01   1421    -241   +137    6e-01   1054    -255   +336    4e-01    647    -283   +236  
   7    11.63     364.50   25   1e-01   1282    -199   +60     5e-01   1137    -232   +315    4e-01    612    -211   +176  
   8    11.87     363.40   22   1e-01   1285    -120   +123    4e-01   1250    -193   +306    4e-01    620    -176   +184  
   9    12.12     362.28   21   1e-01   1221    -135   +71     3e-01   1319    -206   +275    5e-01    642    -136   +158  
  10    12.18     361.88   21   1e-01   1221    -0     +0      3e-01   1319    -0     +0      5e-01    642    -0     +0    
==========================================================================================================================
Prune!
==========================================================================================================================
Depth = 3, Bound = 361.88, Best = 361

Fixing x[68] = 1

**************************************************************************************************************************
                                               Node 11
**************************************************************************************************************************
Problem size 97
Fixed variables: (x[9],1) (x[55],1) (x[68],1)
==========================================================================================================================
starting bound     cut  triangles added  violation
        411.30     361              500       0.49
==========================================================================================================================
iter     time      bound  bdl   viol3  triag  purged   added   viol5  penta  purged   added   viol7  hepta  purged   added
==========================================================================================================================
   1    12.23     394.39    3   4e-01    816    -175   +491   
   2    12.29     384.89    7   3e-01   1076    -230   +490   
   3    12.35     380.07    6   4e-01   1322    -225   +471   
   4    12.56     376.46    8   3e-01   1497    -275   +450    7e-01    480    -0     +480    8e-01    480    -0     +480  
   5    12.77     373.58   11   2e-01   1587    -321   +411    6e-01    773    -187   +480    7e-01    756    -200   +476  
   6    13.00     371.81   16   2e-01   1645    -306   +364    6e-01   1015    -224   +466    6e-01    927    -267   +438  
   7    13.25     369.67   18   2e-01   1649    -355   +359    5e-01   1208    -272   +465    5e-01   1019    -339   +431  
   8    13.52     368.22   17   2e-01   1682    -340   +373    4e-01   1400    -274   +466    6e-01   1133    -321   +435  
   9    13.80     367.07   21   2e-01   1482    -347   +147    5e-01   1502    -329   +431    5e-01   1206    -309   +382  
  10    14.08     365.94   26   7e-02   1264    -233   +15     3e-01   1461    -369   +328    4e-01   1162    -319   +275  
  11    14.38     365.09   27   7e-02   1104    -170   +10     4e-01   1455    -278   +272    4e-01   1180    -223   +241  
  12    14.68     364.38   26   1e-01   1075    -54    +25     3e-01   1569    -191   +305    4e-01   1274    -158   +252  
  13    14.99     363.97   29   7e-02   1027    -60    +12     4e-01   1633    -217   +281    3e-01   1361    -182   +269  
  14    15.33     363.28   26   8e-02    992    -51    +16     3e-01   1719    -197   +283    3e-01   1370    -214   +223  
  15    15.67     362.91   32   1e-01    955    -54    +17     3e-01   1826    -178   +285    4e-01   1456    -159   +245  
  16    16.02     362.47   35   9e-02    931    -37    +13     3e-01   1900    -208   +282    4e-01   1492    -171   +207  
  17    16.39     362.19   23   6e-02    912    -22    +3      2e-01   1902    -188   +190    5e-01   1556    -131   +195  
  18    16.45     361.99   27   6e-02    912    -0     +0      2e-01   1902    -0     +0      5e-01   1556    -0     +0    
==========================================================================================================================
Prune!
==========================================================================================================================
Depth = 3, Bound = 361.99, Best = 361

Branching on x[41] = 0.50
Fixing x[41] = 0

**************************************************************************************************************************
                                               Node 12
**************************************************************************************************************************
Problem size 97
Fixed variables: (x[9],0) (x[41],0) (x[60],1)
==========================================================================================================================
starting bound     cut  triangles added  violation
        410.53     361              500       0.49
==========================================================================================================================
iter     time      bound  bdl   viol3  triag  purged   added   viol5  penta  purged   added   viol7  hepta  purged   added
==========================================================================================================================
   1    16.51     392.36    3   4e-01    858    -139   +497   
   2    16.57     384.26    5   4e-01   1106    -238   +486   
   3    16.63     380.05    7   4e-01   1313    -261   +468   
   4    16.85     376.55   10   3e-01   1466    -299   +452    7e-01    480    -0     +480    7e-01    480    -0     +480  
   5    17.07     373.99   11   2e-01   1506    -367   +407    7e-01    793    -167   +480    7e-01    780    -177   +477  
   6    17.31     371.51   15   2e-01   1563    -318   +375    5e-01   1047    -220   +474    7e-01    973    -280   +473  
   7    17.56     369.82   19   1e-01   1382    -351   +170    4e-01   1212    -295   +460    5e-01   1050    -335   +412  
   8    17.84     368.86   15   1e-01   1274    -208   +100    4e-01   1347    -280   +415    6e-01   1180    -262   +392  
   9    18.12     367.48   16   2e-01   1506    -172   +404    6e-01   1556    -268   +477    6e-01   1376    -268   +464  
  10    18.42     366.81   17   2e-01   1563    -347   +404    5e-01   1664    -370   +478    5e-01   1454    -384   +462  
  11    18.75     365.93   17   1e-01   1239    -409   +85     4e-01   1724    -384   +444    4e-01   1513    -377   +436  
  12    19.07     365.31   23   1e-01   1296    -134   +191    4e-01   1825    -337   +438    5e-01   1612    -321   +420  
  13    19.42     364.57   27   9e-02   1094    -213   +11     3e-01   1852    -325   +352    4e-01   1621    -327   +336  
  14    19.77     364.29   24   1e-01   1075    -76    +57     4e-01   1993    -286   +427    6e-01   1802    -235   +416  
  15    20.14     364.00   25   6e-02   1017    -61    +3      3e-01   2001    -304   +312    4e-01   1791    -305   +294  
  16    20.51     363.57   31   7e-02    957    -64    +4      3e-01   2049    -274   +322    4e-01   1833    -248   +290  
  17    20.89     363.30   27   8e-02    934    -41    +18     4e-01   2193    -229   +373    5e-01   1980    -228   +375  
  18    21.27     363.15   28   1e-01   1128    -28    +222    4e-01   2391    -262   +460    6e-01   2167    -234   +421  
  19    21.68     362.86   32   8e-02    960    -175   +7      3e-01   2285    -424   +318    3e-01   2075    -384   +292  
  20    22.08     362.68   30   6e-02    919    -45    +4      2e-01   2321    -230   +266    5e-01   2118    -215   +258  
  21    22.48     362.51   32   8e-02    889    -36    +6      2e-01   2485    -197   +361    4e-01   2286    -172   +340  
  22    22.88     362.35   28   6e-02    873    -18    +2      2e-01   2419    -283   +217    3e-01   2299    -238   +251  
  23    23.27     362.22   31   6e-02    865    -13    +5      2e-01   2516    -186   +283    3e-01   2406    -159   +266  
  24    23.68     362.11   28   5e-02    852    -15    +2      2e-01   2568    -183   +235    5e-01   2496    -173   +263  
  25    24.09     362.02   34   5e-02    837    -15    +0      2e-01   2587    -193   +212    3e-01   2583    -157   +244  
  26    24.12     361.98   33   5e-02    837    -0     +0      2e-01   2587    -0     +0      3e-01   2583    -0     +0    
==========================================================================================================================
Prune!
==========================================================================================================================
Depth = 3, Bound = 361.98, Best = 361

Fixing x[41] = 1

**************************************************************************************************************************
                                               Node 13
**************************************************************************************************************************
Problem size 97
Fixed variables: (x[9],0) (x[41],1) (x[60],1)
==========================================================================================================================
starting bound     cut  triangles added  violation
        410.51     361              500       0.50
==========================================================================================================================
iter     time      bound  bdl   viol3  triag  purged   added   viol5  penta  purged   added   viol7  hepta  purged   added
==========================================================================================================================
   1    24.17     391.55    4   5e-01    789    -205   +494   
   2    24.22     382.40    4   4e-01   1029    -244   +484   
   3    24.28     376.57    8   3e-01   1242    -250   +463   
   4    24.47     373.08    9   3e-01   1472    -212   +442    7e-01    480    -0     +480    7e-01    479    -0     +479  
   5    24.68     370.36   12   2e-01   1512    -342   +382    6e-01    789    -164   +473    7e-01    692    -249   +462  
   6    24.90     367.87   17   2e-01   1585    -289   +362    5e-01    988    -262   +461    6e-01    801    -284   +393  
   7    25.14     365.39   20   1e-01   1415    -319   +149    6e-01   1063    -323   +398    5e-01    809    -318   +326  
   8    25.38     363.98   24   1e-01   1253    -200   +38     3e-01   1193    -220   +350    5e-01    848    -220   +259  
   9    25.64     363.27   25   9e-02   1155    -114   +16     5e-01   1297    -187   +291    5e-01    846    -187   +185  
  10    25.91     362.19   25   1e-01   1120    -101   +66     4e-01   1414    -206   +323    6e-01    934    -160   +248  
  11    25.97     361.78   26   1e-01   1120    -0     +0      4e-01   1414    -0     +0      6e-01    934    -0     +0    
==========================================================================================================================
Prune!
==========================================================================================================================
Depth = 3, Bound = 361.78, Best = 361

Branching on x[32] = 0.52
Fixing x[32] = 0

**************************************************************************************************************************
                                               Node 14
**************************************************************************************************************************
Problem size 97
Fixed variables: (x[9],1) (x[32],0) (x[55],0)
==========================================================================================================================
starting bound     cut  triangles added  violation
        410.19     361              500       0.49
==========================================================================================================================
iter     time      bound  bdl   viol3  triag  purged   added   viol5  penta  purged   added   viol7  hepta  purged   added
==========================================================================================================================
   1    26.02     390.58    3   4e-01    845    -136   +481   
   2    26.07     379.61    6   4e-01   1132    -186   +473   
   3    26.25     375.52   10   3e-01   1310    -255   +433    7e-01    479    -0     +479    7e-01    475    -0     +475  
   4    26.44     372.54   11   2e-01   1448    -260   +398    6e-01    790    -165   +476    7e-01    719    -212   +456  
   5    26.65     369.16   13   2e-01   1441    -325   +318    5e-01    938    -279   +427    5e-01    738    -342   +361  
   6    26.87     366.78   19   2e-01   1355    -266   +180    5e-01   1046    -269   +377    5e-01    719    -310   +291  
   7    27.09     365.30   22   1e-01   1434    -201   +280    5e-01   1222    -214   +390    5e-01    750    -227   +258  
   8    27.32     363.99   27   1e-01   1244    -273   +83     4e-01   1254    -293   +325    5e-01    698    -257   +205  
   9    27.58     363.19   24   9e-02   1111    -153   +20     3e-01   1301    -208   +255    4e-01    664    -187   +153  
  10    27.84     362.12   28   1e-01   1023    -117   +29     4e-01   1321    -207   +227    4e-01    646    -150   +132  
  11    27.90     361.81   29   1e-01   1023    -0     +0      4e-01   1321    -0     +0      4e-01    646    -0     +0    
==========================================================================================================================
Prune!
==========================================================================================================================
Depth = 3, Bound = 361.81, Best = 361

Fixing x[32] = 1

**************************************************************************************************************************
                                               Node 15
**************************************************************************************************************************
Problem size 97
Fixed variables: (x[9],1) (x[32],1) (x[55],0)
==========================================================================================================================
starting bound     cut  triangles added  violation
        410.55     361              500       0.50
==========================================================================================================================
iter     time      bound  bdl   viol3  triag  purged   added   viol5  penta  purged   added   viol7  hepta  purged   added
==========================================================================================================================
   1    27.95     392.55    3   4e-01    808    -180   +488   
   2    28.00     382.20    5   4e-01   1103    -190   +485   
   3    28.06     377.25    8   4e-01   1301    -280   +478   
   4    28.25     373.50    9   3e-01   1387    -354   +440    7e-01    479    -0     +479    7e-01    465    -0     +465  
   5    28.44     370.05   12   2e-01   1458    -292   +363    6e-01    781    -153   +455    6e-01    633    -242   +410  
   6    28.65     367.35   17   2e-01   1529    -246   +317    6e-01    988    -228   +435    5e-01    699    -272   +338  
   7    28.87     365.52   23   1e-01   1322    -316   +109    5e-01   1045    -286   +343    4e-01    616    -287   +204  
   8    29.11     364.23   21   1e-01   1340    -166   +184    4e-01   1183    -224   +362    4e-01    690    -172   +246  
   9    29.35     362.58   25   8e-02   1099    -245   +4      4e-01   1140    -293   +250    5e-01    554    -262   +126  
  10    29.45     361.92   25   8e-02   1099    -0     +0      4e-01   1140    -0     +0      5e-01    554    -0     +0    
==========================================================================================================================
Prune!
==========================================================================================================================
Depth = 3, Bound = 361.92, Best = 361

Branching on x[63] = 0.49
Fixing x[63] = 0

**************************************************************************************************************************
                                               Node 16
**************************************************************************************************************************
Problem size 96
Fixed variables: (x[9],0) (x[48],1) (x[60],0) (x[63],0)
==========================================================================================================================
starting bound     cut  triangles added  violation
        408.53     361              500       0.49
==========================================================================================================================
iter     time      bound  bdl   viol3  triag  purged   added   viol5  penta  purged   added   viol7  hepta  purged   added
==========================================================================================================================
   1    29.50     392.09    4   4e-01    862    -107   +469   
   2    29.56     380.79    6   3e-01   1076    -244   +458   
   3    29.74     374.66    7   3e-01   1307    -213   +444    8e-01    480    -0     +480    8e-01    480    -0     +480  
   4    29.94     369.50   10   2e-01   1464    -275   +432    7e-01    791    -168   +479    7e-01    753    -204   +477  
   5    30.14     367.18   15   2e-01   1543    -277   +356    6e-01   1001    -263   +473    6e-01    914    -284   +445  
   6    30.37     364.49   20   1e-01   1418    -302   +177    5e-01   1072    -343   +414    5e-01    870    -391   +347  
   7    30.60     362.59   26   1e-01   1348    -209   +139    5e-01   1206    -245   +379    5e-01    851    -295   +276  
   8    30.68     361.73   16   1e-01   1348    -0     +0      5e-01   1206    -0     +0      5e-01    851    -0     +0    
==========================================================================================================================
Prune!
==========================================================================================================================
Depth = 4, Bound = 361.73, Best = 361

Fixing x[63] = 1

**************************************************************************************************************************
                                               Node 17
**************************************************************************************************************************
Problem size 96
Fixed variables: (x[9],0) (x[48],1) (x[60],0) (x[63],1)
==========================================================================================================================
starting bound     cut  triangles added  violation
        408.99     361              500       0.50
==========================================================================================================================
iter     time      bound  bdl   viol3  triag  purged   added   viol5  penta  purged   added   viol7  hepta  purged   added
==========================================================================================================================
   1    30.74     392.74    5   4e-01    819    -172   +491   
   2    30.79     383.30    6   4e-01   1115    -189   +485   
   3    30.99     377.34    9   3e-01   1265    -325   +475    7e-01    480    -0     +480    8e-01    480    -0     +480  
   4    31.05     372.58   12   3e-01   1434    -297   +466   
   5    31.27     371.37   12   3e-01   1578    -281   +425    7e-01    822    -138   +480    7e-01    819    -140   +479  
   6    31.50     369.34   13   2e-01   1570    -400   +392    6e-01    989    -309   +476    6e-01    920    -357   +458  
   7    31.75     366.61   18   1e-01   1418    -355   +203    5e-01   1148    -288   +447    6e-01    981    -348   +409  
   8    32.01     365.47   21   1e-01   1421    -221   +224    6e-01   1334    -256   +442    5e-01   1175    -218   +412  
   9    32.28     364.36   16   1e-01   1336    -196   +111    4e-01   1521    -253   +440    6e-01   1267    -279   +371  
  10    32.56     363.81   21   1e-01   1278    -172   +114    4e-01   1638    -331   +448    6e-01   1401    -278   +412  
  11    32.87     363.14   22   1e-01   1249    -123   +94     4e-01   1731    -317   +410    4e-01   1519    -271   +389  
  12    33.17     362.15   28   7e-02   1102    -154   +7      3e-01   1660    -383   +312    4e-01   1471    -347   +299  
  13    33.28     361.85   29   7e-02   1102    -0     +0      3e-01   1660    -0     +0      4e-01   1471    -0     +0    
==========================================================================================================================
Prune!
==========================================================================================================================
Depth = 4, Bound = 361.85, Best = 361


Nodes = 17
Root node bound = 370.820
Maximum value = 361
Solution = ( 1 2 3 5 6 7 8 11 12 13 14 16 18 23 26 32 33 34 37 39 41 44 45 46 47 48 51 53 55 56 57 58 59 60 61 62 64 68 69 70 73 75 76 78 79 81 82 83 85 86 87 89 93 94 95 97 )
CPU time = 33.28 s

