Input file: ./Instances/rudy/pm1d_100.6

Graph has 100 vertices and 4901 edges.

BiqBin parameters:
    init_bundle_iter = 5
     max_bundle_iter = 20
      min_outer_iter = 10
      max_outer_iter = 30
       violated_Ineq = 0.050000
             TriIneq = 500
         Pent_Trials = 160
        Hepta_Trials = 120
        include_Pent = 1
       include_Hepta = 1
                root = 0
            use_diff = 1
          time_limit = 0
   branchingStrategy = 1
      detailedOutput = 1

**************************************************************************************************************************
                                               Node 1
**************************************************************************************************************************
Problem size 100
Fixed variables:
Node 1 Feasible solution 367
==========================================================================================================================
starting bound     cut  triangles added  violation
        431.92     367              500       0.49
==========================================================================================================================
iter     time      bound  bdl   viol3  triag  purged   added   viol5  penta  purged   added   viol7  hepta  purged   added
==========================================================================================================================
   1     0.10     410.60    3   4e-01    795    -193   +488   
   2     0.17     401.80    6   4e-01   1078    -202   +485   
   3     0.26     396.85    6   3e-01   1204    -335   +461   
   4     0.51     393.66   11   3e-01   1357    -276   +429    7e-01    476    -0     +476    7e-01    465    -0     +465  
   5     0.77     390.45   14   2e-01   1398    -333   +374    5e-01    737    -194   +455    6e-01    622    -249   +406  
   6     0.99     388.57   17   1e-01   1206    -316   +124    4e-01    888    -231   +382    6e-01    623    -268   +269  
   7     1.21     386.50   21   1e-01   1258    -221   +273    5e-01   1032    -221   +365    5e-01    589    -239   +205  
   8     1.45     385.21   22   1e-01   1025    -274   +41     4e-01   1017    -266   +251    4e-01    546    -211   +168  
   9     1.70     384.26   24   8e-02    952    -101   +28     4e-01   1090    -164   +237    5e-01    544    -126   +124  
  10     1.96     383.14   28   1e-01    897    -87    +32     4e-01   1175    -132   +217    4e-01    568    -104   +128  
  11     2.10     382.87   25   1e-01    897    -0     +0      4e-01   1175    -0     +0      4e-01    568    -0     +0    
==========================================================================================================================
BOUNDING STOPPED: Gap to big!
==========================================================================================================================
Depth = 0, Bound = 382.87, Best = 367

Branching on x[83] = 0.50
Fixing x[83] = 0

**************************************************************************************************************************
                                               Node 2
**************************************************************************************************************************
Problem size 99
Fixed variables: (x[83],0)
==========================================================================================================================
BOUNDING STOPPED: Gap to big!
==========================================================================================================================
Depth = 1, Bound = 428.10, Best = 367

Fixing x[83] = 1

**************************************************************************************************************************
                                               Node 3
**************************************************************************************************************************
Problem size 99
Fixed variables: (x[83],1)
==========================================================================================================================
BOUNDING STOPPED: Gap to big!
==========================================================================================================================
Depth = 1, Bound = 429.82, Best = 367

Branching on x[90] = 0.51
Fixing x[90] = 0

**************************************************************************************************************************
                                               Node 4
**************************************************************************************************************************
Problem size 98
Fixed variables: (x[83],1) (x[90],0)
==========================================================================================================================
BOUNDING STOPPED: Gap to big!
==========================================================================================================================
Depth = 2, Bound = 425.64, Best = 367

Fixing x[90] = 1

**************************************************************************************************************************
                                               Node 5
**************************************************************************************************************************
Problem size 98
Fixed variables: (x[83],1) (x[90],1)
==========================================================================================================================
BOUNDING STOPPED: Gap to big!
==========================================================================================================================
Depth = 2, Bound = 426.41, Best = 367

Branching on x[89] = 0.50
Fixing x[89] = 0

**************************************************************************************************************************
                                               Node 6
**************************************************************************************************************************
Problem size 98
Fixed variables: (x[83],0) (x[89],0)
==========================================================================================================================
BOUNDING STOPPED: Gap to big!
==========================================================================================================================
Depth = 2, Bound = 425.60, Best = 367

Fixing x[89] = 1

**************************************************************************************************************************
                                               Node 7
**************************************************************************************************************************
Problem size 98
Fixed variables: (x[83],0) (x[89],1)
==========================================================================================================================
BOUNDING STOPPED: Gap to big!
==========================================================================================================================
Depth = 2, Bound = 426.63, Best = 367

Branching on x[7] = 0.51
Fixing x[7] = 0

**************************************************************************************************************************
                                               Node 8
**************************************************************************************************************************
Problem size 97
Fixed variables: (x[7],0) (x[83],0) (x[89],1)
==========================================================================================================================
BOUNDING STOPPED: Gap to big!
==========================================================================================================================
Depth = 3, Bound = 422.65, Best = 367

Fixing x[7] = 1

**************************************************************************************************************************
                                               Node 9
**************************************************************************************************************************
Problem size 97
Fixed variables: (x[7],1) (x[83],0) (x[89],1)
==========================================================================================================================
BOUNDING STOPPED: Gap to big!
==========================================================================================================================
Depth = 3, Bound = 422.33, Best = 367

Branching on x[95] = 0.50
Fixing x[95] = 0

**************************************************************************************************************************
                                               Node 10
**************************************************************************************************************************
Problem size 97
Fixed variables: (x[83],1) (x[90],1) (x[95],0)
==========================================================================================================================
BOUNDING STOPPED: Gap to big!
==========================================================================================================================
Depth = 3, Bound = 423.90, Best = 367

Fixing x[95] = 1

**************************************************************************************************************************
                                               Node 11
**************************************************************************************************************************
Problem size 97
Fixed variables: (x[83],1) (x[90],1) (x[95],1)
==========================================================================================================================
BOUNDING STOPPED: Gap to big!
==========================================================================================================================
Depth = 3, Bound = 423.08, Best = 367

Branching on x[46] = 0.50
Fixing x[46] = 0

**************************************************************************************************************************
                                               Node 12
**************************************************************************************************************************
Problem size 97
Fixed variables: (x[46],0) (x[83],1) (x[90],0)
==========================================================================================================================
BOUNDING STOPPED: Gap to big!
==========================================================================================================================
Depth = 3, Bound = 421.86, Best = 367

Fixing x[46] = 1

**************************************************************************************************************************
                                               Node 13
**************************************************************************************************************************
Problem size 97
Fixed variables: (x[46],1) (x[83],1) (x[90],0)
==========================================================================================================================
BOUNDING STOPPED: Gap to big!
==========================================================================================================================
Depth = 3, Bound = 422.13, Best = 367

Branching on x[16] = 0.50
Fixing x[16] = 0

**************************************************************************************************************************
                                               Node 14
**************************************************************************************************************************
Problem size 97
Fixed variables: (x[16],0) (x[83],0) (x[89],0)
==========================================================================================================================
BOUNDING STOPPED: Gap to big!
==========================================================================================================================
Depth = 3, Bound = 421.72, Best = 367

Fixing x[16] = 1

**************************************************************************************************************************
                                               Node 15
**************************************************************************************************************************
Problem size 97
Fixed variables: (x[16],1) (x[83],0) (x[89],0)
==========================================================================================================================
BOUNDING STOPPED: Gap to big!
==========================================================================================================================
Depth = 3, Bound = 421.73, Best = 367

Branching on x[14] = 0.49
Fixing x[14] = 0

**************************************************************************************************************************
                                               Node 16
**************************************************************************************************************************
Problem size 96
Fixed variables: (x[14],0) (x[83],1) (x[90],1) (x[95],0)
==========================================================================================================================
BOUNDING STOPPED: Gap to big!
==========================================================================================================================
Depth = 4, Bound = 420.62, Best = 367

Fixing x[14] = 1

**************************************************************************************************************************
                                               Node 17
**************************************************************************************************************************
Problem size 96
Fixed variables: (x[14],1) (x[83],1) (x[90],1) (x[95],0)
==========================================================================================================================
BOUNDING STOPPED: Gap to big!
==========================================================================================================================
Depth = 4, Bound = 420.54, Best = 367

Branching on x[65] = 0.50
Fixing x[65] = 0

**************************************************************************************************************************
                                               Node 18
**************************************************************************************************************************
Problem size 96
Fixed variables: (x[65],0) (x[83],1) (x[90],1) (x[95],1)
==========================================================================================================================
BOUNDING STOPPED: Gap to big!
==========================================================================================================================
Depth = 4, Bound = 419.97, Best = 367

Fixing x[65] = 1

**************************************************************************************************************************
                                               Node 19
**************************************************************************************************************************
Problem size 96
Fixed variables: (x[65],1) (x[83],1) (x[90],1) (x[95],1)
==========================================================================================================================
BOUNDING STOPPED: Gap to big!
==========================================================================================================================
Depth = 4, Bound = 419.92, Best = 367

Branching on x[78] = 0.50
Fixing x[78] = 0

**************************************************************************************************************************
                                               Node 20
**************************************************************************************************************************
Problem size 96
Fixed variables: (x[7],0) (x[78],0) (x[83],0) (x[89],1)
==========================================================================================================================
BOUNDING STOPPED: Gap to big!
==========================================================================================================================
Depth = 4, Bound = 417.83, Best = 367

Fixing x[78] = 1

**************************************************************************************************************************
                                               Node 21
**************************************************************************************************************************
Problem size 96
Fixed variables: (x[7],0) (x[78],1) (x[83],0) (x[89],1)
==========================================================================================================================
BOUNDING STOPPED: Gap to big!
==========================================================================================================================
Depth = 4, Bound = 418.39, Best = 367

Branching on x[94] = 0.49
Fixing x[94] = 0

**************************************************************************************************************************
                                               Node 22
**************************************************************************************************************************
Problem size 96
Fixed variables: (x[7],1) (x[83],0) (x[89],1) (x[94],0)
==========================================================================================================================
BOUNDING STOPPED: Gap to big!
==========================================================================================================================
Depth = 4, Bound = 419.02, Best = 367

Fixing x[94] = 1

**************************************************************************************************************************
                                               Node 23
**************************************************************************************************************************
Problem size 96
Fixed variables: (x[7],1) (x[83],0) (x[89],1) (x[94],1)
==========================================================================================================================
starting bound     cut  triangles added  violation
        416.77     367              500       0.49
==========================================================================================================================
iter     time      bound  bdl   viol3  triag  purged   added   viol5  penta  purged   added   viol7  hepta  purged   added
==========================================================================================================================
   1     2.33     397.12    5   4e-01    795    -184   +479   
   2     2.39     387.59    6   4e-01   1073    -189   +467   
   3     2.56     381.41   10   3e-01   1181    -310   +418    8e-01    479    -0     +479    7e-01    464    -0     +464  
   4     2.74     378.74    8   2e-01   1354    -214   +387    6e-01    786    -159   +466    6e-01    679    -240   +455  
   5     2.93     375.92   12   2e-01   1253    -298   +197    6e-01    904    -298   +416    5e-01    674    -350   +345  
   6     3.13     373.91   18   2e-01   1329    -225   +301    5e-01   1035    -248   +379    5e-01    651    -306   +283  
   7     3.35     372.29   20   2e-01   1091    -298   +60     5e-01   1064    -277   +306    4e-01    605    -236   +190  
   8     3.57     370.82   22   1e-01    971    -154   +34     3e-01   1094    -239   +269    4e-01    607    -152   +154  
   9     3.80     370.19   26   1e-01    920    -83    +32     4e-01   1127    -179   +212    4e-01    610    -135   +138  
  10     4.04     369.49   19   1e-01    902    -57    +39     4e-01   1195    -161   +229    5e-01    617    -107   +114  
  11     4.28     368.97   24   1e-01    878    -66    +42     4e-01   1257    -157   +219    4e-01    672    -82    +137  
  12     4.53     368.37   24   7e-02    822    -61    +5      4e-01   1220    -187   +150    5e-01    632    -116   +76   
  13     4.60     367.97   24   7e-02    822    -0     +0      4e-01   1220    -0     +0      5e-01    632    -0     +0    
==========================================================================================================================
Prune!
==========================================================================================================================
Depth = 4, Bound = 367.97, Best = 367

Branching on x[5] = 0.49
Fixing x[5] = 0

**************************************************************************************************************************
                                               Node 24
**************************************************************************************************************************
Problem size 96
Fixed variables: (x[5],0) (x[46],1) (x[83],1) (x[90],0)
==========================================================================================================================
BOUNDING STOPPED: Gap to big!
==========================================================================================================================
Depth = 4, Bound = 418.49, Best = 367

Fixing x[5] = 1

**************************************************************************************************************************
                                               Node 25
**************************************************************************************************************************
Problem size 96
Fixed variables: (x[5],1) (x[46],1) (x[83],1) (x[90],0)
==========================================================================================================================
BOUNDING STOPPED: Gap to big!
==========================================================================================================================
Depth = 4, Bound = 418.85, Best = 367

Branching on x[37] = 0.50
Fixing x[37] = 0

**************************************************************************************************************************
                                               Node 26
**************************************************************************************************************************
Problem size 96
Fixed variables: (x[37],0) (x[46],0) (x[83],1) (x[90],0)
==========================================================================================================================
BOUNDING STOPPED: Gap to big!
==========================================================================================================================
Depth = 4, Bound = 417.84, Best = 367

Fixing x[37] = 1

**************************************************************************************************************************
                                               Node 27
**************************************************************************************************************************
Problem size 96
Fixed variables: (x[37],1) (x[46],0) (x[83],1) (x[90],0)
==========================================================================================================================
BOUNDING STOPPED: Gap to big!
==========================================================================================================================
Depth = 4, Bound = 418.05, Best = 367

Branching on x[91] = 0.49
Fixing x[91] = 0

**************************************************************************************************************************
                                               Node 28
**************************************************************************************************************************
Problem size 96
Fixed variables: (x[16],1) (x[83],0) (x[89],0) (x[91],0)
==========================================================================================================================
BOUNDING STOPPED: Gap to big!
==========================================================================================================================
Depth = 4, Bound = 418.17, Best = 367

Fixing x[91] = 1

**************************************************************************************************************************
                                               Node 29
**************************************************************************************************************************
Problem size 96
Fixed variables: (x[16],1) (x[83],0) (x[89],0) (x[91],1)
==========================================================================================================================
BOUNDING STOPPED: Gap to big!
==========================================================================================================================
Depth = 4, Bound = 417.77, Best = 367

Branching on x[43] = 0.51
Fixing x[43] = 0

**************************************************************************************************************************
                                               Node 30
**************************************************************************************************************************
Problem size 96
Fixed variables: (x[16],0) (x[43],0) (x[83],0) (x[89],0)
==========================================================================================================================
starting bound     cut  triangles added  violation
        416.66     367              500       0.50
==========================================================================================================================
iter     time      bound  bdl   viol3  triag  purged   added   viol5  penta  purged   added   viol7  hepta  purged   added
==========================================================================================================================
   1     4.70     395.64    3   5e-01    823    -160   +483   
   2     4.76     387.68    4   4e-01   1001    -300   +478   
   3     4.81     381.93    6   3e-01   1242    -199   +440   
   4     5.00     377.96   11   3e-01   1379    -265   +402    7e-01    475    -0     +475    7e-01    462    -0     +462  
   5     5.19     375.42   16   2e-01   1393    -258   +272    5e-01    770    -141   +436    6e-01    673    -185   +396  
   6     5.40     373.12   17   1e-01   1221    -265   +93     5e-01    969    -187   +386    5e-01    722    -245   +294  
   7     5.62     371.73   19   1e-01   1161    -172   +112    5e-01   1114    -205   +350    5e-01    783    -206   +267  
   8     5.85     370.50   24   8e-02   1057    -126   +22     4e-01   1170    -212   +268    4e-01    759    -215   +191  
   9     6.09     369.55   20   2e-01   1253    -81    +277    4e-01   1398    -178   +406    5e-01    918    -141   +300  
  10     6.34     368.92   26   1e-01   1030    -234   +11     4e-01   1316    -318   +236    4e-01    813    -253   +148  
  11     6.60     368.23   27   8e-02    956    -80    +6      3e-01   1368    -140   +192    3e-01    819    -106   +112  
  12     6.65     367.80   30   8e-02    956    -0     +0      3e-01   1368    -0     +0      3e-01    819    -0     +0    
==========================================================================================================================
Prune!
==========================================================================================================================
Depth = 4, Bound = 367.80, Best = 367

Fixing x[43] = 1

**************************************************************************************************************************
                                               Node 31
**************************************************************************************************************************
Problem size 96
Fixed variables: (x[16],0) (x[43],1) (x[83],0) (x[89],0)
==========================================================================================================================
starting bound     cut  triangles added  violation
        416.40     367              500       0.50
==========================================================================================================================
iter     time      bound  bdl   viol3  triag  purged   added   viol5  penta  purged   added   viol7  hepta  purged   added
==========================================================================================================================
   1     6.70     395.85    3   5e-01    823    -167   +490   
   2     6.75     387.45    6   3e-01   1052    -220   +449   
   3     6.81     382.16    7   3e-01   1282    -221   +451   
   4     6.99     378.70    9   3e-01   1305    -341   +364    6e-01    463    -0     +463    7e-01    438    -0     +438  
   5     7.18     376.15   13   2e-01   1348    -290   +333    6e-01    726    -173   +436    6e-01    605    -207   +374  
   6     7.38     373.84   14   2e-01   1384    -265   +301    5e-01    922    -235   +431    6e-01    710    -236   +341  
   7     7.59     371.82   20   1e-01   1187    -326   +129    5e-01    981    -283   +342    4e-01    681    -254   +225  
   8     7.81     370.59   22   1e-01   1106    -164   +83     4e-01   1096    -204   +319    4e-01    706    -186   +211  
   9     8.05     369.39   22   1e-01   1007    -148   +49     4e-01   1158    -215   +277    4e-01    669    -197   +160  
  10     8.29     368.76   27   8e-02    926    -93    +12     4e-01   1193    -172   +207    3e-01    625    -154   +110  
  11     8.42     367.89   28   8e-02    926    -0     +0      4e-01   1193    -0     +0      3e-01    625    -0     +0    
==========================================================================================================================
Prune!
==========================================================================================================================
Depth = 4, Bound = 367.89, Best = 367

Branching on x[11] = 0.54
Fixing x[11] = 0

**************************************************************************************************************************
                                               Node 32
**************************************************************************************************************************
Problem size 95
Fixed variables: (x[11],0) (x[14],0) (x[83],1) (x[90],1) (x[95],0)
==========================================================================================================================
starting bound     cut  triangles added  violation
        415.85     367              500       0.49
==========================================================================================================================
iter     time      bound  bdl   viol3  triag  purged   added   viol5  penta  purged   added   viol7  hepta  purged   added
==========================================================================================================================
   1     8.47     395.32    5   4e-01    857    -124   +481   
   2     8.53     386.01    8   4e-01   1149    -157   +449   
   3     8.59     381.60    9   3e-01   1356    -255   +462   
   4     8.79     379.49    9   2e-01   1501    -300   +445    7e-01    480    -0     +480    8e-01    480    -0     +480  
   5     9.00     376.76   12   2e-01   1555    -324   +378    6e-01    801    -157   +478    6e-01    781    -174   +475  
   6     9.23     374.01   16   2e-01   1527    -336   +308    5e-01   1073    -199   +471    6e-01    965    -260   +444  
   7     9.47     372.16   19   2e-01   1459    -342   +274    5e-01   1223    -303   +453    5e-01   1075    -316   +426  
   8     9.73     370.88   23   1e-01   1164    -314   +19     5e-01   1286    -316   +379    4e-01   1074    -320   +319  
   9    10.00     369.62   26   9e-02   1014    -178   +28     4e-01   1388    -240   +342    4e-01   1152    -220   +298  
  10    10.28     368.68   23   1e-01    952    -82    +20     4e-01   1511    -201   +324    4e-01   1218    -185   +251  
  11    10.40     367.99   22   1e-01    952    -0     +0      4e-01   1511    -0     +0      4e-01   1218    -0     +0    
==========================================================================================================================
Prune!
==========================================================================================================================
Depth = 5, Bound = 367.99, Best = 367

Fixing x[11] = 1

**************************************************************************************************************************
                                               Node 33
**************************************************************************************************************************
Problem size 95
Fixed variables: (x[11],1) (x[14],0) (x[83],1) (x[90],1) (x[95],0)
==========================================================================================================================
starting bound     cut  triangles added  violation
        416.63     367              500       0.49
==========================================================================================================================
iter     time      bound  bdl   viol3  triag  purged   added   viol5  penta  purged   added   viol7  hepta  purged   added
==========================================================================================================================
   1    10.45     397.27    4   4e-01    869    -118   +487   
   2    10.50     388.23    5   4e-01   1133    -202   +466   
   3    10.57     383.42    7   4e-01   1416    -162   +445   
   4    10.63     380.47    9   3e-01   1585    -288   +457   
   5    10.85     378.33   11   2e-01   1608    -421   +444    6e-01    480    -0     +480    7e-01    480    -0     +480  
   6    11.08     375.98   16   1e-01   1517    -452   +361    5e-01    799    -153   +472    6e-01    761    -175   +456  
   7    11.32     374.88   12   2e-01   1557    -279   +319    6e-01   1083    -192   +476    6e-01   1049    -172   +460  
   8    11.58     373.60   17   2e-01   1537    -360   +340    5e-01   1228    -325   +470    5e-01   1178    -343   +472  
   9    11.86     372.25   21   1e-01   1340    -336   +139    4e-01   1375    -306   +453    7e-01   1282    -323   +427  
  10    12.15     371.38   22   1e-01   1322    -184   +166    4e-01   1552    -289   +466    5e-01   1416    -309   +443  
  11    12.46     370.34   27   7e-02   1087    -247   +12     3e-01   1464    -416   +328    4e-01   1347    -380   +311  
  12    12.77     369.93   21   9e-02   1057    -71    +41     3e-01   1610    -209   +355    4e-01   1488    -211   +352  
  13    13.09     369.41   23   1e-01   1108    -77    +128    4e-01   1785    -279   +454    5e-01   1658    -253   +423  
  14    13.43     368.94   20   9e-02   1018    -131   +41     3e-01   1844    -342   +401    4e-01   1760    -305   +407  
  15    13.78     368.61   24   9e-02    954    -76    +12     3e-01   1874    -333   +363    4e-01   1789    -319   +348  
  16    14.14     368.36   24   7e-02    932    -42    +20     3e-01   1959    -245   +330    4e-01   1906    -234   +351  
  17    14.51     368.14   20   5e-02    904    -29    +1      3e-01   1998    -210   +249    3e-01   1974    -202   +270  
  18    14.61     367.94   17   5e-02    904    -0     +0      3e-01   1998    -0     +0      3e-01   1974    -0     +0    
==========================================================================================================================
Prune!
==========================================================================================================================
Depth = 5, Bound = 367.94, Best = 367

Branching on x[80] = 0.51
Fixing x[80] = 0

**************************************************************************************************************************
                                               Node 34
**************************************************************************************************************************
Problem size 95
Fixed variables: (x[14],1) (x[80],0) (x[83],1) (x[90],1) (x[95],0)
==========================================================================================================================
starting bound     cut  triangles added  violation
        416.75     367              500       0.50
==========================================================================================================================
iter     time      bound  bdl   viol3  triag  purged   added   viol5  penta  purged   added   viol7  hepta  purged   added
==========================================================================================================================
   1    14.66     395.87    5   4e-01    868    -120   +488   
   2    14.72     385.90    7   3e-01   1102    -217   +451   
   3    14.90     381.04    7   3e-01   1287    -268   +453    8e-01    480    -0     +480    8e-01    480    -0     +480  
   4    15.10     377.93   10   3e-01   1447    -272   +432    7e-01    773    -187   +480    7e-01    718    -242   +480  
   5    15.31     374.59   13   2e-01   1439    -366   +358    6e-01    956    -287   +470    6e-01    835    -327   +444  
   6    15.54     372.76   18   2e-01   1504    -270   +335    5e-01   1161    -259   +464    6e-01    957    -288   +410  
   7    15.78     370.92   20   1e-01   1334    -304   +134    4e-01   1297    -267   +403    5e-01   1053    -264   +360  
   8    16.02     369.19   27   8e-02   1089    -266   +21     4e-01   1292    -317   +312    5e-01    991    -328   +266  
   9    16.28     368.36   22   8e-02    999    -107   +17     3e-01   1396    -185   +289    5e-01   1016    -184   +209  
  10    16.30     367.97   24   8e-02    999    -0     +0      3e-01   1396    -0     +0      5e-01   1016    -0     +0    
==========================================================================================================================
Prune!
==========================================================================================================================
Depth = 5, Bound = 367.97, Best = 367

Fixing x[80] = 1

**************************************************************************************************************************
                                               Node 35
**************************************************************************************************************************
Problem size 95
Fixed variables: (x[14],1) (x[80],1) (x[83],1) (x[90],1) (x[95],0)
==========================================================================================================================
starting bound     cut  triangles added  violation
        416.97     367              500       0.50
==========================================================================================================================
iter     time      bound  bdl   viol3  triag  purged   added   viol5  penta  purged   added   viol7  hepta  purged   added
==========================================================================================================================
   1    16.35     396.01    5   4e-01    850    -142   +492   
   2    16.41     388.81    5   4e-01   1204    -102   +456   
   3    16.47     382.64    6   3e-01   1309    -333   +438   
   4    16.67     378.99   10   3e-01   1465    -274   +430    7e-01    480    -0     +480    8e-01    480    -0     +480  
   5    16.87     376.70   13   2e-01   1485    -329   +349    6e-01    786    -166   +472    7e-01    730    -198   +448  
   6    17.09     374.05   16   2e-01   1524    -294   +333    5e-01   1028    -213   +455    5e-01    848    -293   +411  
   7    17.32     372.12   20   1e-01   1305    -317   +98     4e-01   1152    -274   +398    6e-01    880    -305   +337  
   8    17.56     370.76   26   8e-02   1133    -186   +14     4e-01   1237    -238   +323    4e-01    916    -230   +266  
   9    17.82     369.76   21   1e-01   1224    -80    +171    5e-01   1446    -193   +402    5e-01   1051    -188   +323  
  10    18.09     369.04   25   1e-01   1088    -164   +28     3e-01   1510    -259   +323    4e-01   1089    -241   +279  
  11    18.37     368.36   26   1e-01   1195    -80    +187    4e-01   1687    -224   +401    6e-01   1225    -174   +310  
  12    18.46     367.93   29   1e-01   1195    -0     +0      4e-01   1687    -0     +0      6e-01   1225    -0     +0    
==========================================================================================================================
Prune!
==========================================================================================================================
Depth = 5, Bound = 367.93, Best = 367

Branching on x[91] = 0.50
Fixing x[91] = 0

**************************************************************************************************************************
                                               Node 36
**************************************************************************************************************************
Problem size 95
Fixed variables: (x[65],0) (x[83],1) (x[90],1) (x[91],0) (x[95],1)
==========================================================================================================================
starting bound     cut  triangles added  violation
        414.47     367              500       0.49
==========================================================================================================================
iter     time      bound  bdl   viol3  triag  purged   added   viol5  penta  purged   added   viol7  hepta  purged   added
==========================================================================================================================
   1    18.51     392.97    5   4e-01    871    -99    +470   
   2    18.57     385.89    7   3e-01   1127    -167   +423   
   3    18.75     381.08    8   3e-01   1314    -249   +436    8e-01    480    -0     +480    8e-01    478    -0     +478  
   4    18.95     376.88   12   2e-01   1385    -320   +391    6e-01    730    -225   +475    6e-01    686    -254   +462  
   5    19.15     374.59   13   2e-01   1471    -278   +364    5e-01    958    -228   +456    6e-01    793    -304   +411  
   6    19.36     372.96   20   1e-01   1240    -324   +93     4e-01   1076    -277   +395    4e-01    780    -324   +311  
   7    19.59     371.07   23   1e-01   1064    -194   +18     4e-01   1164    -232   +320    5e-01    803    -222   +245  
   8    19.82     369.78   24   1e-01   1069    -119   +124    4e-01   1342    -151   +329    4e-01    857    -170   +224  
   9    20.07     369.17   23   1e-01   1054    -124   +109    5e-01   1450    -229   +337    4e-01    930    -190   +263  
  10    20.32     368.42   19   2e-01   1147    -131   +224    5e-01   1646    -222   +418    5e-01   1089    -185   +344  
  11    20.43     367.98   21   2e-01   1147    -0     +0      5e-01   1646    -0     +0      5e-01   1089    -0     +0    
==========================================================================================================================
Prune!
==========================================================================================================================
Depth = 5, Bound = 367.98, Best = 367

Fixing x[91] = 1

**************************************************************************************************************************
                                               Node 37
**************************************************************************************************************************
Problem size 95
Fixed variables: (x[65],0) (x[83],1) (x[90],1) (x[91],1) (x[95],1)
==========================================================================================================================
BOUNDING STOPPED: Gap to big!
==========================================================================================================================
Depth = 5, Bound = 417.30, Best = 367

Branching on x[28] = 0.49
Fixing x[28] = 0

**************************************************************************************************************************
                                               Node 38
**************************************************************************************************************************
Problem size 95
Fixed variables: (x[28],0) (x[65],1) (x[83],1) (x[90],1) (x[95],1)
==========================================================================================================================
starting bound     cut  triangles added  violation
        416.77     367              500       0.50
==========================================================================================================================
iter     time      bound  bdl   viol3  triag  purged   added   viol5  penta  purged   added   viol7  hepta  purged   added
==========================================================================================================================
   1    20.49     397.54    3   5e-01    850    -139   +489   
   2    20.55     390.47    5   4e-01   1051    -266   +467   
   3    20.61     385.09    5   3e-01   1225    -246   +420   
   4    20.81     380.24    9   3e-01   1399    -250   +424    7e-01    480    -0     +480    8e-01    478    -0     +478  
   5    21.01     377.58   14   2e-01   1495    -287   +383    7e-01    792    -166   +478    7e-01    744    -202   +468  
   6    21.23     374.82   15   2e-01   1546    -335   +386    6e-01    978    -283   +469    6e-01    858    -320   +434  
   7    21.47     373.11   21   2e-01   1382    -353   +189    5e-01   1124    -277   +423    5e-01    890    -331   +363  
   8    21.71     371.77   18   1e-01   1227    -223   +68     4e-01   1282    -240   +398    5e-01    954    -243   +307  
   9    21.96     370.42   23   1e-01   1129    -169   +71     4e-01   1380    -251   +349    5e-01    975    -260   +281  
  10    22.22     369.29   28   8e-02   1029    -135   +35     4e-01   1417    -245   +282    4e-01    922    -262   +209  
  11    22.49     368.67   26   9e-02    967    -89    +27     5e-01   1476    -206   +265    5e-01    966    -149   +193  
  12    22.77     368.11   28   1e-01    950    -68    +51     3e-01   1591    -180   +295    4e-01   1035    -146   +215  
  13    22.80     367.90   29   1e-01    950    -0     +0      3e-01   1591    -0     +0      4e-01   1035    -0     +0    
==========================================================================================================================
Prune!
==========================================================================================================================
Depth = 5, Bound = 367.90, Best = 367

Fixing x[28] = 1

**************************************************************************************************************************
                                               Node 39
**************************************************************************************************************************
Problem size 95
Fixed variables: (x[28],1) (x[65],1) (x[83],1) (x[90],1) (x[95],1)
==========================================================================================================================
starting bound     cut  triangles added  violation
        415.65     367              500       0.50
==========================================================================================================================
iter     time      bound  bdl   viol3  triag  purged   added   viol5  penta  purged   added   viol7  hepta  purged   added
==========================================================================================================================
   1    22.85     396.38    3   4e-01    822    -154   +476   
   2    22.90     386.15    6   4e-01   1078    -206   +462   
   3    22.97     381.67    7   3e-01   1279    -268   +469   
   4    23.03     379.61    9   3e-01   1479    -231   +431   
   5    23.23     376.97   11   2e-01   1563    -288   +372    7e-01    478    -0     +478    7e-01    468    -0     +468  
   6    23.44     374.54   15   2e-01   1389    -363   +189    5e-01    780    -142   +444    6e-01    668    -198   +398  
   7    23.65     372.92   16   1e-01   1322    -239   +172    4e-01   1012    -157   +389    6e-01    773    -232   +337  
   8    23.88     371.30   18   1e-01   1142    -234   +54     5e-01   1135    -222   +345    4e-01    731    -273   +231  
   9    24.12     369.86   21   1e-01   1191    -115   +164    4e-01   1280    -193   +338    4e-01    795    -179   +243  
  10    24.38     368.94   25   8e-02   1024    -187   +20     4e-01   1294    -268   +282    4e-01    757    -227   +189  
  11    24.50     367.99   23   8e-02   1024    -0     +0      4e-01   1294    -0     +0      4e-01    757    -0     +0    
==========================================================================================================================
Prune!
==========================================================================================================================
Depth = 5, Bound = 367.99, Best = 367

Branching on x[92] = 0.49
Fixing x[92] = 0

**************************************************************************************************************************
                                               Node 40
**************************************************************************************************************************
Problem size 95
Fixed variables: (x[7],1) (x[83],0) (x[89],1) (x[92],0) (x[94],0)
==========================================================================================================================
starting bound     cut  triangles added  violation
        415.08     367              500       0.50
==========================================================================================================================
iter     time      bound  bdl   viol3  triag  purged   added   viol5  penta  purged   added   viol7  hepta  purged   added
==========================================================================================================================
   1    24.56     398.83    4   5e-01    833    -143   +476   
   2    24.61     387.05    6   3e-01   1074    -240   +481   
   3    24.68     382.23    7   4e-01   1374    -170   +470   
   4    24.87     379.37    9   3e-01   1429    -369   +424    7e-01    480    -0     +480    8e-01    480    -0     +480  
   5    25.08     376.29   12   2e-01   1504    -273   +348    6e-01    827    -127   +474    6e-01    742    -193   +455  
   6    25.29     373.38   16   1e-01   1395    -315   +206    5e-01   1060    -218   +451    6e-01    831    -292   +381  
   7    25.53     371.77   21   1e-01   1275    -235   +115    5e-01   1238    -247   +425    5e-01    935    -256   +360  
   8    25.78     370.79   17   2e-01   1482    -163   +370    5e-01   1446    -249   +457    5e-01   1114    -229   +408  
   9    26.04     369.59   22   1e-01   1192    -337   +47     4e-01   1428    -377   +359    4e-01   1059    -345   +290  
  10    26.31     368.40   23   1e-01   1090    -146   +44     4e-01   1522    -255   +349    4e-01   1128    -209   +278  
  11    26.37     367.97   26   1e-01   1090    -0     +0      4e-01   1522    -0     +0      4e-01   1128    -0     +0    
==========================================================================================================================
Prune!
==========================================================================================================================
Depth = 5, Bound = 367.97, Best = 367

Fixing x[92] = 1

**************************************************************************************************************************
                                               Node 41
**************************************************************************************************************************
Problem size 95
Fixed variables: (x[7],1) (x[83],0) (x[89],1) (x[92],1) (x[94],0)
==========================================================================================================================
starting bound     cut  triangles added  violation
        414.53     367              500       0.50
==========================================================================================================================
iter     time      bound  bdl   viol3  triag  purged   added   viol5  penta  purged   added   viol7  hepta  purged   added
==========================================================================================================================
   1    26.42     398.81    4   5e-01    839    -147   +486   
   2    26.48     386.26    7   4e-01   1048    -259   +468   
   3    26.54     380.09    7   3e-01   1282    -204   +438   
   4    26.72     376.05    8   3e-01   1459    -242   +419    7e-01    480    -0     +480    7e-01    473    -0     +473  
   5    26.92     373.87   11   2e-01   1481    -328   +350    7e-01    759    -195   +474    7e-01    651    -262   +440  
   6    27.13     371.64   17   1e-01   1261    -335   +115    6e-01    969    -211   +421    5e-01    695    -279   +323  
   7    27.34     369.50   22   1e-01   1112    -206   +57     4e-01   1101    -218   +350    5e-01    669    -265   +239  
   8    27.45     367.88   25   1e-01   1112    -0     +0      4e-01   1101    -0     +0      5e-01    669    -0     +0    
==========================================================================================================================
Prune!
==========================================================================================================================
Depth = 5, Bound = 367.88, Best = 367

Branching on x[94] = 0.50
Fixing x[94] = 0

**************************************************************************************************************************
                                               Node 42
**************************************************************************************************************************
Problem size 95
Fixed variables: (x[5],1) (x[46],1) (x[83],1) (x[90],0) (x[94],0)
==========================================================================================================================
starting bound     cut  triangles added  violation
        413.50     367              500       0.50
==========================================================================================================================
iter     time      bound  bdl   viol3  triag  purged   added   viol5  penta  purged   added   viol7  hepta  purged   added
==========================================================================================================================
   1    27.50     395.93    4   4e-01    822    -166   +488   
   2    27.56     386.33    4   4e-01   1168    -134   +480   
   3    27.75     381.15    9   3e-01   1293    -321   +446    7e-01    480    -0     +480    8e-01    478    -0     +478  
   4    27.95     378.00    8   2e-01   1417    -263   +387    7e-01    852    -108   +480    7e-01    777    -179   +478  
   5    28.16     374.63   12   2e-01   1427    -370   +380    7e-01   1060    -270   +478    7e-01    928    -323   +474  
   6    28.39     372.68   17   1e-01   1257    -285   +115    5e-01   1241    -254   +435    5e-01   1048    -302   +422  
   7    28.63     371.15   18   1e-01   1203    -166   +112    4e-01   1414    -243   +416    5e-01   1153    -270   +375  
   8    28.88     370.09   14   1e-01   1041    -196   +34     4e-01   1488    -303   +377    4e-01   1162    -310   +319  
   9    29.15     369.07   17   2e-01   1182    -92    +233    5e-01   1649    -294   +455    5e-01   1324    -262   +424  
  10    29.44     368.49   17   9e-02   1059    -174   +51     4e-01   1700    -328   +379    4e-01   1357    -312   +345  
  11    29.57     367.86   17   9e-02   1059    -0     +0      4e-01   1700    -0     +0      4e-01   1357    -0     +0    
==========================================================================================================================
Prune!
==========================================================================================================================
Depth = 5, Bound = 367.86, Best = 367

Fixing x[94] = 1

**************************************************************************************************************************
                                               Node 43
**************************************************************************************************************************
Problem size 95
Fixed variables: (x[5],1) (x[46],1) (x[83],1) (x[90],0) (x[94],1)
==========================================================================================================================
starting bound     cut  triangles added  violation
        413.90     367              500       0.50
==========================================================================================================================
iter     time      bound  bdl   viol3  triag  purged   added   viol5  penta  purged   added   viol7  hepta  purged   added
==========================================================================================================================
   1    29.62     396.12    3   4e-01    823    -134   +457   
   2    29.68     386.09    7   3e-01   1087    -199   +463   
   3    29.74     379.51   10   3e-01   1358    -192   +463   
   4    29.81     376.98    9   3e-01   1483    -287   +412   
   5    30.01     374.11   13   2e-01   1556    -282   +355    6e-01    473    -0     +473    6e-01    465    -0     +465  
   6    30.22     371.54   18   2e-01   1480    -294   +218    5e-01    786    -143   +456    5e-01    675    -192   +402  
   7    30.44     369.47   21   1e-01   1302    -276   +98     5e-01    983    -194   +391    5e-01    743    -241   +309  
   8    30.67     368.43   23   1e-01   1185    -196   +79     4e-01   1148    -195   +360    5e-01    798    -209   +264  
   9    30.70     367.98   24   1e-01   1185    -0     +0      4e-01   1148    -0     +0      5e-01    798    -0     +0    
==========================================================================================================================
Prune!
==========================================================================================================================
Depth = 5, Bound = 367.98, Best = 367

Branching on x[30] = 0.51
Fixing x[30] = 0

**************************************************************************************************************************
                                               Node 44
**************************************************************************************************************************
Problem size 95
Fixed variables: (x[5],0) (x[30],0) (x[46],1) (x[83],1) (x[90],0)
==========================================================================================================================
starting bound     cut  triangles added  violation
        414.27     367              500       0.50
==========================================================================================================================
iter     time      bound  bdl   viol3  triag  purged   added   viol5  penta  purged   added   viol7  hepta  purged   added
==========================================================================================================================
   1    30.75     394.19    4   4e-01    839    -138   +477   
   2    30.80     384.60    5   4e-01   1066    -232   +459   
   3    30.98     379.99    7   3e-01   1301    -209   +444    7e-01    480    -0     +480    8e-01    479    -0     +479  
   4    31.16     378.07    9   2e-01   1336    -289   +324    7e-01    744    -210   +474    6e-01    673    -257   +451  
   5    31.35     375.11   10   2e-01   1381    -298   +343    6e-01    913    -290   +459    6e-01    726    -373   +426  
   6    31.56     373.03   13   2e-01   1331    -317   +267    5e-01   1001    -329   +417    5e-01    718    -328   +320  
   7    31.78     371.00   17   2e-01   1363    -273   +305    5e-01   1140    -278   +417    5e-01    754    -287   +323  
   8    32.01     369.49   22   1e-01   1055    -332   +24     4e-01   1073    -330   +263    4e-01    606    -307   +159  
   9    32.24     368.23   25   9e-02    931    -143   +19     4e-01   1119    -186   +232    4e-01    594    -138   +126  
  10    32.27     367.99   24   9e-02    931    -0     +0      4e-01   1119    -0     +0      4e-01    594    -0     +0    
==========================================================================================================================
Prune!
==========================================================================================================================
Depth = 5, Bound = 367.99, Best = 367

Fixing x[30] = 1

**************************************************************************************************************************
                                               Node 45
**************************************************************************************************************************
Problem size 95
Fixed variables: (x[5],0) (x[30],1) (x[46],1) (x[83],1) (x[90],0)
==========================================================================================================================
starting bound     cut  triangles added  violation
        414.98     367              500       0.49
==========================================================================================================================
iter     time      bound  bdl   viol3  triag  purged   added   viol5  penta  purged   added   viol7  hepta  purged   added
==========================================================================================================================
   1    32.32     394.32    3   4e-01    819    -170   +489   
   2    32.38     385.66    8   3e-01   1016    -262   +459   
   3    32.44     380.97    7   3e-01   1330    -144   +458   
   4    32.51     378.25    8   3e-01   1424    -346   +440   
   5    32.71     376.10   12   2e-01   1543    -286   +405    7e-01    480    -0     +480    6e-01    471    -0     +471  
   6    32.92     373.72   18   1e-01   1342    -381   +180    6e-01    772    -151   +443    6e-01    682    -194   +405  
   7    33.14     372.02   22   1e-01   1151    -279   +88     5e-01    959    -191   +378    5e-01    750    -221   +289  
   8    33.37     370.66   22   1e-01   1041    -143   +33     4e-01   1068    -211   +320    5e-01    779    -219   +248  
   9    33.61     369.40   19   1e-01   1021    -104   +84     4e-01   1247    -193   +372    4e-01    847    -190   +258  
  10    33.86     368.39   19   1e-01    979    -113   +71     4e-01   1295    -251   +299    4e-01    852    -203   +208  
  11    33.92     367.89   24   1e-01    979    -0     +0      4e-01   1295    -0     +0      4e-01    852    -0     +0    
==========================================================================================================================
Prune!
==========================================================================================================================
Depth = 5, Bound = 367.89, Best = 367

Branching on x[16] = 0.49
Fixing x[16] = 0

**************************************************************************************************************************
                                               Node 46
**************************************************************************************************************************
Problem size 95
Fixed variables: (x[7],0) (x[16],0) (x[78],1) (x[83],0) (x[89],1)
==========================================================================================================================
starting bound     cut  triangles added  violation
        413.94     367              500       0.50
==========================================================================================================================
iter     time      bound  bdl   viol3  triag  purged   added   viol5  penta  purged   added   viol7  hepta  purged   added
==========================================================================================================================
   1    33.97     396.49    4   5e-01    860    -119   +479   
   2    34.03     386.43    5   4e-01   1052    -280   +472   
   3    34.09     380.26    6   3e-01   1300    -198   +446   
   4    34.28     376.20   10   2e-01   1413    -295   +408    7e-01    479    -0     +479    8e-01    475    -0     +475  
   5    34.48     373.51   13   2e-01   1418    -315   +320    6e-01    788    -160   +469    6e-01    694    -223   +442  
   6    34.70     370.62   18   1e-01   1257    -307   +146    6e-01    985    -229   +426    6e-01    758    -278   +342  
   7    34.93     368.98   19   1e-01   1212    -179   +134    4e-01   1175    -188   +378    5e-01    831    -231   +304  
   8    35.03     367.94   21   1e-01   1212    -0     +0      4e-01   1175    -0     +0      5e-01    831    -0     +0    
==========================================================================================================================
Prune!
==========================================================================================================================
Depth = 5, Bound = 367.94, Best = 367

Fixing x[16] = 1

**************************************************************************************************************************
                                               Node 47
**************************************************************************************************************************
Problem size 95
Fixed variables: (x[7],0) (x[16],1) (x[78],1) (x[83],0) (x[89],1)
==========================================================================================================================
starting bound     cut  triangles added  violation
        412.57     367              500       0.50
==========================================================================================================================
iter     time      bound  bdl   viol3  triag  purged   added   viol5  penta  purged   added   viol7  hepta  purged   added
==========================================================================================================================
   1    35.09     397.12    4   5e-01    837    -126   +463   
   2    35.14     385.34    5   4e-01   1127    -147   +437   
   3    35.20     380.32    7   4e-01   1387    -175   +435   
   4    35.39     376.09    8   3e-01   1472    -318   +403    7e-01    479    -0     +479    7e-01    474    -0     +474  
   5    35.58     373.04   12   2e-01   1481    -305   +314    6e-01    758    -170   +449    6e-01    640    -231   +397  
   6    35.78     370.39   16   1e-01   1292    -284   +95     5e-01    907    -221   +370    5e-01    588    -302   +250  
   7    35.99     368.80   17   1e-01   1258    -173   +139    4e-01   1082    -177   +352    6e-01    707    -168   +287  
   8    36.08     367.59   23   1e-01   1258    -0     +0      4e-01   1082    -0     +0      6e-01    707    -0     +0    
==========================================================================================================================
Prune!
==========================================================================================================================
Depth = 5, Bound = 367.59, Best = 367

Branching on x[88] = 0.50
Fixing x[88] = 0

**************************************************************************************************************************
                                               Node 48
**************************************************************************************************************************
Problem size 95
Fixed variables: (x[16],1) (x[83],0) (x[88],0) (x[89],0) (x[91],0)
==========================================================================================================================
starting bound     cut  triangles added  violation
        413.90     367              500       0.50
==========================================================================================================================
iter     time      bound  bdl   viol3  triag  purged   added   viol5  penta  purged   added   viol7  hepta  purged   added
==========================================================================================================================
   1    36.13     393.08    3   4e-01    829    -160   +489   
   2    36.19     384.12    7   4e-01   1195    -112   +478   
   3    36.26     379.41    8   3e-01   1272    -348   +425   
   4    36.44     376.31    9   3e-01   1447    -221   +396    7e-01    480    -0     +480    7e-01    471    -0     +471  
   5    36.63     373.00   13   2e-01   1447    -328   +328    7e-01    746    -196   +462    5e-01    613    -251   +393  
   6    36.84     370.80   16   1e-01   1390    -259   +202    6e-01    957    -199   +410    5e-01    669    -256   +312  
   7    37.05     368.98   23   1e-01   1258    -232   +100    5e-01   1057    -231   +331    5e-01    692    -232   +255  
   8    37.16     367.85   20   1e-01   1258    -0     +0      5e-01   1057    -0     +0      5e-01    692    -0     +0    
==========================================================================================================================
Prune!
==========================================================================================================================
Depth = 5, Bound = 367.85, Best = 367

Fixing x[88] = 1

**************************************************************************************************************************
                                               Node 49
**************************************************************************************************************************
Problem size 95
Fixed variables: (x[16],1) (x[83],0) (x[88],1) (x[89],0) (x[91],0)
==========================================================================================================================
starting bound     cut  triangles added  violation
        412.70     367              500       0.49
==========================================================================================================================
iter     time      bound  bdl   viol3  triag  purged   added   viol5  penta  purged   added   viol7  hepta  purged   added
==========================================================================================================================
   1    37.21     392.43    4   5e-01    875    -101   +476   
   2    37.26     382.74    6   4e-01   1125    -205   +455   
   3    37.43     376.74   11   3e-01   1277    -259   +411    7e-01    473    -0     +473    6e-01    451    -0     +451  
   4    37.61     374.28   11   3e-01   1389    -246   +358    6e-01    764    -178   +469    6e-01    692    -202   +443  
   5    37.80     371.89   14   2e-01   1346    -316   +273    5e-01    890    -279   +405    5e-01    642    -373   +323  
   6    37.99     369.48   15   1e-01   1158    -274   +86     5e-01    983    -239   +332    5e-01    603    -260   +221  
   7    38.08     367.99   20   1e-01   1158    -0     +0      5e-01    983    -0     +0      5e-01    603    -0     +0    
==========================================================================================================================
Prune!
==========================================================================================================================
Depth = 5, Bound = 367.99, Best = 367

Branching on x[73] = 0.51
Fixing x[73] = 0

**************************************************************************************************************************
                                               Node 50
**************************************************************************************************************************
Problem size 95
Fixed variables: (x[37],1) (x[46],0) (x[73],0) (x[83],1) (x[90],0)
==========================================================================================================================
starting bound     cut  triangles added  violation
        413.33     367              500       0.50
==========================================================================================================================
iter     time      bound  bdl   viol3  triag  purged   added   viol5  penta  purged   added   viol7  hepta  purged   added
==========================================================================================================================
   1    38.13     392.68    4   4e-01    827    -148   +475   
   2    38.18     382.33    6   3e-01   1072    -216   +461   
   3    38.24     377.02    7   4e-01   1356    -174   +458   
   4    38.42     373.62   10   3e-01   1414    -357   +415    7e-01    473    -0     +473    6e-01    457    -0     +457  
   5    38.61     371.20   14   2e-01   1464    -276   +326    6e-01    723    -184   +434    6e-01    591    -231   +365  
   6    38.81     368.95   15   1e-01   1285    -307   +128    5e-01    884    -203   +364    5e-01    632    -240   +281  
   7    38.85     367.94   18   1e-01   1285    -0     +0      5e-01    884    -0     +0      5e-01    632    -0     +0    
==========================================================================================================================
Prune!
==========================================================================================================================
Depth = 5, Bound = 367.94, Best = 367

Fixing x[73] = 1

**************************************************************************************************************************
                                               Node 51
**************************************************************************************************************************
Problem size 95
Fixed variables: (x[37],1) (x[46],0) (x[73],1) (x[83],1) (x[90],0)
==========================================================================================================================
starting bound     cut  triangles added  violation
        414.59     367              500       0.49
==========================================================================================================================
iter     time      bound  bdl   viol3  triag  purged   added   viol5  penta  purged   added   viol7  hepta  purged   added
==========================================================================================================================
   1    38.91     394.00    5   4e-01    854    -137   +491   
   2    38.96     386.01    5   4e-01   1204    -119   +469   
   3    39.14     381.48    7   3e-01   1292    -340   +428    7e-01    480    -0     +480    7e-01    477    -0     +477  
   4    39.33     376.11   11   2e-01   1407    -240   +355    6e-01    791    -165   +476    7e-01    676    -263   +462  
   5    39.53     373.18   16   2e-01   1452    -279   +324    5e-01   1014    -237   +460    6e-01    803    -287   +414  
   6    39.75     371.28   18   2e-01   1298    -289   +135    5e-01   1181    -258   +425    5e-01    894    -278   +369  
   7    39.99     369.91   18   1e-01   1274    -192   +168    5e-01   1369    -226   +414    6e-01    980    -247   +333  
   8    40.23     368.29   23   1e-01   1138    -188   +52     4e-01   1377    -336   +344    4e-01    926    -325   +271  
   9    40.25     367.88   25   1e-01   1138    -0     +0      4e-01   1377    -0     +0      4e-01    926    -0     +0    
==========================================================================================================================
Prune!
==========================================================================================================================
Depth = 5, Bound = 367.88, Best = 367

Branching on x[7] = 0.50
Fixing x[7] = 0

**************************************************************************************************************************
                                               Node 52
**************************************************************************************************************************
Problem size 95
Fixed variables: (x[7],0) (x[37],0) (x[46],0) (x[83],1) (x[90],0)
==========================================================================================================================
starting bound     cut  triangles added  violation
        412.07     367              500       0.49
==========================================================================================================================
iter     time      bound  bdl   viol3  triag  purged   added   viol5  penta  purged   added   viol7  hepta  purged   added
==========================================================================================================================
   1    40.31     390.50    4   4e-01    874    -111   +485   
   2    40.36     384.08    4   3e-01   1060    -288   +474   
   3    40.43     378.89    6   3e-01   1269    -221   +430   
   4    40.62     375.36   11   3e-01   1401    -269   +401    7e-01    479    -0     +479    7e-01    478    -0     +478  
   5    40.81     372.84   13   2e-01   1437    -296   +332    5e-01    756    -183   +460    5e-01    652    -234   +408  
   6    41.02     370.63   16   1e-01   1244    -313   +120    6e-01    916    -248   +408    5e-01    690    -287   +325  
   7    41.23     368.86   16   1e-01   1136    -201   +93     4e-01   1097    -203   +384    4e-01    755    -216   +281  
   8    41.32     367.79   20   1e-01   1136    -0     +0      4e-01   1097    -0     +0      4e-01    755    -0     +0    
==========================================================================================================================
Prune!
==========================================================================================================================
Depth = 5, Bound = 367.79, Best = 367

Fixing x[7] = 1

**************************************************************************************************************************
                                               Node 53
**************************************************************************************************************************
Problem size 95
Fixed variables: (x[7],1) (x[37],0) (x[46],0) (x[83],1) (x[90],0)
==========================================================================================================================
starting bound     cut  triangles added  violation
        414.46     367              500       0.50
==========================================================================================================================
iter     time      bound  bdl   viol3  triag  purged   added   viol5  penta  purged   added   viol7  hepta  purged   added
==========================================================================================================================
   1    41.38     394.25    5   4e-01    870    -108   +478   
   2    41.44     385.59    7   4e-01   1144    -197   +471   
   3    41.51     381.46    7   3e-01   1327    -267   +450   
   4    41.71     378.32    9   2e-01   1476    -260   +409    7e-01    480    -0     +480    7e-01    480    -0     +480  
   5    41.92     375.78   13   2e-01   1501    -345   +370    6e-01    800    -157   +477    6e-01    747    -203   +470  
   6    42.14     373.09   15   1e-01   1552    -313   +364    6e-01   1047    -229   +476    5e-01    914    -285   +452  
   7    42.38     371.47   18   1e-01   1370    -325   +143    5e-01   1245    -236   +434    5e-01   1075    -240   +401  
   8    42.63     370.04   19   9e-02   1156    -233   +19     4e-01   1405    -229   +389    4e-01   1107    -287   +319  
   9    42.90     368.85   25   1e-01   1155    -133   +132    4e-01   1576    -241   +412    5e-01   1238    -229   +360  
  10    43.03     367.99   24   1e-01   1155    -0     +0      4e-01   1576    -0     +0      5e-01   1238    -0     +0    
==========================================================================================================================
Prune!
==========================================================================================================================
Depth = 5, Bound = 367.99, Best = 367

Branching on x[80] = 0.51
Fixing x[80] = 0

**************************************************************************************************************************
                                               Node 54
**************************************************************************************************************************
Problem size 95
Fixed variables: (x[7],0) (x[78],0) (x[80],0) (x[83],0) (x[89],1)
==========================================================================================================================
starting bound     cut  triangles added  violation
        414.15     367              500       0.49
==========================================================================================================================
iter     time      bound  bdl   viol3  triag  purged   added   viol5  penta  purged   added   viol7  hepta  purged   added
==========================================================================================================================
   1    43.08     396.01    4   4e-01    828    -151   +479   
   2    43.14     384.51    6   3e-01   1102    -178   +452   
   3    43.20     379.72   10   3e-01   1290    -254   +442   
   4    43.27     376.03   11   3e-01   1430    -264   +404   
   5    43.46     374.43   12   2e-01   1475    -322   +367    6e-01    474    -0     +474    7e-01    440    -0     +440  
   6    43.67     372.11   18   1e-01   1249    -326   +100    5e-01    692    -161   +379    5e-01    507    -224   +291  
   7    43.88     370.33   24   1e-01   1103    -204   +58     4e-01    866    -180   +354    5e-01    574    -175   +242  
   8    44.10     369.04   21   1e-01   1055    -117   +69     5e-01   1014    -166   +314    5e-01    655    -134   +215  
   9    44.21     367.68   23   1e-01   1055    -0     +0      5e-01   1014    -0     +0      5e-01    655    -0     +0    
==========================================================================================================================
Prune!
==========================================================================================================================
Depth = 5, Bound = 367.68, Best = 367

Fixing x[80] = 1

**************************************************************************************************************************
                                               Node 55
**************************************************************************************************************************
Problem size 95
Fixed variables: (x[7],0) (x[78],0) (x[80],1) (x[83],0) (x[89],1)
==========================================================================================================================
starting bound     cut  triangles added  violation
        414.71     367              500       0.49
==========================================================================================================================
iter     time      bound  bdl   viol3  triag  purged   added   viol5  penta  purged   added   viol7  hepta  purged   added
==========================================================================================================================
   1    44.27     397.55    4   4e-01    793    -184   +477   
   2    44.32     387.08    6   3e-01   1075    -182   +464   
   3    44.38     382.58    7   3e-01   1321    -205   +451   
   4    44.59     380.11   10   2e-01   1407    -349   +435    7e-01    480    -0     +480    7e-01    480    -0     +480  
   5    44.81     377.72   14   2e-01   1455    -341   +389    6e-01    821    -138   +479    7e-01    795    -156   +471  
   6    45.04     374.93   15   2e-01   1483    -314   +342    6e-01   1078    -209   +466    5e-01    999    -248   +452  
   7    45.28     373.55   22   1e-01   1217    -335   +69     5e-01   1219    -265   +406    6e-01   1087    -304   +392  
   8    45.54     372.37   18   2e-01   1448    -152   +383    5e-01   1440    -251   +472    6e-01   1312    -220   +445  
   9    45.82     371.35   21   8e-02   1121    -351   +24     4e-01   1447    -369   +376    5e-01   1277    -373   +338  
  10    46.09     370.42   23   9e-02   1007    -150   +36     5e-01   1610    -207   +370    4e-01   1314    -274   +311  
  11    46.39     369.45   25   9e-02    902    -122   +17     4e-01   1621    -306   +317    5e-01   1297    -290   +273  
  12    46.69     369.03   14   1e-01    902    -55    +55     3e-01   1718    -253   +350    5e-01   1417    -190   +310  
  13    47.00     368.42   23   1e-01    919    -78    +95     4e-01   1888    -231   +401    5e-01   1525    -246   +354  
  14    47.34     368.02   25   6e-02    834    -92    +7      3e-01   1829    -331   +272    4e-01   1489    -281   +245  
  15    47.39     367.93   26   6e-02    834    -0     +0      3e-01   1829    -0     +0      4e-01   1489    -0     +0    
==========================================================================================================================
Prune!
==========================================================================================================================
Depth = 5, Bound = 367.93, Best = 367

Branching on x[49] = 0.49
Fixing x[49] = 0

**************************************************************************************************************************
                                               Node 56
**************************************************************************************************************************
Problem size 95
Fixed variables: (x[16],1) (x[49],0) (x[83],0) (x[89],0) (x[91],1)
==========================================================================================================================
starting bound     cut  triangles added  violation
        413.41     367              500       0.49
==========================================================================================================================
iter     time      bound  bdl   viol3  triag  purged   added   viol5  penta  purged   added   viol7  hepta  purged   added
==========================================================================================================================
   1    47.45     395.24    5   4e-01    846    -137   +483   
   2    47.50     387.43    5   4e-01   1159    -132   +445   
   3    47.57     382.87    8   3e-01   1400    -225   +466   
   4    47.77     379.66    9   2e-01   1445    -340   +385    6e-01    479    -0     +479    7e-01    474    -0     +474  
   5    47.98     376.56   11   2e-01   1511    -299   +365    6e-01    823    -131   +475    7e-01    777    -161   +464  
   6    48.20     374.19   17   1e-01   1325    -360   +174    6e-01   1070    -208   +455    6e-01    922    -264   +409  
   7    48.44     372.35   20   1e-01   1256    -220   +151    4e-01   1244    -248   +422    6e-01   1009    -284   +371  
   8    48.68     371.06   21   1e-01   1116    -185   +45     4e-01   1313    -258   +327    5e-01   1010    -279   +280  
   9    48.93     369.78   24   9e-02   1008    -136   +28     3e-01   1429    -209   +325    5e-01   1008    -241   +239  
  10    49.20     369.39   22   1e-01   1128    -77    +197    4e-01   1607    -226   +404    5e-01   1176    -163   +331  
  11    49.48     368.65   24   1e-01   1028    -177   +77     4e-01   1654    -324   +371    4e-01   1191    -280   +295  
  12    49.63     367.97   29   1e-01   1028    -0     +0      4e-01   1654    -0     +0      4e-01   1191    -0     +0    
==========================================================================================================================
Prune!
==========================================================================================================================
Depth = 5, Bound = 367.97, Best = 367

Fixing x[49] = 1

**************************************************************************************************************************
                                               Node 57
**************************************************************************************************************************
Problem size 95
Fixed variables: (x[16],1) (x[49],1) (x[83],0) (x[89],0) (x[91],1)
==========================================================================================================================
starting bound     cut  triangles added  violation
        412.14     367              500       0.50
==========================================================================================================================
iter     time      bound  bdl   viol3  triag  purged   added   viol5  penta  purged   added   viol7  hepta  purged   added
==========================================================================================================================
   1    49.68     392.01    3   4e-01    824    -162   +486   
   2    49.73     384.98    6   3e-01   1055    -235   +466   
   3    49.78     380.32    8   3e-01   1226    -257   +428   
   4    49.96     376.16    8   2e-01   1391    -239   +404    8e-01    477    -0     +477    7e-01    469    -0     +469  
   5    50.15     373.70   13   2e-01   1407    -300   +316    6e-01    752    -165   +440    6e-01    600    -252   +383  
   6    50.36     371.52   16   2e-01   1423    -281   +297    5e-01    958    -228   +434    6e-01    706    -267   +373  
   7    50.57     369.78   14   1e-01   1244    -305   +126    5e-01   1065    -254   +361    5e-01    715    -268   +277  
   8    50.80     368.51   23   8e-02   1051    -213   +20     5e-01   1100    -244   +279    4e-01    687    -212   +184  
   9    50.83     368.00   23   8e-02   1051    -0     +0      5e-01   1100    -0     +0      4e-01    687    -0     +0    
==========================================================================================================================
Prune!
==========================================================================================================================
Depth = 5, Bound = 368.00, Best = 367

Branching on x[87] = 0.50
Fixing x[87] = 0

**************************************************************************************************************************
                                               Node 58
**************************************************************************************************************************
Problem size 94
Fixed variables: (x[65],0) (x[83],1) (x[87],0) (x[90],1) (x[91],1) (x[95],1)
==========================================================================================================================
starting bound     cut  triangles added  violation
        413.21     367              500       0.50
==========================================================================================================================
iter     time      bound  bdl   viol3  triag  purged   added   viol5  penta  purged   added   viol7  hepta  purged   added
==========================================================================================================================
   1    50.88     393.78    4   4e-01    817    -162   +479   
   2    50.94     383.48    6   4e-01   1089    -203   +475   
   3    51.00     378.94    7   3e-01   1305    -254   +470   
   4    51.07     376.63    8   3e-01   1472    -287   +454   
   5    51.27     374.76   13   2e-01   1531    -350   +409    6e-01    480    -0     +480    7e-01    477    -0     +477  
   6    51.49     372.47   14   1e-01   1539    -329   +337    5e-01    811    -139   +470    6e-01    753    -169   +445  
   7    51.72     370.66   18   1e-01   1384    -290   +135    5e-01   1062    -198   +449    5e-01    959    -203   +409  
   8    51.96     369.36   19   1e-01   1227    -200   +43     5e-01   1210    -231   +379    5e-01   1056    -258   +355  
   9    52.21     368.12   17   2e-01   1500    -122   +395    5e-01   1499    -179   +468    6e-01   1289    -214   +447  
  10    52.28     367.95   21   2e-01   1500    -0     +0      5e-01   1499    -0     +0      6e-01   1289    -0     +0    
==========================================================================================================================
Prune!
==========================================================================================================================
Depth = 6, Bound = 367.95, Best = 367

Fixing x[87] = 1

**************************************************************************************************************************
                                               Node 59
**************************************************************************************************************************
Problem size 94
Fixed variables: (x[65],0) (x[83],1) (x[87],1) (x[90],1) (x[91],1) (x[95],1)
==========================================================================================================================
starting bound     cut  triangles added  violation
        414.23     367              500       0.50
==========================================================================================================================
iter     time      bound  bdl   viol3  triag  purged   added   viol5  penta  purged   added   viol7  hepta  purged   added
==========================================================================================================================
   1    52.33     394.33    5   4e-01    850    -140   +490   
   2    52.39     386.25    7   3e-01   1091    -240   +481   
   3    52.45     382.84    8   4e-01   1408    -151   +468   
   4    52.67     379.51    7   2e-01   1527    -330   +449    7e-01    480    -0     +480    7e-01    480    -0     +480  
   5    52.89     376.77   13   2e-01   1570    -342   +385    6e-01    817    -143   +480    6e-01    809    -151   +480  
   6    53.12     374.50   16   1e-01   1511    -369   +310    5e-01   1070    -217   +470    6e-01   1035    -245   +471  
   7    53.38     372.86   14   2e-01   1617    -284   +390    5e-01   1313    -237   +480    6e-01   1275    -238   +478  
   8    53.64     371.72   21   9e-02   1281    -395   +59     4e-01   1408    -346   +441    6e-01   1344    -363   +432  
   9    53.92     370.81   22   1e-01   1156    -149   +24     4e-01   1591    -247   +430    5e-01   1435    -299   +390  
  10    54.21     369.83   20   2e-01   1469    -105   +418    5e-01   1802    -269   +480    6e-01   1642    -268   +475  
  11    54.52     369.24   21   1e-01   1183    -356   +70     4e-01   1843    -407   +448    4e-01   1670    -403   +431  
  12    54.84     368.74   23   1e-01   1179    -146   +142    3e-01   1968    -344   +469    5e-01   1832    -285   +447  
  13    55.18     368.17   21   8e-02   1070    -148   +39     3e-01   1966    -410   +408    4e-01   1925    -318   +411  
  14    55.28     367.87   22   8e-02   1070    -0     +0      3e-01   1966    -0     +0      4e-01   1925    -0     +0    
==========================================================================================================================
Prune!
==========================================================================================================================
Depth = 6, Bound = 367.87, Best = 367


Nodes = 59
Root node bound = 382.868
Maximum value = 367
Solution = ( 3 6 7 8 10 12 13 14 17 18 20 28 29 30 32 33 35 36 37 38 39 41 44 45 49 52 53 54 56 63 64 70 71 74 75 77 78 81 82 84 88 90 91 92 97 )
CPU time = 55.28 s

