Input file: ./Instances/rudy/pm1s_100.2

Graph has 100 vertices and 495 edges.

BiqBin parameters:
    init_bundle_iter = 5
     max_bundle_iter = 20
      min_outer_iter = 10
      max_outer_iter = 30
       violated_Ineq = 0.050000
             TriIneq = 500
         Pent_Trials = 160
        Hepta_Trials = 120
        include_Pent = 1
       include_Hepta = 1
                root = 0
            use_diff = 1
          time_limit = 0
   branchingStrategy = 1
      detailedOutput = 1

**************************************************************************************************************************
                                               Node 1
**************************************************************************************************************************
Problem size 100
Fixed variables:
Node 1 Feasible solution 123
==========================================================================================================================
starting bound     cut  triangles added  violation
        140.23     123              500       0.50
==========================================================================================================================
iter     time      bound  bdl   viol3  triag  purged   added   viol5  penta  purged   added   viol7  hepta  purged   added
==========================================================================================================================
Node 1 Feasible solution 124
   1     0.05     135.80    3   5e-01    804    -187   +491   
   2     0.10     133.68    4   4e-01    927    -363   +486   
   3     0.16     131.53    6   4e-01   1128    -270   +471   
   4     0.34     130.00    9   2e-01   1170    -384   +426    6e-01    479    -0     +479    7e-01    470    -0     +470  
Node 1 Feasible solution 125
   5     0.54     128.73   12   3e-01   1305    -269   +404    7e-01    748    -209   +478    6e-01    645    -265   +440  
   6     0.74     127.97   13   2e-01   1320    -328   +343    6e-01    883    -304   +439    5e-01    652    -334   +341  
   7     0.96     127.14   15   1e-01   1138    -297   +115    5e-01    934    -309   +360    4e-01    629    -268   +245  
   8     1.19     126.83   15   2e-01   1341    -118   +321    6e-01   1164    -192   +422    5e-01    815    -156   +342  
   9     1.43     126.35   20   9e-02   1083    -307   +49     3e-01   1080    -358   +274    4e-01    615    -353   +153  
  10     1.67     126.05   22   9e-02    974    -132   +23     4e-01   1149    -208   +277    5e-01    595    -169   +149  
  11     1.71     125.99   22   9e-02    974    -0     +0      4e-01   1149    -0     +0      5e-01    595    -0     +0    
==========================================================================================================================
Prune!
==========================================================================================================================
Depth = 0, Bound = 125.99, Best = 125


Nodes = 1
Root node bound = 125.995
Maximum value = 125
Solution = ( 1 3 4 6 10 11 12 14 15 18 19 20 21 24 26 28 29 30 31 32 33 36 37 46 47 48 55 56 60 62 63 68 70 71 72 74 75 77 78 83 84 85 89 91 92 93 95 96 97 99 )
CPU time = 1.71 s

