Input file: ./Instances/rudy/pm1s_100.5

Graph has 100 vertices and 495 edges.

BiqBin parameters:
    init_bundle_iter = 5
     max_bundle_iter = 20
      min_outer_iter = 10
      max_outer_iter = 30
       violated_Ineq = 0.050000
             TriIneq = 500
         Pent_Trials = 160
        Hepta_Trials = 120
        include_Pent = 1
       include_Hepta = 1
                root = 0
            use_diff = 1
          time_limit = 0
   branchingStrategy = 1
      detailedOutput = 1

**************************************************************************************************************************
                                               Node 1
**************************************************************************************************************************
Problem size 100
Fixed variables:
Node 1 Feasible solution 128
==========================================================================================================================
starting bound     cut  triangles added  violation
        144.66     128              500       0.49
==========================================================================================================================
iter     time      bound  bdl   viol3  triag  purged   added   viol5  penta  purged   added   viol7  hepta  purged   added
==========================================================================================================================
   1     0.05     139.88    3   4e-01    741    -241   +482   
   2     0.11     136.63    5   4e-01    943    -278   +480   
   3     0.16     134.88    6   4e-01   1175    -219   +451   
   4     0.34     133.35    8   3e-01   1313    -272   +410    7e-01    477    -0     +477    7e-01    453    -0     +453  
   5     0.52     132.01   11   2e-01   1403    -277   +367    6e-01    740    -194   +457    6e-01    613    -243   +403  
   6     0.72     131.06   15   1e-01   1305    -306   +208    5e-01    867    -251   +378    5e-01    536    -320   +243  
   7     0.94     130.31   20   1e-01   1232    -223   +150    5e-01    949    -240   +322    6e-01    513    -222   +199  
   8     1.15     129.88   21   2e-01   1197    -168   +133    4e-01   1039    -230   +320    4e-01    534    -159   +180  
   9     1.39     129.53   20   1e-01   1120    -162   +85     4e-01   1141    -221   +323    4e-01    538    -154   +158  
  10     1.62     129.22   19   2e-01   1100    -85    +65     5e-01   1249    -195   +303    5e-01    589    -108   +159  
  11     1.75     128.94   23   2e-01   1100    -0     +0      5e-01   1249    -0     +0      5e-01    589    -0     +0    
==========================================================================================================================
Prune!
==========================================================================================================================
Depth = 0, Bound = 128.94, Best = 128


Nodes = 1
Root node bound = 128.937
Maximum value = 128
Solution = ( 3 6 7 8 11 13 14 15 17 19 20 21 22 24 26 28 32 35 36 37 39 40 41 42 45 46 47 48 49 51 54 55 56 58 59 61 68 73 76 77 80 82 83 92 93 97 98 )
CPU time = 1.75 s

