Input file: ./Instances/rudy/pm1s_100.1

Graph has 100 vertices and 495 edges.

BiqBin parameters:
    init_bundle_iter = 5
     max_bundle_iter = 20
      min_outer_iter = 10
      max_outer_iter = 30
       violated_Ineq = 0.050000
             TriIneq = 500
         Pent_Trials = 160
        Hepta_Trials = 120
        include_Pent = 1
       include_Hepta = 1
                root = 0
            use_diff = 1
          time_limit = 0
   branchingStrategy = 1
      detailedOutput = 1

**************************************************************************************************************************
                                               Node 1
**************************************************************************************************************************
Problem size 100
Fixed variables:
Node 1 Feasible solution 126
==========================================================================================================================
starting bound     cut  triangles added  violation
        144.61     126              500       0.50
==========================================================================================================================
iter     time      bound  bdl   viol3  triag  purged   added   viol5  penta  purged   added   viol7  hepta  purged   added
==========================================================================================================================
   1     0.05     139.97    5   4e-01    795    -193   +488   
   2     0.10     136.58    8   3e-01   1034    -220   +459   
   3     0.16     134.61    6   4e-01   1282    -223   +471   
   4     0.34     133.25    7   3e-01   1349    -375   +442    7e-01    480    -0     +480    7e-01    472    -0     +472  
   5     0.54     132.45   12   2e-01   1382    -320   +353    6e-01    764    -185   +469    6e-01    619    -262   +409  
   6     0.74     131.41   12   2e-01   1412    -332   +362    6e-01    927    -276   +439    5e-01    630    -329   +340  
   7     0.95     130.78   17   1e-01   1266    -294   +148    5e-01   1023    -276   +372    5e-01    594    -292   +256  
   8     1.17     130.37   20   1e-01   1124    -205   +63     4e-01   1103    -231   +311    4e-01    587    -196   +189  
   9     1.40     129.97   19   1e-01   1124    -116   +116    4e-01   1212    -208   +317    5e-01    624    -169   +206  
  10     1.64     129.67   24   1e-01   1101    -90    +67     4e-01   1338    -187   +313    4e-01    631    -157   +164  
  11     1.88     129.34   25   1e-01    997    -138   +34     5e-01   1328    -260   +250    4e-01    556    -196   +121  
  12     2.14     129.14   25   8e-02    986    -47    +36     4e-01   1418    -152   +242    4e-01    585    -92    +121  
  13     2.40     128.95   25   1e-01    980    -53    +47     4e-01   1569    -136   +287    5e-01    627    -87    +129  
  14     2.68     128.78   27   8e-02    908    -77    +5      3e-01   1515    -214   +160    4e-01    568    -124   +65   
  15     2.96     128.64   27   9e-02    858    -62    +12     4e-01   1594    -112   +191    3e-01    569    -81    +82   
  16     3.25     128.52   27   7e-02    849    -30    +21     4e-01   1672    -103   +181    4e-01    608    -52    +91   
  17     3.55     128.40   27   7e-02    830    -28    +9      4e-01   1689    -135   +152    3e-01    600    -67    +59   
  18     3.73     128.34   30   7e-02    830    -0     +0      4e-01   1689    -0     +0      3e-01    600    -0     +0    
==========================================================================================================================
BOUNDING STOPPED: Gap to big!
==========================================================================================================================
Depth = 0, Bound = 128.34, Best = 126

Branching on x[34] = 0.50
Fixing x[34] = 0

**************************************************************************************************************************
                                               Node 2
**************************************************************************************************************************
Problem size 99
Fixed variables: (x[34],0)
==========================================================================================================================
BOUNDING STOPPED: Gap to big!
==========================================================================================================================
Depth = 1, Bound = 144.12, Best = 126

Fixing x[34] = 1

**************************************************************************************************************************
                                               Node 3
**************************************************************************************************************************
Problem size 99
Fixed variables: (x[34],1)
==========================================================================================================================
BOUNDING STOPPED: Gap to big!
==========================================================================================================================
Depth = 1, Bound = 143.93, Best = 126

Branching on x[6] = 0.49
Fixing x[6] = 0

**************************************************************************************************************************
                                               Node 4
**************************************************************************************************************************
Problem size 98
Fixed variables: (x[6],0) (x[34],0)
==========================================================================================================================
BOUNDING STOPPED: Gap to big!
==========================================================================================================================
Depth = 2, Bound = 143.32, Best = 126

Fixing x[6] = 1

**************************************************************************************************************************
                                               Node 5
**************************************************************************************************************************
Problem size 98
Fixed variables: (x[6],1) (x[34],0)
==========================================================================================================================
BOUNDING STOPPED: Gap to big!
==========================================================================================================================
Depth = 2, Bound = 143.32, Best = 126

Branching on x[27] = 0.51
Fixing x[27] = 0

**************************************************************************************************************************
                                               Node 6
**************************************************************************************************************************
Problem size 98
Fixed variables: (x[27],0) (x[34],1)
==========================================================================================================================
BOUNDING STOPPED: Gap to big!
==========================================================================================================================
Depth = 2, Bound = 143.63, Best = 126

Fixing x[27] = 1

**************************************************************************************************************************
                                               Node 7
**************************************************************************************************************************
Problem size 98
Fixed variables: (x[27],1) (x[34],1)
==========================================================================================================================
BOUNDING STOPPED: Gap to big!
==========================================================================================================================
Depth = 2, Bound = 143.32, Best = 126

Branching on x[23] = 0.50
Fixing x[23] = 0

**************************************************************************************************************************
                                               Node 8
**************************************************************************************************************************
Problem size 97
Fixed variables: (x[23],0) (x[27],0) (x[34],1)
==========================================================================================================================
starting bound     cut  triangles added  violation
        142.53     126              500       0.49
==========================================================================================================================
iter     time      bound  bdl   viol3  triag  purged   added   viol5  penta  purged   added   viol7  hepta  purged   added
==========================================================================================================================
   1     3.83     137.09    5   4e-01    784    -193   +477   
   2     3.88     133.51    5   4e-01   1055    -213   +484   
   3     3.94     131.70    6   3e-01   1212    -303   +460   
   4     4.01     130.76    7   3e-01   1324    -297   +409   
   5     4.20     129.71   11   2e-01   1438    -275   +389    6e-01    476    -0     +476    6e-01    456    -0     +456  
   6     4.40     128.75   16   1e-01   1447    -316   +325    6e-01    738    -182   +444    6e-01    567    -250   +361  
   7     4.60     128.16   21   2e-01   1361    -233   +147    5e-01    959    -173   +394    6e-01    632    -204   +269  
   8     4.81     127.75   21   1e-01   1331    -170   +140    5e-01   1142    -207   +390    5e-01    745    -197   +310  
   9     5.04     127.35   20   1e-01   1231    -190   +90     5e-01   1204    -281   +343    4e-01    745    -227   +227  
  10     5.13     126.98   23   1e-01   1231    -0     +0      5e-01   1204    -0     +0      4e-01    745    -0     +0    
==========================================================================================================================
Prune!
==========================================================================================================================
Depth = 3, Bound = 126.98, Best = 126

Fixing x[23] = 1

**************************************************************************************************************************
                                               Node 9
**************************************************************************************************************************
Problem size 97
Fixed variables: (x[23],1) (x[27],0) (x[34],1)
==========================================================================================================================
starting bound     cut  triangles added  violation
        142.46     126              500       0.49
==========================================================================================================================
iter     time      bound  bdl   viol3  triag  purged   added   viol5  penta  purged   added   viol7  hepta  purged   added
==========================================================================================================================
   1     5.18     136.96    5   4e-01    804    -160   +464   
   2     5.23     134.23    6   4e-01   1041    -222   +459   
   3     5.29     132.55    6   3e-01   1254    -230   +443   
   4     5.47     131.13    8   2e-01   1397    -274   +417    7e-01    480    -0     +480    7e-01    471    -0     +471  
   5     5.66     130.26   12   2e-01   1489    -267   +359    6e-01    782    -166   +468    6e-01    665    -236   +430  
   6     5.87     129.33   16   2e-01   1479    -336   +326    6e-01    977    -253   +448    5e-01    753    -307   +395  
   7     6.09     128.70   17   2e-01   1329    -296   +146    5e-01   1105    -277   +405    7e-01    761    -310   +318  
   8     6.31     128.14   21   1e-01   1248    -194   +113    5e-01   1234    -255   +384    5e-01    754    -279   +272  
   9     6.55     127.84   17   2e-01   1361    -136   +249    5e-01   1417    -251   +434    6e-01    883    -195   +324  
  10     6.80     127.57   19   9e-02   1164    -246   +49     5e-01   1420    -330   +333    5e-01    852    -264   +233  
  11     7.05     127.26   19   1e-01   1128    -118   +82     5e-01   1536    -252   +368    4e-01    886    -203   +237  
  12     7.31     127.01   24   6e-02   1011    -118   +1      4e-01   1437    -334   +235    4e-01    803    -237   +154  
  13     7.34     126.97   26   6e-02   1011    -0     +0      4e-01   1437    -0     +0      4e-01    803    -0     +0    
==========================================================================================================================
Prune!
==========================================================================================================================
Depth = 3, Bound = 126.97, Best = 126

Branching on x[47] = 0.49
Fixing x[47] = 0

**************************************************************************************************************************
                                               Node 10
**************************************************************************************************************************
Problem size 97
Fixed variables: (x[6],1) (x[34],0) (x[47],0)
==========================================================================================================================
starting bound     cut  triangles added  violation
        142.71     126              500       0.49
==========================================================================================================================
iter     time      bound  bdl   viol3  triag  purged   added   viol5  penta  purged   added   viol7  hepta  purged   added
==========================================================================================================================
   1     7.38     137.01    5   4e-01    824    -152   +476   
   2     7.43     133.92    6   3e-01   1030    -258   +464   
   3     7.49     132.06    9   3e-01   1176    -309   +455   
   4     7.66     130.75    9   3e-01   1397    -193   +414    7e-01    480    -0     +480    7e-01    476    -0     +476  
   5     7.85     129.65   12   2e-01   1417    -338   +358    7e-01    675    -249   +444    6e-01    530    -330   +384  
   6     8.04     128.85   16   1e-01   1350    -288   +221    5e-01    842    -220   +387    5e-01    554    -260   +284  
   7     8.25     128.26   17   1e-01   1372    -194   +216    5e-01   1025    -213   +396    5e-01    624    -192   +262  
   8     8.46     127.91   23   1e-01   1243    -201   +72     5e-01   1108    -245   +328    4e-01    630    -193   +199  
   9     8.68     127.44   22   1e-01   1189    -136   +82     4e-01   1204    -235   +331    3e-01    615    -168   +153  
  10     8.91     127.18   23   1e-01   1160    -115   +86     4e-01   1269    -234   +299    4e-01    637    -149   +171  
  11     8.99     126.99   27   1e-01   1160    -0     +0      4e-01   1269    -0     +0      4e-01    637    -0     +0    
==========================================================================================================================
Prune!
==========================================================================================================================
Depth = 3, Bound = 126.99, Best = 126

Fixing x[47] = 1

**************************************************************************************************************************
                                               Node 11
**************************************************************************************************************************
Problem size 97
Fixed variables: (x[6],1) (x[34],0) (x[47],1)
==========================================================================================================================
starting bound     cut  triangles added  violation
        142.75     126              500       0.50
==========================================================================================================================
iter     time      bound  bdl   viol3  triag  purged   added   viol5  penta  purged   added   viol7  hepta  purged   added
==========================================================================================================================
   1     9.03     137.94    5   4e-01    792    -182   +474   
   2     9.08     134.13    7   3e-01   1031    -235   +474   
   3     9.14     132.44    5   3e-01   1208    -262   +439   
   4     9.31     131.15    8   3e-01   1327    -297   +416    7e-01    480    -0     +480    7e-01    468    -0     +468  
   5     9.50     130.01   11   3e-01   1455    -286   +414    6e-01    763    -196   +479    7e-01    639    -285   +456  
   6     9.71     129.34   15   2e-01   1252    -407   +204    5e-01    841    -333   +411    5e-01    583    -382   +326  
   7     9.91     128.66   14   2e-01   1356    -173   +277    5e-01   1036    -210   +405    5e-01    630    -225   +272  
   8    10.13     128.07   18   1e-01   1214    -254   +112    5e-01   1122    -240   +326    4e-01    627    -221   +218  
   9    10.35     127.74   16   1e-01   1245    -158   +189    6e-01   1286    -227   +391    4e-01    754    -172   +299  
  10    10.58     127.48   16   9e-02   1112    -158   +25     4e-01   1323    -260   +297    4e-01    717    -223   +186  
  11    10.81     127.16   21   1e-01   1041    -111   +40     5e-01   1381    -209   +267    4e-01    689    -175   +147  
  12    10.90     127.00   23   1e-01   1041    -0     +0      5e-01   1381    -0     +0      4e-01    689    -0     +0    
==========================================================================================================================
Prune!
==========================================================================================================================
Depth = 3, Bound = 127.00, Best = 126

Branching on x[51] = 0.48
Fixing x[51] = 0

**************************************************************************************************************************
                                               Node 12
**************************************************************************************************************************
Problem size 97
Fixed variables: (x[27],1) (x[34],1) (x[51],0)
==========================================================================================================================
starting bound     cut  triangles added  violation
        142.97     126              500       0.50
==========================================================================================================================
iter     time      bound  bdl   viol3  triag  purged   added   viol5  penta  purged   added   viol7  hepta  purged   added
==========================================================================================================================
   1    10.95     137.52    5   4e-01    795    -185   +480   
   2    11.00     135.12    6   4e-01    998    -266   +469   
   3    11.05     132.70    5   4e-01   1273    -187   +462   
   4    11.23     131.45    9   3e-01   1337    -375   +439    7e-01    480    -0     +480    7e-01    476    -0     +476  
   5    11.43     130.39   12   2e-01   1443    -291   +397    6e-01    773    -186   +479    6e-01    694    -242   +460  
   6    11.63     129.40   14   2e-01   1319    -361   +237    5e-01    918    -294   +439    5e-01    703    -345   +354  
   7    11.84     128.68   16   1e-01   1373    -184   +238    5e-01   1096    -235   +413    5e-01    817    -231   +345  
   8    12.07     128.32   20   1e-01   1323    -198   +148    5e-01   1259    -237   +400    5e-01    836    -248   +267  
   9    12.30     127.89   22   1e-01   1246    -165   +88     5e-01   1384    -242   +367    5e-01    879    -215   +258  
  10    12.55     127.58   23   2e-01   1189    -129   +72     4e-01   1452    -284   +352    4e-01    905    -232   +258  
  11    12.80     127.32   25   8e-02   1084    -115   +10     5e-01   1425    -275   +248    5e-01    862    -222   +179  
  12    13.06     127.16   27   7e-02   1026    -84    +26     4e-01   1555    -147   +277    3e-01    906    -141   +185  
  13    13.18     126.99   22   7e-02   1026    -0     +0      4e-01   1555    -0     +0      3e-01    906    -0     +0    
==========================================================================================================================
Prune!
==========================================================================================================================
Depth = 3, Bound = 126.99, Best = 126

Fixing x[51] = 1

**************************************************************************************************************************
                                               Node 13
**************************************************************************************************************************
Problem size 97
Fixed variables: (x[27],1) (x[34],1) (x[51],1)
==========================================================================================================================
starting bound     cut  triangles added  violation
        142.46     126              500       0.50
==========================================================================================================================
iter     time      bound  bdl   viol3  triag  purged   added   viol5  penta  purged   added   viol7  hepta  purged   added
==========================================================================================================================
   1    13.22     137.74    4   4e-01    788    -196   +484   
   2    13.27     134.70    6   4e-01   1007    -258   +477   
   3    13.33     132.85    8   3e-01   1242    -207   +442   
   4    13.51     131.48    7   2e-01   1311    -339   +408    7e-01    477    -0     +477    6e-01    464    -0     +464  
   5    13.69     130.48   11   2e-01   1444    -235   +368    6e-01    830    -116   +469    6e-01    723    -183   +442  
   6    13.89     129.48   16   2e-01   1333    -329   +218    5e-01    990    -258   +418    5e-01    700    -347   +324  
   7    14.10     128.74   15   1e-01   1294    -254   +215    6e-01   1158    -226   +394    6e-01    688    -278   +266  
   8    14.31     128.21   21   1e-01   1116    -220   +42     4e-01   1205    -253   +300    4e-01    630    -243   +185  
   9    14.54     127.87   15   2e-01   1353    -78    +315    5e-01   1442    -186   +423    4e-01    797    -141   +308  
  10    14.78     127.65   20   7e-02   1084    -281   +12     4e-01   1409    -301   +268    4e-01    740    -251   +194  
  11    15.02     127.34   23   1e-01   1089    -102   +107    5e-01   1539    -208   +338    5e-01    806    -138   +204  
  12    15.28     127.16   24   5e-02    983    -108   +2      3e-01   1497    -253   +211    4e-01    754    -169   +117  
  13    15.40     127.00   20   5e-02    983    -0     +0      3e-01   1497    -0     +0      4e-01    754    -0     +0    
==========================================================================================================================
Prune!
==========================================================================================================================
Depth = 3, Bound = 127.00, Best = 126

Branching on x[45] = 0.50
Fixing x[45] = 0

**************************************************************************************************************************
                                               Node 14
**************************************************************************************************************************
Problem size 97
Fixed variables: (x[6],0) (x[34],0) (x[45],0)
==========================================================================================================================
starting bound     cut  triangles added  violation
        142.54     126              500       0.50
==========================================================================================================================
iter     time      bound  bdl   viol3  triag  purged   added   viol5  penta  purged   added   viol7  hepta  purged   added
==========================================================================================================================
   1    15.45     137.48    5   4e-01    791    -180   +471   
   2    15.50     134.75    4   4e-01   1119    -124   +452   
   3    15.56     133.01    6   3e-01   1257    -311   +449   
   4    15.73     131.42    9   3e-01   1333    -344   +420    7e-01    479    -0     +479    7e-01    470    -0     +470  
   5    15.92     130.12   12   2e-01   1396    -320   +383    6e-01    770    -159   +450    5e-01    619    -256   +405  
   6    16.11     129.28   15   2e-01   1422    -271   +297    5e-01    912    -263   +405    5e-01    616    -327   +324  
   7    16.32     128.58   15   2e-01   1503    -241   +322    5e-01   1082    -236   +406    5e-01    686    -232   +302  
   8    16.53     128.13   20   1e-01   1249    -314   +60     5e-01   1115    -302   +335    6e-01    598    -282   +194  
   9    16.75     127.70   23   1e-01   1111    -167   +29     5e-01   1161    -227   +273    5e-01    594    -152   +148  
  10    16.97     127.37   20   1e-01   1210    -99    +198    5e-01   1334    -163   +336    4e-01    668    -123   +197  
  11    17.21     127.13   21   1e-01   1152    -144   +86     4e-01   1395    -235   +296    5e-01    644    -173   +149  
  12    17.27     126.99   23   1e-01   1152    -0     +0      4e-01   1395    -0     +0      5e-01    644    -0     +0    
==========================================================================================================================
Prune!
==========================================================================================================================
Depth = 3, Bound = 126.99, Best = 126

Fixing x[45] = 1

**************************************************************************************************************************
                                               Node 15
**************************************************************************************************************************
Problem size 97
Fixed variables: (x[6],0) (x[34],0) (x[45],1)
==========================================================================================================================
starting bound     cut  triangles added  violation
        142.66     126              500       0.50
==========================================================================================================================
iter     time      bound  bdl   viol3  triag  purged   added   viol5  penta  purged   added   viol7  hepta  purged   added
==========================================================================================================================
   1    17.32     137.81    5   4e-01    793    -177   +470   
   2    17.37     134.37    6   4e-01   1058    -204   +469   
   3    17.42     132.27    6   4e-01   1280    -237   +459   
   4    17.60     131.09    9   2e-01   1348    -339   +407    7e-01    480    -0     +480    7e-01    472    -0     +472  
   5    17.79     129.96    9   2e-01   1430    -320   +402    6e-01    766    -189   +475    7e-01    682    -235   +445  
   6    17.99     129.29   14   2e-01   1467    -322   +359    5e-01    969    -271   +474    6e-01    767    -343   +428  
   7    18.21     128.48   15   2e-01   1352    -387   +272    4e-01   1012    -373   +416    5e-01    703    -406   +342  
   8    18.44     128.09   19   2e-01   1317    -231   +196    5e-01   1173    -248   +409    5e-01    719    -271   +287  
   9    18.67     127.68   18   1e-01   1130    -252   +65     4e-01   1231    -300   +358    5e-01    706    -254   +241  
  10    18.91     127.39   23   1e-01   1235    -119   +224    6e-01   1401    -233   +403    5e-01    791    -177   +262  
  11    19.17     127.18   21   1e-01   1092    -185   +42     4e-01   1432    -302   +333    4e-01    834    -204   +247  
  12    19.43     127.01   19   8e-02   1053    -71    +32     5e-01   1517    -216   +301    4e-01    854    -170   +190  
  13    19.46     126.91   18   8e-02   1053    -0     +0      5e-01   1517    -0     +0      4e-01    854    -0     +0    
==========================================================================================================================
Prune!
==========================================================================================================================
Depth = 3, Bound = 126.91, Best = 126


Nodes = 15
Root node bound = 128.342
Maximum value = 126
Solution = ( 2 3 4 11 12 13 14 15 20 21 22 24 25 26 28 30 35 36 38 41 43 44 48 49 50 51 53 56 57 59 61 63 64 66 68 69 75 76 77 79 82 84 86 87 89 93 95 )
CPU time = 19.46 s

