Input file: ./Instances/rudy/pm1s_100.6

Graph has 100 vertices and 495 edges.

BiqBin parameters:
    init_bundle_iter = 5
     max_bundle_iter = 20
      min_outer_iter = 10
      max_outer_iter = 30
       violated_Ineq = 0.050000
             TriIneq = 500
         Pent_Trials = 160
        Hepta_Trials = 120
        include_Pent = 1
       include_Hepta = 1
                root = 0
            use_diff = 1
          time_limit = 0
   branchingStrategy = 1
      detailedOutput = 1

**************************************************************************************************************************
                                               Node 1
**************************************************************************************************************************
Problem size 100
Fixed variables:
Node 1 Feasible solution 119
==========================================================================================================================
starting bound     cut  triangles added  violation
        139.91     119              500       0.50
==========================================================================================================================
iter     time      bound  bdl   viol3  triag  purged   added   viol5  penta  purged   added   viol7  hepta  purged   added
==========================================================================================================================
Node 1 Feasible solution 122
   1     0.05     134.75    4   4e-01    759    -231   +490   
   2     0.10     132.15    8   4e-01    985    -248   +474   
   3     0.17     130.18    7   4e-01   1184    -242   +441   
   4     0.34     128.55    9   3e-01   1311    -309   +436    7e-01    476    -0     +476    6e-01    456    -0     +456  
   5     0.53     127.64   11   2e-01   1401    -296   +386    6e-01    746    -192   +462    6e-01    596    -267   +407  
   6     0.74     126.95   14   2e-01   1297    -306   +202    5e-01    841    -306   +401    5e-01    570    -303   +277  
   7     0.94     126.25   15   1e-01   1204    -237   +144    5e-01    895    -280   +334    4e-01    545    -252   +227  
   8     1.17     125.74   20   1e-01   1096    -166   +58     5e-01    985    -214   +304    5e-01    524    -190   +169  
   9     1.39     125.28   16   1e-01   1085    -107   +96     4e-01   1142    -157   +314    5e-01    572    -119   +167  
  10     1.63     124.92   24   8e-02   1001    -105   +21     3e-01   1165    -227   +250    3e-01    535    -149   +112  
  11     1.87     124.69   22   1e-01    968    -70    +37     4e-01   1243    -164   +242    5e-01    568    -105   +138  
  12     2.12     124.48   24   7e-02    930    -45    +7      3e-01   1267    -166   +190    4e-01    568    -102   +102  
  13     2.38     124.27   24   9e-02    911    -49    +30     4e-01   1332    -130   +195    4e-01    584    -82    +98   
  14     2.66     124.10   26   9e-02    896    -45    +30     4e-01   1399    -131   +198    3e-01    591    -90    +97   
  15     2.95     123.95   29   7e-02    881    -37    +22     3e-01   1461    -118   +180    3e-01    604    -69    +82   
  16     3.24     123.81   26   9e-02    852    -41    +12     3e-01   1500    -127   +166    3e-01    604    -73    +73   
  17     3.54     123.74   25   1e-01    858    -26    +32     4e-01   1602    -91    +193    3e-01    656    -41    +93   
  18     3.84     123.64   29   8e-02    818    -41    +1      3e-01   1591    -134   +123    2e-01    660    -57    +61   
  19     4.14     123.57   33   7e-02    802    -19    +3      3e-01   1628    -78    +115    4e-01    666    -49    +55   
  20     4.44     123.50   32   6e-02    792    -16    +6      3e-01   1674    -73    +119    5e-01    688    -43    +65   
  21     4.74     123.45   29   5e-02    781    -13    +2      2e-01   1713    -68    +107    4e-01    695    -44    +51   
  22     5.05     123.37   32   6e-02    773    -13    +5      3e-01   1787    -60    +134    3e-01    719    -45    +69   
  23     5.23     123.34   32   6e-02    773    -0     +0      3e-01   1787    -0     +0      3e-01    719    -0     +0    
==========================================================================================================================
BOUNDING STOPPED: Gap to big!
==========================================================================================================================
Depth = 0, Bound = 123.34, Best = 122

Branching on x[41] = 0.50
Fixing x[41] = 0

**************************************************************************************************************************
                                               Node 2
**************************************************************************************************************************
Problem size 99
Fixed variables: (x[41],0)
==========================================================================================================================
starting bound     cut  triangles added  violation
        139.07     122              500       0.50
==========================================================================================================================
iter     time      bound  bdl   viol3  triag  purged   added   viol5  penta  purged   added   viol7  hepta  purged   added
==========================================================================================================================
   1     5.28     133.90    4   4e-01    784    -205   +489   
   2     5.33     130.86    7   4e-01   1062    -195   +473   
   3     5.39     128.89    8   4e-01   1190    -328   +456   
   4     5.57     127.93    8   3e-01   1312    -290   +412    7e-01    477    -0     +477    8e-01    466    -0     +466  
   5     5.76     126.84   11   2e-01   1405    -309   +402    7e-01    733    -218   +474    6e-01    590    -307   +431  
   6     5.96     125.78   13   2e-01   1397    -357   +349    6e-01    847    -308   +422    5e-01    566    -336   +312  
   7     6.17     125.25   18   1e-01   1252    -245   +100    5e-01    959    -245   +357    5e-01    541    -238   +213  
   8     6.39     124.77   20   1e-01   1192    -165   +105    4e-01   1072    -230   +343    5e-01    571    -186   +216  
   9     6.62     124.40   13   1e-01   1210    -109   +127    5e-01   1188    -219   +335    5e-01    634    -161   +224  
  10     6.85     124.08   21   1e-01   1110    -125   +25     4e-01   1275    -209   +296    4e-01    641    -154   +161  
  11     7.10     123.84   23   1e-01   1036    -97    +23     4e-01   1317    -194   +236    3e-01    619    -149   +127  
  12     7.35     123.57   22   9e-02    983    -91    +38     5e-01   1383    -175   +241    5e-01    615    -129   +125  
  13     7.62     123.42   27   6e-02    911    -75    +3      4e-01   1377    -160   +154    3e-01    553    -133   +71   
  14     7.89     123.25   23   9e-02    897    -33    +19     3e-01   1489    -88    +200    3e-01    598    -55    +100  
  15     8.18     123.10   26   5e-02    852    -45    +0      3e-01   1544    -116   +171    3e-01    637    -51    +90   
  16     8.31     122.99   26   5e-02    852    -0     +0      3e-01   1544    -0     +0      3e-01    637    -0     +0    
==========================================================================================================================
Prune!
==========================================================================================================================
Depth = 1, Bound = 122.99, Best = 122

Fixing x[41] = 1

**************************************************************************************************************************
                                               Node 3
**************************************************************************************************************************
Problem size 99
Fixed variables: (x[41],1)
==========================================================================================================================
starting bound     cut  triangles added  violation
        138.99     122              500       0.49
==========================================================================================================================
iter     time      bound  bdl   viol3  triag  purged   added   viol5  penta  purged   added   viol7  hepta  purged   added
==========================================================================================================================
   1     8.36     133.66    5   4e-01    794    -188   +482   
   2     8.42     130.48    8   3e-01   1040    -193   +439   
   3     8.48     128.53    7   3e-01   1301    -210   +471   
   4     8.66     127.56   10   3e-01   1387    -346   +432    7e-01    480    -0     +480    7e-01    460    -0     +460  
   5     8.85     126.58   11   3e-01   1469    -345   +427    7e-01    750    -206   +476    7e-01    626    -284   +450  
   6     9.06     125.83   15   1e-01   1319    -399   +249    6e-01    792    -365   +407    5e-01    496    -429   +299  
   7     9.27     125.33   16   2e-01   1443    -191   +315    5e-01   1030    -187   +425    5e-01    646    -155   +305  
   8     9.49     124.87   19   9e-02   1146    -323   +26     5e-01   1027    -296   +293    5e-01    544    -275   +173  
   9     9.72     124.45   21   9e-02   1081    -116   +51     4e-01   1120    -185   +278    4e-01    543    -170   +169  
  10     9.95     124.10   20   1e-01   1091    -93    +103    4e-01   1247    -184   +311    5e-01    593    -116   +166  
  11    10.21     123.92   24   1e-01   1056    -90    +55     4e-01   1351    -184   +288    4e-01    649    -92    +148  
  12    10.47     123.67   23   1e-01   1008    -70    +22     5e-01   1394    -193   +236    4e-01    649    -102   +102  
  13    10.73     123.55   25   7e-02    962    -51    +5      4e-01   1457    -158   +221    5e-01    683    -83    +117  
  14    11.01     123.40   25   7e-02    918    -47    +3      3e-01   1469    -138   +150    4e-01    674    -102   +93   
  15    11.29     123.22   30   7e-02    889    -37    +8      3e-01   1502    -137   +170    4e-01    675    -79    +80   
  16    11.60     123.13   35   6e-02    863    -29    +3      3e-01   1529    -101   +128    3e-01    670    -70    +65   
  17    11.90     123.06   28   9e-02    868    -16    +21     3e-01   1625    -100   +196    3e-01    702    -52    +84   
  18    12.03     122.98   29   9e-02    868    -0     +0      3e-01   1625    -0     +0      3e-01    702    -0     +0    
==========================================================================================================================
Prune!
==========================================================================================================================
Depth = 1, Bound = 122.98, Best = 122


Nodes = 3
Root node bound = 123.339
Maximum value = 122
Solution = ( 5 6 8 11 13 14 16 17 18 19 21 22 28 29 32 33 34 35 38 40 42 44 45 46 48 49 54 55 56 57 59 63 65 67 73 75 79 80 81 82 83 84 89 90 93 95 99 )
CPU time = 12.03 s

