Input file: ./Instances/rudy/pm1s_100.3

Graph has 100 vertices and 495 edges.

BiqBin parameters:
    init_bundle_iter = 5
     max_bundle_iter = 20
      min_outer_iter = 10
      max_outer_iter = 30
       violated_Ineq = 0.050000
             TriIneq = 500
         Pent_Trials = 160
        Hepta_Trials = 120
        include_Pent = 1
       include_Hepta = 1
                root = 0
            use_diff = 1
          time_limit = 0
   branchingStrategy = 1
      detailedOutput = 1

**************************************************************************************************************************
                                               Node 1
**************************************************************************************************************************
Problem size 100
Fixed variables:
Node 1 Feasible solution 111
==========================================================================================================================
starting bound     cut  triangles added  violation
        130.09     111              500       0.49
==========================================================================================================================
iter     time      bound  bdl   viol3  triag  purged   added   viol5  penta  purged   added   viol7  hepta  purged   added
==========================================================================================================================
   1     0.05     124.95    4   5e-01    796    -184   +480   
   2     0.10     121.68    8   3e-01   1024    -258   +486   
   3     0.16     119.85    6   3e-01   1208    -274   +458   
   4     0.33     118.76    9   2e-01   1295    -310   +397    7e-01    475    -0     +475    7e-01    451    -0     +451  
   5     0.52     117.63   10   2e-01   1390    -292   +387    6e-01    740    -192   +457    5e-01    576    -258   +383  
   6     0.72     116.63   13   2e-01   1369    -305   +284    5e-01    894    -255   +409    5e-01    578    -283   +285  
   7     0.93     115.97   18   1e-01   1254    -202   +87     4e-01    988    -227   +321    4e-01    530    -223   +175  
   8     1.14     115.43   19   1e-01   1168    -173   +87     5e-01   1025    -236   +273    5e-01    518    -160   +148  
   9     1.37     114.96   20   1e-01   1146    -125   +103    6e-01   1135    -183   +293    4e-01    516    -138   +136  
  10     1.60     114.76   19   9e-02   1066    -119   +39     5e-01   1198    -185   +248    4e-01    527    -109   +120  
  11     1.83     114.45   21   1e-01   1008    -92    +34     4e-01   1254    -161   +217    4e-01    521    -105   +99   
  12     2.08     114.18   27   9e-02    955    -69    +16     3e-01   1240    -184   +170    3e-01    499    -102   +80   
  13     2.34     114.02   23   1e-01    946    -38    +29     4e-01   1315    -97    +172    4e-01    518    -63    +82   
  14     2.61     113.83   27   1e-01    932    -38    +24     4e-01   1391    -100   +176    3e-01    559    -48    +89   
  15     2.89     113.69   30   5e-02    902    -34    +4      3e-01   1416    -122   +147    4e-01    540    -76    +57   
  16     3.18     113.58   26   6e-02    881    -27    +6      5e-01   1506    -71    +161    3e-01    563    -35    +58   
  17     3.35     113.48   28   6e-02    881    -0     +0      5e-01   1506    -0     +0      3e-01    563    -0     +0    
==========================================================================================================================
BOUNDING STOPPED: Gap to big!
==========================================================================================================================
Depth = 0, Bound = 113.48, Best = 111

Branching on x[63] = 0.50
Fixing x[63] = 0

**************************************************************************************************************************
                                               Node 2
**************************************************************************************************************************
Problem size 99
Fixed variables: (x[63],0)
==========================================================================================================================
BOUNDING STOPPED: Gap to big!
==========================================================================================================================
Depth = 1, Bound = 129.94, Best = 111

Fixing x[63] = 1

**************************************************************************************************************************
                                               Node 3
**************************************************************************************************************************
Problem size 99
Fixed variables: (x[63],1)
==========================================================================================================================
BOUNDING STOPPED: Gap to big!
==========================================================================================================================
Depth = 1, Bound = 129.02, Best = 111

Branching on x[19] = 0.50
Fixing x[19] = 0

**************************************************************************************************************************
                                               Node 4
**************************************************************************************************************************
Problem size 98
Fixed variables: (x[19],0) (x[63],0)
==========================================================================================================================
BOUNDING STOPPED: Gap to big!
==========================================================================================================================
Depth = 2, Bound = 128.84, Best = 111

Fixing x[19] = 1

**************************************************************************************************************************
                                               Node 5
**************************************************************************************************************************
Problem size 98
Fixed variables: (x[19],1) (x[63],0)
==========================================================================================================================
BOUNDING STOPPED: Gap to big!
==========================================================================================================================
Depth = 2, Bound = 129.08, Best = 111

Branching on x[30] = 0.50
Fixing x[30] = 0

**************************************************************************************************************************
                                               Node 6
**************************************************************************************************************************
Problem size 97
Fixed variables: (x[19],1) (x[30],0) (x[63],0)
==========================================================================================================================
starting bound     cut  triangles added  violation
        128.03     111              500       0.49
==========================================================================================================================
iter     time      bound  bdl   viol3  triag  purged   added   viol5  penta  purged   added   viol7  hepta  purged   added
==========================================================================================================================
   1     3.43     122.59    5   4e-01    814    -166   +480   
   2     3.48     119.77    5   4e-01   1166    -107   +459   
   3     3.64     117.83    7   3e-01   1164    -419   +417    7e-01    479    -0     +479    7e-01    469    -0     +469  
   4     3.71     116.09    9   3e-01   1364    -251   +451   
   5     3.89     115.58    9   3e-01   1497    -252   +385    7e-01    790    -167   +478    7e-01    682    -240   +453  
   6     4.09     114.81   12   2e-01   1515    -276   +294    6e-01    967    -260   +437    6e-01    694    -331   +343  
   7     4.29     114.14   16   2e-01   1453    -267   +205    4e-01   1125    -228   +386    5e-01    664    -272   +242  
   8     4.51     113.66   18   1e-01   1341    -218   +106    5e-01   1197    -261   +333    5e-01    663    -215   +214  
   9     4.73     113.18   19   1e-01   1199    -166   +24     4e-01   1209    -264   +276    6e-01    585    -220   +142  
  10     4.96     112.85   20   1e-01   1172    -115   +88     5e-01   1312    -189   +292    6e-01    628    -119   +162  
  11     5.20     112.63   20   1e-01   1094    -114   +36     4e-01   1374    -213   +275    4e-01    651    -128   +151  
  12     5.45     112.37   24   6e-02   1034    -68    +8      5e-01   1422    -160   +208    4e-01    645    -127   +121  
  13     5.71     112.17   26   7e-02    964    -80    +10     4e-01   1446    -171   +195    3e-01    623    -119   +97   
  14     5.98     112.06   24   1e-01    959    -36    +31     3e-01   1574    -119   +247    3e-01    670    -73    +120  
  15     6.00     111.98   25   1e-01    959    -0     +0      3e-01   1574    -0     +0      3e-01    670    -0     +0    
==========================================================================================================================
Prune!
==========================================================================================================================
Depth = 3, Bound = 111.98, Best = 111

Fixing x[30] = 1

**************************************************************************************************************************
                                               Node 7
**************************************************************************************************************************
Problem size 97
Fixed variables: (x[19],1) (x[30],1) (x[63],0)
==========================================================================================================================
starting bound     cut  triangles added  violation
        128.21     111              500       0.50
==========================================================================================================================
iter     time      bound  bdl   viol3  triag  purged   added   viol5  penta  purged   added   viol7  hepta  purged   added
==========================================================================================================================
   1     6.05     123.38    4   5e-01    798    -168   +466   
   2     6.09     119.48    6   4e-01   1025    -245   +472   
   3     6.15     117.59    7   4e-01   1294    -204   +473   
   4     6.33     116.26    7   3e-01   1353    -378   +437    7e-01    480    -0     +480    7e-01    469    -0     +469  
   5     6.51     115.20   12   2e-01   1398    -306   +351    6e-01    758    -189   +467    5e-01    597    -295   +423  
   6     6.70     114.17   14   2e-01   1373    -338   +313    5e-01    836    -314   +392    5e-01    530    -361   +294  
   7     6.91     113.43   15   1e-01   1339    -273   +239    5e-01    963    -258   +385    5e-01    543    -221   +234  
   8     7.12     113.02   19   1e-01   1262    -197   +120    4e-01   1037    -242   +316    4e-01    531    -193   +181  
   9     7.34     112.49   23   1e-01   1114    -178   +30     4e-01   1086    -219   +268    4e-01    527    -157   +153  
  10     7.57     112.28   20   1e-01   1175    -80    +141    5e-01   1243    -157   +314    4e-01    621    -105   +199  
  11     7.81     112.13   25   8e-02   1066    -128   +19     5e-01   1225    -241   +223    4e-01    591    -162   +132  
  12     7.86     111.97   27   8e-02   1066    -0     +0      5e-01   1225    -0     +0      4e-01    591    -0     +0    
==========================================================================================================================
Prune!
==========================================================================================================================
Depth = 3, Bound = 111.97, Best = 111

Branching on x[19] = 0.50
Fixing x[19] = 0

**************************************************************************************************************************
                                               Node 8
**************************************************************************************************************************
Problem size 98
Fixed variables: (x[19],0) (x[63],1)
==========================================================================================================================
starting bound     cut  triangles added  violation
        128.24     111              500       0.50
==========================================================================================================================
iter     time      bound  bdl   viol3  triag  purged   added   viol5  penta  purged   added   viol7  hepta  purged   added
==========================================================================================================================
   1     7.91     123.16    5   4e-01    797    -180   +477   
   2     7.96     120.00    4   4e-01   1077    -198   +478   
   3     8.01     118.15    6   4e-01   1142    -404   +469   
   4     8.18     116.96    8   3e-01   1252    -350   +460    7e-01    476    -0     +476    7e-01    466    -0     +466  
   5     8.37     115.76   12   2e-01   1321    -291   +360    6e-01    734    -185   +443    6e-01    521    -298   +353  
   6     8.56     114.91   15   2e-01   1296    -262   +237    6e-01    897    -220   +383    6e-01    533    -244   +256  
   7     8.76     114.22   16   2e-01   1383    -211   +298    6e-01   1070    -211   +384    4e-01    590    -206   +263  
   8     8.97     113.70   21   1e-01   1181    -271   +69     5e-01   1144    -246   +320    5e-01    574    -191   +175  
   9     9.19     113.29   19   1e-01   1110    -161   +90     5e-01   1227    -218   +301    4e-01    552    -176   +154  
  10     9.41     113.00   19   1e-01   1057    -118   +65     4e-01   1239    -233   +245    4e-01    518    -154   +120  
  11     9.64     112.75   23   6e-02    989    -78    +10     4e-01   1274    -175   +210    5e-01    513    -110   +105  
  12     9.88     112.49   23   1e-01    941    -64    +16     4e-01   1324    -143   +193    4e-01    521    -84    +92   
  13    10.13     112.28   24   8e-02    908    -44    +11     4e-01   1402    -107   +185    4e-01    521    -60    +60   
  14    10.39     112.10   24   6e-02    862    -55    +9      3e-01   1440    -126   +164    3e-01    512    -67    +58   
  15    10.50     111.99   27   6e-02    862    -0     +0      3e-01   1440    -0     +0      3e-01    512    -0     +0    
==========================================================================================================================
Prune!
==========================================================================================================================
Depth = 2, Bound = 111.99, Best = 111

Fixing x[19] = 1

**************************************************************************************************************************
                                               Node 9
**************************************************************************************************************************
Problem size 98
Fixed variables: (x[19],1) (x[63],1)
==========================================================================================================================
starting bound     cut  triangles added  violation
        128.57     111              500       0.49
==========================================================================================================================
iter     time      bound  bdl   viol3  triag  purged   added   viol5  penta  purged   added   viol7  hepta  purged   added
==========================================================================================================================
   1    10.55     123.71    4   5e-01    788    -192   +480   
   2    10.60     120.47    5   4e-01    980    -295   +487   
   3    10.66     118.84    7   3e-01   1147    -285   +452   
   4    10.82     117.17    8   3e-01   1279    -297   +429    7e-01    478    -0     +478    7e-01    445    -0     +445  
   5    11.01     116.00   10   2e-01   1374    -272   +367    6e-01    724    -216   +462    6e-01    547    -285   +387  
   6    11.20     115.16   16   2e-01   1354    -279   +259    6e-01    832    -271   +379    5e-01    512    -296   +261  
   7    11.40     114.42   17   1e-01   1260    -206   +112    5e-01    907    -236   +311    4e-01    499    -213   +200  
   8    11.61     113.94   18   1e-01   1150    -182   +72     4e-01   1001    -195   +289    4e-01    531    -131   +163  
   9    11.82     113.53   20   1e-01   1069    -135   +54     4e-01   1111    -165   +275    5e-01    547    -131   +147  
  10    12.05     113.23   20   1e-01   1174    -73    +178    4e-01   1302    -147   +338    6e-01    604    -110   +167  
  11    12.28     112.98   24   1e-01   1038    -163   +27     4e-01   1283    -241   +222    3e-01    538    -169   +103  
  12    12.53     112.77   24   8e-02    970    -83    +15     4e-01   1350    -142   +209    3e-01    543    -93    +98   
  13    12.78     112.55   25   8e-02    938    -49    +17     4e-01   1399    -141   +190    4e-01    539    -89    +85   
  14    13.04     112.42   26   1e-01    920    -37    +19     4e-01   1452    -128   +181    4e-01    555    -57    +73   
  15    13.31     112.27   33   8e-02    889    -38    +7      4e-01   1455    -131   +134    4e-01    536    -77    +58   
  16    13.60     112.11   31   7e-02    854    -46    +11     3e-01   1489    -95    +129    3e-01    532    -65    +61   
  17    13.88     112.03   30   7e-02    836    -23    +5      3e-01   1538    -88    +137    4e-01    553    -39    +60   
  18    13.97     111.97   31   7e-02    836    -0     +0      3e-01   1538    -0     +0      4e-01    553    -0     +0    
==========================================================================================================================
Prune!
==========================================================================================================================
Depth = 2, Bound = 111.97, Best = 111

Branching on x[20] = 0.52
Fixing x[20] = 0

**************************************************************************************************************************
                                               Node 10
**************************************************************************************************************************
Problem size 97
Fixed variables: (x[19],0) (x[20],0) (x[63],0)
==========================================================================================================================
starting bound     cut  triangles added  violation
        127.05     111              500       0.50
==========================================================================================================================
iter     time      bound  bdl   viol3  triag  purged   added   viol5  penta  purged   added   viol7  hepta  purged   added
==========================================================================================================================
   1    14.02     122.31    3   5e-01    800    -180   +480   
   2    14.07     119.07    7   4e-01    920    -351   +471   
   3    14.13     116.76    8   3e-01   1149    -218   +447   
   4    14.30     115.70    7   3e-01   1333    -227   +411    6e-01    478    -0     +478    8e-01    475    -0     +475  
   5    14.49     114.66   11   2e-01   1430    -248   +345    7e-01    750    -190   +462    6e-01    645    -265   +435  
   6    14.70     113.86   15   2e-01   1454    -269   +293    5e-01    945    -235   +430    6e-01    652    -315   +322  
   7    14.91     113.10   15   2e-01   1492    -249   +287    5e-01   1122    -253   +430    5e-01    735    -242   +325  
   8    15.13     112.58   22   1e-01   1285    -277   +70     4e-01   1190    -281   +349    5e-01    707    -270   +242  
   9    15.36     112.22   19   9e-02   1146    -181   +42     4e-01   1267    -226   +303    5e-01    716    -189   +198  
  10    15.46     111.93   20   9e-02   1146    -0     +0      4e-01   1267    -0     +0      5e-01    716    -0     +0    
==========================================================================================================================
Prune!
==========================================================================================================================
Depth = 3, Bound = 111.93, Best = 111

Fixing x[20] = 1

**************************************************************************************************************************
                                               Node 11
**************************************************************************************************************************
Problem size 97
Fixed variables: (x[19],0) (x[20],1) (x[63],0)
==========================================================================================================================
starting bound     cut  triangles added  violation
        127.43     111              500       0.49
==========================================================================================================================
iter     time      bound  bdl   viol3  triag  purged   added   viol5  penta  purged   added   viol7  hepta  purged   added
==========================================================================================================================
   1    15.51     122.35    5   4e-01    801    -177   +478   
   2    15.56     119.19    8   4e-01   1051    -215   +465   
   3    15.63     117.45    8   3e-01   1303    -188   +440   
   4    15.69     116.06    9   3e-01   1422    -322   +441   
   5    15.89     115.19   11   2e-01   1473    -341   +392    6e-01    479    -0     +479    7e-01    463    -0     +463  
   6    16.09     114.47   14   2e-01   1513    -318   +358    6e-01    775    -173   +469    6e-01    689    -197   +423  
   7    16.31     113.86   16   2e-01   1546    -292   +325    5e-01    934    -284   +443    5e-01    744    -301   +356  
   8    16.54     113.36   18   1e-01   1445    -322   +221    6e-01   1080    -275   +421    5e-01    822    -264   +342  
   9    16.77     112.95   19   1e-01   1222    -240   +17     6e-01   1146    -246   +312    5e-01    753    -276   +207  
  10    17.01     112.60   17   1e-01   1145    -140   +63     4e-01   1230    -236   +320    5e-01    802    -191   +240  
  11    17.27     112.33   20   8e-02   1065    -102   +22     4e-01   1319    -166   +255    3e-01    834    -171   +203  
  12    17.53     112.08   22   1e-01   1084    -63    +82     4e-01   1507    -168   +356    5e-01    969    -153   +288  
  13    17.62     111.99   20   1e-01   1084    -0     +0      4e-01   1507    -0     +0      5e-01    969    -0     +0    
==========================================================================================================================
Prune!
==========================================================================================================================
Depth = 3, Bound = 111.99, Best = 111


Nodes = 11
Root node bound = 113.477
Maximum value = 111
Solution = ( 1 3 6 9 15 20 21 23 24 28 29 30 33 34 36 38 41 42 44 45 46 47 50 52 53 54 56 61 62 67 68 69 70 71 73 74 75 80 82 83 84 87 90 91 94 95 96 )
CPU time = 17.62 s

