Input file: ./Instances/rudy/pw01_100.7

Graph has 100 vertices and 495 edges.

BiqBin parameters:
    init_bundle_iter = 5
     max_bundle_iter = 20
      min_outer_iter = 10
      max_outer_iter = 30
       violated_Ineq = 0.050000
             TriIneq = 500
         Pent_Trials = 160
        Hepta_Trials = 120
        include_Pent = 1
       include_Hepta = 1
                root = 0
            use_diff = 1
          time_limit = 0
   branchingStrategy = 1
      detailedOutput = 1

**************************************************************************************************************************
                                               Node 1
**************************************************************************************************************************
Problem size 100
Fixed variables:
Node 1 Feasible solution 2074
==========================================================================================================================
starting bound     cut  triangles added  violation
       2182.47    2074              500       0.50
==========================================================================================================================
iter     time      bound  bdl   viol3  triag  purged   added   viol5  penta  purged   added   viol7  hepta  purged   added
==========================================================================================================================
   1     0.05    2155.47    3   5e-01    764    -223   +487   
   2     0.11    2134.61    4   4e-01    946    -298   +480   
   3     0.18    2119.96    6   4e-01   1130    -302   +486   
   4     0.26    2112.74    8   4e-01   1294    -292   +456   
   5     0.45    2105.38   11   2e-01   1418    -302   +426    7e-01    478    -0     +478    7e-01    463    -0     +463  
   6     0.65    2098.39   11   2e-01   1498    -331   +411    6e-01    768    -169   +459    6e-01    612    -259   +408  
   7     0.87    2092.56   15   2e-01   1584    -292   +378    6e-01    995    -231   +458    6e-01    715    -272   +375  
   8     1.10    2089.47   21   2e-01   1549    -290   +255    4e-01   1139    -262   +406    5e-01    701    -290   +276  
   9     1.34    2087.00   19   1e-01   1384    -242   +77     5e-01   1258    -244   +363    4e-01    740    -205   +244  
  10     1.60    2084.14   20   2e-01   1514    -124   +254    5e-01   1493    -201   +436    5e-01    960    -151   +371  
  11     1.88    2082.65   24   9e-02   1323    -216   +25     4e-01   1553    -290   +350    3e-01    920    -274   +234  
  12     2.16    2080.52   23   1e-01   1227    -140   +44     5e-01   1626    -258   +331    4e-01    907    -215   +202  
  13     2.45    2079.23   26   8e-02   1117    -117   +7      3e-01   1632    -225   +231    4e-01    900    -163   +156  
  14     2.76    2077.96   25   1e-01   1096    -57    +36     3e-01   1806    -159   +333    4e-01    979    -116   +195  
  15     3.09    2077.45   20   1e-01   1123    -39    +66     4e-01   2011    -177   +382    4e-01   1105    -127   +253  
  16     3.43    2076.41   24   8e-02   1095    -63    +35     3e-01   2077    -252   +318    3e-01   1063    -238   +196  
  17     3.76    2075.89   27   7e-02   1061    -45    +11     3e-01   2119    -224   +266    4e-01   1076    -157   +170  
  18     4.09    2075.29   28   6e-02   1026    -38    +3      3e-01   2197    -165   +243    3e-01   1091    -113   +128  
  19     4.42    2075.05   29   5e-02    997    -30    +1      2e-01   2241    -144   +188    3e-01   1136    -82    +127  
  20     4.49    2074.90   21   5e-02    997    -0     +0      2e-01   2241    -0     +0      3e-01   1136    -0     +0    
==========================================================================================================================
Prune!
==========================================================================================================================
Depth = 0, Bound = 2074.90, Best = 2074


Nodes = 1
Root node bound = 2074.897
Maximum value = 2074
Solution = ( 2 5 6 8 9 10 11 13 14 15 18 19 20 21 22 27 28 29 30 31 33 34 35 37 38 41 42 43 45 53 54 55 57 63 65 66 68 70 72 79 80 82 83 84 88 89 90 93 94 95 97 98 99 )
CPU time = 4.49 s

