Input file: ./Instances/rudy/pw01_100.9

Graph has 100 vertices and 495 edges.

BiqBin parameters:
    init_bundle_iter = 5
     max_bundle_iter = 20
      min_outer_iter = 10
      max_outer_iter = 30
       violated_Ineq = 0.050000
             TriIneq = 500
         Pent_Trials = 160
        Hepta_Trials = 120
        include_Pent = 1
       include_Hepta = 1
                root = 0
            use_diff = 1
          time_limit = 0
   branchingStrategy = 1
      detailedOutput = 1

**************************************************************************************************************************
                                               Node 1
**************************************************************************************************************************
Problem size 100
Fixed variables:
Node 1 Feasible solution 2000
==========================================================================================================================
starting bound     cut  triangles added  violation
       2114.21    2000              500       0.49
==========================================================================================================================
iter     time      bound  bdl   viol3  triag  purged   added   viol5  penta  purged   added   viol7  hepta  purged   added
==========================================================================================================================
   1     0.05    2085.19    5   4e-01    788    -197   +485   
   2     0.10    2064.75    6   4e-01   1033    -213   +458   
   3     0.17    2051.99    7   3e-01   1259    -241   +467   
   4     0.34    2043.65   10   3e-01   1386    -318   +445    7e-01    475    -0     +475    6e-01    457    -0     +457  
   5     0.53    2038.38   13   2e-01   1524    -253   +391    7e-01    799    -146   +470    7e-01    640    -235   +418  
   6     0.74    2032.83   16   2e-01   1549    -336   +361    5e-01    965    -286   +452    6e-01    643    -341   +344  
Node 1 Feasible solution 2003
   7     0.95    2028.43   17   1e-01   1499    -289   +239    5e-01   1088    -283   +406    5e-01    653    -275   +285  
   8     1.18    2026.03   19   1e-01   1370    -238   +109    4e-01   1207    -249   +368    5e-01    653    -218   +218  
   9     1.41    2022.80   24   1e-01   1339    -162   +131    5e-01   1319    -222   +334    4e-01    664    -194   +205  
Node 1 Feasible solution 2004
  10     1.66    2021.45   25   9e-02   1197    -149   +7      4e-01   1384    -190   +255    3e-01    616    -173   +125  
  11     1.91    2019.79   23   1e-01   1170    -98    +71     4e-01   1545    -158   +319    4e-01    676    -98    +158  
  12     2.18    2018.16   25   1e-01   1143    -82    +55     3e-01   1649    -196   +300    4e-01    684    -146   +154  
  13     2.47    2017.06   24   9e-02   1096    -82    +35     4e-01   1711    -202   +264    3e-01    703    -111   +130  
  14     2.75    2016.02   29   8e-02   1049    -60    +13     4e-01   1810    -134   +233    4e-01    717    -100   +114  
  15     3.05    2015.12   33   7e-02   1022    -42    +15     4e-01   1920    -135   +245    3e-01    738    -77    +98   
  16     3.24    2014.46   32   7e-02   1022    -0     +0      4e-01   1920    -0     +0      3e-01    738    -0     +0    
==========================================================================================================================
BOUNDING STOPPED: Gap to big!
==========================================================================================================================
Depth = 0, Bound = 2014.46, Best = 2004

Branching on x[75] = 0.50
Fixing x[75] = 0

**************************************************************************************************************************
                                               Node 2
**************************************************************************************************************************
Problem size 99
Fixed variables: (x[75],0)
==========================================================================================================================
BOUNDING STOPPED: Gap to big!
==========================================================================================================================
Depth = 1, Bound = 2110.37, Best = 2004

Fixing x[75] = 1

**************************************************************************************************************************
                                               Node 3
**************************************************************************************************************************
Problem size 99
Fixed variables: (x[75],1)
==========================================================================================================================
BOUNDING STOPPED: Gap to big!
==========================================================================================================================
Depth = 1, Bound = 2109.40, Best = 2004

Branching on x[64] = 0.50
Fixing x[64] = 0

**************************************************************************************************************************
                                               Node 4
**************************************************************************************************************************
Problem size 98
Fixed variables: (x[64],0) (x[75],0)
==========================================================================================================================
BOUNDING STOPPED: Gap to big!
==========================================================================================================================
Depth = 2, Bound = 2105.26, Best = 2004

Fixing x[64] = 1

**************************************************************************************************************************
                                               Node 5
**************************************************************************************************************************
Problem size 98
Fixed variables: (x[64],1) (x[75],0)
==========================================================================================================================
BOUNDING STOPPED: Gap to big!
==========================================================================================================================
Depth = 2, Bound = 2104.94, Best = 2004

Branching on x[93] = 0.50
Fixing x[93] = 0

**************************************************************************************************************************
                                               Node 6
**************************************************************************************************************************
Problem size 98
Fixed variables: (x[75],1) (x[93],0)
==========================================================================================================================
starting bound     cut  triangles added  violation
       2104.23    2004              500       0.50
==========================================================================================================================
iter     time      bound  bdl   viol3  triag  purged   added   viol5  penta  purged   added   viol7  hepta  purged   added
==========================================================================================================================
   1     3.32    2074.20    5   4e-01    801    -172   +473   
   2     3.38    2056.93    6   3e-01   1019    -233   +451   
   3     3.56    2044.07    6   3e-01   1275    -190   +446    7e-01    480    -0     +480    7e-01    480    -0     +480  
   4     3.74    2033.87   10   3e-01   1394    -300   +419    7e-01    740    -220   +480    7e-01    642    -305   +467  
   5     3.94    2027.28   15   2e-01   1426    -339   +371    6e-01    917    -276   +453    5e-01    639    -345   +342  
   6     4.14    2022.82   15   2e-01   1537    -236   +347    5e-01   1161    -211   +455    5e-01    795    -244   +400  
   7     4.35    2018.51   20   1e-01   1339    -323   +125    5e-01   1203    -340   +382    5e-01    677    -366   +248  
   8     4.58    2016.55   15   2e-01   1604    -156   +421    5e-01   1470    -207   +474    6e-01    941    -167   +431  
   9     4.83    2014.21   20   1e-01   1284    -386   +66     4e-01   1388    -442   +360    5e-01    748    -441   +248  
  10     5.07    2011.87   22   1e-01   1163    -143   +22     4e-01   1445    -234   +291    4e-01    778    -188   +218  
  11     5.33    2010.86   25   9e-02   1137    -62    +36     3e-01   1622    -139   +316    3e-01    851    -104   +177  
  12     5.59    2009.61   22   1e-01   1119    -75    +57     4e-01   1774    -205   +357    4e-01    861    -167   +177  
  13     5.87    2008.36   26   1e-01   1079    -64    +24     3e-01   1837    -231   +294    4e-01    904    -145   +188  
  14     6.17    2007.62   27   1e-01   1037    -53    +11     3e-01   1930    -164   +257    4e-01    936    -113   +145  
  15     6.47    2006.89   27   1e-01   1034    -37    +34     3e-01   2094    -158   +322    5e-01   1016    -117   +197  
  16     6.78    2006.29   24   1e-01   1038    -31    +35     3e-01   2227    -191   +324    4e-01   1033    -145   +162  
  17     7.09    2005.64   32   7e-02    995    -52    +9      3e-01   2246    -228   +247    3e-01   1008    -159   +134  
  18     7.41    2005.11   28   6e-02    966    -32    +3      3e-01   2295    -159   +208    3e-01   1034    -93    +119  
  19     7.49    2004.95   32   6e-02    966    -0     +0      3e-01   2295    -0     +0      3e-01   1034    -0     +0    
==========================================================================================================================
Prune!
==========================================================================================================================
Depth = 2, Bound = 2004.95, Best = 2004

Fixing x[93] = 1

**************************************************************************************************************************
                                               Node 7
**************************************************************************************************************************
Problem size 98
Fixed variables: (x[75],1) (x[93],1)
==========================================================================================================================
starting bound     cut  triangles added  violation
       2102.07    2004              500       0.49
==========================================================================================================================
iter     time      bound  bdl   viol3  triag  purged   added   viol5  penta  purged   added   viol7  hepta  purged   added
==========================================================================================================================
   1     7.54    2072.21    4   4e-01    792    -198   +490   
   2     7.60    2057.83    5   4e-01   1037    -223   +468   
   3     7.66    2046.07    9   3e-01   1161    -332   +456   
   4     7.73    2035.26    8   3e-01   1383    -226   +448   
   5     7.92    2031.21    9   3e-01   1494    -344   +455    6e-01    477    -0     +477    6e-01    463    -0     +463  
   6     8.11    2026.60   14   2e-01   1584    -277   +367    6e-01    755    -188   +466    6e-01    604    -262   +403  
   7     8.32    2021.05   14   1e-01   1528    -391   +335    6e-01    894    -277   +416    5e-01    560    -323   +279  
   8     8.53    2017.14   17   1e-01   1556    -271   +299    5e-01   1052    -249   +407    5e-01    561    -247   +248  
   9     8.76    2015.07   18   1e-01   1349    -281   +74     5e-01   1142    -259   +349    4e-01    565    -189   +193  
  10     8.99    2012.79   22   8e-02   1182    -183   +16     3e-01   1182    -244   +284    3e-01    555    -160   +150  
  11     9.23    2010.81   25   1e-01   1122    -118   +58     4e-01   1287    -166   +271    3e-01    588    -107   +140  
  12     9.49    2009.90   24   1e-01   1187    -68    +133    4e-01   1494    -135   +342    4e-01    688    -75    +175  
  13     9.77    2008.68   24   1e-01   1091    -127   +31     3e-01   1519    -238   +263    3e-01    663    -147   +122  
  14    10.05    2007.70   22   9e-02   1057    -88    +54     3e-01   1680    -136   +297    3e-01    725    -98    +160  
  15    10.33    2006.50   25   1e-01   1005    -77    +25     3e-01   1746    -181   +247    3e-01    716    -134   +125  
  16    10.62    2006.04   28   7e-02    975    -35    +5      3e-01   1807    -141   +202    4e-01    739    -83    +106  
  17    10.92    2005.29   31   7e-02    959    -31    +15     3e-01   1873    -128   +194    3e-01    765    -72    +98   
  18    11.04    2004.91   31   7e-02    959    -0     +0      3e-01   1873    -0     +0      3e-01    765    -0     +0    
==========================================================================================================================
Prune!
==========================================================================================================================
Depth = 2, Bound = 2004.91, Best = 2004

Branching on x[28] = 0.50
Fixing x[28] = 0

**************************************************************************************************************************
                                               Node 8
**************************************************************************************************************************
Problem size 97
Fixed variables: (x[28],0) (x[64],0) (x[75],0)
==========================================================================================================================
starting bound     cut  triangles added  violation
       2098.90    2004              500       0.50
==========================================================================================================================
iter     time      bound  bdl   viol3  triag  purged   added   viol5  penta  purged   added   viol7  hepta  purged   added
==========================================================================================================================
   1    11.09    2071.57    5   4e-01    771    -206   +477   
   2    11.15    2053.86    8   4e-01   1014    -217   +460   
   3    11.32    2041.24    7   3e-01   1188    -270   +444    7e-01    480    -0     +480    7e-01    475    -0     +475  
   4    11.51    2030.23    9   3e-01   1322    -279   +413    7e-01    742    -214   +476    7e-01    672    -262   +459  
   5    11.71    2024.50    9   2e-01   1471    -292   +441    6e-01    950    -266   +474    6e-01    791    -335   +454  
   6    11.92    2020.58   14   2e-01   1439    -367   +335    5e-01   1065    -341   +456    5e-01    750    -411   +370  
   7    12.13    2017.52   11   2e-01   1592    -245   +398    5e-01   1275    -262   +472    5e-01    926    -258   +434  
   8    12.37    2015.30   12   1e-01   1439    -352   +199    4e-01   1354    -348   +427    5e-01    879    -381   +334  
   9    12.60    2012.49   17   1e-01   1281    -200   +42     4e-01   1432    -282   +360    4e-01    840    -268   +229  
  10    12.86    2010.04   23   1e-01   1280    -107   +106    4e-01   1552    -234   +354    4e-01    871    -216   +247  
  11    13.12    2008.38   22   8e-02   1148    -142   +10     3e-01   1538    -262   +248    4e-01    808    -218   +155  
  12    13.39    2007.10   19   1e-01   1183    -58    +93     4e-01   1745    -173   +380    4e-01    948    -130   +270  
  13    13.67    2005.97   25   9e-02   1185    -72    +74     3e-01   1884    -233   +372    4e-01   1001    -190   +243  
  14    13.98    2005.08   26   8e-02   1107    -87    +9      3e-01   1943    -215   +274    3e-01    973    -195   +167  
  15    14.01    2004.93   25   8e-02   1107    -0     +0      3e-01   1943    -0     +0      3e-01    973    -0     +0    
==========================================================================================================================
Prune!
==========================================================================================================================
Depth = 3, Bound = 2004.93, Best = 2004

Fixing x[28] = 1

**************************************************************************************************************************
                                               Node 9
**************************************************************************************************************************
Problem size 97
Fixed variables: (x[28],1) (x[64],0) (x[75],0)
Node 9 Feasible solution 2005
==========================================================================================================================
starting bound     cut  triangles added  violation
       2098.55    2005              500       0.50
==========================================================================================================================
iter     time      bound  bdl   viol3  triag  purged   added   viol5  penta  purged   added   viol7  hepta  purged   added
==========================================================================================================================
   1    14.06    2072.51    5   5e-01    800    -185   +485   
   2    14.12    2054.10    5   4e-01   1107    -140   +447   
   3    14.18    2041.10    8   3e-01   1314    -225   +432   
   4    14.36    2033.86    8   3e-01   1517    -230   +433    7e-01    480    -0     +480    8e-01    479    -0     +479  
   5    14.56    2027.51   12   2e-01   1555    -382   +420    6e-01    756    -201   +477    6e-01    664    -269   +454  
   6    14.77    2021.19   14   2e-01   1551    -360   +356    6e-01    943    -269   +456    6e-01    733    -324   +393  
   7    14.99    2018.90   13   3e-01   1716    -226   +391    6e-01   1212    -205   +474    6e-01    964    -226   +457  
   8    15.23    2016.19   20   2e-01   1457    -389   +130    4e-01   1254    -358   +400    5e-01    868    -411   +315  
   9    15.46    2012.57   19   1e-01   1404    -203   +150    4e-01   1432    -238   +416    4e-01    932    -252   +316  
  10    15.72    2010.95   21   1e-01   1254    -182   +32     3e-01   1524    -257   +349    5e-01    963    -209   +240  
  11    15.99    2009.81   21   1e-01   1235    -97    +78     4e-01   1682    -229   +387    4e-01   1077    -190   +304  
  12    16.27    2008.54   17   8e-02   1175    -99    +39     3e-01   1812    -253   +383    3e-01   1147    -215   +285  
  13    16.56    2007.69   22   9e-02   1154    -76    +55     3e-01   1951    -258   +397    4e-01   1254    -192   +299  
  14    16.88    2006.91   16   1e-01   1430    -57    +333    5e-01   2178    -240   +467    5e-01   1488    -202   +436  
  15    17.22    2006.50   22   8e-02   1185    -254   +9      3e-01   2152    -384   +358    3e-01   1406    -384   +302  
  16    17.35    2005.93   22   8e-02   1185    -0     +0      3e-01   2152    -0     +0      3e-01   1406    -0     +0    
==========================================================================================================================
Prune!
==========================================================================================================================
Depth = 3, Bound = 2005.93, Best = 2005

Branching on x[16] = 0.51
Fixing x[16] = 0

**************************************************************************************************************************
                                               Node 10
**************************************************************************************************************************
Problem size 97
Fixed variables: (x[16],0) (x[64],1) (x[75],0)
==========================================================================================================================
starting bound     cut  triangles added  violation
       2098.24    2005              500       0.50
==========================================================================================================================
iter     time      bound  bdl   viol3  triag  purged   added   viol5  penta  purged   added   viol7  hepta  purged   added
==========================================================================================================================
   1    17.40    2069.76    5   4e-01    807    -174   +481   
   2    17.45    2050.80    8   4e-01   1018    -223   +434   
   3    17.52    2037.42    7   3e-01   1248    -230   +460   
   4    17.69    2029.90    8   3e-01   1407    -291   +450    7e-01    476    -0     +476    7e-01    473    -0     +473  
   5    17.88    2023.42   12   2e-01   1476    -314   +383    5e-01    764    -179   +467    6e-01    638    -245   +410  
   6    18.08    2017.92   13   2e-01   1506    -268   +298    5e-01    977    -228   +441    5e-01    749    -258   +369  
   7    18.30    2014.87   13   2e-01   1681    -206   +381    6e-01   1221    -223   +467    6e-01    918    -249   +418  
   8    18.53    2011.52   18   1e-01   1366    -395   +80     4e-01   1211    -398   +388    5e-01    811    -417   +310  
   9    18.78    2010.48   19   2e-01   1640    -120   +394    5e-01   1491    -195   +475    5e-01   1056    -184   +429  
  10    19.05    2008.71   17   1e-01   1376    -379   +115    4e-01   1529    -369   +407    5e-01    968    -396   +308  
  11    19.33    2007.14   15   2e-01   1648    -132   +404    5e-01   1737    -260   +468    6e-01   1186    -224   +442  
  12    19.48    2005.91   20   2e-01   1648    -0     +0      5e-01   1737    -0     +0      6e-01   1186    -0     +0    
==========================================================================================================================
Prune!
==========================================================================================================================
Depth = 3, Bound = 2005.91, Best = 2005

Fixing x[16] = 1

**************************************************************************************************************************
                                               Node 11
**************************************************************************************************************************
Problem size 97
Fixed variables: (x[16],1) (x[64],1) (x[75],0)
==========================================================================================================================
starting bound     cut  triangles added  violation
       2098.21    2005              500       0.49
==========================================================================================================================
iter     time      bound  bdl   viol3  triag  purged   added   viol5  penta  purged   added   viol7  hepta  purged   added
==========================================================================================================================
   1    19.53    2068.43    5   4e-01    810    -166   +476   
   2    19.59    2049.97    6   4e-01   1045    -229   +464   
   3    19.75    2036.60    6   3e-01   1230    -227   +412    8e-01    480    -0     +480    6e-01    472    -0     +472  
   4    19.93    2026.34    8   3e-01   1387    -270   +427    7e-01    782    -178   +480    8e-01    638    -298   +464  
   5    20.12    2020.76   11   2e-01   1417    -339   +369    5e-01    954    -277   +449    6e-01    653    -357   +372  
   6    20.32    2015.89   15   1e-01   1338    -288   +209    5e-01   1060    -290   +396    5e-01    645    -292   +284  
   7    20.52    2012.93   17   1e-01   1215    -205   +82     4e-01   1176    -239   +355    5e-01    653    -213   +221  
   8    20.72    2010.22   17   2e-01   1379    -125   +289    5e-01   1385    -190   +399    6e-01    767    -174   +288  
   9    20.95    2007.65   19   1e-01   1208    -225   +54     4e-01   1371    -324   +310    4e-01    685    -256   +174  
  10    21.18    2006.09   22   1e-01   1127    -119   +38     3e-01   1442    -212   +283    5e-01    712    -146   +173  
  11    21.21    2005.66   21   1e-01   1127    -0     +0      3e-01   1442    -0     +0      5e-01    712    -0     +0    
==========================================================================================================================
Prune!
==========================================================================================================================
Depth = 3, Bound = 2005.66, Best = 2005


Nodes = 11
Root node bound = 2014.458
Maximum value = 2005
Solution = ( 2 4 9 11 12 16 18 20 27 28 29 33 36 37 38 39 40 41 42 43 44 45 46 47 50 51 52 55 60 62 63 69 70 71 72 73 80 81 82 83 85 86 87 88 90 91 92 96 97 99 )
CPU time = 21.21 s

