Input file: ./Instances/rudy/pw01_100.2

Graph has 100 vertices and 495 edges.

BiqBin parameters:
    init_bundle_iter = 5
     max_bundle_iter = 20
      min_outer_iter = 10
      max_outer_iter = 30
       violated_Ineq = 0.050000
             TriIneq = 500
         Pent_Trials = 160
        Hepta_Trials = 120
        include_Pent = 1
       include_Hepta = 1
                root = 0
            use_diff = 1
          time_limit = 0
   branchingStrategy = 1
      detailedOutput = 1

**************************************************************************************************************************
                                               Node 1
**************************************************************************************************************************
Problem size 100
Fixed variables:
Node 1 Feasible solution 2026
==========================================================================================================================
starting bound     cut  triangles added  violation
       2135.62    2026              500       0.50
==========================================================================================================================
iter     time      bound  bdl   viol3  triag  purged   added   viol5  penta  purged   added   viol7  hepta  purged   added
==========================================================================================================================
   1     0.05    2106.79    5   4e-01    764    -216   +480   
   2     0.11    2084.90    6   4e-01   1023    -193   +452   
   3     0.29    2070.58    6   3e-01   1211    -254   +442    7e-01    480    -0     +480    7e-01    473    -0     +473  
Node 1 Feasible solution 2027
   4     0.47    2060.80   11   3e-01   1358    -277   +424    7e-01    739    -213   +472    6e-01    598    -313   +438  
   5     0.67    2055.09   13   3e-01   1499    -250   +391    6e-01    974    -233   +468    6e-01    724    -293   +419  
   6     0.89    2049.44   17   2e-01   1500    -336   +337    6e-01   1023    -369   +418    5e-01    591    -407   +274  
   7     1.10    2046.42   18   2e-01   1475    -287   +262    5e-01   1166    -252   +395    4e-01    645    -209   +263  
Node 1 Feasible solution 2032
   8     1.33    2042.76   22   1e-01   1340    -257   +122    5e-01   1294    -241   +369    4e-01    645    -203   +203  
   9     1.57    2040.24   23   1e-01   1199    -177   +36     4e-01   1302    -289   +297    4e-01    632    -188   +175  
  10     1.82    2038.75   22   2e-01   1262    -105   +168    6e-01   1513    -185   +396    4e-01    783    -116   +267  
  11     2.10    2036.89   21   1e-01   1329    -133   +200    4e-01   1651    -269   +407    4e-01    873    -194   +284  
  12     2.38    2036.33   23   9e-02   1175    -170   +16     3e-01   1637    -289   +275    4e-01    794    -228   +149  
  13     2.67    2035.40   26   7e-02   1118    -68    +11     3e-01   1718    -184   +265    4e-01    845    -109   +160  
  14     2.98    2034.22   26   7e-02   1061    -68    +11     4e-01   1807    -170   +259    3e-01    859    -119   +133  
  15     3.29    2033.63   28   6e-02   1025    -41    +5      4e-01   1905    -124   +222    3e-01    918    -73    +132  
  16     3.62    2033.32   24   1e-01   1017    -28    +20     3e-01   2008    -151   +254    4e-01   1009    -87    +178  
  17     3.78    2032.77   28   1e-01   1017    -0     +0      3e-01   2008    -0     +0      4e-01   1009    -0     +0    
==========================================================================================================================
Prune!
==========================================================================================================================
Depth = 0, Bound = 2032.77, Best = 2032


Nodes = 1
Root node bound = 2032.767
Maximum value = 2032
Solution = ( 1 2 7 8 9 10 11 12 17 19 21 23 25 26 27 30 34 35 38 39 41 43 45 46 49 50 51 52 53 57 61 62 65 67 68 69 78 79 82 84 85 86 87 89 90 92 93 94 95 96 99 )
CPU time = 3.78 s

