Input file: ./Instances/rudy/pw01_100.5

Graph has 100 vertices and 495 edges.

BiqBin parameters:
    init_bundle_iter = 5
     max_bundle_iter = 20
      min_outer_iter = 10
      max_outer_iter = 30
       violated_Ineq = 0.050000
             TriIneq = 500
         Pent_Trials = 160
        Hepta_Trials = 120
        include_Pent = 1
       include_Hepta = 1
                root = 0
            use_diff = 1
          time_limit = 0
   branchingStrategy = 1
      detailedOutput = 1

**************************************************************************************************************************
                                               Node 1
**************************************************************************************************************************
Problem size 100
Fixed variables:
Node 1 Feasible solution 2108
==========================================================================================================================
starting bound     cut  triangles added  violation
       2195.58    2108              500       0.50
==========================================================================================================================
iter     time      bound  bdl   viol3  triag  purged   added   viol5  penta  purged   added   viol7  hepta  purged   added
==========================================================================================================================
   1     0.05    2169.02    3   5e-01    802    -186   +488   
   2     0.11    2151.60    4   4e-01    932    -339   +469   
   3     0.18    2138.99    5   4e-01   1158    -234   +460   
   4     0.25    2130.32    9   3e-01   1268    -327   +437   
   5     0.33    2123.57    7   3e-01   1504    -221   +457   
   6     0.54    2119.86   11   2e-01   1534    -373   +403    7e-01    479    -0     +479    7e-01    466    -0     +466  
   7     0.77    2115.78   12   2e-01   1593    -287   +346    5e-01    798    -159   +478    6e-01    704    -217   +455  
   8     1.01    2113.14   14   1e-01   1535    -291   +233    5e-01   1027    -215   +444    6e-01    817    -271   +384  
   9     1.29    2110.75   15   1e-01   1432    -250   +147    5e-01   1209    -273   +455    5e-01    987    -265   +435  
  10     1.59    2109.23   11   1e-01   1485    -153   +206    4e-01   1421    -252   +464    4e-01   1137    -279   +429  
  11     1.66    2108.81   10   1e-01   1485    -0     +0      4e-01   1421    -0     +0      4e-01   1137    -0     +0    
==========================================================================================================================
Prune!
==========================================================================================================================
Depth = 0, Bound = 2108.81, Best = 2108


Nodes = 1
Root node bound = 2108.814
Maximum value = 2108
Solution = ( 2 3 6 8 9 12 18 20 21 24 27 28 30 31 32 34 35 36 37 38 42 45 46 47 48 52 53 57 59 60 62 65 66 67 68 69 70 74 79 80 81 83 85 86 87 88 89 90 94 99 )
CPU time = 1.66 s

