Input file: ./Instances/rudy/pw01_100.1

Graph has 100 vertices and 495 edges.

BiqBin parameters:
    init_bundle_iter = 5
     max_bundle_iter = 20
      min_outer_iter = 10
      max_outer_iter = 30
       violated_Ineq = 0.050000
             TriIneq = 500
         Pent_Trials = 160
        Hepta_Trials = 120
        include_Pent = 1
       include_Hepta = 1
                root = 0
            use_diff = 1
          time_limit = 0
   branchingStrategy = 1
      detailedOutput = 1

**************************************************************************************************************************
                                               Node 1
**************************************************************************************************************************
Problem size 100
Fixed variables:
Node 1 Feasible solution 2060
==========================================================================================================================
starting bound     cut  triangles added  violation
       2161.61    2060              500       0.50
==========================================================================================================================
iter     time      bound  bdl   viol3  triag  purged   added   viol5  penta  purged   added   viol7  hepta  purged   added
==========================================================================================================================
   1     0.05    2132.31    5   4e-01    783    -192   +475   
   2     0.11    2110.99    8   3e-01   1066    -171   +454   
   3     0.18    2098.48    9   3e-01   1223    -292   +449   
   4     0.37    2090.47    6   3e-01   1414    -266   +457    7e-01    480    -0     +480    8e-01    479    -0     +479  
   5     0.57    2085.26    8   3e-01   1589    -294   +469    7e-01    713    -247   +480    7e-01    685    -274   +480  
   6     0.79    2081.09   13   2e-01   1574    -393   +378    5e-01    905    -280   +472    6e-01    756    -378   +449  
   7     1.03    2076.36   14   2e-01   1601    -338   +365    6e-01   1077    -289   +461    5e-01    827    -343   +414  
   8     1.27    2073.79   14   1e-01   1635    -318   +352    4e-01   1200    -321   +444    5e-01    931    -288   +392  
   9     1.52    2071.63   18   1e-01   1575    -282   +222    5e-01   1385    -253   +438    5e-01   1048    -259   +376  
  10     1.78    2069.84   21   9e-02   1324    -271   +20     4e-01   1449    -303   +367    4e-01    970    -340   +262  
  11     2.05    2068.31   18   1e-01   1231    -139   +46     3e-01   1595    -231   +377    4e-01   1047    -206   +283  
  12     2.35    2066.59   18   2e-01   1565    -83    +417    4e-01   1848    -217   +470    5e-01   1318    -162   +433  
  13     2.68    2065.53   23   7e-02   1272    -302   +9      4e-01   1854    -367   +373    4e-01   1256    -355   +293  
  14     3.01    2064.46   28   6e-02   1172    -105   +5      3e-01   1911    -244   +301    3e-01   1289    -216   +249  
  15     3.34    2063.49   28   6e-02   1112    -65    +5      2e-01   2031    -185   +305    3e-01   1347    -164   +222  
  16     3.69    2063.18   22   9e-02   1104    -42    +34     3e-01   2225    -178   +372    3e-01   1493    -148   +294  
  17     4.04    2062.70   26   6e-02   1070    -38    +4      2e-01   2286    -231   +292    3e-01   1517    -195   +219  
  18     4.39    2062.19   30   4e-02   1032    -38    +0      2e-01   2249    -209   +172    3e-01   1496    -171   +150  
  19     4.75    2061.99   29   9e-02   1043    -22    +33     2e-01   2533    -116   +400    3e-01   1717    -96    +317  
  20     5.11    2061.77   24   5e-02   1017    -26    +0      2e-01   2531    -239   +237    4e-01   1707    -195   +185  
  21     5.47    2061.46   29   8e-02   1005    -15    +3      3e-01   2667    -156   +292    2e-01   1834    -138   +265  
  22     5.84    2061.18   31   6e-02    994    -14    +3      3e-01   2684    -202   +219    2e-01   1841    -186   +193  
  23     6.01    2060.97   24   6e-02    994    -0     +0      3e-01   2684    -0     +0      2e-01   1841    -0     +0    
==========================================================================================================================
Prune!
==========================================================================================================================
Depth = 0, Bound = 2060.97, Best = 2060


Nodes = 1
Root node bound = 2060.970
Maximum value = 2060
Solution = ( 1 2 3 6 7 9 14 16 23 25 27 28 30 31 32 33 40 43 46 48 51 52 55 56 57 58 59 61 63 66 67 68 69 70 72 76 80 85 87 89 90 92 94 95 97 98 99 )
CPU time = 6.01 s

