Input file: ./Instances/rudy/pw05_100.3

Graph has 100 vertices and 2475 edges.

BiqBin parameters:
    init_bundle_iter = 5
     max_bundle_iter = 20
      min_outer_iter = 10
      max_outer_iter = 30
       violated_Ineq = 0.050000
             TriIneq = 500
         Pent_Trials = 160
        Hepta_Trials = 120
        include_Pent = 1
       include_Hepta = 1
                root = 0
            use_diff = 1
          time_limit = 0
   branchingStrategy = 1
      detailedOutput = 1

**************************************************************************************************************************
                                               Node 1
**************************************************************************************************************************
Problem size 100
Fixed variables:
Node 1 Feasible solution 8139
==========================================================================================================================
starting bound     cut  triangles added  violation
       8320.31    8139              500       0.49
==========================================================================================================================
iter     time      bound  bdl   viol3  triag  purged   added   viol5  penta  purged   added   viol7  hepta  purged   added
==========================================================================================================================
   1     0.10    8272.71    3   5e-01    801    -181   +482   
   2     0.18    8242.27    5   3e-01   1008    -253   +460   
   3     0.42    8222.99    8   3e-01   1204    -234   +430    7e-01    480    -0     +480    7e-01    472    -0     +472  
   4     0.67    8209.61   10   2e-01   1290    -319   +405    6e-01    746    -205   +471    7e-01    623    -283   +434  
   5     0.89    8201.75   15   2e-01   1250    -335   +295    7e-01    952    -222   +428    6e-01    693    -284   +354  
   6     1.10    8194.05   18   1e-01   1036    -287   +73     5e-01   1050    -243   +341    5e-01    616    -302   +225  
   7     1.33    8188.00   20   1e-01    989    -176   +129    5e-01   1145    -233   +328    4e-01    653    -195   +232  
   8     1.56    8183.39   22   1e-01    865    -158   +34     4e-01   1192    -214   +261    4e-01    617    -193   +157  
   9     1.81    8180.13   27   8e-02    758    -112   +5      3e-01   1191    -197   +196    5e-01    603    -134   +120  
  10     2.07    8177.47   22   8e-02    709    -56    +7      4e-01   1271    -126   +206    3e-01    625    -79    +101  
  11     2.21    8175.61   22   8e-02    709    -0     +0      4e-01   1271    -0     +0      3e-01    625    -0     +0    
==========================================================================================================================
BOUNDING STOPPED: Gap to big!
==========================================================================================================================
Depth = 0, Bound = 8175.61, Best = 8139

Branching on x[53] = 0.51
Fixing x[53] = 0

**************************************************************************************************************************
                                               Node 2
**************************************************************************************************************************
Problem size 99
Fixed variables: (x[53],0)
==========================================================================================================================
BOUNDING STOPPED: Gap to big!
==========================================================================================================================
Depth = 1, Bound = 8313.76, Best = 8139

Fixing x[53] = 1

**************************************************************************************************************************
                                               Node 3
**************************************************************************************************************************
Problem size 99
Fixed variables: (x[53],1)
==========================================================================================================================
BOUNDING STOPPED: Gap to big!
==========================================================================================================================
Depth = 1, Bound = 8312.76, Best = 8139

Branching on x[84] = 0.50
Fixing x[84] = 0

**************************************************************************************************************************
                                               Node 4
**************************************************************************************************************************
Problem size 98
Fixed variables: (x[53],0) (x[84],0)
==========================================================================================================================
BOUNDING STOPPED: Gap to big!
==========================================================================================================================
Depth = 2, Bound = 8305.61, Best = 8139

Fixing x[84] = 1

**************************************************************************************************************************
                                               Node 5
**************************************************************************************************************************
Problem size 98
Fixed variables: (x[53],0) (x[84],1)
==========================================================================================================================
BOUNDING STOPPED: Gap to big!
==========================================================================================================================
Depth = 2, Bound = 8303.00, Best = 8139

Branching on x[58] = 0.49
Fixing x[58] = 0

**************************************************************************************************************************
                                               Node 6
**************************************************************************************************************************
Problem size 98
Fixed variables: (x[53],1) (x[58],0)
==========================================================================================================================
BOUNDING STOPPED: Gap to big!
==========================================================================================================================
Depth = 2, Bound = 8305.40, Best = 8139

Fixing x[58] = 1

**************************************************************************************************************************
                                               Node 7
**************************************************************************************************************************
Problem size 98
Fixed variables: (x[53],1) (x[58],1)
==========================================================================================================================
BOUNDING STOPPED: Gap to big!
==========================================================================================================================
Depth = 2, Bound = 8305.67, Best = 8139

Branching on x[81] = 0.50
Fixing x[81] = 0

**************************************************************************************************************************
                                               Node 8
**************************************************************************************************************************
Problem size 97
Fixed variables: (x[53],1) (x[58],1) (x[81],0)
==========================================================================================================================
BOUNDING STOPPED: Gap to big!
==========================================================================================================================
Depth = 3, Bound = 8299.43, Best = 8139

Fixing x[81] = 1

**************************************************************************************************************************
                                               Node 9
**************************************************************************************************************************
Problem size 97
Fixed variables: (x[53],1) (x[58],1) (x[81],1)
==========================================================================================================================
BOUNDING STOPPED: Gap to big!
==========================================================================================================================
Depth = 3, Bound = 8297.48, Best = 8139

Branching on x[66] = 0.50
Fixing x[66] = 0

**************************************************************************************************************************
                                               Node 10
**************************************************************************************************************************
Problem size 97
Fixed variables: (x[53],0) (x[66],0) (x[84],0)
==========================================================================================================================
BOUNDING STOPPED: Gap to big!
==========================================================================================================================
Depth = 3, Bound = 8296.45, Best = 8139

Fixing x[66] = 1

**************************************************************************************************************************
                                               Node 11
**************************************************************************************************************************
Problem size 97
Fixed variables: (x[53],0) (x[66],1) (x[84],0)
==========================================================================================================================
BOUNDING STOPPED: Gap to big!
==========================================================================================================================
Depth = 3, Bound = 8298.97, Best = 8139

Branching on x[47] = 0.50
Fixing x[47] = 0

**************************************************************************************************************************
                                               Node 12
**************************************************************************************************************************
Problem size 97
Fixed variables: (x[47],0) (x[53],1) (x[58],0)
==========================================================================================================================
BOUNDING STOPPED: Gap to big!
==========================================================================================================================
Depth = 3, Bound = 8293.28, Best = 8139

Fixing x[47] = 1

**************************************************************************************************************************
                                               Node 13
**************************************************************************************************************************
Problem size 97
Fixed variables: (x[47],1) (x[53],1) (x[58],0)
==========================================================================================================================
BOUNDING STOPPED: Gap to big!
==========================================================================================================================
Depth = 3, Bound = 8291.36, Best = 8139

Branching on x[25] = 0.48
Fixing x[25] = 0

**************************************************************************************************************************
                                               Node 14
**************************************************************************************************************************
Problem size 97
Fixed variables: (x[25],0) (x[53],0) (x[84],1)
==========================================================================================================================
BOUNDING STOPPED: Gap to big!
==========================================================================================================================
Depth = 3, Bound = 8290.60, Best = 8139

Fixing x[25] = 1

**************************************************************************************************************************
                                               Node 15
**************************************************************************************************************************
Problem size 97
Fixed variables: (x[25],1) (x[53],0) (x[84],1)
==========================================================================================================================
BOUNDING STOPPED: Gap to big!
==========================================================================================================================
Depth = 3, Bound = 8290.71, Best = 8139

Branching on x[11] = 0.50
Fixing x[11] = 0

**************************************************************************************************************************
                                               Node 16
**************************************************************************************************************************
Problem size 96
Fixed variables: (x[11],0) (x[53],1) (x[58],1) (x[81],0)
==========================================================================================================================
BOUNDING STOPPED: Gap to big!
==========================================================================================================================
Depth = 4, Bound = 8292.07, Best = 8139

Fixing x[11] = 1

**************************************************************************************************************************
                                               Node 17
**************************************************************************************************************************
Problem size 96
Fixed variables: (x[11],1) (x[53],1) (x[58],1) (x[81],0)
==========================================================================================================================
BOUNDING STOPPED: Gap to big!
==========================================================================================================================
Depth = 4, Bound = 8292.39, Best = 8139

Branching on x[83] = 0.50
Fixing x[83] = 0

**************************************************************************************************************************
                                               Node 18
**************************************************************************************************************************
Problem size 96
Fixed variables: (x[53],0) (x[66],1) (x[83],0) (x[84],0)
==========================================================================================================================
BOUNDING STOPPED: Gap to big!
==========================================================================================================================
Depth = 4, Bound = 8285.92, Best = 8139

Fixing x[83] = 1

**************************************************************************************************************************
                                               Node 19
**************************************************************************************************************************
Problem size 96
Fixed variables: (x[53],0) (x[66],1) (x[83],1) (x[84],0)
==========================================================================================================================
starting bound     cut  triangles added  violation
       8280.26    8139              500       0.50
==========================================================================================================================
iter     time      bound  bdl   viol3  triag  purged   added   viol5  penta  purged   added   viol7  hepta  purged   added
==========================================================================================================================
   1     2.42    8230.52    4   4e-01    814    -167   +481   
   2     2.47    8196.63    7   3e-01   1065    -202   +453   
   3     2.53    8177.33    8   4e-01   1336    -202   +473   
   4     2.71    8170.35    9   3e-01   1310    -428   +402    7e-01    475    -0     +475    7e-01    470    -0     +470  
   5     2.91    8159.97   13   2e-01   1355    -299   +344    6e-01    736    -193   +454    6e-01    613    -263   +406  
   6     3.11    8152.06   14   2e-01   1184    -334   +163    6e-01    883    -254   +401    6e-01    613    -289   +289  
   7     3.31    8145.66   18   1e-01   1104    -233   +153    5e-01   1025    -209   +351    5e-01    653    -212   +252  
   8     3.53    8142.22   20   8e-02    878    -239   +13     5e-01   1077    -207   +259    4e-01    615    -189   +151  
   9     3.59    8139.48   24   8e-02    878    -0     +0      5e-01   1077    -0     +0      4e-01    615    -0     +0    
==========================================================================================================================
Prune!
==========================================================================================================================
Depth = 4, Bound = 8139.48, Best = 8139

Branching on x[62] = 0.50
Fixing x[62] = 0

**************************************************************************************************************************
                                               Node 20
**************************************************************************************************************************
Problem size 96
Fixed variables: (x[53],1) (x[58],1) (x[62],0) (x[81],1)
==========================================================================================================================
BOUNDING STOPPED: Gap to big!
==========================================================================================================================
Depth = 4, Bound = 8289.02, Best = 8139

Fixing x[62] = 1

**************************************************************************************************************************
                                               Node 21
**************************************************************************************************************************
Problem size 96
Fixed variables: (x[53],1) (x[58],1) (x[62],1) (x[81],1)
==========================================================================================================================
BOUNDING STOPPED: Gap to big!
==========================================================================================================================
Depth = 4, Bound = 8289.15, Best = 8139

Branching on x[89] = 0.49
Fixing x[89] = 0

**************************************************************************************************************************
                                               Node 22
**************************************************************************************************************************
Problem size 96
Fixed variables: (x[53],0) (x[66],0) (x[84],0) (x[89],0)
==========================================================================================================================
BOUNDING STOPPED: Gap to big!
==========================================================================================================================
Depth = 4, Bound = 8285.43, Best = 8139

Fixing x[89] = 1

**************************************************************************************************************************
                                               Node 23
**************************************************************************************************************************
Problem size 96
Fixed variables: (x[53],0) (x[66],0) (x[84],0) (x[89],1)
==========================================================================================================================
starting bound     cut  triangles added  violation
       8282.32    8139              500       0.49
==========================================================================================================================
iter     time      bound  bdl   viol3  triag  purged   added   viol5  penta  purged   added   viol7  hepta  purged   added
==========================================================================================================================
   1     3.67    8226.63    3   4e-01    811    -165   +476   
   2     3.72    8192.86    8   3e-01   1026    -238   +453   
   3     3.90    8180.02    7   3e-01   1259    -166   +399    8e-01    480    -0     +480    7e-01    477    -0     +477  
   4     4.08    8166.60    9   2e-01   1301    -343   +385    7e-01    738    -208   +466    6e-01    607    -300   +430  
   5     4.26    8156.97   14   2e-01   1316    -287   +302    5e-01    919    -230   +411    6e-01    674    -267   +334  
   6     4.46    8150.31   18   2e-01   1342    -257   +283    6e-01   1099    -222   +402    6e-01    700    -254   +280  
   7     4.68    8145.61   20   9e-02    990    -373   +21     6e-01   1080    -313   +294    4e-01    610    -264   +174  
   8     4.89    8140.07   20   1e-01    903    -130   +43     5e-01   1108    -218   +246    4e-01    605    -161   +156  
   9     4.92    8139.08   23   1e-01    903    -0     +0      5e-01   1108    -0     +0      4e-01    605    -0     +0    
==========================================================================================================================
Prune!
==========================================================================================================================
Depth = 4, Bound = 8139.08, Best = 8139

Branching on x[55] = 0.51
Fixing x[55] = 0

**************************************************************************************************************************
                                               Node 24
**************************************************************************************************************************
Problem size 96
Fixed variables: (x[47],0) (x[53],1) (x[55],0) (x[58],0)
==========================================================================================================================
starting bound     cut  triangles added  violation
       8274.19    8139              500       0.49
==========================================================================================================================
iter     time      bound  bdl   viol3  triag  purged   added   viol5  penta  purged   added   viol7  hepta  purged   added
==========================================================================================================================
   1     4.98    8225.73    4   4e-01    818    -166   +484   
   2     5.04    8196.66    8   4e-01   1042    -239   +463   
   3     5.10    8181.65    8   3e-01   1212    -260   +430   
   4     5.28    8170.74    8   3e-01   1349    -280   +417    7e-01    480    -0     +480    7e-01    468    -0     +468  
   5     5.47    8162.63   11   2e-01   1293    -331   +275    6e-01    724    -202   +446    7e-01    540    -297   +369  
   6     5.66    8152.77   14   2e-01   1129    -300   +136    5e-01    863    -217   +356    5e-01    593    -228   +281  
   7     5.86    8146.49   16   1e-01   1038    -168   +77     5e-01   1018    -163   +318    4e-01    626    -186   +219  
   8     6.07    8141.99   21   1e-01    934    -152   +48     5e-01   1076    -201   +259    4e-01    601    -203   +178  
   9     6.15    8139.90   18   1e-01    934    -0     +0      5e-01   1076    -0     +0      4e-01    601    -0     +0    
==========================================================================================================================
Prune!
==========================================================================================================================
Depth = 4, Bound = 8139.90, Best = 8139

Fixing x[55] = 1

**************************************************************************************************************************
                                               Node 25
**************************************************************************************************************************
Problem size 96
Fixed variables: (x[47],0) (x[53],1) (x[55],1) (x[58],0)
==========================================================================================================================
starting bound     cut  triangles added  violation
       8279.01    8139              500       0.49
==========================================================================================================================
iter     time      bound  bdl   viol3  triag  purged   added   viol5  penta  purged   added   viol7  hepta  purged   added
==========================================================================================================================
   1     6.20    8234.24    3   4e-01    792    -196   +488   
   2     6.26    8207.06    8   3e-01   1047    -170   +425   
   3     6.44    8187.12    7   3e-01   1241    -240   +434    8e-01    480    -0     +480    8e-01    480    -0     +480  
   4     6.63    8172.42    9   2e-01   1343    -292   +394    7e-01    838    -120   +478    6e-01    764    -193   +477  
   5     6.83    8164.09   13   2e-01   1296    -291   +244    5e-01   1086    -196   +444    6e-01    900    -273   +409  
   6     7.05    8154.77   15   2e-01   1197    -288   +189    6e-01   1262    -236   +412    5e-01    912    -354   +366  
   7     7.27    8149.84   20   1e-01    983    -238   +24     5e-01   1298    -303   +339    6e-01    841    -335   +264  
   8     7.50    8145.22   23   1e-01    898    -115   +30     4e-01   1422    -206   +330    5e-01    892    -194   +245  
   9     7.74    8141.17   22   1e-01    900    -91    +93     4e-01   1560    -219   +357    5e-01    954    -186   +248  
  10     7.82    8139.42   23   1e-01    900    -0     +0      4e-01   1560    -0     +0      5e-01    954    -0     +0    
==========================================================================================================================
Prune!
==========================================================================================================================
Depth = 4, Bound = 8139.42, Best = 8139

Branching on x[67] = 0.50
Fixing x[67] = 0

**************************************************************************************************************************
                                               Node 26
**************************************************************************************************************************
Problem size 95
Fixed variables: (x[11],1) (x[53],1) (x[58],1) (x[67],0) (x[81],0)
==========================================================================================================================
starting bound     cut  triangles added  violation
       8283.04    8139              500       0.49
==========================================================================================================================
iter     time      bound  bdl   viol3  triag  purged   added   viol5  penta  purged   added   viol7  hepta  purged   added
==========================================================================================================================
   1     7.87    8236.43    4   4e-01    821    -148   +469   
   2     7.93    8207.05    7   4e-01   1016    -275   +470   
   3     7.99    8189.77    7   4e-01   1295    -180   +459   
   4     8.19    8175.47    9   3e-01   1427    -256   +388    8e-01    480    -0     +480    8e-01    480    -0     +480  
   5     8.39    8164.27   12   2e-01   1438    -352   +363    7e-01    825    -130   +475    7e-01    752    -186   +458  
   6     8.60    8156.70   18   2e-01   1313    -312   +187    5e-01   1031    -219   +425    6e-01    797    -315   +360  
   7     8.83    8150.18   19   2e-01   1354    -226   +267    4e-01   1233    -217   +419    4e-01    929    -218   +350  
   8     9.07    8145.33   22   1e-01   1101    -293   +40     4e-01   1313    -263   +343    5e-01    898    -284   +253  
   9     9.32    8140.28   23   1e-01    921    -195   +15     4e-01   1351    -250   +288    4e-01    854    -247   +203  
  10     9.34    8139.19   25   1e-01    921    -0     +0      4e-01   1351    -0     +0      4e-01    854    -0     +0    
==========================================================================================================================
Prune!
==========================================================================================================================
Depth = 5, Bound = 8139.19, Best = 8139

Fixing x[67] = 1

**************************************************************************************************************************
                                               Node 27
**************************************************************************************************************************
Problem size 95
Fixed variables: (x[11],1) (x[53],1) (x[58],1) (x[67],1) (x[81],0)
==========================================================================================================================
starting bound     cut  triangles added  violation
       8280.95    8139              500       0.49
==========================================================================================================================
iter     time      bound  bdl   viol3  triag  purged   added   viol5  penta  purged   added   viol7  hepta  purged   added
==========================================================================================================================
   1     9.40    8226.01    4   4e-01    855    -108   +463   
   2     9.46    8194.35    4   4e-01   1114    -215   +474   
   3     9.63    8176.49    8   3e-01   1134    -414   +434    8e-01    480    -0     +480    6e-01    474    -0     +474  
   4     9.81    8162.54   10   3e-01   1328    -222   +416    7e-01    814    -146   +480    7e-01    697    -246   +469  
   5    10.01    8152.11   13   2e-01   1302    -348   +322    5e-01    972    -282   +440    5e-01    678    -384   +365  
   6    10.21    8144.25   16   1e-01   1130    -272   +100    5e-01   1060    -277   +365    5e-01    671    -274   +267  
   7    10.29    8138.96   19   1e-01   1130    -0     +0      5e-01   1060    -0     +0      5e-01    671    -0     +0    
==========================================================================================================================
Prune!
==========================================================================================================================
Depth = 5, Bound = 8138.96, Best = 8139

Branching on x[24] = 0.50
Fixing x[24] = 0

**************************************************************************************************************************
                                               Node 28
**************************************************************************************************************************
Problem size 95
Fixed variables: (x[11],0) (x[24],0) (x[53],1) (x[58],1) (x[81],0)
==========================================================================================================================
starting bound     cut  triangles added  violation
       8281.28    8139              500       0.50
==========================================================================================================================
iter     time      bound  bdl   viol3  triag  purged   added   viol5  penta  purged   added   viol7  hepta  purged   added
==========================================================================================================================
   1    10.34    8223.11    3   4e-01    812    -166   +478   
   2    10.39    8188.85    4   4e-01   1016    -265   +469   
   3    10.45    8170.62    7   4e-01   1197    -253   +434   
   4    10.63    8161.80    9   3e-01   1319    -288   +410    7e-01    478    -0     +478    6e-01    457    -0     +457  
   5    10.82    8151.68   14   2e-01   1359    -336   +376    6e-01    716    -228   +466    6e-01    605    -277   +425  
   6    11.03    8142.47   16   2e-01   1399    -314   +354    6e-01    944    -229   +457    6e-01    680    -300   +375  
   7    11.07    8139.60   19   2e-01   1399    -0     +0      6e-01    944    -0     +0      6e-01    680    -0     +0    
==========================================================================================================================
Prune!
==========================================================================================================================
Depth = 5, Bound = 8139.60, Best = 8139

Fixing x[24] = 1

**************************************************************************************************************************
                                               Node 29
**************************************************************************************************************************
Problem size 95
Fixed variables: (x[11],0) (x[24],1) (x[53],1) (x[58],1) (x[81],0)
==========================================================================================================================
starting bound     cut  triangles added  violation
       8278.40    8139              500       0.49
==========================================================================================================================
iter     time      bound  bdl   viol3  triag  purged   added   viol5  penta  purged   added   viol7  hepta  purged   added
==========================================================================================================================
   1    11.12    8234.47    4   4e-01    820    -144   +464   
   2    11.18    8198.25    4   4e-01    998    -293   +471   
   3    11.25    8181.30    7   4e-01   1175    -237   +414   
   4    11.43    8167.53    8   3e-01   1349    -261   +435    6e-01    480    -0     +480    7e-01    473    -0     +473  
   5    11.64    8158.27   12   2e-01   1424    -315   +390    7e-01    747    -213   +480    7e-01    685    -259   +471  
   6    11.85    8151.42   13   1e-01   1321    -371   +268    6e-01    927    -256   +436    6e-01    738    -307   +360  
   7    12.06    8143.79   15   1e-01   1164    -291   +134    5e-01   1049    -239   +361    5e-01    754    -246   +262  
   8    12.29    8140.18   18   1e-01    993    -212   +41     5e-01   1173    -215   +339    4e-01    779    -183   +208  
   9    12.31    8139.51   20   1e-01    993    -0     +0      5e-01   1173    -0     +0      4e-01    779    -0     +0    
==========================================================================================================================
Prune!
==========================================================================================================================
Depth = 5, Bound = 8139.51, Best = 8139

Branching on x[98] = 0.50
Fixing x[98] = 0

**************************************************************************************************************************
                                               Node 30
**************************************************************************************************************************
Problem size 96
Fixed variables: (x[47],1) (x[53],1) (x[58],0) (x[98],0)
==========================================================================================================================
BOUNDING STOPPED: Gap to big!
==========================================================================================================================
Depth = 4, Bound = 8284.89, Best = 8139

Fixing x[98] = 1

**************************************************************************************************************************
                                               Node 31
**************************************************************************************************************************
Problem size 96
Fixed variables: (x[47],1) (x[53],1) (x[58],0) (x[98],1)
==========================================================================================================================
starting bound     cut  triangles added  violation
       8283.01    8139              500       0.49
==========================================================================================================================
iter     time      bound  bdl   viol3  triag  purged   added   viol5  penta  purged   added   viol7  hepta  purged   added
==========================================================================================================================
   1    12.37    8237.05    3   4e-01    830    -144   +474   
   2    12.43    8202.12    6   3e-01   1030    -270   +470   
   3    12.49    8186.92    8   3e-01   1253    -200   +423   
   4    12.67    8177.20    8   3e-01   1373    -294   +414    7e-01    480    -0     +480    7e-01    465    -0     +465  
   5    12.86    8166.77   11   2e-01   1371    -320   +318    6e-01    701    -231   +452    6e-01    615    -252   +402  
   6    13.05    8157.66   13   1e-01   1167    -316   +112    5e-01    872    -198   +369    5e-01    562    -294   +241  
   7    13.26    8153.06   16   1e-01   1176    -141   +150    5e-01   1059    -177   +364    5e-01    648    -155   +241  
   8    13.47    8147.56   19   9e-02    991    -209   +24     5e-01   1129    -193   +263    5e-01    618    -199   +169  
   9    13.70    8143.84   23   1e-01    893    -126   +28     5e-01   1215    -154   +240    4e-01    586    -152   +120  
  10    13.93    8140.61   23   9e-02    825    -88    +20     4e-01   1248    -164   +197    5e-01    614    -102   +130  
  11    13.95    8139.95   26   9e-02    825    -0     +0      4e-01   1248    -0     +0      5e-01    614    -0     +0    
==========================================================================================================================
Prune!
==========================================================================================================================
Depth = 4, Bound = 8139.95, Best = 8139

Branching on x[55] = 0.49
Fixing x[55] = 0

**************************************************************************************************************************
                                               Node 32
**************************************************************************************************************************
Problem size 96
Fixed variables: (x[25],1) (x[53],0) (x[55],0) (x[84],1)
==========================================================================================================================
starting bound     cut  triangles added  violation
       8274.53    8139              500       0.49
==========================================================================================================================
iter     time      bound  bdl   viol3  triag  purged   added   viol5  penta  purged   added   viol7  hepta  purged   added
==========================================================================================================================
   1    14.01    8231.43    4   4e-01    824    -151   +475   
   2    14.06    8197.27    5   4e-01    993    -317   +486   
   3    14.13    8178.83    7   3e-01   1162    -275   +444   
   4    14.31    8166.85   11   2e-01   1296    -246   +380    6e-01    479    -0     +479    6e-01    456    -0     +456  
   5    14.49    8159.02   15   2e-01   1292    -289   +285    5e-01    738    -177   +436    6e-01    597    -222   +363  
   6    14.69    8149.79   17   1e-01   1108    -268   +84     5e-01    911    -203   +376    5e-01    603    -251   +257  
   7    14.89    8144.27   19   1e-01   1010    -171   +73     4e-01   1034    -210   +333    5e-01    612    -204   +213  
   8    15.11    8140.14   21   1e-01    916    -136   +42     5e-01   1080    -218   +264    4e-01    573    -176   +137  
   9    15.12    8138.95   21   1e-01    916    -0     +0      5e-01   1080    -0     +0      4e-01    573    -0     +0    
==========================================================================================================================
Prune!
==========================================================================================================================
Depth = 4, Bound = 8138.95, Best = 8139

Fixing x[55] = 1

**************************************************************************************************************************
                                               Node 33
**************************************************************************************************************************
Problem size 96
Fixed variables: (x[25],1) (x[53],0) (x[55],1) (x[84],1)
==========================================================================================================================
starting bound     cut  triangles added  violation
       8279.67    8139              500       0.50
==========================================================================================================================
iter     time      bound  bdl   viol3  triag  purged   added   viol5  penta  purged   added   viol7  hepta  purged   added
==========================================================================================================================
   1    15.17    8236.05    3   4e-01    836    -141   +477   
   2    15.23    8211.73    7   4e-01   1057    -252   +473   
   3    15.30    8194.96    7   3e-01   1235    -286   +464   
   4    15.50    8184.20   10   2e-01   1348    -309   +422    7e-01    479    -0     +479    7e-01    480    -0     +480  
   5    15.73    8173.83   10   3e-01   1463    -323   +438    7e-01    817    -142   +480    7e-01    795    -165   +480  
   6    15.95    8167.35   15   2e-01   1375    -387   +299    6e-01   1039    -251   +473    6e-01    961    -285   +451  
   7    16.20    8160.12   14   2e-01   1410    -296   +331    5e-01   1239    -267   +467    6e-01   1155    -266   +460  
   8    16.46    8156.43   16   1e-01   1161    -332   +83     4e-01   1393    -275   +429    6e-01   1229    -319   +393  
   9    16.73    8152.27   19   1e-01   1061    -186   +86     4e-01   1575    -256   +438    5e-01   1346    -283   +400  
  10    17.02    8149.52   18   2e-01   1065    -157   +161    5e-01   1740    -288   +453    6e-01   1516    -262   +432  
  11    17.32    8147.89   21   8e-02    939    -152   +26     3e-01   1750    -354   +364    4e-01   1509    -338   +331  
  12    17.64    8145.74   21   1e-01    904    -99    +64     3e-01   1916    -252   +418    5e-01   1653    -265   +409  
  13    17.97    8144.47   22   8e-02    828    -95    +19     4e-01   1989    -302   +375    5e-01   1684    -310   +341  
  14    18.31    8142.88   22   7e-02    764    -65    +1      3e-01   1990    -270   +271    4e-01   1657    -292   +265  
  15    18.66    8142.09   17   1e-01    796    -29    +61     4e-01   2240    -191   +441    4e-01   1908    -179   +430  
  16    19.04    8141.22   20   7e-02    747    -59    +10     3e-01   2233    -352   +345    5e-01   1973    -307   +372  
  17    19.42    8140.71   13   2e-01   1192    -21    +466    6e-01   2446    -267   +480    6e-01   2183    -270   +480  
  18    19.86    8140.17   14   1e-01    907    -383   +98     4e-01   2434    -488   +476    6e-01   2223    -428   +468  
  19    20.28    8140.07   16   2e-01   1266    -122   +481    4e-01   2465    -449   +480    6e-01   2296    -407   +480  
  20    20.31    8139.93   18   2e-01   1266    -0     +0      4e-01   2465    -0     +0      6e-01   2296    -0     +0    
==========================================================================================================================
Prune!
==========================================================================================================================
Depth = 4, Bound = 8139.93, Best = 8139

Branching on x[95] = 0.50
Fixing x[95] = 0

**************************************************************************************************************************
                                               Node 34
**************************************************************************************************************************
Problem size 96
Fixed variables: (x[25],0) (x[53],0) (x[84],1) (x[95],0)
==========================================================================================================================
starting bound     cut  triangles added  violation
       8279.22    8139              500       0.49
==========================================================================================================================
iter     time      bound  bdl   viol3  triag  purged   added   viol5  penta  purged   added   viol7  hepta  purged   added
==========================================================================================================================
   1    20.37    8225.64    3   4e-01    833    -138   +471   
   2    20.42    8198.10    5   4e-01   1034    -279   +480   
   3    20.49    8184.44    7   3e-01   1160    -330   +456   
   4    20.67    8171.29   10   3e-01   1306    -272   +418    7e-01    479    -0     +479    7e-01    472    -0     +472  
   5    20.86    8160.49   12   2e-01   1372    -292   +358    6e-01    779    -166   +466    7e-01    679    -228   +435  
   6    21.07    8152.54   16   2e-01   1187    -333   +148    5e-01    954    -236   +411    5e-01    694    -307   +322  
   7    21.28    8146.62   19   1e-01   1058    -212   +83     4e-01   1043    -232   +321    4e-01    685    -238   +229  
   8    21.49    8141.53   21   1e-01    964    -160   +66     5e-01   1160    -190   +307    6e-01    704    -185   +204  
   9    21.53    8139.72   24   1e-01    964    -0     +0      5e-01   1160    -0     +0      6e-01    704    -0     +0    
==========================================================================================================================
Prune!
==========================================================================================================================
Depth = 4, Bound = 8139.72, Best = 8139

Fixing x[95] = 1

**************************************************************************************************************************
                                               Node 35
**************************************************************************************************************************
Problem size 96
Fixed variables: (x[25],0) (x[53],0) (x[84],1) (x[95],1)
==========================================================================================================================
starting bound     cut  triangles added  violation
       8277.68    8139              500       0.49
==========================================================================================================================
iter     time      bound  bdl   viol3  triag  purged   added   viol5  penta  purged   added   viol7  hepta  purged   added
==========================================================================================================================
   1    21.59    8229.52    3   4e-01    840    -142   +482   
   2    21.64    8201.14    7   4e-01   1031    -272   +463   
   3    21.71    8188.33    8   4e-01   1298    -188   +455   
   4    21.90    8177.11   10   3e-01   1350    -352   +404    7e-01    480    -0     +480    8e-01    478    -0     +478  
   5    22.10    8166.26   12   2e-01   1375    -307   +332    7e-01    832    -125   +477    7e-01    747    -195   +464  
   6    22.31    8157.25   16   2e-01   1340    -325   +290    5e-01   1050    -214   +432    6e-01    865    -288   +406  
   7    22.53    8151.12   18   1e-01   1172    -300   +132    5e-01   1229    -215   +394    5e-01    942    -254   +331  
   8    22.76    8146.01   19   7e-02    917    -262   +7      4e-01   1267    -278   +316    6e-01    907    -274   +239  
   9    23.00    8141.46   25   8e-02    816    -119   +18     4e-01   1298    -229   +260    4e-01    872    -235   +200  
  10    23.06    8139.69   24   8e-02    816    -0     +0      4e-01   1298    -0     +0      4e-01    872    -0     +0    
==========================================================================================================================
Prune!
==========================================================================================================================
Depth = 4, Bound = 8139.69, Best = 8139

Branching on x[41] = 0.50
Fixing x[41] = 0

**************************************************************************************************************************
                                               Node 36
**************************************************************************************************************************
Problem size 95
Fixed variables: (x[41],0) (x[53],1) (x[58],1) (x[62],1) (x[81],1)
==========================================================================================================================
starting bound     cut  triangles added  violation
       8277.36    8139              500       0.49
==========================================================================================================================
iter     time      bound  bdl   viol3  triag  purged   added   viol5  penta  purged   added   viol7  hepta  purged   added
==========================================================================================================================
   1    23.11    8236.48    4   4e-01    810    -151   +461   
   2    23.17    8199.68    5   4e-01   1003    -286   +479   
   3    23.23    8182.20    7   4e-01   1119    -339   +455   
   4    23.41    8172.18    9   2e-01   1217    -255   +353    7e-01    456    -0     +456    6e-01    421    -0     +421  
   5    23.60    8162.34   10   2e-01   1254    -275   +312    6e-01    728    -144   +416    6e-01    593    -201   +373  
   6    23.80    8152.11   13   2e-01   1273    -267   +286    6e-01    907    -219   +398    4e-01    607    -272   +286  
   7    24.01    8146.23   16   2e-01   1074    -262   +63     4e-01   1002    -238   +333    4e-01    621    -211   +225  
   8    24.22    8142.03   21   1e-01    915    -174   +15     5e-01   1043    -207   +248    5e-01    571    -185   +135  
   9    24.30    8138.96   23   1e-01    915    -0     +0      5e-01   1043    -0     +0      5e-01    571    -0     +0    
==========================================================================================================================
Prune!
==========================================================================================================================
Depth = 5, Bound = 8138.96, Best = 8139

Fixing x[41] = 1

**************************************************************************************************************************
                                               Node 37
**************************************************************************************************************************
Problem size 95
Fixed variables: (x[41],1) (x[53],1) (x[58],1) (x[62],1) (x[81],1)
==========================================================================================================================
starting bound     cut  triangles added  violation
       8278.76    8139              500       0.50
==========================================================================================================================
iter     time      bound  bdl   viol3  triag  purged   added   viol5  penta  purged   added   viol7  hepta  purged   added
==========================================================================================================================
   1    24.35    8230.75    3   5e-01    805    -177   +482   
   2    24.41    8196.87    6   4e-01   1059    -205   +459   
   3    24.48    8178.59    7   3e-01   1237    -266   +444   
   4    24.65    8165.76    9   2e-01   1350    -246   +359    6e-01    469    -0     +469    7e-01    441    -0     +441  
   5    24.84    8155.74   12   2e-01   1331    -300   +281    6e-01    737    -167   +435    5e-01    555    -238   +352  
   6    25.04    8148.51   15   1e-01   1125    -277   +71     6e-01    896    -192   +351    5e-01    603    -225   +273  
   7    25.24    8140.59   18   1e-01    999    -181   +55     4e-01   1016    -192   +312    5e-01    607    -188   +192  
   8    25.28    8139.69   20   1e-01    999    -0     +0      4e-01   1016    -0     +0      5e-01    607    -0     +0    
==========================================================================================================================
Prune!
==========================================================================================================================
Depth = 5, Bound = 8139.69, Best = 8139

Branching on x[10] = 0.51
Fixing x[10] = 0

**************************************************************************************************************************
                                               Node 38
**************************************************************************************************************************
Problem size 95
Fixed variables: (x[10],0) (x[53],1) (x[58],1) (x[62],0) (x[81],1)
==========================================================================================================================
starting bound     cut  triangles added  violation
       8280.54    8139              500       0.50
==========================================================================================================================
iter     time      bound  bdl   viol3  triag  purged   added   viol5  penta  purged   added   viol7  hepta  purged   added
==========================================================================================================================
   1    25.32    8225.76    4   4e-01    817    -158   +475   
   2    25.38    8195.28    6   3e-01   1060    -207   +450   
   3    25.56    8178.36    6   3e-01   1198    -296   +434    7e-01    480    -0     +480    7e-01    476    -0     +476  
   4    25.74    8164.05    8   2e-01   1292    -254   +348    7e-01    748    -203   +471    6e-01    648    -259   +431  
   5    25.93    8156.69   14   2e-01   1317    -251   +276    5e-01    917    -259   +428    6e-01    727    -277   +356  
   6    26.13    8148.78   18   1e-01   1125    -281   +89     5e-01   1033    -234   +350    5e-01    650    -296   +219  
   7    26.33    8143.28   20   2e-01   1101    -201   +177    5e-01   1152    -232   +351    5e-01    637    -205   +192  
   8    26.41    8139.80   23   2e-01   1101    -0     +0      5e-01   1152    -0     +0      5e-01    637    -0     +0    
==========================================================================================================================
Prune!
==========================================================================================================================
Depth = 5, Bound = 8139.80, Best = 8139

Fixing x[10] = 1

**************************************************************************************************************************
                                               Node 39
**************************************************************************************************************************
Problem size 95
Fixed variables: (x[10],1) (x[53],1) (x[58],1) (x[62],0) (x[81],1)
==========================================================================================================================
starting bound     cut  triangles added  violation
       8278.74    8139              500       0.49
==========================================================================================================================
iter     time      bound  bdl   viol3  triag  purged   added   viol5  penta  purged   added   viol7  hepta  purged   added
==========================================================================================================================
   1    26.46    8225.05    4   5e-01    841    -132   +473   
   2    26.52    8189.39    6   3e-01   1046    -227   +432   
   3    26.58    8175.39    6   3e-01   1272    -201   +427   
   4    26.76    8165.62   10   2e-01   1356    -255   +339    7e-01    471    -0     +471    7e-01    427    -0     +427  
   5    26.94    8155.39   14   2e-01   1273    -288   +205    6e-01    735    -146   +410    5e-01    577    -176   +326  
   6    27.13    8147.46   19   2e-01   1174    -237   +138    6e-01    926    -164   +355    4e-01    618    -215   +256  
   7    27.34    8142.67   21   1e-01   1035    -180   +41     5e-01    971    -225   +270    5e-01    568    -212   +162  
   8    27.40    8139.51   18   1e-01   1035    -0     +0      5e-01    971    -0     +0      5e-01    568    -0     +0    
==========================================================================================================================
Prune!
==========================================================================================================================
Depth = 5, Bound = 8139.51, Best = 8139

Branching on x[34] = 0.53
Fixing x[34] = 0

**************************************************************************************************************************
                                               Node 40
**************************************************************************************************************************
Problem size 95
Fixed variables: (x[34],0) (x[53],0) (x[66],1) (x[83],0) (x[84],0)
==========================================================================================================================
starting bound     cut  triangles added  violation
       8272.34    8139              500       0.50
==========================================================================================================================
iter     time      bound  bdl   viol3  triag  purged   added   viol5  penta  purged   added   viol7  hepta  purged   added
==========================================================================================================================
   1    27.46    8232.01    4   4e-01    824    -157   +481   
   2    27.52    8200.86    5   4e-01   1088    -228   +492   
   3    27.59    8187.56    5   3e-01   1230    -318   +460   
   4    27.66    8174.99    9   3e-01   1350    -301   +421   
   5    27.89    8167.85    9   3e-01   1546    -227   +423    7e-01    480    -0     +480    8e-01    480    -0     +480  
   6    28.12    8158.74   16   2e-01   1445    -423   +322    6e-01    764    -190   +474    7e-01    744    -204   +468  
   7    28.37    8150.64   20   1e-01   1250    -338   +143    5e-01   1068    -162   +466    6e-01    993    -186   +435  
   8    28.63    8143.89   19   1e-01   1193    -226   +169    5e-01   1320    -205   +457    6e-01   1132    -284   +423  
   9    28.73    8139.84   23   1e-01   1193    -0     +0      5e-01   1320    -0     +0      6e-01   1132    -0     +0    
==========================================================================================================================
Prune!
==========================================================================================================================
Depth = 5, Bound = 8139.84, Best = 8139

Fixing x[34] = 1

**************************************************************************************************************************
                                               Node 41
**************************************************************************************************************************
Problem size 95
Fixed variables: (x[34],1) (x[53],0) (x[66],1) (x[83],0) (x[84],0)
==========================================================================================================================
starting bound     cut  triangles added  violation
       8270.00    8139              500       0.50
==========================================================================================================================
iter     time      bound  bdl   viol3  triag  purged   added   viol5  penta  purged   added   viol7  hepta  purged   added
==========================================================================================================================
   1    28.78    8220.53    4   4e-01    831    -149   +480   
   2    28.84    8194.77    5   4e-01   1088    -231   +488   
   3    29.04    8180.79    7   3e-01   1235    -296   +443    8e-01    480    -0     +480    8e-01    480    -0     +480  
   4    29.24    8164.96   12   3e-01   1341    -297   +403    7e-01    818    -142   +480    8e-01    773    -187   +480  
   5    29.46    8154.99   12   2e-01   1340    -369   +368    6e-01   1049    -246   +477    6e-01    954    -287   +468  
   6    29.69    8145.23   17   1e-01   1190    -326   +176    5e-01   1225    -269   +445    5e-01   1041    -335   +422  
   7    29.77    8139.83   21   1e-01   1190    -0     +0      5e-01   1225    -0     +0      5e-01   1041    -0     +0    
==========================================================================================================================
Prune!
==========================================================================================================================
Depth = 5, Bound = 8139.83, Best = 8139

Branching on x[14] = 0.50
Fixing x[14] = 0

**************************************************************************************************************************
                                               Node 42
**************************************************************************************************************************
Problem size 95
Fixed variables: (x[14],0) (x[53],0) (x[66],0) (x[84],0) (x[89],0)
==========================================================================================================================
starting bound     cut  triangles added  violation
       8272.34    8139              500       0.49
==========================================================================================================================
iter     time      bound  bdl   viol3  triag  purged   added   viol5  penta  purged   added   viol7  hepta  purged   added
==========================================================================================================================
   1    29.83    8214.52    4   4e-01    837    -150   +487   
   2    29.89    8187.69    6   4e-01   1126    -170   +459   
   3    29.96    8174.96    7   3e-01   1318    -258   +450   
   4    30.15    8162.44    8   2e-01   1346    -378   +406    6e-01    480    -0     +480    7e-01    474    -0     +474  
   5    30.36    8152.11    8   2e-01   1429    -294   +377    6e-01    816    -142   +478    6e-01    732    -208   +466  
   6    30.58    8144.72   14   1e-01   1321    -359   +251    5e-01   1015    -259   +458    7e-01    851    -295   +414  
   7    30.67    8139.85   19   1e-01   1321    -0     +0      5e-01   1015    -0     +0      7e-01    851    -0     +0    
==========================================================================================================================
Prune!
==========================================================================================================================
Depth = 5, Bound = 8139.85, Best = 8139

Fixing x[14] = 1

**************************************************************************************************************************
                                               Node 43
**************************************************************************************************************************
Problem size 95
Fixed variables: (x[14],1) (x[53],0) (x[66],0) (x[84],0) (x[89],0)
==========================================================================================================================
starting bound     cut  triangles added  violation
       8268.29    8139              500       0.49
==========================================================================================================================
iter     time      bound  bdl   viol3  triag  purged   added   viol5  penta  purged   added   viol7  hepta  purged   added
==========================================================================================================================
   1    30.73    8219.01    3   4e-01    840    -127   +467   
   2    30.78    8188.36    5   4e-01   1058    -268   +486   
   3    30.85    8174.43    6   3e-01   1195    -312   +449   
   4    31.04    8164.01    8   3e-01   1383    -251   +439    7e-01    480    -0     +480    8e-01    478    -0     +478  
   5    31.24    8154.98   10   3e-01   1417    -367   +401    7e-01    733    -227   +480    7e-01    674    -277   +473  
   6    31.45    8147.52   14   2e-01   1240    -381   +204    6e-01    858    -291   +416    6e-01    696    -334   +356  
   7    31.55    8139.89   15   2e-01   1240    -0     +0      6e-01    858    -0     +0      6e-01    696    -0     +0    
==========================================================================================================================
Prune!
==========================================================================================================================
Depth = 5, Bound = 8139.89, Best = 8139

Branching on x[79] = 0.50
Fixing x[79] = 0

**************************************************************************************************************************
                                               Node 44
**************************************************************************************************************************
Problem size 95
Fixed variables: (x[47],1) (x[53],1) (x[58],0) (x[79],0) (x[98],0)
==========================================================================================================================
starting bound     cut  triangles added  violation
       8270.72    8139              500       0.49
==========================================================================================================================
iter     time      bound  bdl   viol3  triag  purged   added   viol5  penta  purged   added   viol7  hepta  purged   added
==========================================================================================================================
   1    31.60    8212.70    3   5e-01    828    -149   +477   
   2    31.66    8189.75    4   4e-01   1072    -222   +466   
   3    31.74    8177.07    5   3e-01   1225    -279   +432   
   4    31.91    8164.59    9   2e-01   1272    -308   +355    7e-01    468    -0     +468    7e-01    440    -0     +440  
   5    32.10    8153.55   10   2e-01   1291    -276   +295    6e-01    705    -181   +418    5e-01    519    -239   +318  
   6    32.30    8147.33   12   2e-01   1250    -226   +185    6e-01    893    -200   +388    6e-01    646    -185   +312  
   7    32.39    8139.91   16   2e-01   1250    -0     +0      6e-01    893    -0     +0      6e-01    646    -0     +0    
==========================================================================================================================
Prune!
==========================================================================================================================
Depth = 5, Bound = 8139.91, Best = 8139

Fixing x[79] = 1

**************************************************************************************************************************
                                               Node 45
**************************************************************************************************************************
Problem size 95
Fixed variables: (x[47],1) (x[53],1) (x[58],0) (x[79],1) (x[98],0)
==========================================================================================================================
starting bound     cut  triangles added  violation
       8269.61    8139              500       0.50
==========================================================================================================================
iter     time      bound  bdl   viol3  triag  purged   added   viol5  penta  purged   added   viol7  hepta  purged   added
==========================================================================================================================
   1    32.45    8215.09    3   5e-01    827    -160   +487   
   2    32.50    8189.78    4   4e-01   1011    -290   +474   
   3    32.57    8172.66    8   3e-01   1125    -322   +436   
   4    32.64    8162.70    8   3e-01   1355    -202   +432   
   5    32.82    8154.35   13   2e-01   1363    -337   +345    6e-01    458    -0     +458    6e-01    398    -0     +398  
   6    33.02    8146.16   14   2e-01   1358    -288   +283    6e-01    686    -190   +418    5e-01    512    -212   +326  
   7    33.12    8138.44   16   2e-01   1358    -0     +0      6e-01    686    -0     +0      5e-01    512    -0     +0    
==========================================================================================================================
Prune!
==========================================================================================================================
Depth = 5, Bound = 8138.44, Best = 8139


Nodes = 45
Root node bound = 8175.608
Maximum value = 8139
Solution = ( 2 5 9 14 17 20 21 22 23 26 27 32 36 37 38 39 40 42 43 44 45 46 49 50 51 55 56 57 60 62 64 65 66 67 68 73 76 77 78 81 82 85 86 87 88 92 93 94 95 96 )
CPU time = 33.12 s

