Input file: ./Instances/rudy/pw05_100.5

Graph has 100 vertices and 2475 edges.

BiqBin parameters:
    init_bundle_iter = 5
     max_bundle_iter = 20
      min_outer_iter = 10
      max_outer_iter = 30
       violated_Ineq = 0.050000
             TriIneq = 500
         Pent_Trials = 160
        Hepta_Trials = 120
        include_Pent = 1
       include_Hepta = 1
                root = 0
            use_diff = 1
          time_limit = 0
   branchingStrategy = 1
      detailedOutput = 1

**************************************************************************************************************************
                                               Node 1
**************************************************************************************************************************
Problem size 100
Fixed variables:
Node 1 Feasible solution 8169
==========================================================================================================================
starting bound     cut  triangles added  violation
       8373.46    8169              500       0.50
==========================================================================================================================
iter     time      bound  bdl   viol3  triag  purged   added   viol5  penta  purged   added   viol7  hepta  purged   added
==========================================================================================================================
   1     0.05    8317.80    5   4e-01    786    -200   +486   
   2     0.11    8282.15    8   4e-01   1025    -210   +449   
   3     0.30    8261.84    8   3e-01   1258    -175   +408    6e-01    477    -0     +477    7e-01    469    -0     +469  
   4     0.50    8247.38   11   2e-01   1327    -301   +370    6e-01    742    -192   +457    5e-01    591    -281   +403  
   5     0.70    8236.70   13   2e-01   1379    -299   +351    5e-01    896    -261   +415    5e-01    596    -324   +329  
   6     0.91    8231.36   16   2e-01   1223    -280   +124    6e-01   1028    -238   +370    4e-01    556    -272   +232  
   7     1.13    8224.96   16   1e-01   1109    -204   +90     5e-01   1099    -242   +313    4e-01    558    -197   +199  
   8     1.37    8219.91   23   1e-01    918    -212   +21     5e-01   1077    -240   +218    4e-01    506    -184   +132  
   9     1.61    8217.27   25   1e-01    882    -81    +45     3e-01   1209    -98    +230    3e-01    541    -85    +120  
  10     1.87    8214.57   22   7e-02    836    -60    +14     4e-01   1267    -124   +182    4e-01    537    -95    +91   
  11     2.01    8213.11   23   7e-02    836    -0     +0      4e-01   1267    -0     +0      4e-01    537    -0     +0    
==========================================================================================================================
BOUNDING STOPPED: Gap to big!
==========================================================================================================================
Depth = 0, Bound = 8213.11, Best = 8169

Branching on x[73] = 0.50
Fixing x[73] = 0

**************************************************************************************************************************
                                               Node 2
**************************************************************************************************************************
Problem size 99
Fixed variables: (x[73],0)
==========================================================================================================================
BOUNDING STOPPED: Gap to big!
==========================================================================================================================
Depth = 1, Bound = 8364.06, Best = 8169

Fixing x[73] = 1

**************************************************************************************************************************
                                               Node 3
**************************************************************************************************************************
Problem size 99
Fixed variables: (x[73],1)
==========================================================================================================================
BOUNDING STOPPED: Gap to big!
==========================================================================================================================
Depth = 1, Bound = 8361.05, Best = 8169

Branching on x[12] = 0.50
Fixing x[12] = 0

**************************************************************************************************************************
                                               Node 4
**************************************************************************************************************************
Problem size 98
Fixed variables: (x[12],0) (x[73],0)
==========================================================================================================================
BOUNDING STOPPED: Gap to big!
==========================================================================================================================
Depth = 2, Bound = 8356.51, Best = 8169

Fixing x[12] = 1

**************************************************************************************************************************
                                               Node 5
**************************************************************************************************************************
Problem size 98
Fixed variables: (x[12],1) (x[73],0)
==========================================================================================================================
BOUNDING STOPPED: Gap to big!
==========================================================================================================================
Depth = 2, Bound = 8353.68, Best = 8169

Branching on x[6] = 0.50
Fixing x[6] = 0

**************************************************************************************************************************
                                               Node 6
**************************************************************************************************************************
Problem size 98
Fixed variables: (x[6],0) (x[73],1)
==========================================================================================================================
BOUNDING STOPPED: Gap to big!
==========================================================================================================================
Depth = 2, Bound = 8353.77, Best = 8169

Fixing x[6] = 1

**************************************************************************************************************************
                                               Node 7
**************************************************************************************************************************
Problem size 98
Fixed variables: (x[6],1) (x[73],1)
==========================================================================================================================
BOUNDING STOPPED: Gap to big!
==========================================================================================================================
Depth = 2, Bound = 8353.86, Best = 8169

Branching on x[43] = 0.51
Fixing x[43] = 0

**************************************************************************************************************************
                                               Node 8
**************************************************************************************************************************
Problem size 97
Fixed variables: (x[12],0) (x[43],0) (x[73],0)
==========================================================================================================================
BOUNDING STOPPED: Gap to big!
==========================================================================================================================
Depth = 3, Bound = 8348.90, Best = 8169

Fixing x[43] = 1

**************************************************************************************************************************
                                               Node 9
**************************************************************************************************************************
Problem size 97
Fixed variables: (x[12],0) (x[43],1) (x[73],0)
==========================================================================================================================
BOUNDING STOPPED: Gap to big!
==========================================================================================================================
Depth = 3, Bound = 8345.17, Best = 8169

Branching on x[20] = 0.50
Fixing x[20] = 0

**************************************************************************************************************************
                                               Node 10
**************************************************************************************************************************
Problem size 97
Fixed variables: (x[6],1) (x[20],0) (x[73],1)
==========================================================================================================================
BOUNDING STOPPED: Gap to big!
==========================================================================================================================
Depth = 3, Bound = 8342.86, Best = 8169

Fixing x[20] = 1

**************************************************************************************************************************
                                               Node 11
**************************************************************************************************************************
Problem size 97
Fixed variables: (x[6],1) (x[20],1) (x[73],1)
==========================================================================================================================
BOUNDING STOPPED: Gap to big!
==========================================================================================================================
Depth = 3, Bound = 8342.39, Best = 8169

Branching on x[46] = 0.50
Fixing x[46] = 0

**************************************************************************************************************************
                                               Node 12
**************************************************************************************************************************
Problem size 97
Fixed variables: (x[6],0) (x[46],0) (x[73],1)
==========================================================================================================================
BOUNDING STOPPED: Gap to big!
==========================================================================================================================
Depth = 3, Bound = 8342.62, Best = 8169

Fixing x[46] = 1

**************************************************************************************************************************
                                               Node 13
**************************************************************************************************************************
Problem size 97
Fixed variables: (x[6],0) (x[46],1) (x[73],1)
==========================================================================================================================
BOUNDING STOPPED: Gap to big!
==========================================================================================================================
Depth = 3, Bound = 8339.94, Best = 8169

Branching on x[88] = 0.50
Fixing x[88] = 0

**************************************************************************************************************************
                                               Node 14
**************************************************************************************************************************
Problem size 97
Fixed variables: (x[12],1) (x[73],0) (x[88],0)
==========================================================================================================================
BOUNDING STOPPED: Gap to big!
==========================================================================================================================
Depth = 3, Bound = 8345.28, Best = 8169

Fixing x[88] = 1

**************************************************************************************************************************
                                               Node 15
**************************************************************************************************************************
Problem size 97
Fixed variables: (x[12],1) (x[73],0) (x[88],1)
==========================================================================================================================
BOUNDING STOPPED: Gap to big!
==========================================================================================================================
Depth = 3, Bound = 8343.08, Best = 8169

Branching on x[89] = 0.53
Fixing x[89] = 0

**************************************************************************************************************************
                                               Node 16
**************************************************************************************************************************
Problem size 96
Fixed variables: (x[12],0) (x[43],0) (x[73],0) (x[89],0)
==========================================================================================================================
BOUNDING STOPPED: Gap to big!
==========================================================================================================================
Depth = 4, Bound = 8339.94, Best = 8169

Fixing x[89] = 1

**************************************************************************************************************************
                                               Node 17
**************************************************************************************************************************
Problem size 96
Fixed variables: (x[12],0) (x[43],0) (x[73],0) (x[89],1)
==========================================================================================================================
BOUNDING STOPPED: Gap to big!
==========================================================================================================================
Depth = 4, Bound = 8339.05, Best = 8169

Branching on x[94] = 0.50
Fixing x[94] = 0

**************************************************************************************************************************
                                               Node 18
**************************************************************************************************************************
Problem size 96
Fixed variables: (x[12],1) (x[73],0) (x[88],0) (x[94],0)
==========================================================================================================================
BOUNDING STOPPED: Gap to big!
==========================================================================================================================
Depth = 4, Bound = 8335.04, Best = 8169

Fixing x[94] = 1

**************************************************************************************************************************
                                               Node 19
**************************************************************************************************************************
Problem size 96
Fixed variables: (x[12],1) (x[73],0) (x[88],0) (x[94],1)
==========================================================================================================================
BOUNDING STOPPED: Gap to big!
==========================================================================================================================
Depth = 4, Bound = 8333.61, Best = 8169

Branching on x[77] = 0.50
Fixing x[77] = 0

**************************************************************************************************************************
                                               Node 20
**************************************************************************************************************************
Problem size 96
Fixed variables: (x[12],0) (x[43],1) (x[73],0) (x[77],0)
==========================================================================================================================
BOUNDING STOPPED: Gap to big!
==========================================================================================================================
Depth = 4, Bound = 8335.95, Best = 8169

Fixing x[77] = 1

**************************************************************************************************************************
                                               Node 21
**************************************************************************************************************************
Problem size 96
Fixed variables: (x[12],0) (x[43],1) (x[73],0) (x[77],1)
==========================================================================================================================
starting bound     cut  triangles added  violation
       8328.86    8169              500       0.49
==========================================================================================================================
iter     time      bound  bdl   viol3  triag  purged   added   viol5  penta  purged   added   viol7  hepta  purged   added
==========================================================================================================================
   1     2.23    8263.57    3   5e-01    832    -153   +485   
   2     2.28    8238.35    7   3e-01   1023    -258   +449   
   3     2.34    8222.64    7   3e-01   1267    -183   +427   
   4     2.52    8208.55    7   3e-01   1428    -263   +424    7e-01    479    -0     +479    7e-01    472    -0     +472  
   5     2.72    8200.65   13   2e-01   1421    -348   +341    6e-01    764    -184   +469    7e-01    654    -255   +437  
   6     2.93    8190.92   18   2e-01   1168    -396   +143    5e-01    929    -237   +402    6e-01    639    -314   +299  
   7     3.14    8184.82   17   1e-01   1118    -167   +117    4e-01   1062    -201   +334    5e-01    679    -186   +226  
   8     3.36    8180.20   17   1e-01   1046    -147   +75     4e-01   1186    -206   +330    5e-01    695    -190   +206  
   9     3.59    8176.16   25   1e-01    977    -102   +33     5e-01   1268    -170   +252    4e-01    676    -165   +146  
  10     3.83    8173.05   27   8e-02    903    -96    +22     4e-01   1357    -168   +257    3e-01    674    -123   +121  
  11     4.09    8170.48   28   9e-02    876    -80    +53     4e-01   1402    -197   +242    4e-01    654    -151   +131  
  12     4.15    8169.89   26   9e-02    876    -0     +0      4e-01   1402    -0     +0      4e-01    654    -0     +0    
==========================================================================================================================
Prune!
==========================================================================================================================
Depth = 4, Bound = 8169.89, Best = 8169

Branching on x[20] = 0.49
Fixing x[20] = 0

**************************************************************************************************************************
                                               Node 22
**************************************************************************************************************************
Problem size 96
Fixed variables: (x[12],1) (x[20],0) (x[73],0) (x[88],1)
==========================================================================================================================
starting bound     cut  triangles added  violation
       8329.65    8169              500       0.49
==========================================================================================================================
iter     time      bound  bdl   viol3  triag  purged   added   viol5  penta  purged   added   viol7  hepta  purged   added
==========================================================================================================================
   1     4.20    8261.74    5   4e-01    829    -155   +484   
   2     4.26    8235.53    7   3e-01   1037    -240   +448   
   3     4.43    8212.47    8   3e-01   1241    -216   +420    7e-01    479    -0     +479    8e-01    462    -0     +462  
   4     4.61    8203.17    9   2e-01   1382    -234   +375    7e-01    732    -225   +478    6e-01    625    -295   +458  
   5     4.79    8194.08   13   2e-01   1219    -386   +223    6e-01    794    -313   +375    5e-01    528    -372   +275  
   6     4.98    8185.86   15   2e-01   1130    -265   +176    5e-01    944    -205   +355    5e-01    562    -215   +249  
   7     5.19    8179.59   17   2e-01   1057    -206   +133    4e-01   1015    -222   +293    5e-01    547    -195   +180  
   8     5.40    8176.54   22   8e-02    919    -141   +3      4e-01   1023    -201   +209    5e-01    529    -150   +132  
   9     5.62    8173.31   22   1e-01    928    -79    +88     5e-01   1179    -135   +291    4e-01    560    -97    +128  
  10     5.85    8170.17   21   8e-02    832    -110   +14     4e-01   1122    -219   +162    3e-01    517    -127   +84   
  11     5.89    8169.68   25   8e-02    832    -0     +0      4e-01   1122    -0     +0      3e-01    517    -0     +0    
==========================================================================================================================
Prune!
==========================================================================================================================
Depth = 4, Bound = 8169.68, Best = 8169

Fixing x[20] = 1

**************************************************************************************************************************
                                               Node 23
**************************************************************************************************************************
Problem size 96
Fixed variables: (x[12],1) (x[20],1) (x[73],0) (x[88],1)
==========================================================================================================================
BOUNDING STOPPED: Gap to big!
==========================================================================================================================
Depth = 4, Bound = 8332.70, Best = 8169

Branching on x[75] = 0.50
Fixing x[75] = 0

**************************************************************************************************************************
                                               Node 24
**************************************************************************************************************************
Problem size 96
Fixed variables: (x[6],1) (x[20],0) (x[73],1) (x[75],0)
==========================================================================================================================
BOUNDING STOPPED: Gap to big!
==========================================================================================================================
Depth = 4, Bound = 8333.17, Best = 8169

Fixing x[75] = 1

**************************************************************************************************************************
                                               Node 25
**************************************************************************************************************************
Problem size 96
Fixed variables: (x[6],1) (x[20],0) (x[73],1) (x[75],1)
==========================================================================================================================
starting bound     cut  triangles added  violation
       8328.96    8169              500       0.50
==========================================================================================================================
iter     time      bound  bdl   viol3  triag  purged   added   viol5  penta  purged   added   viol7  hepta  purged   added
==========================================================================================================================
   1     5.95    8261.91    4   4e-01    819    -160   +479   
   2     6.00    8235.21    7   3e-01   1043    -218   +442   
   3     6.17    8217.36    6   3e-01   1222    -216   +395    7e-01    473    -0     +473    7e-01    462    -0     +462  
   4     6.36    8207.02    9   3e-01   1396    -199   +373    7e-01    795    -157   +479    6e-01    720    -214   +472  
   5     6.55    8197.52   13   2e-01   1228    -375   +207    6e-01    876    -329   +410    6e-01    649    -415   +344  
   6     6.76    8189.01   14   1e-01   1063    -244   +79     4e-01   1009    -200   +333    5e-01    637    -267   +255  
   7     6.96    8184.25   17   9e-02    981    -116   +34     5e-01   1138    -163   +292    4e-01    660    -153   +176  
   8     7.18    8179.44   24   1e-01    972    -96    +87     5e-01   1262    -192   +316    5e-01    682    -162   +184  
   9     7.41    8175.23   27   9e-02    833    -152   +13     3e-01   1232    -249   +219    4e-01    593    -199   +110  
  10     7.66    8172.86   24   1e-01    823    -66    +56     4e-01   1278    -158   +204    4e-01    598    -106   +111  
  11     7.90    8171.08   23   2e-01    912    -53    +142    5e-01   1451    -133   +306    5e-01    701    -74    +177  
  12     7.99    8169.75   20   2e-01    912    -0     +0      5e-01   1451    -0     +0      5e-01    701    -0     +0    
==========================================================================================================================
Prune!
==========================================================================================================================
Depth = 4, Bound = 8169.75, Best = 8169

Branching on x[27] = 0.50
Fixing x[27] = 0

**************************************************************************************************************************
                                               Node 26
**************************************************************************************************************************
Problem size 96
Fixed variables: (x[6],0) (x[27],0) (x[46],0) (x[73],1)
==========================================================================================================================
BOUNDING STOPPED: Gap to big!
==========================================================================================================================
Depth = 4, Bound = 8333.39, Best = 8169

Fixing x[27] = 1

**************************************************************************************************************************
                                               Node 27
**************************************************************************************************************************
Problem size 96
Fixed variables: (x[6],0) (x[27],1) (x[46],0) (x[73],1)
==========================================================================================================================
BOUNDING STOPPED: Gap to big!
==========================================================================================================================
Depth = 4, Bound = 8331.83, Best = 8169

Branching on x[45] = 0.50
Fixing x[45] = 0

**************************************************************************************************************************
                                               Node 28
**************************************************************************************************************************
Problem size 96
Fixed variables: (x[6],1) (x[20],1) (x[45],0) (x[73],1)
==========================================================================================================================
starting bound     cut  triangles added  violation
       8327.26    8169              500       0.50
==========================================================================================================================
iter     time      bound  bdl   viol3  triag  purged   added   viol5  penta  purged   added   viol7  hepta  purged   added
==========================================================================================================================
   1     8.05    8272.75    4   5e-01    810    -168   +478   
   2     8.11    8234.62    7   4e-01   1003    -267   +460   
   3     8.17    8217.48    7   4e-01   1320    -141   +458   
   4     8.34    8204.25    7   2e-01   1342    -352   +374    6e-01    468    -0     +468    7e-01    438    -0     +438  
   5     8.52    8196.43   12   2e-01   1290    -271   +219    6e-01    753    -135   +420    5e-01    537    -218   +317  
   6     8.72    8188.31   18   1e-01   1251    -245   +206    5e-01    926    -206   +379    5e-01    561    -229   +253  
   7     8.93    8182.70   14   1e-01   1152    -226   +127    5e-01   1015    -238   +327    4e-01    589    -171   +199  
   8     9.14    8178.21   22   1e-01   1034    -155   +37     4e-01   1073    -205   +263    4e-01    586    -164   +161  
   9     9.37    8174.81   22   1e-01    947    -111   +24     3e-01   1159    -139   +225    4e-01    607    -112   +133  
  10     9.60    8172.31   23   9e-02    899    -79    +31     5e-01   1251    -136   +228    3e-01    615    -108   +116  
  11     9.84    8170.16   26   1e-01    860    -71    +32     4e-01   1324    -141   +214    5e-01    610    -104   +99   
  12     9.85    8169.80   27   1e-01    860    -0     +0      4e-01   1324    -0     +0      5e-01    610    -0     +0    
==========================================================================================================================
Prune!
==========================================================================================================================
Depth = 4, Bound = 8169.80, Best = 8169

Fixing x[45] = 1

**************************************************************************************************************************
                                               Node 29
**************************************************************************************************************************
Problem size 96
Fixed variables: (x[6],1) (x[20],1) (x[45],1) (x[73],1)
==========================================================================================================================
starting bound     cut  triangles added  violation
       8328.17    8169              500       0.50
==========================================================================================================================
iter     time      bound  bdl   viol3  triag  purged   added   viol5  penta  purged   added   viol7  hepta  purged   added
==========================================================================================================================
   1     9.90    8270.10    4   4e-01    804    -177   +481   
   2     9.96    8236.50    6   4e-01   1115    -164   +475   
   3    10.13    8219.30   10   3e-01   1136    -391   +412    7e-01    476    -0     +476    7e-01    463    -0     +463  
   4    10.20    8206.03    8   3e-01   1310    -267   +441   
   5    10.39    8200.16   12   2e-01   1324    -289   +303    6e-01    723    -197   +444    6e-01    597    -247   +381  
   6    10.59    8190.42   15   1e-01   1155    -293   +124    5e-01    844    -238   +359    4e-01    540    -302   +245  
   7    10.79    8184.37   18   1e-01   1024    -185   +54     5e-01    957    -165   +278    5e-01    576    -146   +182  
   8    11.00    8179.94   18   1e-01    985    -108   +69     4e-01   1045    -185   +273    5e-01    574    -154   +152  
   9    11.23    8176.86   23   1e-01    911    -107   +33     5e-01   1081    -180   +216    4e-01    549    -133   +108  
  10    11.46    8173.64   24   1e-01    909    -78    +76     5e-01   1175    -130   +224    3e-01    591    -98    +140  
  11    11.69    8171.71   28   7e-02    832    -84    +7      4e-01   1186    -149   +160    3e-01    580    -109   +98   
  12    11.78    8169.95   30   7e-02    832    -0     +0      4e-01   1186    -0     +0      3e-01    580    -0     +0    
==========================================================================================================================
Prune!
==========================================================================================================================
Depth = 4, Bound = 8169.95, Best = 8169

Branching on x[85] = 0.50
Fixing x[85] = 0

**************************************************************************************************************************
                                               Node 30
**************************************************************************************************************************
Problem size 95
Fixed variables: (x[12],0) (x[43],0) (x[73],0) (x[85],0) (x[89],0)
==========================================================================================================================
starting bound     cut  triangles added  violation
       8323.25    8169              500       0.49
==========================================================================================================================
iter     time      bound  bdl   viol3  triag  purged   added   viol5  penta  purged   added   viol7  hepta  purged   added
==========================================================================================================================
   1    11.83    8259.15    5   4e-01    824    -154   +478   
   2    11.89    8223.68    8   4e-01   1101    -190   +467   
   3    11.95    8205.20    8   3e-01   1322    -211   +432   
   4    12.14    8192.56   10   3e-01   1433    -283   +394    7e-01    479    -0     +479    7e-01    477    -0     +477  
   5    12.35    8182.36   15   2e-01   1439    -304   +310    6e-01    780    -164   +465    6e-01    639    -235   +397  
   6    12.57    8174.35   19   2e-01   1256    -287   +104    5e-01   1006    -188   +414    5e-01    720    -242   +323  
   7    12.65    8169.10   21   2e-01   1256    -0     +0      5e-01   1006    -0     +0      5e-01    720    -0     +0    
==========================================================================================================================
Prune!
==========================================================================================================================
Depth = 5, Bound = 8169.10, Best = 8169

Fixing x[85] = 1

**************************************************************************************************************************
                                               Node 31
**************************************************************************************************************************
Problem size 95
Fixed variables: (x[12],0) (x[43],0) (x[73],0) (x[85],1) (x[89],0)
==========================================================================================================================
starting bound     cut  triangles added  violation
       8324.66    8169              500       0.50
==========================================================================================================================
iter     time      bound  bdl   viol3  triag  purged   added   viol5  penta  purged   added   viol7  hepta  purged   added
==========================================================================================================================
   1    12.70    8268.55    5   4e-01    833    -151   +484   
   2    12.76    8242.37    5   4e-01   1104    -207   +478   
   3    12.95    8221.84    9   3e-01   1292    -254   +442    7e-01    480    -0     +480    7e-01    480    -0     +480  
   4    13.16    8205.27   10   3e-01   1419    -306   +433    7e-01    820    -140   +480    8e-01    755    -205   +480  
   5    13.38    8193.52   13   2e-01   1416    -365   +362    6e-01   1052    -237   +469    6e-01    906    -302   +453  
   6    13.61    8184.53   20   1e-01   1272    -306   +162    5e-01   1230    -266   +444    5e-01    959    -336   +389  
   7    13.85    8178.22   21   1e-01   1200    -204   +132    5e-01   1410    -251   +431    6e-01   1079    -254   +374  
   8    14.11    8173.86   18   1e-01   1205    -164   +169    4e-01   1627    -217   +434    5e-01   1222    -242   +385  
   9    14.38    8171.04   20   1e-01   1089    -178   +62     4e-01   1718    -319   +410    5e-01   1304    -275   +357  
  10    14.41    8169.54   22   1e-01   1089    -0     +0      4e-01   1718    -0     +0      5e-01   1304    -0     +0    
==========================================================================================================================
Prune!
==========================================================================================================================
Depth = 5, Bound = 8169.54, Best = 8169

Branching on x[92] = 0.50
Fixing x[92] = 0

**************************************************************************************************************************
                                               Node 32
**************************************************************************************************************************
Problem size 96
Fixed variables: (x[6],0) (x[46],1) (x[73],1) (x[92],0)
==========================================================================================================================
BOUNDING STOPPED: Gap to big!
==========================================================================================================================
Depth = 4, Bound = 8331.14, Best = 8169

Fixing x[92] = 1

**************************************************************************************************************************
                                               Node 33
**************************************************************************************************************************
Problem size 96
Fixed variables: (x[6],0) (x[46],1) (x[73],1) (x[92],1)
==========================================================================================================================
BOUNDING STOPPED: Gap to big!
==========================================================================================================================
Depth = 4, Bound = 8333.12, Best = 8169

Branching on x[19] = 0.50
Fixing x[19] = 0

**************************************************************************************************************************
                                               Node 34
**************************************************************************************************************************
Problem size 95
Fixed variables: (x[12],0) (x[19],0) (x[43],0) (x[73],0) (x[89],1)
==========================================================================================================================
starting bound     cut  triangles added  violation
       8328.90    8169              500       0.50
==========================================================================================================================
iter     time      bound  bdl   viol3  triag  purged   added   viol5  penta  purged   added   viol7  hepta  purged   added
==========================================================================================================================
   1    14.48    8271.87    5   4e-01    823    -153   +476   
   2    14.54    8237.96    6   3e-01   1074    -203   +454   
   3    14.72    8219.46    6   3e-01   1297    -240   +463    8e-01    480    -0     +480    8e-01    480    -0     +480  
   4    14.80    8208.30   10   3e-01   1424    -316   +443   
   5    15.01    8200.62   11   2e-01   1483    -317   +376    6e-01    739    -220   +479    6e-01    682    -270   +472  
   6    15.22    8191.82   14   1e-01   1412    -294   +223    6e-01   1012    -184   +457    6e-01    871    -233   +422  
   7    15.46    8184.91   17   1e-01   1224    -238   +50     5e-01   1234    -182   +404    5e-01    970    -251   +350  
   8    15.70    8180.69   12   1e-01   1153    -159   +88     5e-01   1431    -210   +407    5e-01   1083    -231   +344  
   9    15.96    8176.36   16   2e-01   1399    -124   +370    5e-01   1684    -214   +467    6e-01   1290    -236   +443  
  10    16.25    8173.44   19   1e-01   1084    -348   +33     5e-01   1682    -357   +355    5e-01   1183    -407   +300  
  11    16.54    8170.50   24   8e-02    947    -141   +4      3e-01   1738    -266   +322    4e-01   1165    -263   +245  
  12    16.58    8169.66   24   8e-02    947    -0     +0      3e-01   1738    -0     +0      4e-01   1165    -0     +0    
==========================================================================================================================
Prune!
==========================================================================================================================
Depth = 5, Bound = 8169.66, Best = 8169

Fixing x[19] = 1

**************************************************************************************************************************
                                               Node 35
**************************************************************************************************************************
Problem size 95
Fixed variables: (x[12],0) (x[19],1) (x[43],0) (x[73],0) (x[89],1)
==========================================================================================================================
BOUNDING STOPPED: Gap to big!
==========================================================================================================================
Depth = 5, Bound = 8331.28, Best = 8169

Branching on x[97] = 0.51
Fixing x[97] = 0

**************************************************************************************************************************
                                               Node 36
**************************************************************************************************************************
Problem size 95
Fixed variables: (x[12],0) (x[43],1) (x[73],0) (x[77],0) (x[97],0)
==========================================================================================================================
starting bound     cut  triangles added  violation
       8318.30    8169              500       0.50
==========================================================================================================================
iter     time      bound  bdl   viol3  triag  purged   added   viol5  penta  purged   added   viol7  hepta  purged   added
==========================================================================================================================
   1    16.64    8255.89    3   4e-01    821    -152   +473   
   2    16.69    8227.49    7   4e-01   1181    -109   +469   
   3    16.76    8205.35    6   3e-01   1286    -339   +444   
   4    16.95    8191.68   12   2e-01   1415    -264   +393    6e-01    476    -0     +476    7e-01    468    -0     +468  
   5    17.16    8184.41   13   3e-01   1601    -214   +400    6e-01    841    -115   +480    7e-01    780    -166   +478  
   6    17.38    8175.84   14   2e-01   1486    -415   +300    5e-01   1009    -295   +463    7e-01    823    -372   +415  
   7    17.48    8169.22   18   2e-01   1486    -0     +0      5e-01   1009    -0     +0      7e-01    823    -0     +0    
==========================================================================================================================
Prune!
==========================================================================================================================
Depth = 5, Bound = 8169.22, Best = 8169

Fixing x[97] = 1

**************************************************************************************************************************
                                               Node 37
**************************************************************************************************************************
Problem size 95
Fixed variables: (x[12],0) (x[43],1) (x[73],0) (x[77],0) (x[97],1)
==========================================================================================================================
starting bound     cut  triangles added  violation
       8318.63    8169              500       0.50
==========================================================================================================================
iter     time      bound  bdl   viol3  triag  purged   added   viol5  penta  purged   added   viol7  hepta  purged   added
==========================================================================================================================
   1    17.53    8269.20    3   4e-01    773    -215   +488   
   2    17.59    8237.41    6   4e-01   1049    -193   +469   
   3    17.66    8220.04    7   4e-01   1342    -175   +468   
   4    17.88    8210.09    7   3e-01   1437    -349   +444    7e-01    480    -0     +480    8e-01    480    -0     +480  
   5    18.10    8198.75   12   2e-01   1463    -357   +383    5e-01    822    -137   +479    7e-01    762    -194   +476  
   6    18.34    8190.22   13   2e-01   1513    -300   +350    6e-01   1152    -145   +475    7e-01   1052    -180   +470  
   7    18.59    8184.57   17   1e-01   1251    -335   +73     4e-01   1385    -213   +446    6e-01   1204    -275   +427  
   8    18.86    8181.35   12   1e-01   1268    -188   +205    5e-01   1629    -223   +467    5e-01   1382    -272   +450  
   9    19.15    8177.35   13   2e-01   1497    -188   +417    4e-01   1795    -314   +480    6e-01   1562    -299   +479  
  10    19.46    8176.03   18   1e-01   1173    -376   +52     4e-01   1904    -355   +464    5e-01   1631    -380   +449  
  11    19.79    8173.42   20   1e-01   1224    -159   +210    4e-01   2042    -340   +478    6e-01   1783    -322   +474  
  12    20.14    8171.77   19   1e-01   1040    -213   +29     3e-01   2081    -408   +447    4e-01   1851    -375   +443  
  13    20.50    8171.29   15   6e-02    983    -60    +3      3e-01   2174    -299   +392    4e-01   1973    -261   +383  
  14    20.87    8170.46   20   8e-02    945    -60    +22     3e-01   2311    -326   +463    5e-01   2125    -315   +467  
  15    20.99    8169.88   17   8e-02    945    -0     +0      3e-01   2311    -0     +0      5e-01   2125    -0     +0    
==========================================================================================================================
Prune!
==========================================================================================================================
Depth = 5, Bound = 8169.88, Best = 8169

Branching on x[87] = 0.50
Fixing x[87] = 0

**************************************************************************************************************************
                                               Node 38
**************************************************************************************************************************
Problem size 95
Fixed variables: (x[12],1) (x[73],0) (x[87],0) (x[88],0) (x[94],0)
==========================================================================================================================
starting bound     cut  triangles added  violation
       8323.13    8169              500       0.49
==========================================================================================================================
iter     time      bound  bdl   viol3  triag  purged   added   viol5  penta  purged   added   viol7  hepta  purged   added
==========================================================================================================================
   1    21.04    8272.04    3   5e-01    831    -162   +493   
   2    21.10    8241.43    4   4e-01   1016    -302   +487   
   3    21.17    8222.80    7   3e-01   1196    -264   +444   
   4    21.36    8207.62   11   3e-01   1386    -241   +431    7e-01    479    -0     +479    7e-01    478    -0     +478  
   5    21.44    8196.58   11   3e-01   1468    -337   +419   
   6    21.66    8192.74   13   2e-01   1513    -277   +322    6e-01    768    -184   +473    6e-01    649    -264   +435  
   7    21.89    8184.18   16   1e-01   1216    -377   +80     5e-01    973    -214   +419    5e-01    743    -240   +334  
   8    22.12    8178.74   17   1e-01   1081    -199   +64     4e-01   1146    -207   +380    5e-01    820    -221   +298  
   9    22.37    8174.14   19   1e-01   1048    -118   +85     4e-01   1332    -181   +367    5e-01    950    -181   +311  
  10    22.64    8170.49   18   1e-01   1051    -120   +123    4e-01   1477    -250   +395    4e-01   1011    -232   +293  
  11    22.69    8169.74   22   1e-01   1051    -0     +0      4e-01   1477    -0     +0      4e-01   1011    -0     +0    
==========================================================================================================================
Prune!
==========================================================================================================================
Depth = 5, Bound = 8169.74, Best = 8169

Fixing x[87] = 1

**************************************************************************************************************************
                                               Node 39
**************************************************************************************************************************
Problem size 95
Fixed variables: (x[12],1) (x[73],0) (x[87],1) (x[88],0) (x[94],0)
==========================================================================================================================
starting bound     cut  triangles added  violation
       8321.14    8169              500       0.49
==========================================================================================================================
iter     time      bound  bdl   viol3  triag  purged   added   viol5  penta  purged   added   viol7  hepta  purged   added
==========================================================================================================================
   1    22.74    8264.11    4   5e-01    826    -161   +487   
   2    22.80    8231.78    5   4e-01   1084    -197   +455   
   3    22.97    8208.67    7   3e-01   1220    -278   +414    7e-01    479    -0     +479    7e-01    474    -0     +474  
   4    23.16    8191.73   12   2e-01   1344    -251   +375    7e-01    795    -148   +464    6e-01    670    -235   +431  
   5    23.36    8183.66   17   2e-01   1411    -252   +319    5e-01    996    -246   +447    6e-01    727    -307   +364  
   6    23.57    8177.08   16   2e-01   1462    -275   +326    5e-01   1133    -278   +415    6e-01    761    -297   +331  
   7    23.79    8171.99   20   9e-02   1111    -370   +19     5e-01   1055    -360   +282    4e-01    604    -314   +157  
   8    23.83    8169.56   22   9e-02   1111    -0     +0      5e-01   1055    -0     +0      4e-01    604    -0     +0    
==========================================================================================================================
Prune!
==========================================================================================================================
Depth = 5, Bound = 8169.56, Best = 8169

Branching on x[25] = 0.49
Fixing x[25] = 0

**************************************************************************************************************************
                                               Node 40
**************************************************************************************************************************
Problem size 95
Fixed variables: (x[12],1) (x[25],0) (x[73],0) (x[88],0) (x[94],1)
==========================================================================================================================
starting bound     cut  triangles added  violation
       8322.08    8169              500       0.50
==========================================================================================================================
iter     time      bound  bdl   viol3  triag  purged   added   viol5  penta  purged   added   viol7  hepta  purged   added
==========================================================================================================================
   1    23.88    8266.43    3   4e-01    848    -122   +470   
   2    23.94    8228.13    4   4e-01   1044    -285   +481   
   3    24.01    8213.07    8   3e-01   1145    -369   +470   
   4    24.19    8198.02    7   3e-01   1326    -236   +417    7e-01    479    -0     +479    7e-01    469    -0     +469  
   5    24.39    8186.69   12   2e-01   1387    -296   +357    6e-01    770    -171   +462    5e-01    629    -238   +398  
   6    24.59    8177.77   16   2e-01   1240    -334   +187    5e-01    873    -278   +381    5e-01    605    -326   +302  
   7    24.80    8170.96   16   1e-01   1203    -200   +163    5e-01   1037    -182   +346    5e-01    677    -177   +249  
   8    24.83    8169.49   18   1e-01   1203    -0     +0      5e-01   1037    -0     +0      5e-01    677    -0     +0    
==========================================================================================================================
Prune!
==========================================================================================================================
Depth = 5, Bound = 8169.49, Best = 8169

Fixing x[25] = 1

**************************************************************************************************************************
                                               Node 41
**************************************************************************************************************************
Problem size 95
Fixed variables: (x[12],1) (x[25],1) (x[73],0) (x[88],0) (x[94],1)
==========================================================================================================================
starting bound     cut  triangles added  violation
       8314.57    8169              500       0.49
==========================================================================================================================
iter     time      bound  bdl   viol3  triag  purged   added   viol5  penta  purged   added   viol7  hepta  purged   added
==========================================================================================================================
   1    24.87    8242.72    4   4e-01    845    -126   +471   
   2    24.93    8215.84    5   4e-01   1088    -187   +430   
   3    25.10    8202.12    8   3e-01   1273    -217   +402    8e-01    479    -0     +479    7e-01    471    -0     +471  
   4    25.28    8188.49   11   2e-01   1328    -281   +336    6e-01    743    -196   +460    6e-01    600    -273   +402  
   5    25.47    8179.49   17   2e-01   1325    -298   +295    7e-01    912    -240   +409    6e-01    606    -315   +321  
   6    25.67    8173.04   19   1e-01   1069    -293   +37     7e-01    929    -267   +284    5e-01    516    -254   +164  
   7    25.75    8168.87   22   1e-01   1069    -0     +0      7e-01    929    -0     +0      5e-01    516    -0     +0    
==========================================================================================================================
Prune!
==========================================================================================================================
Depth = 5, Bound = 8168.87, Best = 8169

Branching on x[74] = 0.50
Fixing x[74] = 0

**************************************************************************************************************************
                                               Node 42
**************************************************************************************************************************
Problem size 95
Fixed variables: (x[6],0) (x[27],0) (x[46],0) (x[73],1) (x[74],0)
==========================================================================================================================
starting bound     cut  triangles added  violation
       8319.69    8169              500       0.50
==========================================================================================================================
iter     time      bound  bdl   viol3  triag  purged   added   viol5  penta  purged   added   viol7  hepta  purged   added
==========================================================================================================================
   1    25.80    8254.59    3   5e-01    815    -170   +485   
   2    25.86    8224.15    7   3e-01   1065    -215   +465   
   3    25.93    8209.08    7   4e-01   1340    -179   +454   
   4    26.11    8197.02    9   2e-01   1349    -381   +390    7e-01    476    -0     +476    6e-01    455    -0     +455  
   5    26.30    8186.05   11   2e-01   1396    -277   +324    6e-01    802    -134   +460    6e-01    609    -227   +381  
   6    26.50    8176.82   15   1e-01   1286    -283   +173    5e-01    952    -238   +388    5e-01    630    -277   +298  
   7    26.71    8170.52   21   1e-01   1086    -238   +38     5e-01   1031    -227   +306    5e-01    617    -214   +201  
   8    26.74    8167.84   22   1e-01   1086    -0     +0      5e-01   1031    -0     +0      5e-01    617    -0     +0    
==========================================================================================================================
Prune!
==========================================================================================================================
Depth = 5, Bound = 8167.84, Best = 8169

Fixing x[74] = 1

**************************************************************************************************************************
                                               Node 43
**************************************************************************************************************************
Problem size 95
Fixed variables: (x[6],0) (x[27],0) (x[46],0) (x[73],1) (x[74],1)
==========================================================================================================================
starting bound     cut  triangles added  violation
       8318.73    8169              500       0.50
==========================================================================================================================
iter     time      bound  bdl   viol3  triag  purged   added   viol5  penta  purged   added   viol7  hepta  purged   added
==========================================================================================================================
   1    26.79    8251.49    3   4e-01    850    -138   +488   
   2    26.85    8223.57    6   4e-01   1059    -258   +467   
   3    26.92    8206.63    7   4e-01   1307    -199   +447   
   4    27.10    8193.32    8   2e-01   1384    -343   +420    7e-01    477    -0     +477    6e-01    462    -0     +462  
   5    27.29    8183.22   14   2e-01   1425    -284   +325    6e-01    783    -150   +456    6e-01    643    -214   +395  
   6    27.50    8175.50   18   2e-01   1315    -278   +168    5e-01    983    -208   +408    6e-01    689    -259   +305  
   7    27.59    8169.63   20   2e-01   1315    -0     +0      5e-01    983    -0     +0      6e-01    689    -0     +0    
==========================================================================================================================
Prune!
==========================================================================================================================
Depth = 5, Bound = 8169.63, Best = 8169

Branching on x[66] = 0.50
Fixing x[66] = 0

**************************************************************************************************************************
                                               Node 44
**************************************************************************************************************************
Problem size 95
Fixed variables: (x[6],1) (x[20],0) (x[66],0) (x[73],1) (x[75],0)
==========================================================================================================================
starting bound     cut  triangles added  violation
       8320.76    8169              500       0.50
==========================================================================================================================
iter     time      bound  bdl   viol3  triag  purged   added   viol5  penta  purged   added   viol7  hepta  purged   added
==========================================================================================================================
   1    27.64    8271.87    3   5e-01    835    -156   +491   
   2    27.70    8239.03    4   4e-01   1076    -244   +485   
   3    27.77    8220.81    8   3e-01   1238    -294   +456   
   4    27.85    8209.51    5   4e-01   1469    -227   +458   
   5    28.05    8198.95    9   2e-01   1482    -387   +400    7e-01    480    -0     +480    7e-01    473    -0     +473  
   6    28.27    8187.13   13   2e-01   1333    -339   +190    5e-01    808    -126   +454    6e-01    729    -165   +421  
   7    28.50    8181.09   18   1e-01   1275    -185   +127    5e-01   1094    -139   +425    6e-01    943    -183   +397  
   8    28.74    8175.57   21   1e-01   1193    -184   +102    4e-01   1314    -184   +404    5e-01    996    -259   +312  
   9    29.00    8170.91   20   2e-01   1161    -144   +112    4e-01   1522    -209   +417    6e-01   1118    -242   +364  
  10    29.04    8169.17   22   2e-01   1161    -0     +0      4e-01   1522    -0     +0      6e-01   1118    -0     +0    
==========================================================================================================================
Prune!
==========================================================================================================================
Depth = 5, Bound = 8169.17, Best = 8169

Fixing x[66] = 1

**************************************************************************************************************************
                                               Node 45
**************************************************************************************************************************
Problem size 95
Fixed variables: (x[6],1) (x[20],0) (x[66],1) (x[73],1) (x[75],0)
==========================================================================================================================
starting bound     cut  triangles added  violation
       8315.46    8169              500       0.49
==========================================================================================================================
iter     time      bound  bdl   viol3  triag  purged   added   viol5  penta  purged   added   viol7  hepta  purged   added
==========================================================================================================================
   1    29.09    8261.95    4   4e-01    798    -183   +481   
   2    29.15    8225.05    7   4e-01   1052    -203   +457   
   3    29.21    8205.70    8   3e-01   1227    -253   +428   
   4    29.39    8196.73    9   2e-01   1329    -257   +359    7e-01    473    -0     +473    6e-01    444    -0     +444  
   5    29.58    8186.23   11   2e-01   1415    -262   +348    6e-01    738    -190   +455    6e-01    635    -231   +422  
   6    29.78    8178.05   13   2e-01   1326    -353   +264    5e-01    901    -241   +404    5e-01    682    -278   +325  
   7    29.99    8172.92   18   2e-01   1151    -294   +119    6e-01   1028    -223   +350    7e-01    675    -257   +250  
   8    30.04    8169.71   21   2e-01   1151    -0     +0      6e-01   1028    -0     +0      7e-01    675    -0     +0    
==========================================================================================================================
Prune!
==========================================================================================================================
Depth = 5, Bound = 8169.71, Best = 8169

Branching on x[32] = 0.50
Fixing x[32] = 0

**************************************************************************************************************************
                                               Node 46
**************************************************************************************************************************
Problem size 95
Fixed variables: (x[6],0) (x[32],0) (x[46],1) (x[73],1) (x[92],1)
==========================================================================================================================
starting bound     cut  triangles added  violation
       8318.62    8169              500       0.49
==========================================================================================================================
iter     time      bound  bdl   viol3  triag  purged   added   viol5  penta  purged   added   viol7  hepta  purged   added
==========================================================================================================================
   1    30.09    8253.69    3   5e-01    833    -152   +485   
   2    30.14    8225.96    6   4e-01   1040    -257   +464   
   3    30.21    8209.16    5   4e-01   1256    -221   +437   
   4    30.39    8195.84   11   2e-01   1323    -257   +324    7e-01    470    -0     +470    6e-01    440    -0     +440  
   5    30.57    8184.13   13   2e-01   1347    -217   +241    5e-01    761    -132   +423    6e-01    593    -179   +332  
   6    30.77    8175.86   16   1e-01   1253    -243   +149    6e-01    925    -209   +373    5e-01    619    -238   +264  
   7    30.98    8170.86   14   2e-01   1435    -158   +340    5e-01   1154    -187   +416    7e-01    742    -199   +322  
   8    31.01    8168.89   17   2e-01   1435    -0     +0      5e-01   1154    -0     +0      7e-01    742    -0     +0    
==========================================================================================================================
Prune!
==========================================================================================================================
Depth = 5, Bound = 8168.89, Best = 8169

Fixing x[32] = 1

**************************************************************************************************************************
                                               Node 47
**************************************************************************************************************************
Problem size 95
Fixed variables: (x[6],0) (x[32],1) (x[46],1) (x[73],1) (x[92],1)
==========================================================================================================================
starting bound     cut  triangles added  violation
       8320.38    8169              500       0.49
==========================================================================================================================
iter     time      bound  bdl   viol3  triag  purged   added   viol5  penta  purged   added   viol7  hepta  purged   added
==========================================================================================================================
   1    31.06    8256.97    4   4e-01    857    -121   +478   
   2    31.12    8220.92    7   4e-01   1087    -241   +471   
   3    31.29    8203.62   12   3e-01   1217    -300   +430    7e-01    479    -0     +479    7e-01    471    -0     +471  
   4    31.48    8191.85   11   2e-01   1305    -292   +380    7e-01    743    -200   +464    5e-01    620    -278   +427  
   5    31.67    8181.80   11   2e-01   1318    -327   +340    6e-01    901    -268   +426    5e-01    699    -284   +363  
   6    31.88    8174.98   17   2e-01   1231    -291   +204    5e-01   1030    -251   +380    6e-01    671    -295   +267  
   7    31.96    8169.04   17   2e-01   1231    -0     +0      5e-01   1030    -0     +0      6e-01    671    -0     +0    
==========================================================================================================================
Prune!
==========================================================================================================================
Depth = 5, Bound = 8169.04, Best = 8169

Branching on x[82] = 0.51
Fixing x[82] = 0

**************************************************************************************************************************
                                               Node 48
**************************************************************************************************************************
Problem size 95
Fixed variables: (x[12],1) (x[20],1) (x[73],0) (x[82],0) (x[88],1)
==========================================================================================================================
starting bound     cut  triangles added  violation
       8318.02    8169              500       0.50
==========================================================================================================================
iter     time      bound  bdl   viol3  triag  purged   added   viol5  penta  purged   added   viol7  hepta  purged   added
==========================================================================================================================
   1    32.01    8263.77    4   5e-01    841    -138   +479   
   2    32.07    8234.25    6   4e-01   1039    -261   +459   
   3    32.14    8214.77    8   4e-01   1282    -227   +470   
   4    32.33    8202.44    7   3e-01   1409    -306   +433    8e-01    480    -0     +480    7e-01    480    -0     +480  
   5    32.54    8189.87   12   2e-01   1469    -308   +368    6e-01    825    -133   +478    7e-01    747    -193   +460  
   6    32.76    8180.37   17   2e-01   1464    -301   +296    6e-01   1110    -182   +467    6e-01    913    -259   +425  
   7    32.99    8171.37   17   2e-01   1373    -297   +206    4e-01   1243    -288   +421    5e-01    887    -366   +340  
   8    33.04    8169.76   19   2e-01   1373    -0     +0      4e-01   1243    -0     +0      5e-01    887    -0     +0    
==========================================================================================================================
Prune!
==========================================================================================================================
Depth = 5, Bound = 8169.76, Best = 8169

Fixing x[82] = 1

**************************************************************************************************************************
                                               Node 49
**************************************************************************************************************************
Problem size 95
Fixed variables: (x[12],1) (x[20],1) (x[73],0) (x[82],1) (x[88],1)
==========================================================================================================================
starting bound     cut  triangles added  violation
       8313.40    8169              500       0.50
==========================================================================================================================
iter     time      bound  bdl   viol3  triag  purged   added   viol5  penta  purged   added   viol7  hepta  purged   added
==========================================================================================================================
   1    33.10    8254.83    3   5e-01    815    -164   +479   
   2    33.15    8225.80    5   4e-01   1033    -227   +445   
   3    33.22    8202.46    7   3e-01   1289    -175   +431   
   4    33.40    8189.51   12   2e-01   1282    -395   +388    6e-01    461    -0     +461    6e-01    420    -0     +420  
   5    33.59    8180.32   15   2e-01   1342    -209   +269    6e-01    765    -127   +431    5e-01    595    -165   +340  
   6    33.80    8173.34   17   2e-01   1427    -268   +353    5e-01    967    -233   +435    6e-01    696    -241   +342  
   7    33.87    8169.11   21   2e-01   1427    -0     +0      5e-01    967    -0     +0      6e-01    696    -0     +0    
==========================================================================================================================
Prune!
==========================================================================================================================
Depth = 5, Bound = 8169.11, Best = 8169

Branching on x[77] = 0.50
Fixing x[77] = 0

**************************************************************************************************************************
                                               Node 50
**************************************************************************************************************************
Problem size 95
Fixed variables: (x[6],0) (x[27],1) (x[46],0) (x[73],1) (x[77],0)
==========================================================================================================================
starting bound     cut  triangles added  violation
       8319.31    8169              500       0.50
==========================================================================================================================
iter     time      bound  bdl   viol3  triag  purged   added   viol5  penta  purged   added   viol7  hepta  purged   added
==========================================================================================================================
   1    33.92    8261.47    4   4e-01    828    -150   +478   
   2    33.97    8230.52    4   4e-01   1136    -142   +450   
   3    34.04    8208.34    7   3e-01   1234    -352   +450   
   4    34.22    8194.35   11   2e-01   1369    -278   +413    6e-01    477    -0     +477    6e-01    453    -0     +453  
   5    34.41    8187.79   11   2e-01   1453    -247   +331    6e-01    785    -152   +460    6e-01    685    -191   +423  
   6    34.62    8178.23   14   2e-01   1329    -332   +208    5e-01    975    -240   +430    6e-01    697    -326   +338  
   7    34.84    8170.68   16   1e-01   1190    -268   +129    5e-01   1087    -257   +369    4e-01    658    -282   +243  
   8    34.86    8168.77   18   1e-01   1190    -0     +0      5e-01   1087    -0     +0      4e-01    658    -0     +0    
==========================================================================================================================
Prune!
==========================================================================================================================
Depth = 5, Bound = 8168.77, Best = 8169

Fixing x[77] = 1

**************************************************************************************************************************
                                               Node 51
**************************************************************************************************************************
Problem size 95
Fixed variables: (x[6],0) (x[27],1) (x[46],0) (x[73],1) (x[77],1)
==========================================================================================================================
starting bound     cut  triangles added  violation
       8316.02    8169              500       0.50
==========================================================================================================================
iter     time      bound  bdl   viol3  triag  purged   added   viol5  penta  purged   added   viol7  hepta  purged   added
==========================================================================================================================
   1    34.92    8262.69    5   4e-01    812    -174   +486   
   2    34.97    8232.21    4   4e-01   1102    -160   +450   
   3    35.04    8209.45    7   3e-01   1263    -275   +436   
   4    35.12    8198.02    8   3e-01   1403    -295   +435   
   5    35.31    8191.31   12   2e-01   1454    -290   +341    7e-01    474    -0     +474    6e-01    465    -0     +465  
   6    35.52    8183.94   17   2e-01   1511    -285   +342    5e-01    804    -112   +442    5e-01    672    -177   +384  
   7    35.75    8178.46   19   2e-01   1412    -318   +219    5e-01   1004    -223   +423    6e-01    741    -271   +340  
   8    35.98    8172.83   21   1e-01   1194    -294   +76     5e-01   1087    -276   +359    5e-01    707    -287   +253  
   9    36.08    8169.10   18   1e-01   1194    -0     +0      5e-01   1087    -0     +0      5e-01    707    -0     +0    
==========================================================================================================================
Prune!
==========================================================================================================================
Depth = 5, Bound = 8169.10, Best = 8169

Branching on x[45] = 0.50
Fixing x[45] = 0

**************************************************************************************************************************
                                               Node 52
**************************************************************************************************************************
Problem size 94
Fixed variables: (x[12],0) (x[19],1) (x[43],0) (x[45],0) (x[73],0) (x[89],1)
==========================================================================================================================
starting bound     cut  triangles added  violation
       8313.18    8169              500       0.49
==========================================================================================================================
iter     time      bound  bdl   viol3  triag  purged   added   viol5  penta  purged   added   viol7  hepta  purged   added
==========================================================================================================================
   1    36.13    8247.66    3   4e-01    817    -168   +485   
   2    36.19    8219.62    7   3e-01   1020    -260   +463   
   3    36.36    8196.33   10   3e-01   1238    -204   +422    7e-01    479    -0     +479    6e-01    475    -0     +475  
   4    36.55    8181.96    8   3e-01   1400    -268   +430    8e-01    806    -153   +480    7e-01    720    -234   +479  
   5    36.74    8173.90   11   2e-01   1398    -342   +340    6e-01    970    -287   +451    6e-01    748    -372   +400  
   6    36.77    8168.95   14   2e-01   1398    -0     +0      6e-01    970    -0     +0      6e-01    748    -0     +0    
==========================================================================================================================
Prune!
==========================================================================================================================
Depth = 6, Bound = 8168.95, Best = 8169

Fixing x[45] = 1

**************************************************************************************************************************
                                               Node 53
**************************************************************************************************************************
Problem size 94
Fixed variables: (x[12],0) (x[19],1) (x[43],0) (x[45],1) (x[73],0) (x[89],1)
==========================================================================================================================
starting bound     cut  triangles added  violation
       8316.74    8169              500       0.49
==========================================================================================================================
iter     time      bound  bdl   viol3  triag  purged   added   viol5  penta  purged   added   viol7  hepta  purged   added
==========================================================================================================================
   1    36.82    8262.57    4   4e-01    858    -100   +458   
   2    36.87    8232.07    6   4e-01   1115    -224   +481   
   3    36.94    8209.77    9   3e-01   1296    -271   +452   
   4    37.14    8201.85    9   3e-01   1540    -194   +438    7e-01    480    -0     +480    8e-01    480    -0     +480  
   5    37.36    8189.14   13   3e-01   1448    -471   +379    7e-01    787    -173   +480    7e-01    748    -209   +477  
   6    37.58    8179.85   14   2e-01   1440    -366   +358    6e-01   1013    -249   +475    5e-01    920    -282   +454  
   7    37.82    8174.80   15   2e-01   1488    -290   +338    6e-01   1263    -227   +477    6e-01   1104    -281   +465  
   8    38.07    8170.29   15   1e-01   1366    -317   +195    4e-01   1466    -260   +463    6e-01   1231    -294   +421  
   9    38.10    8168.55   17   1e-01   1366    -0     +0      4e-01   1466    -0     +0      6e-01   1231    -0     +0    
==========================================================================================================================
Prune!
==========================================================================================================================
Depth = 6, Bound = 8168.55, Best = 8169

Branching on x[52] = 0.50
Fixing x[52] = 0

**************************************************************************************************************************
                                               Node 54
**************************************************************************************************************************
Problem size 95
Fixed variables: (x[6],0) (x[46],1) (x[52],0) (x[73],1) (x[92],0)
==========================================================================================================================
starting bound     cut  triangles added  violation
       8318.61    8169              500       0.49
==========================================================================================================================
iter     time      bound  bdl   viol3  triag  purged   added   viol5  penta  purged   added   viol7  hepta  purged   added
==========================================================================================================================
   1    38.15    8260.74    4   4e-01    810    -165   +475   
   2    38.21    8222.75    8   4e-01   1096    -176   +462   
   3    38.38    8205.81   10   3e-01   1211    -286   +401    6e-01    480    -0     +480    7e-01    471    -0     +471  
   4    38.46    8195.52   12   3e-01   1386    -210   +385   
   5    38.65    8188.37   12   2e-01   1399    -268   +281    7e-01    745    -185   +450    5e-01    616    -248   +393  
   6    38.85    8179.33   16   2e-01   1175    -296   +72     5e-01    894    -221   +370    5e-01    581    -282   +247  
   7    39.07    8174.17   18   1e-01   1112    -168   +105    5e-01   1034    -194   +334    4e-01    613    -177   +209  
   8    39.17    8169.12   20   1e-01   1112    -0     +0      5e-01   1034    -0     +0      4e-01    613    -0     +0    
==========================================================================================================================
Prune!
==========================================================================================================================
Depth = 5, Bound = 8169.12, Best = 8169

Fixing x[52] = 1

**************************************************************************************************************************
                                               Node 55
**************************************************************************************************************************
Problem size 95
Fixed variables: (x[6],0) (x[46],1) (x[52],1) (x[73],1) (x[92],0)
==========================================================================================================================
starting bound     cut  triangles added  violation
       8321.46    8169              500       0.50
==========================================================================================================================
iter     time      bound  bdl   viol3  triag  purged   added   viol5  penta  purged   added   viol7  hepta  purged   added
==========================================================================================================================
   1    39.22    8263.84    5   4e-01    815    -154   +469   
   2    39.27    8230.58    6   4e-01   1115    -171   +471   
   3    39.46    8215.96    9   3e-01   1258    -309   +452    7e-01    480    -0     +480    7e-01    478    -0     +478  
   4    39.65    8202.61    8   3e-01   1431    -242   +415    7e-01    793    -167   +480    7e-01    723    -231   +476  
   5    39.86    8194.45   11   2e-01   1398    -384   +351    6e-01    966    -294   +467    7e-01    831    -325   +433  
   6    40.09    8187.71   16   2e-01   1389    -310   +301    6e-01   1199    -224   +457    6e-01    970    -279   +418  
   7    40.33    8180.23   19   1e-01   1077    -369   +57     4e-01   1218    -376   +395    4e-01    864    -408   +302  
   8    40.57    8176.82   20   1e-01   1027    -136   +86     4e-01   1395    -199   +376    4e-01   1004    -173   +313  
   9    40.83    8172.90   20   1e-01   1091    -108   +172    5e-01   1548    -244   +397    4e-01   1121    -218   +335  
  10    41.11    8170.23   21   7e-02    879    -221   +9      3e-01   1482    -349   +283    5e-01   1044    -311   +234  
  11    41.14    8169.30   22   7e-02    879    -0     +0      3e-01   1482    -0     +0      5e-01   1044    -0     +0    
==========================================================================================================================
Prune!
==========================================================================================================================
Depth = 5, Bound = 8169.30, Best = 8169


Nodes = 55
Root node bound = 8213.108
Maximum value = 8169
Solution = ( 1 3 4 6 7 8 9 10 14 16 19 21 22 24 27 30 31 33 34 36 40 41 44 45 46 49 50 52 54 56 57 59 60 62 64 66 67 69 71 72 76 80 81 86 90 91 93 96 98 99 )
CPU time = 41.14 s

