Input file: ./Instances/rudy/pw05_100.8

Graph has 100 vertices and 2475 edges.

BiqBin parameters:
    init_bundle_iter = 5
     max_bundle_iter = 20
      min_outer_iter = 10
      max_outer_iter = 30
       violated_Ineq = 0.050000
             TriIneq = 500
         Pent_Trials = 160
        Hepta_Trials = 120
        include_Pent = 1
       include_Hepta = 1
                root = 0
            use_diff = 1
          time_limit = 0
   branchingStrategy = 1
      detailedOutput = 1

**************************************************************************************************************************
                                               Node 1
**************************************************************************************************************************
Problem size 100
Fixed variables:
Node 1 Feasible solution 8199
==========================================================================================================================
starting bound     cut  triangles added  violation
       8382.96    8199              500       0.50
==========================================================================================================================
iter     time      bound  bdl   viol3  triag  purged   added   viol5  penta  purged   added   viol7  hepta  purged   added
==========================================================================================================================
   1     0.06    8325.14    5   4e-01    816    -172   +488   
   2     0.12    8291.06    6   4e-01   1073    -216   +473   
   3     0.19    8272.83    5   3e-01   1235    -309   +471   
   4     0.27    8262.31    8   3e-01   1391    -290   +446   
   5     0.49    8252.72   11   2e-01   1415    -345   +369    7e-01    479    -0     +479    7e-01    468    -0     +468  
   6     0.71    8243.90   15   1e-01   1305    -344   +234    5e-01    767    -149   +437    5e-01    655    -202   +389  
   7     0.96    8236.41   17   2e-01   1250    -205   +150    5e-01   1026    -176   +435    6e-01    823    -207   +375  
   8     1.22    8231.26   22   1e-01   1091    -215   +56     5e-01   1136    -256   +366    5e-01    880    -221   +278  
   9     1.49    8227.85   26   1e-01   1009    -148   +66     4e-01   1281    -208   +353    4e-01    934    -214   +268  
  10     1.78    8224.91   24   1e-01   1018    -112   +121    4e-01   1462    -212   +393    5e-01   1060    -188   +314  
  11     2.08    8223.53   24   1e-01    968    -106   +56     4e-01   1552    -249   +339    4e-01   1097    -212   +249  
  12     2.40    8220.54   28   7e-02    854    -118   +4      4e-01   1487    -310   +245    4e-01   1009    -258   +170  
  13     2.71    8219.11   23   1e-01   1075    -47    +268    4e-01   1747    -134   +394    5e-01   1198    -114   +303  
  14     3.06    8217.21   28   7e-02    860    -223   +8      3e-01   1644    -313   +210    4e-01   1118    -247   +167  
  15     3.40    8215.48   27   7e-02    792    -72    +4      3e-01   1736    -145   +237    3e-01   1163    -123   +168  
  16     3.75    8214.10   24   7e-02    764    -29    +1      3e-01   1803    -138   +205    3e-01   1186    -124   +147  
  17     4.11    8212.95   32   5e-02    726    -38    +0      2e-01   1808    -145   +150    3e-01   1192    -114   +120  
  18     4.47    8211.92   33   6e-02    696    -33    +3      2e-01   1826    -127   +145    3e-01   1208    -93    +109  
  19     4.70    8211.32   29   6e-02    696    -0     +0      2e-01   1826    -0     +0      3e-01   1208    -0     +0    
==========================================================================================================================
BOUNDING STOPPED: Gap to big!
==========================================================================================================================
Depth = 0, Bound = 8211.32, Best = 8199

Branching on x[36] = 0.49
Fixing x[36] = 0

**************************************************************************************************************************
                                               Node 2
**************************************************************************************************************************
Problem size 99
Fixed variables: (x[36],0)
==========================================================================================================================
BOUNDING STOPPED: Gap to big!
==========================================================================================================================
Depth = 1, Bound = 8374.02, Best = 8199

Fixing x[36] = 1

**************************************************************************************************************************
                                               Node 3
**************************************************************************************************************************
Problem size 99
Fixed variables: (x[36],1)
==========================================================================================================================
BOUNDING STOPPED: Gap to big!
==========================================================================================================================
Depth = 1, Bound = 8375.33, Best = 8199

Branching on x[91] = 0.49
Fixing x[91] = 0

**************************************************************************************************************************
                                               Node 4
**************************************************************************************************************************
Problem size 98
Fixed variables: (x[36],1) (x[91],0)
==========================================================================================================================
starting bound     cut  triangles added  violation
       8367.18    8199              500       0.50
==========================================================================================================================
iter     time      bound  bdl   viol3  triag  purged   added   viol5  penta  purged   added   viol7  hepta  purged   added
==========================================================================================================================
   1     4.77    8310.35    5   4e-01    832    -158   +490   
   2     4.83    8278.42    7   4e-01   1068    -239   +475   
   3     5.02    8256.52   11   3e-01   1231    -288   +451    7e-01    480    -0     +480    7e-01    480    -0     +480  
   4     5.09    8244.97    8   3e-01   1379    -290   +438   
   5     5.30    8240.25   10   2e-01   1407    -345   +373    6e-01    754    -205   +479    6e-01    681    -263   +464  
   6     5.53    8229.68   14   2e-01   1403    -323   +319    6e-01    974    -234   +454    5e-01    796    -299   +414  
   7     5.77    8220.56   16   1e-01   1189    -303   +89     4e-01   1121    -239   +386    6e-01    826    -279   +309  
   8     6.01    8216.06   23   1e-01   1043    -174   +28     5e-01   1263    -213   +355    5e-01    835    -222   +231  
   9     6.27    8212.08   21   1e-01    984    -109   +50     4e-01   1396    -206   +339    4e-01    895    -193   +253  
  10     6.54    8209.98   18   2e-01   1282    -78    +376    4e-01   1630    -200   +434    5e-01   1101    -173   +379  
  11     6.83    8206.76   24   7e-02    916    -376   +10     3e-01   1524    -377   +271    4e-01    903    -382   +184  
  12     7.12    8204.53   25   9e-02    822    -103   +9      4e-01   1612    -153   +241    4e-01    921    -146   +164  
  13     7.42    8202.26   29   1e-01    802    -50    +30     4e-01   1715    -163   +266    4e-01    940    -132   +151  
  14     7.75    8200.22   32   8e-02    748    -60    +6      4e-01   1684    -208   +177    3e-01    920    -150   +130  
  15     7.78    8199.68   34   8e-02    748    -0     +0      4e-01   1684    -0     +0      3e-01    920    -0     +0    
==========================================================================================================================
Prune!
==========================================================================================================================
Depth = 2, Bound = 8199.68, Best = 8199

Fixing x[91] = 1

**************************************************************************************************************************
                                               Node 5
**************************************************************************************************************************
Problem size 98
Fixed variables: (x[36],1) (x[91],1)
==========================================================================================================================
starting bound     cut  triangles added  violation
       8366.14    8199              500       0.50
==========================================================================================================================
iter     time      bound  bdl   viol3  triag  purged   added   viol5  penta  purged   added   viol7  hepta  purged   added
==========================================================================================================================
   1     7.83    8313.00    4   4e-01    838    -154   +492   
   2     7.89    8278.06    7   4e-01   1000    -322   +484   
   3     7.96    8259.76    8   3e-01   1213    -231   +444   
   4     8.17    8245.79    8   3e-01   1355    -282   +424    7e-01    480    -0     +480    8e-01    479    -0     +479  
   5     8.38    8238.91   13   3e-01   1457    -302   +404    7e-01    783    -174   +477    7e-01    740    -213   +474  
   6     8.62    8229.71   14   1e-01   1292    -370   +205    4e-01    979    -252   +448    5e-01    812    -331   +403  
   7     8.86    8222.70   18   1e-01   1068    -307   +83     5e-01   1133    -244   +398    5e-01    838    -295   +321  
   8     9.11    8217.41   20   1e-01   1183    -120   +235    4e-01   1310    -241   +418    5e-01    973    -225   +360  
   9     9.39    8214.71   21   1e-01    980    -229   +26     5e-01   1360    -294   +344    5e-01    959    -287   +273  
  10     9.67    8210.80   19   2e-01   1157    -98    +275    5e-01   1599    -218   +457    5e-01   1190    -192   +423  
  11     9.97    8209.17   21   8e-02    954    -220   +17     4e-01   1581    -325   +307    4e-01   1152    -294   +256  
  12    10.27    8206.24   25   7e-02    857    -102   +5      4e-01   1592    -251   +262    4e-01   1115    -251   +214  
  13    10.59    8204.24   26   7e-02    818    -63    +24     3e-01   1680    -177   +265    4e-01   1160    -171   +216  
  14    10.92    8202.51   27   7e-02    771    -52    +5      3e-01   1686    -192   +198    3e-01   1149    -178   +167  
  15    11.27    8201.35   23   1e-01    835    -36    +100    4e-01   1920    -143   +377    5e-01   1360    -102   +313  
  16    11.64    8200.26   21   1e-01    779    -75    +19     3e-01   1934    -273   +287    4e-01   1371    -238   +249  
  17    11.74    8199.80   25   1e-01    779    -0     +0      3e-01   1934    -0     +0      4e-01   1371    -0     +0    
==========================================================================================================================
Prune!
==========================================================================================================================
Depth = 2, Bound = 8199.80, Best = 8199

Branching on x[18] = 0.50
Fixing x[18] = 0

**************************************************************************************************************************
                                               Node 6
**************************************************************************************************************************
Problem size 98
Fixed variables: (x[18],0) (x[36],0)
==========================================================================================================================
starting bound     cut  triangles added  violation
       8363.20    8199              500       0.50
==========================================================================================================================
iter     time      bound  bdl   viol3  triag  purged   added   viol5  penta  purged   added   viol7  hepta  purged   added
==========================================================================================================================
   1    11.79    8305.24    4   4e-01    814    -171   +485   
   2    11.85    8266.01    4   4e-01   1098    -203   +487   
   3    11.92    8246.91    7   4e-01   1195    -369   +466   
   4    12.10    8234.71    7   3e-01   1399    -242   +446    7e-01    479    -0     +479    7e-01    479    -0     +479  
   5    12.31    8225.61   12   2e-01   1409    -358   +368    6e-01    692    -246   +459    6e-01    598    -307   +426  
   6    12.53    8216.93   14   2e-01   1326    -321   +238    5e-01    867    -230   +405    4e-01    615    -298   +315  
   7    12.75    8209.80   17   1e-01   1147    -237   +58     5e-01   1017    -202   +352    5e-01    658    -212   +255  
   8    12.98    8204.12   21   1e-01   1045    -164   +62     5e-01   1113    -223   +319    4e-01    673    -171   +186  
   9    13.22    8200.32   27   1e-01   1048    -100   +103    4e-01   1244    -163   +294    5e-01    685    -164   +176  
  10    13.25    8199.23   27   1e-01   1048    -0     +0      4e-01   1244    -0     +0      5e-01    685    -0     +0    
==========================================================================================================================
Prune!
==========================================================================================================================
Depth = 2, Bound = 8199.23, Best = 8199

Fixing x[18] = 1

**************************************************************************************************************************
                                               Node 7
**************************************************************************************************************************
Problem size 98
Fixed variables: (x[18],1) (x[36],0)
==========================================================================================================================
starting bound     cut  triangles added  violation
       8364.40    8199              500       0.50
==========================================================================================================================
iter     time      bound  bdl   viol3  triag  purged   added   viol5  penta  purged   added   viol7  hepta  purged   added
==========================================================================================================================
   1    13.30    8306.84    4   4e-01    828    -156   +484   
   2    13.36    8275.00    4   4e-01   1116    -197   +485   
   3    13.43    8259.23    7   3e-01   1238    -340   +462   
   4    13.64    8245.67    9   3e-01   1404    -281   +447    7e-01    480    -0     +480    8e-01    480    -0     +480  
   5    13.86    8237.06   11   2e-01   1476    -309   +381    6e-01    817    -142   +479    7e-01    786    -171   +477  
   6    14.10    8229.22   15   2e-01   1492    -348   +364    5e-01   1076    -212   +471    6e-01    992    -254   +460  
   7    14.37    8224.19   17   2e-01   1601    -317   +426    5e-01   1303    -252   +479    6e-01   1163    -303   +474  
   8    14.65    8219.41   17   2e-01   1347    -465   +211    5e-01   1394    -360   +451    6e-01   1229    -383   +449  
   9    14.93    8216.63   22   8e-02   1085    -283   +21     4e-01   1491    -288   +385    4e-01   1299    -293   +363  
  10    15.23    8212.97   21   1e-01   1132    -107   +154    4e-01   1700    -234   +443    5e-01   1479    -241   +421  
  11    15.56    8210.75   22   1e-01   1283    -141   +292    4e-01   1853    -311   +464    5e-01   1641    -279   +441  
  12    15.91    8209.89   23   1e-01   1017    -300   +34     4e-01   1951    -355   +453    5e-01   1701    -360   +420  
  13    16.26    8207.94   20   9e-02    959    -103   +45     4e-01   2025    -343   +417    4e-01   1752    -329   +380  
  14    16.63    8206.26   23   6e-02    874    -96    +11     3e-01   2053    -332   +360    5e-01   1828    -293   +369  
  15    17.02    8205.32   19   1e-01    946    -45    +117    4e-01   2220    -287   +454    5e-01   1998    -270   +440  
  16    17.43    8204.23   28   6e-02    831    -116   +1      2e-01   2132    -408   +320    4e-01   1850    -413   +265  
  17    17.82    8203.41   17   9e-02    891    -44    +104    4e-01   2328    -263   +459    5e-01   2089    -210   +449  
  18    18.24    8202.95   22   9e-02    884    -87    +80     4e-01   2442    -351   +465    4e-01   2171    -363   +445  
  19    18.66    8202.46   22   5e-02    805    -80    +1      2e-01   2287    -435   +280    3e-01   2042    -392   +263  
  20    19.07    8202.11   15   4e-02    785    -20    +0      2e-01   2333    -216   +262    3e-01   2091    -217   +266  
  21    19.47    8201.63   20   7e-02    771    -19    +5      3e-01   2533    -185   +385    4e-01   2294    -181   +384  
  22    19.89    8201.28   24   5e-02    757    -17    +3      2e-01   2579    -311   +357    4e-01   2413    -232   +351  
  23    20.11    8201.19   21   5e-02    757    -0     +0      2e-01   2579    -0     +0      4e-01   2413    -0     +0    
==========================================================================================================================
BOUNDING STOPPED: Gap to big!
==========================================================================================================================
Depth = 2, Bound = 8201.19, Best = 8199

Branching on x[78] = 0.49
Fixing x[78] = 0

**************************************************************************************************************************
                                               Node 8
**************************************************************************************************************************
Problem size 97
Fixed variables: (x[18],1) (x[36],0) (x[78],0)
==========================================================================================================================
starting bound     cut  triangles added  violation
       8357.41    8199              500       0.50
==========================================================================================================================
iter     time      bound  bdl   viol3  triag  purged   added   viol5  penta  purged   added   viol7  hepta  purged   added
==========================================================================================================================
   1    20.16    8302.43    4   4e-01    829    -160   +489   
   2    20.22    8267.28    5   4e-01   1091    -218   +480   
   3    20.42    8255.40    8   3e-01   1220    -320   +449    8e-01    480    -0     +480    8e-01    480    -0     +480  
   4    20.49    8240.82    8   3e-01   1392    -296   +468   
   5    20.72    8233.26   12   2e-01   1457    -322   +387    6e-01    763    -194   +477    7e-01    719    -236   +475  
   6    20.95    8226.45   12   2e-01   1510    -286   +339    6e-01   1072    -168   +477    6e-01    964    -224   +469  
   7    21.21    8219.20   18   2e-01   1518    -347   +355    5e-01   1250    -300   +478    6e-01   1124    -306   +466  
   8    21.49    8215.64   13   2e-01   1520    -351   +353    5e-01   1402    -315   +467    5e-01   1220    -362   +458  
   9    21.79    8211.27   15   2e-01   1457    -387   +324    5e-01   1537    -336   +471    7e-01   1331    -334   +445  
  10    22.10    8208.68   19   9e-02   1138    -380   +61     4e-01   1595    -380   +438    6e-01   1345    -379   +393  
  11    22.41    8206.95   15   8e-02   1014    -151   +27     4e-01   1697    -288   +390    4e-01   1433    -270   +358  
  12    22.74    8205.25   16   1e-01   1225    -90    +301    4e-01   1888    -287   +478    6e-01   1666    -244   +477  
  13    23.10    8204.47   15   1e-01   1013    -253   +41     4e-01   1960    -366   +438    5e-01   1705    -381   +420  
  14    23.46    8203.19   19   1e-01    924    -107   +18     3e-01   2023    -346   +409    5e-01   1745    -329   +369  
  15    23.84    8201.97   15   1e-01    905    -45    +26     4e-01   2168    -260   +405    4e-01   1854    -269   +378  
  16    24.23    8200.89   15   1e-01    973    -60    +128    4e-01   2348    -292   +472    5e-01   2048    -275   +469  
  17    24.65    8200.25   19   9e-02    886    -117   +30     3e-01   2363    -426   +441    5e-01   2109    -379   +440  
  18    24.76    8199.78   23   9e-02    886    -0     +0      3e-01   2363    -0     +0      5e-01   2109    -0     +0    
==========================================================================================================================
Prune!
==========================================================================================================================
Depth = 3, Bound = 8199.78, Best = 8199

Fixing x[78] = 1

**************************************************************************************************************************
                                               Node 9
**************************************************************************************************************************
Problem size 97
Fixed variables: (x[18],1) (x[36],0) (x[78],1)
==========================================================================================================================
starting bound     cut  triangles added  violation
       8348.31    8199              500       0.50
==========================================================================================================================
iter     time      bound  bdl   viol3  triag  purged   added   viol5  penta  purged   added   viol7  hepta  purged   added
==========================================================================================================================
   1    24.81    8298.95    3   4e-01    827    -162   +489   
   2    24.87    8269.63    4   4e-01   1037    -274   +484   
   3    24.93    8252.18    5   3e-01   1229    -275   +467   
   4    25.15    8238.29    9   3e-01   1464    -206   +441    7e-01    480    -0     +480    8e-01    480    -0     +480  
   5    25.39    8229.39   13   2e-01   1471    -409   +416    6e-01    790    -168   +478    6e-01    766    -190   +476  
   6    25.64    8221.47   15   2e-01   1482    -328   +339    5e-01   1104    -165   +479    6e-01   1055    -185   +474  
   7    25.91    8215.95   15   2e-01   1583    -328   +429    6e-01   1359    -225   +480    7e-01   1247    -288   +480  
   8    26.21    8212.52   15   2e-01   1575    -433   +425    6e-01   1510    -329   +480    7e-01   1389    -338   +480  
   9    26.53    8209.80   18   1e-01   1257    -440   +122    4e-01   1578    -398   +466    6e-01   1447    -405   +463  
  10    26.84    8207.05   15   8e-02   1071    -225   +39     3e-01   1677    -333   +432    5e-01   1509    -359   +421  
  11    27.18    8205.41   13   2e-01   1426    -103   +458    6e-01   1862    -295   +480    7e-01   1693    -296   +480  
  12    27.55    8203.63   15   1e-01   1251    -404   +229    4e-01   1888    -452   +478    5e-01   1759    -410   +476  
  13    27.94    8202.76   11   8e-02   1019    -256   +24     3e-01   1999    -351   +462    5e-01   1895    -308   +444  
  14    28.32    8201.55   17   8e-02    963    -104   +48     4e-01   2072    -396   +469    5e-01   1981    -377   +463  
  15    28.73    8200.87   13   1e-01   1309    -61    +407    4e-01   2149    -403   +480    5e-01   2102    -359   +480  
  16    29.20    8200.34   17   7e-02    979    -359   +29     3e-01   2133    -486   +470    4e-01   2071    -507   +476  
  17    29.42    8199.94   11   7e-02    979    -0     +0      3e-01   2133    -0     +0      4e-01   2071    -0     +0    
==========================================================================================================================
Prune!
==========================================================================================================================
Depth = 3, Bound = 8199.94, Best = 8199


Nodes = 9
Root node bound = 8211.315
Maximum value = 8199
Solution = ( 1 5 6 9 12 13 14 17 18 19 20 21 26 27 29 30 32 35 41 42 44 47 48 50 51 52 53 56 59 61 69 70 71 73 77 78 79 80 81 82 83 84 85 87 89 90 91 92 )
CPU time = 29.42 s

