Input file: ./Instances/rudy/pw09_100.3

Graph has 100 vertices and 4455 edges.

BiqBin parameters:
    init_bundle_iter = 5
     max_bundle_iter = 20
      min_outer_iter = 10
      max_outer_iter = 30
       violated_Ineq = 0.050000
             TriIneq = 500
         Pent_Trials = 160
        Hepta_Trials = 120
        include_Pent = 1
       include_Hepta = 1
                root = 0
            use_diff = 1
          time_limit = 0
   branchingStrategy = 1
      detailedOutput = 1

**************************************************************************************************************************
                                               Node 1
**************************************************************************************************************************
Problem size 100
Fixed variables:
Node 1 Feasible solution 13632
==========================================================================================================================
starting bound     cut  triangles added  violation
      13842.17   13632              500       0.49
==========================================================================================================================
iter     time      bound  bdl   viol3  triag  purged   added   viol5  penta  purged   added   viol7  hepta  purged   added
==========================================================================================================================
Node 1 Feasible solution 13656
   1     0.06   13791.45    4   4e-01    785    -202   +487   
   2     0.12   13766.04    5   4e-01    968    -300   +483   
   3     0.20   13746.05    6   3e-01   1098    -305   +435   
   4     0.28   13735.26    8   3e-01   1267    -310   +479   
   5     0.50   13727.49   10   2e-01   1341    -323   +397    6e-01    475    -0     +475    6e-01    455    -0     +455  
   6     0.72   13719.17   15   2e-01   1211    -350   +220    5e-01    724    -172   +421    6e-01    561    -223   +329  
   7     0.95   13712.12   18   1e-01   1074    -236   +99     4e-01    889    -192   +357    4e-01    586    -205   +230  
   8     1.20   13707.91   22   9e-02    946    -155   +27     5e-01   1008    -171   +290    5e-01    590    -168   +172  
   9     1.46   13702.70   24   1e-01    895    -102   +51     5e-01   1107    -184   +283    5e-01    619    -136   +165  
  10     1.72   13699.41   24   9e-02    819    -88    +12     4e-01   1155    -167   +215    4e-01    640    -126   +147  
  11     2.00   13696.93   29   1e-01    758    -74    +13     4e-01   1179    -158   +182    4e-01    641    -109   +110  
  12     2.17   13695.21   30   1e-01    758    -0     +0      4e-01   1179    -0     +0      4e-01    641    -0     +0    
==========================================================================================================================
BOUNDING STOPPED: Gap to big!
==========================================================================================================================
Depth = 0, Bound = 13695.21, Best = 13656

Branching on x[21] = 0.50
Fixing x[21] = 0

**************************************************************************************************************************
                                               Node 2
**************************************************************************************************************************
Problem size 99
Fixed variables: (x[21],0)
==========================================================================================================================
BOUNDING STOPPED: Gap to big!
==========================================================================================================================
Depth = 1, Bound = 13836.36, Best = 13656

Fixing x[21] = 1

**************************************************************************************************************************
                                               Node 3
**************************************************************************************************************************
Problem size 99
Fixed variables: (x[21],1)
==========================================================================================================================
BOUNDING STOPPED: Gap to big!
==========================================================================================================================
Depth = 1, Bound = 13834.27, Best = 13656

Branching on x[48] = 0.50
Fixing x[48] = 0

**************************************************************************************************************************
                                               Node 4
**************************************************************************************************************************
Problem size 98
Fixed variables: (x[21],0) (x[48],0)
==========================================================================================================================
BOUNDING STOPPED: Gap to big!
==========================================================================================================================
Depth = 2, Bound = 13821.63, Best = 13656

Fixing x[48] = 1

**************************************************************************************************************************
                                               Node 5
**************************************************************************************************************************
Problem size 98
Fixed variables: (x[21],0) (x[48],1)
==========================================================================================================================
BOUNDING STOPPED: Gap to big!
==========================================================================================================================
Depth = 2, Bound = 13820.23, Best = 13656

Branching on x[62] = 0.50
Fixing x[62] = 0

**************************************************************************************************************************
                                               Node 6
**************************************************************************************************************************
Problem size 98
Fixed variables: (x[21],1) (x[62],0)
==========================================================================================================================
BOUNDING STOPPED: Gap to big!
==========================================================================================================================
Depth = 2, Bound = 13823.75, Best = 13656

Fixing x[62] = 1

**************************************************************************************************************************
                                               Node 7
**************************************************************************************************************************
Problem size 98
Fixed variables: (x[21],1) (x[62],1)
==========================================================================================================================
BOUNDING STOPPED: Gap to big!
==========================================================================================================================
Depth = 2, Bound = 13826.04, Best = 13656

Branching on x[4] = 0.50
Fixing x[4] = 0

**************************************************************************************************************************
                                               Node 8
**************************************************************************************************************************
Problem size 97
Fixed variables: (x[4],0) (x[21],1) (x[62],1)
==========================================================================================================================
BOUNDING STOPPED: Gap to big!
==========================================================================================================================
Depth = 3, Bound = 13817.15, Best = 13656

Fixing x[4] = 1

**************************************************************************************************************************
                                               Node 9
**************************************************************************************************************************
Problem size 97
Fixed variables: (x[4],1) (x[21],1) (x[62],1)
==========================================================================================================================
BOUNDING STOPPED: Gap to big!
==========================================================================================================================
Depth = 3, Bound = 13818.47, Best = 13656

Branching on x[13] = 0.50
Fixing x[13] = 0

**************************************************************************************************************************
                                               Node 10
**************************************************************************************************************************
Problem size 97
Fixed variables: (x[13],0) (x[21],1) (x[62],0)
==========================================================================================================================
BOUNDING STOPPED: Gap to big!
==========================================================================================================================
Depth = 3, Bound = 13808.79, Best = 13656

Fixing x[13] = 1

**************************************************************************************************************************
                                               Node 11
**************************************************************************************************************************
Problem size 97
Fixed variables: (x[13],1) (x[21],1) (x[62],0)
==========================================================================================================================
BOUNDING STOPPED: Gap to big!
==========================================================================================================================
Depth = 3, Bound = 13805.31, Best = 13656

Branching on x[53] = 0.51
Fixing x[53] = 0

**************************************************************************************************************************
                                               Node 12
**************************************************************************************************************************
Problem size 97
Fixed variables: (x[21],0) (x[48],0) (x[53],0)
==========================================================================================================================
BOUNDING STOPPED: Gap to big!
==========================================================================================================================
Depth = 3, Bound = 13813.25, Best = 13656

Fixing x[53] = 1

**************************************************************************************************************************
                                               Node 13
**************************************************************************************************************************
Problem size 97
Fixed variables: (x[21],0) (x[48],0) (x[53],1)
==========================================================================================================================
BOUNDING STOPPED: Gap to big!
==========================================================================================================================
Depth = 3, Bound = 13816.56, Best = 13656

Branching on x[22] = 0.50
Fixing x[22] = 0

**************************************************************************************************************************
                                               Node 14
**************************************************************************************************************************
Problem size 97
Fixed variables: (x[21],0) (x[22],0) (x[48],1)
==========================================================================================================================
BOUNDING STOPPED: Gap to big!
==========================================================================================================================
Depth = 3, Bound = 13811.04, Best = 13656

Fixing x[22] = 1

**************************************************************************************************************************
                                               Node 15
**************************************************************************************************************************
Problem size 97
Fixed variables: (x[21],0) (x[22],1) (x[48],1)
==========================================================================================================================
BOUNDING STOPPED: Gap to big!
==========================================================================================================================
Depth = 3, Bound = 13808.38, Best = 13656

Branching on x[26] = 0.51
Fixing x[26] = 0

**************************************************************************************************************************
                                               Node 16
**************************************************************************************************************************
Problem size 96
Fixed variables: (x[4],1) (x[21],1) (x[26],0) (x[62],1)
==========================================================================================================================
BOUNDING STOPPED: Gap to big!
==========================================================================================================================
Depth = 4, Bound = 13812.06, Best = 13656

Fixing x[26] = 1

**************************************************************************************************************************
                                               Node 17
**************************************************************************************************************************
Problem size 96
Fixed variables: (x[4],1) (x[21],1) (x[26],1) (x[62],1)
==========================================================================================================================
BOUNDING STOPPED: Gap to big!
==========================================================================================================================
Depth = 4, Bound = 13811.95, Best = 13656

Branching on x[45] = 0.50
Fixing x[45] = 0

**************************************************************************************************************************
                                               Node 18
**************************************************************************************************************************
Problem size 96
Fixed variables: (x[4],0) (x[21],1) (x[45],0) (x[62],1)
==========================================================================================================================
BOUNDING STOPPED: Gap to big!
==========================================================================================================================
Depth = 4, Bound = 13812.03, Best = 13656

Fixing x[45] = 1

**************************************************************************************************************************
                                               Node 19
**************************************************************************************************************************
Problem size 96
Fixed variables: (x[4],0) (x[21],1) (x[45],1) (x[62],1)
==========================================================================================================================
BOUNDING STOPPED: Gap to big!
==========================================================================================================================
Depth = 4, Bound = 13807.12, Best = 13656

Branching on x[15] = 0.50
Fixing x[15] = 0

**************************************************************************************************************************
                                               Node 20
**************************************************************************************************************************
Problem size 96
Fixed variables: (x[15],0) (x[21],0) (x[48],0) (x[53],1)
==========================================================================================================================
BOUNDING STOPPED: Gap to big!
==========================================================================================================================
Depth = 4, Bound = 13804.69, Best = 13656

Fixing x[15] = 1

**************************************************************************************************************************
                                               Node 21
**************************************************************************************************************************
Problem size 96
Fixed variables: (x[15],1) (x[21],0) (x[48],0) (x[53],1)
==========================================================================================================================
starting bound     cut  triangles added  violation
      13802.59   13656              500       0.50
==========================================================================================================================
iter     time      bound  bdl   viol3  triag  purged   added   viol5  penta  purged   added   viol7  hepta  purged   added
==========================================================================================================================
   1     2.41   13749.88    4   4e-01    804    -176   +480   
   2     2.47   13722.03    5   4e-01   1077    -166   +439   
   3     2.54   13704.86    7   4e-01   1311    -227   +461   
   4     2.61   13697.65    8   4e-01   1451    -319   +459   
   5     2.82   13690.68   12   2e-01   1439    -436   +424    6e-01    479    -0     +479    7e-01    476    -0     +476  
   6     3.03   13682.48   15   1e-01   1404    -373   +338    5e-01    787    -146   +454    5e-01    691    -201   +416  
   7     3.26   13676.42   17   1e-01   1186    -312   +94     5e-01    997    -191   +401    5e-01    749    -262   +320  
   8     3.50   13671.04   19   1e-01   1095    -180   +89     5e-01   1154    -217   +374    5e-01    830    -207   +288  
   9     3.75   13667.68   20   1e-01   1004    -151   +60     4e-01   1281    -207   +334    4e-01    868    -231   +269  
  10     4.01   13664.06   22   9e-02    936    -116   +48     3e-01   1391    -202   +312    5e-01    896    -196   +224  
  11     4.28   13661.02   27   7e-02    842    -100   +6      4e-01   1415    -208   +232    4e-01    880    -176   +160  
  12     4.56   13658.68   25   1e-01    823    -62    +43     3e-01   1498    -172   +255    3e-01    900    -135   +155  
  13     4.86   13657.10   25   8e-02    788    -62    +27     4e-01   1537    -178   +217    3e-01    949    -125   +174  
  14     4.89   13656.68   28   8e-02    788    -0     +0      4e-01   1537    -0     +0      3e-01    949    -0     +0    
==========================================================================================================================
Prune!
==========================================================================================================================
Depth = 4, Bound = 13656.68, Best = 13656

Branching on x[4] = 0.50
Fixing x[4] = 0

**************************************************************************************************************************
                                               Node 22
**************************************************************************************************************************
Problem size 96
Fixed variables: (x[4],0) (x[21],0) (x[48],0) (x[53],0)
==========================================================================================================================
BOUNDING STOPPED: Gap to big!
==========================================================================================================================
Depth = 4, Bound = 13805.53, Best = 13656

Fixing x[4] = 1

**************************************************************************************************************************
                                               Node 23
**************************************************************************************************************************
Problem size 96
Fixed variables: (x[4],1) (x[21],0) (x[48],0) (x[53],0)
==========================================================================================================================
BOUNDING STOPPED: Gap to big!
==========================================================================================================================
Depth = 4, Bound = 13805.18, Best = 13656

Branching on x[7] = 0.50
Fixing x[7] = 0

**************************************************************************************************************************
                                               Node 24
**************************************************************************************************************************
Problem size 95
Fixed variables: (x[4],1) (x[7],0) (x[21],1) (x[26],0) (x[62],1)
==========================================================================================================================
starting bound     cut  triangles added  violation
      13802.83   13656              500       0.49
==========================================================================================================================
iter     time      bound  bdl   viol3  triag  purged   added   viol5  penta  purged   added   viol7  hepta  purged   added
==========================================================================================================================
   1     4.97   13751.71    4   5e-01    818    -167   +485   
   2     5.03   13723.22    8   3e-01   1059    -218   +459   
   3     5.11   13706.81    7   3e-01   1331    -184   +456   
   4     5.31   13697.96    8   3e-01   1422    -351   +442    7e-01    479    -0     +479    8e-01    479    -0     +479  
   5     5.52   13689.22   10   2e-01   1448    -352   +378    7e-01    784    -172   +477    7e-01    736    -218   +475  
   6     5.75   13678.80   14   2e-01   1446    -333   +331    6e-01   1015    -233   +464    6e-01    853    -311   +428  
   7     5.99   13672.76   19   1e-01   1155    -356   +65     5e-01   1153    -235   +373    5e-01    879    -298   +324  
   8     6.24   13668.27   21   1e-01   1039    -180   +64     4e-01   1291    -235   +373    5e-01    942    -241   +304  
   9     6.51   13663.43   23   1e-01    998    -131   +90     4e-01   1451    -215   +375    4e-01   1014    -216   +288  
  10     6.79   13661.00   21   7e-02    914    -102   +18     4e-01   1499    -251   +299    4e-01   1044    -210   +240  
  11     7.07   13657.66   26   7e-02    832    -93    +11     3e-01   1538    -229   +268    4e-01   1064    -184   +204  
  12     7.12   13656.61   30   7e-02    832    -0     +0      3e-01   1538    -0     +0      4e-01   1064    -0     +0    
==========================================================================================================================
Prune!
==========================================================================================================================
Depth = 5, Bound = 13656.61, Best = 13656

Fixing x[7] = 1

**************************************************************************************************************************
                                               Node 25
**************************************************************************************************************************
Problem size 95
Fixed variables: (x[4],1) (x[7],1) (x[21],1) (x[26],0) (x[62],1)
==========================================================================================================================
BOUNDING STOPPED: Gap to big!
==========================================================================================================================
Depth = 5, Bound = 13805.09, Best = 13656

Branching on x[19] = 0.50
Fixing x[19] = 0

**************************************************************************************************************************
                                               Node 26
**************************************************************************************************************************
Problem size 95
Fixed variables: (x[4],0) (x[19],0) (x[21],1) (x[45],0) (x[62],1)
==========================================================================================================================
starting bound     cut  triangles added  violation
      13802.55   13656              500       0.49
==========================================================================================================================
iter     time      bound  bdl   viol3  triag  purged   added   viol5  penta  purged   added   viol7  hepta  purged   added
==========================================================================================================================
   1     7.18   13749.64    5   4e-01    821    -159   +480   
   2     7.25   13716.59    6   4e-01   1131    -176   +486   
   3     7.32   13702.82    8   3e-01   1277    -316   +462   
   4     7.53   13693.62    7   3e-01   1442    -258   +423    6e-01    480    -0     +480    7e-01    477    -0     +477  
   5     7.75   13684.58   10   3e-01   1506    -377   +441    6e-01    804    -156   +480    7e-01    692    -260   +475  
   6     7.98   13678.40   11   3e-01   1559    -353   +406    6e-01   1018    -266   +480    7e-01    854    -311   +473  
   7     8.23   13670.19   17   2e-01   1268    -442   +151    5e-01   1092    -366   +440    6e-01    845    -410   +401  
   8     8.48   13664.62   22   1e-01   1119    -205   +56     4e-01   1248    -237   +393    4e-01    936    -254   +345  
   9     8.75   13661.01   16   2e-01   1387    -109   +377    5e-01   1518    -201   +471    5e-01   1184    -196   +444  
  10     9.05   13658.97   23   1e-01   1089    -327   +29     4e-01   1524    -364   +370    5e-01   1111    -371   +298  
  11     9.13   13656.44   26   1e-01   1089    -0     +0      4e-01   1524    -0     +0      5e-01   1111    -0     +0    
==========================================================================================================================
Prune!
==========================================================================================================================
Depth = 5, Bound = 13656.44, Best = 13656

Fixing x[19] = 1

**************************************************************************************************************************
                                               Node 27
**************************************************************************************************************************
Problem size 95
Fixed variables: (x[4],0) (x[19],1) (x[21],1) (x[45],0) (x[62],1)
==========================================================================================================================
starting bound     cut  triangles added  violation
      13798.82   13656              500       0.49
==========================================================================================================================
iter     time      bound  bdl   viol3  triag  purged   added   viol5  penta  purged   added   viol7  hepta  purged   added
==========================================================================================================================
   1     9.19   13740.73    4   4e-01    827    -144   +471   
   2     9.26   13712.21    5   4e-01   1166    -125   +464   
   3     9.45   13697.90    8   3e-01   1303    -297   +434    8e-01    480    -0     +480    8e-01    480    -0     +480  
   4     9.53   13684.74    8   4e-01   1406    -366   +469   
   5     9.74   13680.37   11   2e-01   1447    -302   +343    7e-01    757    -197   +474    7e-01    671    -259   +450  
   6     9.95   13672.78   12   2e-01   1418    -284   +255    5e-01    979    -203   +425    5e-01    789    -261   +379  
   7    10.18   13667.02   13   1e-01   1190    -264   +36     4e-01   1111    -229   +361    5e-01    812    -261   +284  
   8    10.42   13660.96   17   1e-01   1204    -160   +174    4e-01   1294    -208   +391    5e-01    917    -216   +321  
   9    10.68   13657.10   22   8e-02   1009    -206   +11     4e-01   1310    -274   +290    4e-01    875    -283   +241  
  10    10.71   13656.11   25   8e-02   1009    -0     +0      4e-01   1310    -0     +0      4e-01    875    -0     +0    
==========================================================================================================================
Prune!
==========================================================================================================================
Depth = 5, Bound = 13656.11, Best = 13656

Branching on x[91] = 0.50
Fixing x[91] = 0

**************************************************************************************************************************
                                               Node 28
**************************************************************************************************************************
Problem size 95
Fixed variables: (x[4],1) (x[21],1) (x[26],1) (x[62],1) (x[91],0)
==========================================================================================================================
starting bound     cut  triangles added  violation
      13801.99   13656              500       0.49
==========================================================================================================================
iter     time      bound  bdl   viol3  triag  purged   added   viol5  penta  purged   added   viol7  hepta  purged   added
==========================================================================================================================
   1    10.77   13745.69    3   4e-01    852    -137   +489   
   2    10.83   13722.94    4   4e-01   1034    -307   +489   
   3    10.91   13707.07    6   3e-01   1260    -245   +471   
   4    11.12   13693.73   10   3e-01   1357    -326   +423    8e-01    480    -0     +480    7e-01    480    -0     +480  
   5    11.32   13683.44   14   2e-01   1376    -360   +379    6e-01    770    -182   +472    6e-01    690    -240   +450  
   6    11.55   13676.16   16   2e-01   1438    -267   +329    6e-01   1021    -210   +461    5e-01    835    -278   +423  
   7    11.80   13670.19   18   2e-01   1482    -290   +334    5e-01   1212    -267   +458    5e-01   1019    -239   +423  
   8    12.06   13666.41   21   1e-01   1134    -383   +35     4e-01   1275    -301   +364    5e-01    992    -315   +288  
   9    12.32   13662.44   24   1e-01   1090    -140   +96     4e-01   1457    -216   +398    5e-01   1108    -194   +310  
  10    12.60   13658.55   24   1e-01   1036    -135   +81     4e-01   1552    -288   +383    4e-01   1192    -224   +308  
  11    12.89   13657.24   22   1e-01    958    -105   +27     5e-01   1614    -236   +298    4e-01   1273    -179   +260  
  12    12.92   13656.82   25   1e-01    958    -0     +0      5e-01   1614    -0     +0      4e-01   1273    -0     +0    
==========================================================================================================================
Prune!
==========================================================================================================================
Depth = 5, Bound = 13656.82, Best = 13656

Fixing x[91] = 1

**************************************************************************************************************************
                                               Node 29
**************************************************************************************************************************
Problem size 95
Fixed variables: (x[4],1) (x[21],1) (x[26],1) (x[62],1) (x[91],1)
==========================================================================================================================
starting bound     cut  triangles added  violation
      13803.78   13656              500       0.50
==========================================================================================================================
iter     time      bound  bdl   viol3  triag  purged   added   viol5  penta  purged   added   viol7  hepta  purged   added
==========================================================================================================================
   1    12.98   13755.25    4   4e-01    838    -150   +488   
   2    13.04   13726.53    4   4e-01    999    -316   +477   
   3    13.12   13710.67    7   3e-01   1217    -247   +465   
   4    13.32   13696.38    9   3e-01   1370    -269   +422    7e-01    480    -0     +480    7e-01    477    -0     +477  
   5    13.53   13687.22   13   2e-01   1484    -242   +356    6e-01    828    -128   +476    6e-01    767    -171   +461  
   6    13.76   13678.38   16   1e-01   1442    -275   +233    6e-01   1076    -208   +456    6e-01    914    -284   +431  
   7    14.00   13671.57   23   1e-01   1263    -285   +106    5e-01   1237    -262   +423    5e-01    991    -284   +361  
   8    14.27   13667.07   23   1e-01   1231    -182   +150    4e-01   1451    -206   +420    5e-01   1119    -228   +356  
   9    14.54   13662.87   20   1e-01   1193    -197   +159    5e-01   1581    -292   +422    5e-01   1200    -278   +359  
  10    14.82   13659.29   23   7e-02    983    -229   +19     3e-01   1551    -356   +326    4e-01   1103    -345   +248  
  11    14.97   13656.23   23   7e-02    983    -0     +0      3e-01   1551    -0     +0      4e-01   1103    -0     +0    
==========================================================================================================================
Prune!
==========================================================================================================================
Depth = 5, Bound = 13656.23, Best = 13656

Branching on x[40] = 0.50
Fixing x[40] = 0

**************************************************************************************************************************
                                               Node 30
**************************************************************************************************************************
Problem size 96
Fixed variables: (x[21],0) (x[22],0) (x[40],0) (x[48],1)
==========================================================================================================================
starting bound     cut  triangles added  violation
      13803.18   13656              500       0.50
==========================================================================================================================
iter     time      bound  bdl   viol3  triag  purged   added   viol5  penta  purged   added   viol7  hepta  purged   added
==========================================================================================================================
   1    15.03   13747.27    4   4e-01    832    -150   +482   
   2    15.09   13715.98    6   3e-01   1070    -228   +466   
   3    15.26   13700.20    8   3e-01   1285    -196   +411    7e-01    480    -0     +480    7e-01    478    -0     +478  
   4    15.45   13685.25   11   2e-01   1375    -308   +398    7e-01    730    -221   +471    7e-01    613    -278   +413  
   5    15.65   13679.18   14   2e-01   1378    -311   +314    5e-01    920    -228   +418    6e-01    641    -307   +335  
   6    15.86   13671.70   17   2e-01   1152    -326   +100    5e-01    943    -306   +329    5e-01    580    -275   +214  
   7    16.08   13665.63   18   1e-01   1020    -182   +50     5e-01   1038    -204   +299    5e-01    606    -167   +193  
   8    16.30   13661.76   22   1e-01   1007    -108   +95     4e-01   1179    -161   +302    4e-01    623    -146   +163  
   9    16.54   13659.11   23   1e-01    927    -125   +45     4e-01   1214    -226   +261    4e-01    589    -164   +130  
  10    16.79   13657.44   24   9e-02    899    -71    +43     3e-01   1285    -155   +226    5e-01    612    -105   +128  
  11    16.82   13656.76   26   9e-02    899    -0     +0      3e-01   1285    -0     +0      5e-01    612    -0     +0    
==========================================================================================================================
Prune!
==========================================================================================================================
Depth = 4, Bound = 13656.76, Best = 13656

Fixing x[40] = 1

**************************************************************************************************************************
                                               Node 31
**************************************************************************************************************************
Problem size 96
Fixed variables: (x[21],0) (x[22],0) (x[40],1) (x[48],1)
==========================================================================================================================
BOUNDING STOPPED: Gap to big!
==========================================================================================================================
Depth = 4, Bound = 13804.79, Best = 13656

Branching on x[49] = 0.50
Fixing x[49] = 0

**************************************************************************************************************************
                                               Node 32
**************************************************************************************************************************
Problem size 96
Fixed variables: (x[13],0) (x[21],1) (x[49],0) (x[62],0)
==========================================================================================================================
starting bound     cut  triangles added  violation
      13795.79   13656              500       0.49
==========================================================================================================================
iter     time      bound  bdl   viol3  triag  purged   added   viol5  penta  purged   added   viol7  hepta  purged   added
==========================================================================================================================
   1    16.88   13739.09    4   4e-01    815    -147   +462   
   2    16.95   13710.13    5   4e-01   1076    -204   +465   
   3    17.13   13695.46    9   3e-01   1266    -232   +422    7e-01    478    -0     +478    8e-01    467    -0     +467  
   4    17.32   13684.00   11   2e-01   1388    -273   +395    7e-01    806    -151   +479    7e-01    686    -232   +451  
   5    17.52   13674.42   17   2e-01   1329    -336   +277    5e-01    937    -285   +416    5e-01    693    -333   +340  
   6    17.74   13669.11   17   1e-01   1172    -258   +101    4e-01   1079    -228   +370    5e-01    708    -240   +255  
   7    17.96   13663.85   19   1e-01   1068    -191   +87     4e-01   1188    -232   +341    5e-01    727    -211   +230  
   8    18.19   13660.77   19   1e-01    994    -122   +48     5e-01   1253    -225   +290    3e-01    738    -173   +184  
   9    18.43   13657.11   23   8e-02    937    -87    +30     4e-01   1335    -190   +272    4e-01    741    -150   +153  
  10    18.47   13656.46   27   8e-02    937    -0     +0      4e-01   1335    -0     +0      4e-01    741    -0     +0    
==========================================================================================================================
Prune!
==========================================================================================================================
Depth = 4, Bound = 13656.46, Best = 13656

Fixing x[49] = 1

**************************************************************************************************************************
                                               Node 33
**************************************************************************************************************************
Problem size 96
Fixed variables: (x[13],0) (x[21],1) (x[49],1) (x[62],0)
==========================================================================================================================
starting bound     cut  triangles added  violation
      13797.03   13656              500       0.49
==========================================================================================================================
iter     time      bound  bdl   viol3  triag  purged   added   viol5  penta  purged   added   viol7  hepta  purged   added
==========================================================================================================================
   1    18.52   13743.22    4   5e-01    809    -162   +471   
   2    18.59   13715.53    7   4e-01   1116    -162   +469   
   3    18.66   13701.91    8   3e-01   1274    -270   +428   
   4    18.84   13690.39   12   3e-01   1383    -300   +409    7e-01    478    -0     +478    7e-01    471    -0     +471  
   5    19.05   13680.20   15   2e-01   1456    -285   +358    6e-01    785    -164   +471    6e-01    643    -250   +422  
   6    19.27   13672.90   17   2e-01   1255    -295   +94     5e-01    956    -235   +406    5e-01    697    -276   +330  
   7    19.49   13666.82   18   1e-01   1092    -209   +46     4e-01   1079    -214   +337    4e-01    717    -229   +249  
   8    19.73   13661.16   23   1e-01   1001    -152   +61     5e-01   1181    -205   +307    5e-01    713    -201   +197  
   9    19.97   13657.80   25   1e-01    917    -113   +29     4e-01   1225    -210   +254    4e-01    756    -129   +172  
  10    20.01   13656.97   27   1e-01    917    -0     +0      4e-01   1225    -0     +0      4e-01    756    -0     +0    
==========================================================================================================================
Prune!
==========================================================================================================================
Depth = 4, Bound = 13656.97, Best = 13656

Branching on x[67] = 0.50
Fixing x[67] = 0

**************************************************************************************************************************
                                               Node 34
**************************************************************************************************************************
Problem size 96
Fixed variables: (x[21],0) (x[22],1) (x[48],1) (x[67],0)
==========================================================================================================================
starting bound     cut  triangles added  violation
      13797.01   13656              500       0.50
==========================================================================================================================
iter     time      bound  bdl   viol3  triag  purged   added   viol5  penta  purged   added   viol7  hepta  purged   added
==========================================================================================================================
   1    20.07   13743.34    4   5e-01    826    -153   +479   
   2    20.13   13714.32    5   4e-01   1052    -226   +452   
   3    20.19   13697.65    7   4e-01   1317    -193   +458   
   4    20.37   13687.35    8   3e-01   1390    -337   +410    7e-01    480    -0     +480    7e-01    468    -0     +468  
   5    20.57   13677.88   12   2e-01   1409    -342   +361    6e-01    743    -200   +463    6e-01    624    -262   +418  
   6    20.78   13671.41   17   2e-01   1300    -340   +231    5e-01    879    -259   +395    5e-01    619    -301   +296  
   7    21.00   13666.10   19   1e-01   1069    -292   +61     4e-01    982    -227   +330    5e-01    609    -228   +218  
   8    21.23   13661.16   19   1e-01   1131    -141   +203    5e-01   1154    -197   +369    5e-01    670    -179   +240  
   9    21.47   13658.51   22   1e-01    965    -194   +28     5e-01   1157    -259   +262    5e-01    637    -189   +156  
  10    21.49   13657.00   23   1e-01    965    -0     +0      5e-01   1157    -0     +0      5e-01    637    -0     +0    
==========================================================================================================================
Prune!
==========================================================================================================================
Depth = 4, Bound = 13657.00, Best = 13656

Fixing x[67] = 1

**************************************************************************************************************************
                                               Node 35
**************************************************************************************************************************
Problem size 96
Fixed variables: (x[21],0) (x[22],1) (x[48],1) (x[67],1)
==========================================================================================================================
starting bound     cut  triangles added  violation
      13794.52   13656              500       0.49
==========================================================================================================================
iter     time      bound  bdl   viol3  triag  purged   added   viol5  penta  purged   added   viol7  hepta  purged   added
==========================================================================================================================
   1    21.55   13738.17    3   5e-01    813    -177   +490   
   2    21.61   13713.98    8   4e-01   1033    -232   +452   
   3    21.68   13699.73    8   3e-01   1233    -258   +458   
   4    21.86   13689.53    9   2e-01   1330    -273   +370    7e-01    479    -0     +479    8e-01    458    -0     +458  
   5    22.05   13679.84   13   2e-01   1366    -272   +308    7e-01    751    -158   +430    5e-01    606    -215   +363  
   6    22.25   13673.15   17   2e-01   1364    -232   +230    5e-01    946    -218   +413    5e-01    655    -263   +312  
   7    22.47   13666.84   19   1e-01   1141    -281   +58     5e-01   1026    -241   +321    4e-01    606    -258   +209  
   8    22.70   13662.83   22   1e-01   1035    -145   +39     4e-01   1151    -167   +292    4e-01    664    -126   +184  
   9    22.93   13660.14   24   1e-01    952    -118   +35     5e-01   1209    -192   +250    4e-01    680    -140   +156  
  10    23.03   13656.92   27   1e-01    952    -0     +0      5e-01   1209    -0     +0      4e-01    680    -0     +0    
==========================================================================================================================
Prune!
==========================================================================================================================
Depth = 4, Bound = 13656.92, Best = 13656

Branching on x[25] = 0.50
Fixing x[25] = 0

**************************************************************************************************************************
                                               Node 36
**************************************************************************************************************************
Problem size 95
Fixed variables: (x[4],0) (x[21],1) (x[25],0) (x[45],1) (x[62],1)
==========================================================================================================================
starting bound     cut  triangles added  violation
      13795.31   13656              500       0.50
==========================================================================================================================
iter     time      bound  bdl   viol3  triag  purged   added   viol5  penta  purged   added   viol7  hepta  purged   added
==========================================================================================================================
   1    23.08   13747.16    3   5e-01    800    -185   +485   
   2    23.14   13716.65    5   4e-01   1057    -211   +468   
   3    23.21   13700.56    5   3e-01   1278    -231   +452   
   4    23.41   13688.61    9   2e-01   1370    -334   +426    7e-01    479    -0     +479    8e-01    477    -0     +477  
   5    23.61   13676.80   12   2e-01   1413    -332   +375    6e-01    778    -173   +472    7e-01    696    -234   +453  
   6    23.83   13667.64   17   1e-01   1257    -326   +170    5e-01    963    -248   +433    5e-01    753    -291   +348  
   7    24.07   13663.20   18   2e-01   1428    -168   +339    5e-01   1219    -190   +446    5e-01    913    -209   +369  
   8    24.31   13658.28   25   1e-01   1098    -370   +40     5e-01   1214    -330   +325    4e-01    793    -350   +230  
   9    24.37   13656.24   25   1e-01   1098    -0     +0      5e-01   1214    -0     +0      4e-01    793    -0     +0    
==========================================================================================================================
Prune!
==========================================================================================================================
Depth = 5, Bound = 13656.24, Best = 13656

Fixing x[25] = 1

**************************************************************************************************************************
                                               Node 37
**************************************************************************************************************************
Problem size 95
Fixed variables: (x[4],0) (x[21],1) (x[25],1) (x[45],1) (x[62],1)
==========================================================================================================================
starting bound     cut  triangles added  violation
      13795.16   13656              500       0.49
==========================================================================================================================
iter     time      bound  bdl   viol3  triag  purged   added   viol5  penta  purged   added   viol7  hepta  purged   added
==========================================================================================================================
   1    24.43   13738.25    4   4e-01    814    -151   +465   
   2    24.49   13711.79    4   4e-01   1060    -222   +468   
   3    24.67   13695.35    7   3e-01   1240    -248   +428    8e-01    479    -0     +479    8e-01    479    -0     +479  
   4    24.87   13681.85    8   3e-01   1385    -246   +391    7e-01    794    -162   +477    6e-01    690    -261   +472  
   5    25.07   13672.65   13   2e-01   1355    -320   +290    6e-01   1048    -210   +464    5e-01    760    -329   +399  
   6    25.29   13663.48   19   1e-01   1214    -288   +147    5e-01   1184    -260   +396    5e-01    764    -306   +310  
   7    25.52   13660.30   20   2e-01   1225    -176   +187    5e-01   1363    -230   +409    5e-01    894    -194   +324  
   8    25.59   13656.71   22   2e-01   1225    -0     +0      5e-01   1363    -0     +0      5e-01    894    -0     +0    
==========================================================================================================================
Prune!
==========================================================================================================================
Depth = 5, Bound = 13656.71, Best = 13656

Branching on x[57] = 0.50
Fixing x[57] = 0

**************************************************************************************************************************
                                               Node 38
**************************************************************************************************************************
Problem size 95
Fixed variables: (x[4],0) (x[21],0) (x[48],0) (x[53],0) (x[57],0)
==========================================================================================================================
starting bound     cut  triangles added  violation
      13792.18   13656              500       0.49
==========================================================================================================================
iter     time      bound  bdl   viol3  triag  purged   added   viol5  penta  purged   added   viol7  hepta  purged   added
==========================================================================================================================
   1    25.65   13741.28    4   5e-01    837    -143   +480   
   2    25.71   13712.75    5   4e-01   1058    -254   +475   
   3    25.79   13695.67    6   3e-01   1182    -325   +449   
   4    25.99   13682.43   12   2e-01   1323    -248   +389    7e-01    480    -0     +480    7e-01    467    -0     +467  
   5    26.20   13671.78   14   2e-01   1385    -263   +325    5e-01    802    -139   +461    6e-01    710    -203   +446  
   6    26.42   13665.18   19   2e-01   1324    -295   +234    6e-01   1030    -201   +429    6e-01    836    -262   +388  
   7    26.66   13659.59   22   1e-01   1235    -276   +187    5e-01   1220    -213   +403    5e-01    936    -239   +339  
   8    26.72   13655.20   24   1e-01   1235    -0     +0      5e-01   1220    -0     +0      5e-01    936    -0     +0    
==========================================================================================================================
Prune!
==========================================================================================================================
Depth = 5, Bound = 13655.20, Best = 13656

Fixing x[57] = 1

**************************************************************************************************************************
                                               Node 39
**************************************************************************************************************************
Problem size 95
Fixed variables: (x[4],0) (x[21],0) (x[48],0) (x[53],0) (x[57],1)
==========================================================================================================================
starting bound     cut  triangles added  violation
      13790.50   13656              500       0.49
==========================================================================================================================
iter     time      bound  bdl   viol3  triag  purged   added   viol5  penta  purged   added   viol7  hepta  purged   added
==========================================================================================================================
   1    26.78   13739.36    3   5e-01    843    -145   +488   
   2    26.85   13713.07    4   4e-01   1012    -314   +483   
   3    26.92   13696.93    9   3e-01   1163    -298   +449   
   4    27.00   13686.79    7   3e-01   1446    -166   +449   
   5    27.21   13681.60   12   3e-01   1464    -358   +376    7e-01    480    -0     +480    7e-01    475    -0     +475  
   6    27.44   13673.91   16   2e-01   1435    -353   +324    5e-01    804    -142   +466    6e-01    724    -200   +449  
   7    27.68   13667.79   18   1e-01   1201    -366   +132    4e-01   1031    -191   +418    5e-01    859    -245   +380  
   8    27.93   13661.62   20   1e-01   1086    -197   +82     5e-01   1200    -236   +405    6e-01    963    -242   +346  
   9    28.19   13658.42   19   1e-01   1124    -94    +132    5e-01   1432    -167   +399    5e-01   1129    -170   +336  
  10    28.27   13656.62   23   1e-01   1124    -0     +0      5e-01   1432    -0     +0      5e-01   1129    -0     +0    
==========================================================================================================================
Prune!
==========================================================================================================================
Depth = 5, Bound = 13656.62, Best = 13656

Branching on x[53] = 0.50
Fixing x[53] = 0

**************************************************************************************************************************
                                               Node 40
**************************************************************************************************************************
Problem size 96
Fixed variables: (x[13],1) (x[21],1) (x[53],0) (x[62],0)
==========================================================================================================================
starting bound     cut  triangles added  violation
      13797.97   13656              500       0.49
==========================================================================================================================
iter     time      bound  bdl   viol3  triag  purged   added   viol5  penta  purged   added   viol7  hepta  purged   added
==========================================================================================================================
   1    28.32   13744.94    4   4e-01    817    -159   +476   
   2    28.39   13714.97    7   3e-01   1034    -215   +432   
   3    28.45   13702.91    8   4e-01   1364    -104   +434   
   4    28.64   13689.44    9   2e-01   1351    -383   +370    6e-01    478    -0     +478    6e-01    463    -0     +463  
   5    28.83   13682.62   12   2e-01   1424    -221   +294    5e-01    801    -136   +459    6e-01    684    -180   +401  
   6    29.05   13675.45   15   1e-01   1292    -273   +141    5e-01    980    -236   +415    5e-01    729    -279   +324  
   7    29.27   13670.87   19   1e-01   1114    -235   +57     5e-01   1065    -242   +327    4e-01    762    -213   +246  
   8    29.49   13665.48   19   1e-01   1037    -138   +61     4e-01   1175    -209   +319    5e-01    788    -188   +214  
   9    29.73   13662.08   23   9e-02    953    -115   +31     4e-01   1219    -214   +258    5e-01    775    -156   +143  
  10    29.99   13659.71   24   9e-02    887    -80    +14     4e-01   1318    -167   +266    4e-01    793    -134   +152  
  11    30.25   13657.64   28   8e-02    822    -70    +5      3e-01   1340    -176   +198    3e-01    794    -132   +133  
  12    30.29   13656.39   29   8e-02    822    -0     +0      3e-01   1340    -0     +0      3e-01    794    -0     +0    
==========================================================================================================================
Prune!
==========================================================================================================================
Depth = 4, Bound = 13656.39, Best = 13656

Fixing x[53] = 1

**************************************************************************************************************************
                                               Node 41
**************************************************************************************************************************
Problem size 96
Fixed variables: (x[13],1) (x[21],1) (x[53],1) (x[62],0)
==========================================================================================================================
starting bound     cut  triangles added  violation
      13799.82   13656              500       0.49
==========================================================================================================================
iter     time      bound  bdl   viol3  triag  purged   added   viol5  penta  purged   added   viol7  hepta  purged   added
==========================================================================================================================
   1    30.35   13751.65    4   5e-01    797    -184   +481   
   2    30.41   13718.94    5   4e-01   1108    -170   +481   
   3    30.48   13705.20    8   3e-01   1179    -373   +444   
   4    30.55   13694.15   10   3e-01   1324    -272   +417   
   5    30.75   13688.15   11   2e-01   1476    -192   +344    7e-01    477    -0     +477    7e-01    459    -0     +459  
   6    30.96   13679.64   17   2e-01   1328    -331   +183    5e-01    737    -161   +421    5e-01    596    -216   +353  
   7    31.18   13672.81   23   1e-01   1184    -237   +93     4e-01    935    -172   +370    5e-01    677    -192   +273  
   8    31.41   13667.98   19   1e-01   1105    -166   +87     5e-01   1101    -184   +350    4e-01    798    -157   +278  
   9    31.65   13664.55   24   9e-02    993    -129   +17     4e-01   1237    -159   +295    5e-01    813    -183   +198  
  10    31.91   13660.53   29   1e-01    935    -111   +53     4e-01   1270    -219   +252    4e-01    824    -172   +183  
  11    32.17   13658.19   29   9e-02    835    -110   +10     4e-01   1282    -210   +222    4e-01    818    -151   +145  
  12    32.20   13657.00   31   9e-02    835    -0     +0      4e-01   1282    -0     +0      4e-01    818    -0     +0    
==========================================================================================================================
Prune!
==========================================================================================================================
Depth = 4, Bound = 13657.00, Best = 13656

Branching on x[27] = 0.49
Fixing x[27] = 0

**************************************************************************************************************************
                                               Node 42
**************************************************************************************************************************
Problem size 95
Fixed variables: (x[4],1) (x[21],0) (x[27],0) (x[48],0) (x[53],0)
==========================================================================================================================
starting bound     cut  triangles added  violation
      13788.75   13656              500       0.50
==========================================================================================================================
iter     time      bound  bdl   viol3  triag  purged   added   viol5  penta  purged   added   viol7  hepta  purged   added
==========================================================================================================================
   1    32.25   13738.22    3   4e-01    791    -175   +466   
   2    32.32   13703.92    5   4e-01   1147    -127   +483   
   3    32.39   13688.73    9   3e-01   1164    -426   +443   
   4    32.59   13679.55    8   3e-01   1427    -143   +406    7e-01    480    -0     +480    8e-01    480    -0     +480  
   5    32.79   13670.64   11   2e-01   1404    -380   +357    6e-01    732    -215   +467    6e-01    625    -293   +438  
   6    33.01   13662.47   17   1e-01   1238    -314   +148    5e-01    881    -245   +394    6e-01    705    -251   +331  
   7    33.11   13656.93   21   1e-01   1238    -0     +0      5e-01    881    -0     +0      6e-01    705    -0     +0    
==========================================================================================================================
Prune!
==========================================================================================================================
Depth = 5, Bound = 13656.93, Best = 13656

Fixing x[27] = 1

**************************************************************************************************************************
                                               Node 43
**************************************************************************************************************************
Problem size 95
Fixed variables: (x[4],1) (x[21],0) (x[27],1) (x[48],0) (x[53],0)
==========================================================================================================================
starting bound     cut  triangles added  violation
      13791.56   13656              500       0.49
==========================================================================================================================
iter     time      bound  bdl   viol3  triag  purged   added   viol5  penta  purged   added   viol7  hepta  purged   added
==========================================================================================================================
   1    33.16   13744.56    4   4e-01    795    -192   +487   
   2    33.23   13720.64    6   4e-01   1003    -258   +466   
   3    33.30   13702.89    8   4e-01   1256    -221   +474   
   4    33.52   13691.14    8   3e-01   1379    -314   +437    7e-01    480    -0     +480    8e-01    480    -0     +480  
   5    33.74   13682.32   13   2e-01   1415    -354   +390    7e-01    813    -145   +478    7e-01    788    -171   +479  
   6    33.98   13674.71   17   2e-01   1418    -342   +345    6e-01   1053    -230   +470    6e-01    989    -263   +464  
   7    34.23   13666.37   19   1e-01   1206    -330   +118    4e-01   1246    -262   +455    5e-01   1108    -303   +422  
   8    34.50   13661.88   23   1e-01   1087    -200   +81     5e-01   1463    -213   +430    5e-01   1243    -257   +392  
   9    34.78   13658.30   24   8e-02    969    -149   +31     5e-01   1547    -277   +361    4e-01   1290    -277   +324  
  10    34.86   13656.59   25   8e-02    969    -0     +0      5e-01   1547    -0     +0      4e-01   1290    -0     +0    
==========================================================================================================================
Prune!
==========================================================================================================================
Depth = 5, Bound = 13656.59, Best = 13656

Branching on x[39] = 0.49
Fixing x[39] = 0

**************************************************************************************************************************
                                               Node 44
**************************************************************************************************************************
Problem size 94
Fixed variables: (x[4],1) (x[7],1) (x[21],1) (x[26],0) (x[39],0) (x[62],1)
==========================================================================================================================
starting bound     cut  triangles added  violation
      13794.70   13656              500       0.50
==========================================================================================================================
iter     time      bound  bdl   viol3  triag  purged   added   viol5  penta  purged   added   viol7  hepta  purged   added
==========================================================================================================================
   1    34.92   13746.72    3   5e-01    844    -146   +490   
   2    34.98   13724.97    7   4e-01   1143    -187   +486   
   3    35.05   13706.37    7   3e-01   1248    -367   +472   
   4    35.27   13694.16   10   3e-01   1395    -297   +444    7e-01    480    -0     +480    8e-01    480    -0     +480  
   5    35.49   13684.95   12   3e-01   1497    -343   +445    7e-01    762    -198   +480    7e-01    790    -170   +480  
   6    35.73   13676.89   16   2e-01   1448    -421   +372    5e-01    970    -265   +473    6e-01    958    -283   +451  
   7    35.97   13669.85   21   1e-01   1225    -335   +112    5e-01   1176    -229   +435    6e-01   1099    -270   +411  
   8    36.23   13665.47   17   2e-01   1435    -163   +373    5e-01   1443    -211   +478    6e-01   1287    -277   +465  
   9    36.50   13664.08   14   2e-01   1381    -341   +287    5e-01   1570    -334   +461    5e-01   1376    -358   +447  
  10    36.78   13660.42   18   2e-01   1296    -303   +218    4e-01   1643    -382   +455    5e-01   1403    -400   +427  
  11    37.09   13657.58   23   1e-01   1109    -241   +54     4e-01   1727    -346   +430    4e-01   1441    -346   +384  
  12    37.16   13656.67   28   1e-01   1109    -0     +0      4e-01   1727    -0     +0      4e-01   1441    -0     +0    
==========================================================================================================================
Prune!
==========================================================================================================================
Depth = 6, Bound = 13656.67, Best = 13656

Fixing x[39] = 1

**************************************************************************************************************************
                                               Node 45
**************************************************************************************************************************
Problem size 94
Fixed variables: (x[4],1) (x[7],1) (x[21],1) (x[26],0) (x[39],1) (x[62],1)
==========================================================================================================================
starting bound     cut  triangles added  violation
      13794.27   13656              500       0.49
==========================================================================================================================
iter     time      bound  bdl   viol3  triag  purged   added   viol5  penta  purged   added   viol7  hepta  purged   added
==========================================================================================================================
   1    37.21   13744.10    4   5e-01    837    -140   +477   
   2    37.27   13719.49    6   4e-01   1123    -192   +478   
   3    37.34   13701.77    8   3e-01   1252    -334   +463   
   4    37.55   13690.73    8   3e-01   1411    -264   +423    7e-01    480    -0     +480    8e-01    480    -0     +480  
   5    37.76   13680.40   11   2e-01   1455    -351   +395    7e-01    796    -162   +478    7e-01    742    -212   +474  
   6    37.98   13670.66   15   2e-01   1407    -312   +264    6e-01   1038    -221   +463    6e-01    936    -254   +448  
   7    38.22   13663.82   19   1e-01   1196    -309   +98     5e-01   1231    -244   +437    5e-01   1077    -256   +397  
   8    38.47   13658.79   25   1e-01   1035    -225   +64     4e-01   1344    -289   +402    4e-01   1090    -327   +340  
   9    38.54   13656.86   28   1e-01   1035    -0     +0      4e-01   1344    -0     +0      4e-01   1090    -0     +0    
==========================================================================================================================
Prune!
==========================================================================================================================
Depth = 6, Bound = 13656.86, Best = 13656

Branching on x[75] = 0.50
Fixing x[75] = 0

**************************************************************************************************************************
                                               Node 46
**************************************************************************************************************************
Problem size 95
Fixed variables: (x[21],0) (x[22],0) (x[40],1) (x[48],1) (x[75],0)
==========================================================================================================================
starting bound     cut  triangles added  violation
      13787.54   13656              500       0.49
==========================================================================================================================
iter     time      bound  bdl   viol3  triag  purged   added   viol5  penta  purged   added   viol7  hepta  purged   added
==========================================================================================================================
   1    38.59   13728.74    3   4e-01    862    -116   +478   
   2    38.66   13703.24    4   4e-01   1102    -231   +471   
   3    38.73   13691.97    8   3e-01   1279    -261   +438   
   4    38.93   13680.29   10   3e-01   1419    -261   +401    7e-01    479    -0     +479    7e-01    475    -0     +475  
   5    39.14   13669.17   10   2e-01   1453    -322   +356    6e-01    799    -152   +472    7e-01    716    -214   +455  
   6    39.36   13660.82   16   2e-01   1499    -301   +347    6e-01   1041    -209   +451    6e-01    817    -289   +390  
   7    39.43   13656.72   21   2e-01   1499    -0     +0      6e-01   1041    -0     +0      6e-01    817    -0     +0    
==========================================================================================================================
Prune!
==========================================================================================================================
Depth = 5, Bound = 13656.72, Best = 13656

Fixing x[75] = 1

**************************************************************************************************************************
                                               Node 47
**************************************************************************************************************************
Problem size 95
Fixed variables: (x[21],0) (x[22],0) (x[40],1) (x[48],1) (x[75],1)
==========================================================================================================================
starting bound     cut  triangles added  violation
      13786.21   13656              500       0.49
==========================================================================================================================
iter     time      bound  bdl   viol3  triag  purged   added   viol5  penta  purged   added   viol7  hepta  purged   added
==========================================================================================================================
   1    39.49   13734.38    4   5e-01    840    -132   +472   
   2    39.55   13709.96    4   4e-01   1060    -240   +460   
   3    39.62   13693.26    7   3e-01   1209    -295   +444   
   4    39.82   13681.79    9   3e-01   1401    -233   +425    7e-01    480    -0     +480    7e-01    478    -0     +478  
   5    40.03   13672.12   11   2e-01   1402    -329   +330    6e-01    771    -179   +470    6e-01    659    -245   +426  
   6    40.24   13664.86   14   2e-01   1285    -278   +161    6e-01    960    -226   +415    5e-01    712    -307   +360  
   7    40.47   13658.31   18   1e-01   1154    -210   +79     5e-01   1101    -225   +366    4e-01    764    -235   +287  
   8    40.52   13656.26   21   1e-01   1154    -0     +0      5e-01   1101    -0     +0      4e-01    764    -0     +0    
==========================================================================================================================
Prune!
==========================================================================================================================
Depth = 5, Bound = 13656.26, Best = 13656

Branching on x[81] = 0.50
Fixing x[81] = 0

**************************************************************************************************************************
                                               Node 48
**************************************************************************************************************************
Problem size 95
Fixed variables: (x[15],0) (x[21],0) (x[48],0) (x[53],1) (x[81],0)
==========================================================================================================================
starting bound     cut  triangles added  violation
      13794.38   13656              500       0.49
==========================================================================================================================
iter     time      bound  bdl   viol3  triag  purged   added   viol5  penta  purged   added   viol7  hepta  purged   added
==========================================================================================================================
   1    40.58   13739.69    4   4e-01    818    -166   +484   
   2    40.64   13717.48    6   4e-01   1032    -262   +476   
   3    40.72   13706.18    7   3e-01   1279    -208   +455   
   4    40.94   13694.91   11   3e-01   1433    -283   +437    7e-01    480    -0     +480    8e-01    480    -0     +480  
   5    41.17   13685.32   14   2e-01   1448    -347   +362    7e-01    813    -143   +476    6e-01    779    -175   +474  
   6    41.41   13679.44   17   1e-01   1342    -305   +199    6e-01   1100    -180   +467    6e-01   1009    -219   +449  
   7    41.67   13674.54   18   2e-01   1333    -242   +233    5e-01   1337    -219   +456    7e-01   1148    -289   +428  
   8    41.96   13670.79   15   2e-01   1504    -233   +404    6e-01   1531    -285   +479    6e-01   1330    -296   +478  
   9    42.27   13669.23   18   1e-01   1280    -362   +138    5e-01   1662    -341   +472    6e-01   1449    -339   +458  
  10    42.59   13665.50   18   1e-01   1185    -213   +118    4e-01   1755    -377   +470    5e-01   1585    -327   +463  
  11    42.91   13663.80   19   9e-02   1033    -169   +17     3e-01   1803    -356   +404    4e-01   1679    -307   +401  
  12    43.25   13661.81   22   9e-02    929    -115   +11     3e-01   1810    -342   +349    4e-01   1696    -329   +346  
  13    43.60   13661.09   18   1e-01   1318    -44    +433    5e-01   2034    -255   +479    6e-01   1931    -244   +479  
  14    44.00   13660.02   18   9e-02   1024    -337   +43     3e-01   2046    -448   +460    5e-01   1961    -420   +450  
  15    44.39   13659.32   20   6e-02    922    -108   +6      3e-01   2025    -396   +375    4e-01   2020    -331   +390  
  16    44.81   13658.72   12   6e-02    870    -56    +4      3e-01   2124    -273   +372    4e-01   2158    -255   +393  
  17    45.22   13658.08   19   1e-01    991    -36    +157    4e-01   2321    -280   +477    5e-01   2352    -282   +476  
  18    45.68   13657.65   17   2e-01   1145    -154   +308    5e-01   2371    -430   +480    6e-01   2482    -350   +480  
  19    46.18   13657.25   18   5e-02    852    -293   +0      2e-01   2197    -502   +328    3e-01   2431    -424   +373  
  20    46.30   13656.92   24   5e-02    852    -0     +0      2e-01   2197    -0     +0      3e-01   2431    -0     +0    
==========================================================================================================================
Prune!
==========================================================================================================================
Depth = 5, Bound = 13656.92, Best = 13656

Fixing x[81] = 1

**************************************************************************************************************************
                                               Node 49
**************************************************************************************************************************
Problem size 95
Fixed variables: (x[15],0) (x[21],0) (x[48],0) (x[53],1) (x[81],1)
==========================================================================================================================
starting bound     cut  triangles added  violation
      13795.06   13656              500       0.50
==========================================================================================================================
iter     time      bound  bdl   viol3  triag  purged   added   viol5  penta  purged   added   viol7  hepta  purged   added
==========================================================================================================================
   1    46.36   13752.67    4   5e-01    776    -209   +485   
   2    46.43   13725.12    4   4e-01    987    -279   +490   
   3    46.50   13706.15    6   3e-01   1234    -212   +459   
   4    46.57   13695.11    9   3e-01   1462    -217   +445   
   5    46.79   13687.41   10   2e-01   1523    -350   +411    7e-01    480    -0     +480    8e-01    480    -0     +480  
   6    47.02   13678.51   15   2e-01   1518    -368   +363    5e-01    816    -136   +472    6e-01    759    -176   +455  
   7    47.26   13671.12   18   1e-01   1261    -345   +88     5e-01   1062    -180   +426    5e-01    902    -245   +388  
   8    47.53   13666.53   18   1e-01   1216    -168   +123    5e-01   1310    -192   +440    5e-01   1092    -232   +422  
   9    47.80   13661.75   20   1e-01   1101    -177   +62     4e-01   1475    -261   +426    4e-01   1208    -277   +393  
  10    48.09   13657.79   26   8e-02    977    -134   +10     4e-01   1568    -255   +348    4e-01   1259    -277   +328  
  11    48.13   13656.55   29   8e-02    977    -0     +0      4e-01   1568    -0     +0      4e-01   1259    -0     +0    
==========================================================================================================================
Prune!
==========================================================================================================================
Depth = 5, Bound = 13656.55, Best = 13656


Nodes = 49
Root node bound = 13695.206
Maximum value = 13656
Solution = ( 2 5 6 7 8 10 11 14 17 18 19 23 26 28 30 31 33 34 38 43 45 46 47 48 50 51 54 58 59 62 63 65 66 67 69 70 71 78 79 81 83 86 87 89 92 93 94 95 98 99 )
CPU time = 48.13 s

