Input file: ./Instances/rudy/pw09_100.9

Graph has 100 vertices and 4455 edges.

BiqBin parameters:
    init_bundle_iter = 5
     max_bundle_iter = 20
      min_outer_iter = 10
      max_outer_iter = 30
       violated_Ineq = 0.050000
             TriIneq = 500
         Pent_Trials = 160
        Hepta_Trials = 120
        include_Pent = 1
       include_Hepta = 1
                root = 0
            use_diff = 1
          time_limit = 0
   branchingStrategy = 1
      detailedOutput = 1

**************************************************************************************************************************
                                               Node 1
**************************************************************************************************************************
Problem size 100
Fixed variables:
Node 1 Feasible solution 13658
==========================================================================================================================
starting bound     cut  triangles added  violation
      13864.01   13658              500       0.50
==========================================================================================================================
iter     time      bound  bdl   viol3  triag  purged   added   viol5  penta  purged   added   viol7  hepta  purged   added
==========================================================================================================================
   1     0.06   13804.41    3   4e-01    798    -192   +490   
   2     0.12   13771.96    5   4e-01    988    -281   +471   
   3     0.31   13753.27    8   3e-01   1209    -188   +409    7e-01    477    -0     +477    6e-01    467    -0     +467  
   4     0.51   13740.66    8   3e-01   1349    -285   +425    7e-01    747    -207   +477    7e-01    647    -277   +457  
   5     0.72   13732.06   13   2e-01   1357    -309   +317    6e-01    877    -306   +436    6e-01    654    -358   +365  
   6     0.95   13723.37   16   1e-01   1198    -260   +101    5e-01    982    -249   +354    5e-01    667    -252   +265  
   7     1.18   13717.41   22   1e-01   1114    -188   +104    4e-01   1050    -246   +314    5e-01    629    -232   +194  
   8     1.43   13712.88   23   1e-01    983    -158   +27     4e-01   1046    -222   +218    4e-01    541    -204   +116  
   9     1.68   13710.62   20   1e-01   1065    -65    +147    4e-01   1224    -120   +298    5e-01    639    -86    +184  
  10     1.95   13707.94   23   1e-01   1003    -116   +54     3e-01   1278    -197   +251    4e-01    676    -122   +159  
  11     2.11   13706.27   26   1e-01   1003    -0     +0      3e-01   1278    -0     +0      4e-01    676    -0     +0    
==========================================================================================================================
BOUNDING STOPPED: Gap to big!
==========================================================================================================================
Depth = 0, Bound = 13706.27, Best = 13658

Branching on x[12] = 0.50
Fixing x[12] = 0

**************************************************************************************************************************
                                               Node 2
**************************************************************************************************************************
Problem size 99
Fixed variables: (x[12],0)
==========================================================================================================================
BOUNDING STOPPED: Gap to big!
==========================================================================================================================
Depth = 1, Bound = 13852.87, Best = 13658

Fixing x[12] = 1

**************************************************************************************************************************
                                               Node 3
**************************************************************************************************************************
Problem size 99
Fixed variables: (x[12],1)
==========================================================================================================================
BOUNDING STOPPED: Gap to big!
==========================================================================================================================
Depth = 1, Bound = 13854.37, Best = 13658

Branching on x[82] = 0.50
Fixing x[82] = 0

**************************************************************************************************************************
                                               Node 4
**************************************************************************************************************************
Problem size 98
Fixed variables: (x[12],1) (x[82],0)
==========================================================================================================================
BOUNDING STOPPED: Gap to big!
==========================================================================================================================
Depth = 2, Bound = 13842.53, Best = 13658

Fixing x[82] = 1

**************************************************************************************************************************
                                               Node 5
**************************************************************************************************************************
Problem size 98
Fixed variables: (x[12],1) (x[82],1)
==========================================================================================================================
BOUNDING STOPPED: Gap to big!
==========================================================================================================================
Depth = 2, Bound = 13838.81, Best = 13658

Branching on x[59] = 0.49
Fixing x[59] = 0

**************************************************************************************************************************
                                               Node 6
**************************************************************************************************************************
Problem size 98
Fixed variables: (x[12],0) (x[59],0)
==========================================================================================================================
BOUNDING STOPPED: Gap to big!
==========================================================================================================================
Depth = 2, Bound = 13845.37, Best = 13658

Fixing x[59] = 1

**************************************************************************************************************************
                                               Node 7
**************************************************************************************************************************
Problem size 98
Fixed variables: (x[12],0) (x[59],1)
==========================================================================================================================
BOUNDING STOPPED: Gap to big!
==========================================================================================================================
Depth = 2, Bound = 13843.82, Best = 13658

Branching on x[36] = 0.50
Fixing x[36] = 0

**************************************************************************************************************************
                                               Node 8
**************************************************************************************************************************
Problem size 97
Fixed variables: (x[12],0) (x[36],0) (x[59],0)
==========================================================================================================================
BOUNDING STOPPED: Gap to big!
==========================================================================================================================
Depth = 3, Bound = 13833.32, Best = 13658

Fixing x[36] = 1

**************************************************************************************************************************
                                               Node 9
**************************************************************************************************************************
Problem size 97
Fixed variables: (x[12],0) (x[36],1) (x[59],0)
==========================================================================================================================
BOUNDING STOPPED: Gap to big!
==========================================================================================================================
Depth = 3, Bound = 13837.36, Best = 13658

Branching on x[0] = 0.52
Fixing x[0] = 0

**************************************************************************************************************************
                                               Node 10
**************************************************************************************************************************
Problem size 97
Fixed variables: (x[0],0) (x[12],0) (x[59],1)
==========================================================================================================================
BOUNDING STOPPED: Gap to big!
==========================================================================================================================
Depth = 3, Bound = 13825.28, Best = 13658

Fixing x[0] = 1

**************************************************************************************************************************
                                               Node 11
**************************************************************************************************************************
Problem size 97
Fixed variables: (x[0],1) (x[12],0) (x[59],1)
==========================================================================================================================
BOUNDING STOPPED: Gap to big!
==========================================================================================================================
Depth = 3, Bound = 13826.86, Best = 13658

Branching on x[4] = 0.50
Fixing x[4] = 0

**************************************************************************************************************************
                                               Node 12
**************************************************************************************************************************
Problem size 97
Fixed variables: (x[4],0) (x[12],1) (x[82],0)
==========================================================================================================================
BOUNDING STOPPED: Gap to big!
==========================================================================================================================
Depth = 3, Bound = 13833.05, Best = 13658

Fixing x[4] = 1

**************************************************************************************************************************
                                               Node 13
**************************************************************************************************************************
Problem size 97
Fixed variables: (x[4],1) (x[12],1) (x[82],0)
==========================================================================================================================
BOUNDING STOPPED: Gap to big!
==========================================================================================================================
Depth = 3, Bound = 13833.31, Best = 13658

Branching on x[86] = 0.50
Fixing x[86] = 0

**************************************************************************************************************************
                                               Node 14
**************************************************************************************************************************
Problem size 97
Fixed variables: (x[12],1) (x[82],1) (x[86],0)
==========================================================================================================================
BOUNDING STOPPED: Gap to big!
==========================================================================================================================
Depth = 3, Bound = 13830.51, Best = 13658

Fixing x[86] = 1

**************************************************************************************************************************
                                               Node 15
**************************************************************************************************************************
Problem size 97
Fixed variables: (x[12],1) (x[82],1) (x[86],1)
==========================================================================================================================
BOUNDING STOPPED: Gap to big!
==========================================================================================================================
Depth = 3, Bound = 13831.89, Best = 13658

Branching on x[74] = 0.51
Fixing x[74] = 0

**************************************************************************************************************************
                                               Node 16
**************************************************************************************************************************
Problem size 96
Fixed variables: (x[12],0) (x[36],1) (x[59],0) (x[74],0)
==========================================================================================================================
BOUNDING STOPPED: Gap to big!
==========================================================================================================================
Depth = 4, Bound = 13826.49, Best = 13658

Fixing x[74] = 1

**************************************************************************************************************************
                                               Node 17
**************************************************************************************************************************
Problem size 96
Fixed variables: (x[12],0) (x[36],1) (x[59],0) (x[74],1)
==========================================================================================================================
BOUNDING STOPPED: Gap to big!
==========================================================================================================================
Depth = 4, Bound = 13826.48, Best = 13658

Branching on x[97] = 0.49
Fixing x[97] = 0

**************************************************************************************************************************
                                               Node 18
**************************************************************************************************************************
Problem size 96
Fixed variables: (x[12],0) (x[36],0) (x[59],0) (x[97],0)
==========================================================================================================================
BOUNDING STOPPED: Gap to big!
==========================================================================================================================
Depth = 4, Bound = 13820.30, Best = 13658

Fixing x[97] = 1

**************************************************************************************************************************
                                               Node 19
**************************************************************************************************************************
Problem size 96
Fixed variables: (x[12],0) (x[36],0) (x[59],0) (x[97],1)
==========================================================================================================================
BOUNDING STOPPED: Gap to big!
==========================================================================================================================
Depth = 4, Bound = 13822.96, Best = 13658

Branching on x[49] = 0.50
Fixing x[49] = 0

**************************************************************************************************************************
                                               Node 20
**************************************************************************************************************************
Problem size 96
Fixed variables: (x[4],1) (x[12],1) (x[49],0) (x[82],0)
==========================================================================================================================
starting bound     cut  triangles added  violation
      13814.38   13658              500       0.50
==========================================================================================================================
iter     time      bound  bdl   viol3  triag  purged   added   viol5  penta  purged   added   viol7  hepta  purged   added
==========================================================================================================================
   1     2.34   13769.80    3   4e-01    808    -179   +487   
   2     2.40   13732.63    6   4e-01   1024    -258   +474   
   3     2.47   13716.17    7   4e-01   1260    -245   +481   
   4     2.56   13707.20   10   3e-01   1386    -312   +438   
   5     2.78   13698.21   10   2e-01   1443    -365   +422    6e-01    480    -0     +480    7e-01    479    -0     +479  
   6     3.01   13691.70   17   1e-01   1374    -345   +276    6e-01    846    -104   +470    6e-01    774    -142   +437  
   7     3.25   13684.17   17   1e-01   1245    -256   +127    5e-01   1087    -192   +433    5e-01    960    -208   +394  
   8     3.51   13678.77   21   1e-01   1223    -210   +188    5e-01   1258    -237   +408    5e-01   1018    -274   +332  
   9     3.78   13675.72   21   1e-01   1039    -217   +33     4e-01   1363    -256   +361    4e-01   1054    -273   +309  
  10     4.06   13672.57   25   1e-01    998    -116   +75     5e-01   1520    -239   +396    5e-01   1194    -214   +354  
  11     4.36   13669.51   25   1e-01    893    -136   +31     3e-01   1541    -319   +340    4e-01   1221    -275   +302  
  12     4.67   13667.04   29   6e-02    814    -86    +7      3e-01   1529    -260   +248    4e-01   1200    -243   +222  
  13     4.98   13666.11   26   9e-02    798    -46    +30     3e-01   1628    -196   +295    3e-01   1332    -142   +274  
  14     5.32   13664.32   26   9e-02    799    -53    +54     3e-01   1805    -179   +356    5e-01   1466    -192   +326  
  15     5.67   13663.05   25   1e-01    741    -62    +4      4e-01   1807    -277   +279    4e-01   1473    -246   +253  
  16     6.03   13662.27   28   9e-02    720    -28    +7      2e-01   1850    -178   +221    3e-01   1498    -175   +200  
  17     6.40   13661.02   33   5e-02    688    -33    +1      3e-01   1818    -212   +180    3e-01   1501    -163   +166  
  18     6.77   13660.28   31   8e-02    699    -16    +27     3e-01   1937    -136   +255    5e-01   1641    -101   +241  
  19     7.14   13659.45   35   6e-02    675    -28    +4      3e-01   1923    -191   +177    3e-01   1668    -153   +180  
  20     7.35   13658.74   39   6e-02    675    -0     +0      3e-01   1923    -0     +0      3e-01   1668    -0     +0    
==========================================================================================================================
Prune!
==========================================================================================================================
Depth = 4, Bound = 13658.74, Best = 13658

Fixing x[49] = 1

**************************************************************************************************************************
                                               Node 21
**************************************************************************************************************************
Problem size 96
Fixed variables: (x[4],1) (x[12],1) (x[49],1) (x[82],0)
==========================================================================================================================
starting bound     cut  triangles added  violation
      13816.06   13658              500       0.50
==========================================================================================================================
iter     time      bound  bdl   viol3  triag  purged   added   viol5  penta  purged   added   viol7  hepta  purged   added
==========================================================================================================================
   1     7.40   13769.35    4   4e-01    796    -190   +486   
   2     7.47   13728.21    7   4e-01   1059    -213   +476   
   3     7.54   13713.39    7   3e-01   1268    -248   +457   
   4     7.74   13702.30   10   3e-01   1412    -293   +437    7e-01    480    -0     +480    7e-01    480    -0     +480  
   5     7.96   13693.15   12   2e-01   1468    -354   +410    6e-01    760    -198   +478    6e-01    727    -225   +472  
   6     8.18   13685.23   15   1e-01   1328    -387   +247    5e-01    952    -251   +443    6e-01    833    -310   +416  
   7     8.42   13678.86   19   1e-01   1231    -214   +117    4e-01   1161    -224   +433    5e-01    917    -278   +362  
   8     8.66   13674.50   23   1e-01   1103    -204   +76     6e-01   1290    -238   +367    5e-01    917    -271   +271  
   9     8.93   13672.10   18   1e-01   1121    -138   +156    4e-01   1457    -248   +415    4e-01   1045    -210   +338  
  10     9.21   13669.86   16   2e-01   1236    -147   +262    5e-01   1633    -278   +454    5e-01   1238    -230   +423  
  11     9.51   13668.05   21   1e-01   1042    -231   +37     4e-01   1637    -345   +349    4e-01   1212    -330   +304  
  12     9.82   13665.92   24   6e-02    932    -111   +1      3e-01   1632    -260   +255    4e-01   1183    -250   +221  
  13    10.13   13663.69   26   7e-02    876    -63    +7      3e-01   1697    -192   +257    5e-01   1257    -147   +221  
  14    10.47   13662.49   26   6e-02    840    -41    +5      2e-01   1732    -165   +200    4e-01   1299    -154   +196  
  15    10.83   13661.45   16   2e-01   1010    -33    +203    4e-01   2043    -149   +460    5e-01   1624    -111   +436  
  16    11.20   13660.91   21   6e-02    836    -179   +5      3e-01   1919    -397   +273    4e-01   1486    -379   +241  
  17    11.57   13660.04   26   7e-02    788    -49    +1      2e-01   1920    -231   +232    3e-01   1538    -160   +212  
  18    11.94   13659.52   22   7e-02    772    -22    +6      3e-01   2014    -161   +255    4e-01   1637    -134   +233  
  19    12.31   13659.03   23   7e-02    764    -12    +4      3e-01   2069    -165   +220    3e-01   1735    -149   +247  
  20    12.39   13658.87   22   7e-02    764    -0     +0      3e-01   2069    -0     +0      3e-01   1735    -0     +0    
==========================================================================================================================
Prune!
==========================================================================================================================
Depth = 4, Bound = 13658.87, Best = 13658

Branching on x[48] = 0.49
Fixing x[48] = 0

**************************************************************************************************************************
                                               Node 22
**************************************************************************************************************************
Problem size 96
Fixed variables: (x[4],0) (x[12],1) (x[48],0) (x[82],0)
==========================================================================================================================
starting bound     cut  triangles added  violation
      13814.39   13658              500       0.50
==========================================================================================================================
iter     time      bound  bdl   viol3  triag  purged   added   viol5  penta  purged   added   viol7  hepta  purged   added
==========================================================================================================================
   1    12.44   13761.97    3   4e-01    819    -171   +490   
   2    12.50   13730.41    5   4e-01   1159    -136   +476   
   3    12.68   13712.59   10   3e-01   1223    -340   +404    7e-01    480    -0     +480    8e-01    464    -0     +464  
   4    12.86   13694.40   14   2e-01   1361    -222   +360    6e-01    805    -139   +464    6e-01    636    -244   +416  
   5    13.06   13683.74   16   2e-01   1374    -250   +263    5e-01    988    -230   +413    5e-01    652    -296   +312  
   6    13.27   13676.48   18   2e-01   1311    -224   +161    5e-01   1123    -235   +370    5e-01    690    -216   +254  
   7    13.49   13670.61   17   1e-01   1194    -194   +77     5e-01   1184    -252   +313    4e-01    668    -226   +204  
   8    13.72   13667.08   22   1e-01   1095    -127   +28     4e-01   1260    -200   +276    4e-01    657    -165   +154  
   9    13.96   13663.93   24   1e-01   1032    -97    +34     4e-01   1351    -172   +263    4e-01    691    -125   +159  
  10    14.21   13660.54   30   8e-02    955    -98    +21     4e-01   1347    -202   +198    5e-01    678    -140   +127  
  11    14.48   13659.00   28   9e-02    896    -66    +7      4e-01   1389    -145   +187    4e-01    684    -90    +96   
  12    14.51   13658.09   27   9e-02    896    -0     +0      4e-01   1389    -0     +0      4e-01    684    -0     +0    
==========================================================================================================================
Prune!
==========================================================================================================================
Depth = 4, Bound = 13658.09, Best = 13658

Fixing x[48] = 1

**************************************************************************************************************************
                                               Node 23
**************************************************************************************************************************
Problem size 96
Fixed variables: (x[4],0) (x[12],1) (x[48],1) (x[82],0)
==========================================================================================================================
BOUNDING STOPPED: Gap to big!
==========================================================================================================================
Depth = 4, Bound = 13820.95, Best = 13658

Branching on x[18] = 0.50
Fixing x[18] = 0

**************************************************************************************************************************
                                               Node 24
**************************************************************************************************************************
Problem size 96
Fixed variables: (x[12],1) (x[18],0) (x[82],1) (x[86],1)
==========================================================================================================================
BOUNDING STOPPED: Gap to big!
==========================================================================================================================
Depth = 4, Bound = 13822.29, Best = 13658

Fixing x[18] = 1

**************************************************************************************************************************
                                               Node 25
**************************************************************************************************************************
Problem size 96
Fixed variables: (x[12],1) (x[18],1) (x[82],1) (x[86],1)
==========================================================================================================================
BOUNDING STOPPED: Gap to big!
==========================================================================================================================
Depth = 4, Bound = 13820.72, Best = 13658

Branching on x[21] = 0.49
Fixing x[21] = 0

**************************************************************************************************************************
                                               Node 26
**************************************************************************************************************************
Problem size 96
Fixed variables: (x[12],1) (x[21],0) (x[82],1) (x[86],0)
==========================================================================================================================
BOUNDING STOPPED: Gap to big!
==========================================================================================================================
Depth = 4, Bound = 13817.61, Best = 13658

Fixing x[21] = 1

**************************************************************************************************************************
                                               Node 27
**************************************************************************************************************************
Problem size 96
Fixed variables: (x[12],1) (x[21],1) (x[82],1) (x[86],0)
==========================================================================================================================
starting bound     cut  triangles added  violation
      13815.40   13658              500       0.49
==========================================================================================================================
iter     time      bound  bdl   viol3  triag  purged   added   viol5  penta  purged   added   viol7  hepta  purged   added
==========================================================================================================================
   1    14.60   13759.76    4   4e-01    807    -175   +482   
   2    14.66   13727.36    6   3e-01   1041    -217   +451   
   3    14.72   13707.71    7   3e-01   1266    -220   +445   
   4    14.91   13696.63    8   3e-01   1358    -309   +401    7e-01    477    -0     +477    7e-01    465    -0     +465  
   5    15.10   13688.74   12   2e-01   1480    -268   +390    6e-01    751    -201   +475    7e-01    638    -277   +450  
   6    15.32   13681.39   17   1e-01   1159    -424   +103    5e-01    816    -305   +370    5e-01    574    -342   +278  
   7    15.54   13675.80   19   1e-01   1048    -142   +31     4e-01    959    -152   +295    5e-01    601    -186   +213  
   8    15.77   13671.49   16   1e-01    985    -120   +57     4e-01   1078    -161   +280    4e-01    610    -163   +172  
   9    16.00   13668.11   20   1e-01    968    -75    +58     4e-01   1130    -186   +238    4e-01    637    -138   +165  
  10    16.25   13664.94   27   9e-02    904    -82    +18     3e-01   1186    -153   +209    6e-01    640    -116   +119  
  11    16.51   13661.86   26   9e-02    852    -74    +22     4e-01   1212    -168   +194    4e-01    619    -122   +101  
  12    16.79   13660.69   21   2e-01   1024    -43    +215    4e-01   1413    -112   +313    4e-01    737    -74    +192  
  13    17.07   13659.39   25   8e-02    868    -160   +4      3e-01   1308    -265   +160    3e-01    673    -160   +96   
  14    17.13   13658.68   28   8e-02    868    -0     +0      3e-01   1308    -0     +0      3e-01    673    -0     +0    
==========================================================================================================================
Prune!
==========================================================================================================================
Depth = 4, Bound = 13658.68, Best = 13658

Branching on x[66] = 0.50
Fixing x[66] = 0

**************************************************************************************************************************
                                               Node 28
**************************************************************************************************************************
Problem size 96
Fixed variables: (x[0],1) (x[12],0) (x[59],1) (x[66],0)
==========================================================================================================================
starting bound     cut  triangles added  violation
      13810.56   13658              500       0.48
==========================================================================================================================
iter     time      bound  bdl   viol3  triag  purged   added   viol5  penta  purged   added   viol7  hepta  purged   added
==========================================================================================================================
   1    17.19   13746.60    4   4e-01    835    -151   +486   
   2    17.24   13719.73    6   3e-01   1070    -235   +470   
   3    17.31   13704.76    9   3e-01   1265    -221   +416   
   4    17.49   13691.31   11   2e-01   1350    -247   +332    6e-01    467    -0     +467    6e-01    428    -0     +428  
   5    17.68   13682.45   16   2e-01   1310    -256   +216    5e-01    725    -152   +410    6e-01    545    -209   +326  
   6    17.89   13676.17   19   1e-01   1237    -220   +147    5e-01    897    -191   +363    5e-01    584    -218   +257  
   7    18.11   13671.26   24   2e-01   1138    -173   +74     5e-01   1053    -182   +338    4e-01    633    -166   +215  
   8    18.34   13667.78   22   1e-01   1030    -140   +32     4e-01   1144    -183   +274    4e-01    637    -164   +168  
   9    18.58   13664.49   24   1e-01    949    -112   +31     4e-01   1217    -193   +266    5e-01    620    -136   +119  
  10    18.82   13660.75   25   1e-01    883    -88    +22     4e-01   1235    -174   +192    4e-01    615    -118   +113  
  11    19.08   13659.14   31   7e-02    819    -71    +7      4e-01   1287    -128   +180    3e-01    587    -114   +86   
  12    19.10   13658.50   30   7e-02    819    -0     +0      4e-01   1287    -0     +0      3e-01    587    -0     +0    
==========================================================================================================================
Prune!
==========================================================================================================================
Depth = 4, Bound = 13658.50, Best = 13658

Fixing x[66] = 1

**************************************************************************************************************************
                                               Node 29
**************************************************************************************************************************
Problem size 96
Fixed variables: (x[0],1) (x[12],0) (x[59],1) (x[66],1)
==========================================================================================================================
starting bound     cut  triangles added  violation
      13816.13   13658              500       0.49
==========================================================================================================================
iter     time      bound  bdl   viol3  triag  purged   added   viol5  penta  purged   added   viol7  hepta  purged   added
==========================================================================================================================
   1    19.16   13757.64    4   5e-01    840    -134   +474   
   2    19.22   13725.42    6   4e-01   1046    -251   +457   
   3    19.28   13709.46    8   3e-01   1264    -218   +436   
   4    19.48   13696.12   10   3e-01   1400    -259   +395    7e-01    480    -0     +480    8e-01    479    -0     +479  
   5    19.69   13687.34   12   2e-01   1541    -249   +390    6e-01    792    -167   +479    7e-01    713    -232   +466  
   6    19.91   13678.91   16   1e-01   1302    -399   +160    5e-01    962    -262   +432    5e-01    741    -333   +361  
   7    20.15   13673.20   21   1e-01   1214    -186   +98     4e-01   1179    -183   +400    5e-01    853    -234   +346  
   8    20.40   13667.91   27   1e-01   1020    -220   +26     4e-01   1186    -301   +308    4e-01    821    -277   +245  
   9    20.65   13663.90   23   1e-01   1053    -98    +131    5e-01   1325    -191   +330    4e-01    880    -169   +228  
  10    20.91   13661.93   23   2e-01   1182    -109   +238    4e-01   1513    -228   +416    5e-01   1010    -165   +295  
  11    21.21   13659.28   25   9e-02    961    -241   +20     3e-01   1402    -361   +250    4e-01    902    -291   +183  
  12    21.24   13658.70   27   9e-02    961    -0     +0      3e-01   1402    -0     +0      4e-01    902    -0     +0    
==========================================================================================================================
Prune!
==========================================================================================================================
Depth = 4, Bound = 13658.70, Best = 13658

Branching on x[71] = 0.49
Fixing x[71] = 0

**************************************************************************************************************************
                                               Node 30
**************************************************************************************************************************
Problem size 95
Fixed variables: (x[12],0) (x[36],1) (x[59],0) (x[71],0) (x[74],0)
==========================================================================================================================
BOUNDING STOPPED: Gap to big!
==========================================================================================================================
Depth = 5, Bound = 13818.86, Best = 13658

Fixing x[71] = 1

**************************************************************************************************************************
                                               Node 31
**************************************************************************************************************************
Problem size 95
Fixed variables: (x[12],0) (x[36],1) (x[59],0) (x[71],1) (x[74],0)
==========================================================================================================================
BOUNDING STOPPED: Gap to big!
==========================================================================================================================
Depth = 5, Bound = 13817.59, Best = 13658

Branching on x[76] = 0.49
Fixing x[76] = 0

**************************************************************************************************************************
                                               Node 32
**************************************************************************************************************************
Problem size 95
Fixed variables: (x[12],0) (x[36],1) (x[59],0) (x[74],1) (x[76],0)
==========================================================================================================================
BOUNDING STOPPED: Gap to big!
==========================================================================================================================
Depth = 5, Bound = 13821.85, Best = 13658

Fixing x[76] = 1

**************************************************************************************************************************
                                               Node 33
**************************************************************************************************************************
Problem size 95
Fixed variables: (x[12],0) (x[36],1) (x[59],0) (x[74],1) (x[76],1)
==========================================================================================================================
starting bound     cut  triangles added  violation
      13815.15   13658              500       0.49
==========================================================================================================================
iter     time      bound  bdl   viol3  triag  purged   added   viol5  penta  purged   added   viol7  hepta  purged   added
==========================================================================================================================
   1    21.33   13752.31    4   4e-01    825    -166   +491   
   2    21.40   13724.86    3   4e-01   1107    -153   +435   
   3    21.59   13709.83    7   3e-01   1274    -280   +447    8e-01    480    -0     +480    8e-01    480    -0     +480  
   4    21.79   13693.60    8   3e-01   1376    -330   +432    8e-01    753    -207   +480    7e-01    677    -280   +477  
   5    22.00   13684.32   14   2e-01   1398    -330   +352    5e-01    961    -258   +466    6e-01    790    -311   +424  
   6    22.23   13676.97   17   1e-01   1236    -304   +142    5e-01   1102    -295   +436    5e-01    819    -342   +371  
   7    22.47   13672.45   19   1e-01   1106    -181   +51     4e-01   1262    -207   +367    4e-01    909    -214   +304  
   8    22.72   13667.45   18   2e-01   1282    -122   +298    5e-01   1479    -236   +453    5e-01   1106    -195   +392  
   9    23.00   13664.11   26   1e-01   1019    -288   +25     4e-01   1451    -364   +336    5e-01    986    -356   +236  
  10    23.28   13661.18   24   1e-01    932    -104   +17     3e-01   1524    -204   +277    3e-01   1024    -169   +207  
  11    23.40   13658.97   27   1e-01    932    -0     +0      3e-01   1524    -0     +0      3e-01   1024    -0     +0    
==========================================================================================================================
Prune!
==========================================================================================================================
Depth = 5, Bound = 13658.97, Best = 13658

Branching on x[14] = 0.51
Fixing x[14] = 0

**************************************************************************************************************************
                                               Node 34
**************************************************************************************************************************
Problem size 96
Fixed variables: (x[0],0) (x[12],0) (x[14],0) (x[59],1)
==========================================================================================================================
starting bound     cut  triangles added  violation
      13809.55   13658              500       0.50
==========================================================================================================================
iter     time      bound  bdl   viol3  triag  purged   added   viol5  penta  purged   added   viol7  hepta  purged   added
==========================================================================================================================
   1    23.46   13749.88    3   4e-01    817    -164   +481   
   2    23.51   13715.29    7   3e-01   1049    -235   +467   
   3    23.58   13697.85    8   3e-01   1280    -194   +425   
   4    23.76   13686.51    8   3e-01   1387    -290   +397    6e-01    479    -0     +479    6e-01    460    -0     +460  
   5    23.96   13676.00   11   2e-01   1367    -379   +359    6e-01    675    -244   +440    6e-01    504    -314   +358  
   6    24.16   13671.05   16   1e-01   1239    -276   +148    5e-01    802    -215   +342    5e-01    534    -235   +265  
   7    24.38   13665.09   22   9e-02   1092    -178   +31     5e-01    889    -190   +277    5e-01    497    -198   +161  
   8    24.61   13659.79   21   2e-01   1117    -142   +167    5e-01   1038    -154   +303    4e-01    556    -144   +203  
   9    24.68   13658.22   26   2e-01   1117    -0     +0      5e-01   1038    -0     +0      4e-01    556    -0     +0    
==========================================================================================================================
Prune!
==========================================================================================================================
Depth = 4, Bound = 13658.22, Best = 13658

Fixing x[14] = 1

**************************************************************************************************************************
                                               Node 35
**************************************************************************************************************************
Problem size 96
Fixed variables: (x[0],0) (x[12],0) (x[14],1) (x[59],1)
==========================================================================================================================
starting bound     cut  triangles added  violation
      13807.91   13658              500       0.49
==========================================================================================================================
iter     time      bound  bdl   viol3  triag  purged   added   viol5  penta  purged   added   viol7  hepta  purged   added
==========================================================================================================================
   1    24.73   13744.32    5   4e-01    839    -145   +484   
   2    24.78   13710.00    7   4e-01   1066    -235   +462   
   3    24.96   13690.51    9   3e-01   1259    -227   +420    7e-01    479    -0     +479    6e-01    458    -0     +458  
   4    25.14   13679.23    9   2e-01   1314    -324   +379    6e-01    725    -218   +464    6e-01    559    -300   +401  
   5    25.33   13672.94   15   2e-01   1268    -263   +217    6e-01    824    -247   +346    6e-01    492    -299   +232  
   6    25.53   13663.40   19   1e-01   1177    -202   +111    4e-01    898    -219   +293    4e-01    485    -197   +190  
   7    25.74   13659.54   21   2e-01   1173    -138   +134    4e-01   1002    -195   +299    4e-01    523    -143   +181  
   8    25.77   13658.38   23   2e-01   1173    -0     +0      4e-01   1002    -0     +0      4e-01    523    -0     +0    
==========================================================================================================================
Prune!
==========================================================================================================================
Depth = 4, Bound = 13658.38, Best = 13658

Branching on x[61] = 0.49
Fixing x[61] = 0

**************************************************************************************************************************
                                               Node 36
**************************************************************************************************************************
Problem size 95
Fixed variables: (x[12],0) (x[36],0) (x[59],0) (x[61],0) (x[97],1)
==========================================================================================================================
starting bound     cut  triangles added  violation
      13809.84   13658              500       0.49
==========================================================================================================================
iter     time      bound  bdl   viol3  triag  purged   added   viol5  penta  purged   added   viol7  hepta  purged   added
==========================================================================================================================
   1    25.83   13744.10    4   4e-01    805    -178   +483   
   2    25.89   13718.53    5   4e-01   1152    -122   +469   
   3    26.07   13698.00    7   3e-01   1221    -373   +442    7e-01    480    -0     +480    7e-01    480    -0     +480  
   4    26.26   13683.52   10   2e-01   1339    -256   +374    6e-01    757    -194   +471    6e-01    653    -265   +438  
   5    26.49   13677.74   10   3e-01   1525    -249   +435    7e-01   1020    -217   +480    7e-01    896    -236   +479  
   6    26.72   13672.47   13   2e-01   1383    -437   +295    5e-01   1095    -382   +457    6e-01    877    -440   +421  
   7    26.96   13666.58   17   1e-01   1206    -298   +121    6e-01   1195    -304   +404    5e-01    920    -308   +351  
   8    27.23   13662.76   16   2e-01   1420    -167   +381    5e-01   1410    -253   +468    5e-01   1076    -271   +427  
   9    27.52   13660.72   18   1e-01   1194    -342   +116    4e-01   1493    -329   +412    5e-01   1099    -337   +360  
  10    27.61   13658.78   24   1e-01   1194    -0     +0      4e-01   1493    -0     +0      5e-01   1099    -0     +0    
==========================================================================================================================
Prune!
==========================================================================================================================
Depth = 5, Bound = 13658.78, Best = 13658

Fixing x[61] = 1

**************************************************************************************************************************
                                               Node 37
**************************************************************************************************************************
Problem size 95
Fixed variables: (x[12],0) (x[36],0) (x[59],0) (x[61],1) (x[97],1)
==========================================================================================================================
starting bound     cut  triangles added  violation
      13806.54   13658              500       0.49
==========================================================================================================================
iter     time      bound  bdl   viol3  triag  purged   added   viol5  penta  purged   added   viol7  hepta  purged   added
==========================================================================================================================
   1    27.67   13743.48    4   4e-01    822    -159   +481   
   2    27.74   13712.57    4   4e-01   1075    -212   +465   
   3    27.81   13700.11    7   4e-01   1185    -348   +458   
   4    28.01   13688.13    8   3e-01   1370    -230   +415    8e-01    480    -0     +480    6e-01    478    -0     +478  
   5    28.22   13678.43   13   2e-01   1413    -303   +346    6e-01    800    -149   +469    6e-01    686    -237   +445  
   6    28.45   13671.74   17   1e-01   1328    -283   +198    5e-01   1043    -191   +434    6e-01    764    -272   +350  
   7    28.69   13667.84   18   2e-01   1311    -216   +199    5e-01   1246    -219   +422    5e-01    930    -222   +388  
   8    28.96   13663.11   16   2e-01   1345    -237   +271    5e-01   1399    -308   +461    6e-01   1061    -295   +426  
   9    29.25   13660.89   14   2e-01   1335    -257   +247    5e-01   1549    -320   +470    6e-01   1211    -292   +442  
  10    29.40   13658.76   18   2e-01   1335    -0     +0      5e-01   1549    -0     +0      6e-01   1211    -0     +0    
==========================================================================================================================
Prune!
==========================================================================================================================
Depth = 5, Bound = 13658.76, Best = 13658

Branching on x[74] = 0.51
Fixing x[74] = 0

**************************************************************************************************************************
                                               Node 38
**************************************************************************************************************************
Problem size 95
Fixed variables: (x[12],1) (x[18],0) (x[74],0) (x[82],1) (x[86],1)
==========================================================================================================================
starting bound     cut  triangles added  violation
      13811.09   13658              500       0.50
==========================================================================================================================
iter     time      bound  bdl   viol3  triag  purged   added   viol5  penta  purged   added   viol7  hepta  purged   added
==========================================================================================================================
   1    29.45   13745.01    4   4e-01    821    -164   +485   
   2    29.51   13712.72    5   4e-01   1074    -203   +456   
   3    29.69   13693.77    8   3e-01   1211    -272   +409    7e-01    480    -0     +480    6e-01    465    -0     +465  
   4    29.88   13683.00    9   3e-01   1382    -219   +390    8e-01    789    -163   +472    6e-01    690    -233   +458  
   5    30.09   13674.06   12   2e-01   1330    -359   +307    5e-01    873    -326   +410    7e-01    636    -401   +347  
   6    30.30   13668.08   17   1e-01   1210    -294   +174    5e-01    971    -262   +360    5e-01    622    -261   +247  
   7    30.52   13661.66   19   1e-01   1038    -242   +70     5e-01   1017    -258   +304    4e-01    554    -232   +164  
   8    30.61   13658.26   21   1e-01   1038    -0     +0      5e-01   1017    -0     +0      4e-01    554    -0     +0    
==========================================================================================================================
Prune!
==========================================================================================================================
Depth = 5, Bound = 13658.26, Best = 13658

Fixing x[74] = 1

**************************************************************************************************************************
                                               Node 39
**************************************************************************************************************************
Problem size 95
Fixed variables: (x[12],1) (x[18],0) (x[74],1) (x[82],1) (x[86],1)
==========================================================================================================================
starting bound     cut  triangles added  violation
      13814.49   13658              500       0.50
==========================================================================================================================
iter     time      bound  bdl   viol3  triag  purged   added   viol5  penta  purged   added   viol7  hepta  purged   added
==========================================================================================================================
   1    30.67   13760.67    4   4e-01    838    -127   +465   
   2    30.74   13720.62    7   3e-01   1063    -221   +446   
   3    30.80   13702.37    5   3e-01   1262    -256   +455   
   4    30.99   13688.28    9   2e-01   1359    -319   +416    7e-01    475    -0     +475    7e-01    463    -0     +463  
   5    31.18   13678.74   13   2e-01   1390    -299   +330    5e-01    752    -171   +448    6e-01    599    -240   +376  
   6    31.40   13672.25   18   1e-01   1229    -292   +131    5e-01    911    -217   +376    5e-01    600    -260   +261  
   7    31.62   13665.29   19   1e-01   1145    -165   +81     4e-01   1044    -189   +322    5e-01    581    -216   +197  
   8    31.85   13660.27   22   1e-01   1026    -152   +33     4e-01   1098    -207   +261    6e-01    589    -158   +166  
   9    31.91   13658.66   26   1e-01   1026    -0     +0      4e-01   1098    -0     +0      6e-01    589    -0     +0    
==========================================================================================================================
Prune!
==========================================================================================================================
Depth = 5, Bound = 13658.66, Best = 13658

Branching on x[50] = 0.51
Fixing x[50] = 0

**************************************************************************************************************************
                                               Node 40
**************************************************************************************************************************
Problem size 94
Fixed variables: (x[12],0) (x[36],1) (x[50],0) (x[59],0) (x[74],1) (x[76],0)
==========================================================================================================================
starting bound     cut  triangles added  violation
      13811.27   13658              500       0.50
==========================================================================================================================
iter     time      bound  bdl   viol3  triag  purged   added   viol5  penta  purged   added   viol7  hepta  purged   added
==========================================================================================================================
   1    31.96   13759.16    4   5e-01    804    -187   +491   
   2    32.02   13721.59    7   4e-01   1127    -130   +453   
   3    32.09   13703.08    7   3e-01   1360    -210   +443   
   4    32.30   13692.66   10   3e-01   1522    -285   +447    8e-01    480    -0     +480    8e-01    480    -0     +480  
   5    32.51   13682.27   14   2e-01   1550    -371   +399    6e-01    837    -123   +480    7e-01    806    -151   +477  
   6    32.74   13675.04   17   2e-01   1547    -374   +371    5e-01   1088    -225   +476    6e-01    958    -303   +455  
   7    32.99   13669.42   18   1e-01   1485    -325   +263    5e-01   1335    -220   +467    6e-01   1155    -246   +443  
   8    33.25   13665.17   16   2e-01   1594    -262   +371    6e-01   1550    -265   +480    6e-01   1347    -281   +473  
   9    33.53   13661.84   17   2e-01   1355    -371   +132    5e-01   1638    -377   +465    5e-01   1413    -378   +444  
  10    33.82   13659.30   25   1e-01   1235    -188   +68     4e-01   1770    -320   +452    4e-01   1502    -326   +415  
  11    33.86   13658.41   25   1e-01   1235    -0     +0      4e-01   1770    -0     +0      4e-01   1502    -0     +0    
==========================================================================================================================
Prune!
==========================================================================================================================
Depth = 6, Bound = 13658.41, Best = 13658

Fixing x[50] = 1

**************************************************************************************************************************
                                               Node 41
**************************************************************************************************************************
Problem size 94
Fixed variables: (x[12],0) (x[36],1) (x[50],1) (x[59],0) (x[74],1) (x[76],0)
==========================================================================================================================
starting bound     cut  triangles added  violation
      13808.08   13658              500       0.50
==========================================================================================================================
iter     time      bound  bdl   viol3  triag  purged   added   viol5  penta  purged   added   viol7  hepta  purged   added
==========================================================================================================================
   1    33.91   13743.67    4   4e-01    823    -162   +485   
   2    33.97   13716.99    6   3e-01   1060    -230   +467   
   3    34.03   13701.75    5   4e-01   1335    -197   +472   
   4    34.22   13689.90    9   3e-01   1385    -389   +439    7e-01    480    -0     +480    7e-01    477    -0     +477  
   5    34.43   13679.32   13   2e-01   1418    -324   +357    7e-01    793    -160   +473    6e-01    721    -218   +462  
   6    34.65   13669.49   15   2e-01   1513    -309   +404    6e-01   1040    -230   +477    6e-01    878    -282   +439  
   7    34.88   13663.15   20   2e-01   1278    -371   +136    4e-01   1191    -262   +413    6e-01    881    -335   +338  
   8    34.96   13658.89   22   2e-01   1278    -0     +0      4e-01   1191    -0     +0      6e-01    881    -0     +0    
==========================================================================================================================
Prune!
==========================================================================================================================
Depth = 6, Bound = 13658.89, Best = 13658

Branching on x[71] = 0.50
Fixing x[71] = 0

**************************************************************************************************************************
                                               Node 42
**************************************************************************************************************************
Problem size 95
Fixed variables: (x[4],0) (x[12],1) (x[48],1) (x[71],0) (x[82],0)
==========================================================================================================================
starting bound     cut  triangles added  violation
      13808.34   13658              500       0.49
==========================================================================================================================
iter     time      bound  bdl   viol3  triag  purged   added   viol5  penta  purged   added   viol7  hepta  purged   added
==========================================================================================================================
   1    35.02   13747.84    4   4e-01    842    -146   +488   
   2    35.09   13724.65    6   4e-01   1105    -203   +466   
   3    35.16   13705.81    6   4e-01   1276    -316   +487   
   4    35.38   13695.96    9   3e-01   1447    -271   +442    8e-01    480    -0     +480    9e-01    480    -0     +480  
   5    35.60   13686.18   12   2e-01   1464    -388   +405    6e-01    768    -190   +478    6e-01    700    -257   +477  
   6    35.84   13678.19   16   2e-01   1507    -326   +369    6e-01   1062    -186   +480    6e-01    937    -239   +476  
   7    36.10   13671.72   19   2e-01   1423    -370   +286    4e-01   1231    -302   +471    6e-01   1027    -357   +447  
   8    36.38   13667.34   24   1e-01   1227    -320   +124    4e-01   1396    -287   +452    6e-01   1140    -313   +426  
   9    36.67   13664.34   23   1e-01   1176    -191   +140    4e-01   1557    -277   +438    6e-01   1299    -241   +400  
  10    36.98   13660.83   24   1e-01   1115    -173   +112    4e-01   1698    -303   +444    5e-01   1429    -276   +406  
  11    37.10   13658.85   22   1e-01   1115    -0     +0      4e-01   1698    -0     +0      5e-01   1429    -0     +0    
==========================================================================================================================
Prune!
==========================================================================================================================
Depth = 5, Bound = 13658.85, Best = 13658

Fixing x[71] = 1

**************************************************************************************************************************
                                               Node 43
**************************************************************************************************************************
Problem size 95
Fixed variables: (x[4],0) (x[12],1) (x[48],1) (x[71],1) (x[82],0)
==========================================================================================================================
starting bound     cut  triangles added  violation
      13809.10   13658              500       0.49
==========================================================================================================================
iter     time      bound  bdl   viol3  triag  purged   added   viol5  penta  purged   added   viol7  hepta  purged   added
==========================================================================================================================
   1    37.16   13752.40    5   4e-01    839    -147   +486   
   2    37.22   13727.24    8   4e-01   1143    -160   +464   
   3    37.30   13710.46    7   4e-01   1362    -270   +489   
   4    37.54   13701.71    9   3e-01   1434    -384   +456    8e-01    480    -0     +480    8e-01    480    -0     +480  
   5    37.78   13691.91   14   2e-01   1506    -367   +439    6e-01    792    -168   +480    8e-01    783    -177   +480  
   6    38.03   13684.67   14   2e-01   1509    -382   +385    5e-01   1066    -206   +480    6e-01   1043    -216   +476  
   7    38.30   13679.84   16   2e-01   1560    -330   +381    6e-01   1281    -265   +480    6e-01   1263    -258   +478  
   8    38.59   13674.81   20   1e-01   1264    -399   +103    4e-01   1481    -262   +462    5e-01   1415    -295   +447  
   9    38.91   13671.38   17   2e-01   1524    -173   +433    7e-01   1673    -288   +480    6e-01   1602    -292   +479  
  10    39.25   13669.18   22   9e-02   1120    -456   +52     3e-01   1666    -458   +451    4e-01   1620    -434   +452  
  11    39.58   13667.54   15   2e-01   1431    -134   +445    5e-01   1834    -312   +480    6e-01   1831    -269   +480  
  12    39.97   13665.80   15   1e-01   1158    -394   +121    4e-01   1883    -423   +472    4e-01   1872    -429   +470  
  13    40.34   13664.01   20   2e-01   1140    -152   +134    4e-01   2016    -341   +474    6e-01   2020    -329   +477  
  14    40.74   13662.92   24   1e-01   1197    -164   +221    4e-01   2137    -359   +480    5e-01   2194    -304   +478  
  15    41.18   13662.30   18   1e-01   1164    -215   +182    5e-01   2200    -415   +478    5e-01   2320    -354   +480  
  16    41.62   13661.46   20   9e-02    998    -192   +26     3e-01   2215    -458   +473    4e-01   2402    -390   +472  
  17    42.06   13660.93   21   1e-01   1047    -62    +111    4e-01   2342    -352   +479    4e-01   2540    -338   +476  
  18    42.52   13660.56   26   5e-02    937    -110   +0      2e-01   2389    -385   +432    3e-01   2639    -336   +435  
  19    42.96   13660.17   18   9e-02   1006    -30    +99     3e-01   2550    -319   +480    5e-01   2831    -288   +480  
  20    43.42   13659.96   21   5e-02    910    -97    +1      2e-01   2584    -407   +441    3e-01   2917    -372   +458  
  21    43.87   13659.68   22   8e-02    898    -24    +12     3e-01   2730    -330   +476    4e-01   3087    -305   +475  
  22    44.34   13659.43   20   9e-02    914    -25    +41     3e-01   2768    -442   +480    4e-01   3164    -403   +480  
  23    44.82   13659.25   20   9e-02    871    -46    +3      2e-01   2787    -428   +447    3e-01   3247    -382   +465  
  24    45.28   13659.14   17   7e-02    865    -14    +8      3e-01   2892    -373   +478    4e-01   3421    -305   +479  
  25    45.46   13658.98   18   7e-02    865    -0     +0      3e-01   2892    -0     +0      4e-01   3421    -0     +0    
==========================================================================================================================
Prune!
==========================================================================================================================
Depth = 5, Bound = 13658.98, Best = 13658

Branching on x[85] = 0.49
Fixing x[85] = 0

**************************************************************************************************************************
                                               Node 44
**************************************************************************************************************************
Problem size 95
Fixed variables: (x[12],1) (x[18],1) (x[82],1) (x[85],0) (x[86],1)
==========================================================================================================================
starting bound     cut  triangles added  violation
      13814.92   13658              500       0.50
==========================================================================================================================
iter     time      bound  bdl   viol3  triag  purged   added   viol5  penta  purged   added   viol7  hepta  purged   added
==========================================================================================================================
   1    45.52   13757.08    4   4e-01    800    -180   +480   
   2    45.58   13719.73    7   4e-01   1035    -203   +438   
   3    45.65   13700.88    7   3e-01   1241    -210   +416   
   4    45.83   13686.96    9   2e-01   1401    -243   +403    7e-01    476    -0     +476    7e-01    459    -0     +459  
   5    46.02   13676.68   12   2e-01   1408    -332   +339    5e-01    718    -196   +438    6e-01    525    -291   +357  
   6    46.23   13671.56   17   1e-01   1258    -231   +81     5e-01    917    -151   +350    5e-01    607    -188   +270  
   7    46.45   13665.27   19   1e-01   1192    -185   +119    5e-01   1003    -230   +316    6e-01    601    -207   +201  
   8    46.68   13660.32   26   1e-01   1046    -191   +45     5e-01   1017    -227   +241    4e-01    541    -175   +115  
   9    46.73   13658.73   25   1e-01   1046    -0     +0      5e-01   1017    -0     +0      4e-01    541    -0     +0    
==========================================================================================================================
Prune!
==========================================================================================================================
Depth = 5, Bound = 13658.73, Best = 13658

Fixing x[85] = 1

**************************************************************************************************************************
                                               Node 45
**************************************************************************************************************************
Problem size 95
Fixed variables: (x[12],1) (x[18],1) (x[82],1) (x[85],1) (x[86],1)
==========================================================================================================================
starting bound     cut  triangles added  violation
      13812.33   13658              500       0.49
==========================================================================================================================
iter     time      bound  bdl   viol3  triag  purged   added   viol5  penta  purged   added   viol7  hepta  purged   added
==========================================================================================================================
   1    46.78   13743.29    3   4e-01    837    -150   +487   
   2    46.85   13714.11    4   4e-01   1028    -282   +473   
   3    46.92   13698.65    7   4e-01   1265    -218   +455   
   4    47.10   13688.68   10   3e-01   1342    -337   +414    7e-01    477    -0     +477    7e-01    456    -0     +456  
   5    47.29   13680.36    9   2e-01   1390    -265   +313    6e-01    719    -199   +441    6e-01    598    -228   +370  
   6    47.50   13671.72   14   2e-01   1230    -297   +137    6e-01    823    -250   +354    5e-01    555    -298   +255  
   7    47.72   13665.20   17   2e-01   1135    -188   +93     4e-01    938    -190   +305    5e-01    578    -175   +198  
   8    47.94   13660.29   18   1e-01   1041    -147   +53     5e-01   1029    -182   +273    4e-01    520    -199   +141  
   9    48.01   13658.38   20   1e-01   1041    -0     +0      5e-01   1029    -0     +0      4e-01    520    -0     +0    
==========================================================================================================================
Prune!
==========================================================================================================================
Depth = 5, Bound = 13658.38, Best = 13658

Branching on x[10] = 0.50
Fixing x[10] = 0

**************************************************************************************************************************
                                               Node 46
**************************************************************************************************************************
Problem size 95
Fixed variables: (x[10],0) (x[12],0) (x[36],0) (x[59],0) (x[97],0)
==========================================================================================================================
starting bound     cut  triangles added  violation
      13809.56   13658              500       0.50
==========================================================================================================================
iter     time      bound  bdl   viol3  triag  purged   added   viol5  penta  purged   added   viol7  hepta  purged   added
==========================================================================================================================
   1    48.07   13743.77    3   5e-01    808    -182   +490   
   2    48.13   13715.42    7   4e-01   1046    -222   +460   
   3    48.20   13695.53    8   4e-01   1251    -250   +455   
   4    48.27   13686.11    8   3e-01   1398    -260   +407   
   5    48.46   13677.99   12   2e-01   1422    -299   +323    6e-01    461    -0     +461    6e-01    405    -0     +405  
   6    48.67   13669.63   16   2e-01   1294    -251   +123    5e-01    700    -136   +375    4e-01    503    -179   +277  
   7    48.90   13663.80   19   1e-01   1292    -181   +179    5e-01    943    -148   +391    5e-01    593    -164   +254  
   8    49.13   13660.03   20   1e-01   1120    -218   +46     4e-01   1028    -236   +321    4e-01    584    -194   +185  
   9    49.20   13658.10   22   1e-01   1120    -0     +0      4e-01   1028    -0     +0      4e-01    584    -0     +0    
==========================================================================================================================
Prune!
==========================================================================================================================
Depth = 5, Bound = 13658.10, Best = 13658

Fixing x[10] = 1

**************************************************************************************************************************
                                               Node 47
**************************************************************************************************************************
Problem size 95
Fixed variables: (x[10],1) (x[12],0) (x[36],0) (x[59],0) (x[97],0)
==========================================================================================================================
starting bound     cut  triangles added  violation
      13808.76   13658              500       0.50
==========================================================================================================================
iter     time      bound  bdl   viol3  triag  purged   added   viol5  penta  purged   added   viol7  hepta  purged   added
==========================================================================================================================
   1    49.26   13732.84    3   4e-01    854    -124   +478   
   2    49.32   13708.67    6   4e-01   1100    -198   +444   
   3    49.48   13689.46    9   3e-01   1256    -212   +368    7e-01    479    -0     +479    6e-01    465    -0     +465  
   4    49.67   13675.24   13   2e-01   1318    -268   +330    6e-01    756    -165   +442    6e-01    568    -274   +377  
   5    49.87   13667.57   13   2e-01   1409    -214   +305    5e-01    936    -242   +422    5e-01    620    -249   +301  
   6    50.09   13661.00   19   1e-01   1168    -303   +62     5e-01    956    -277   +297    5e-01    512    -276   +168  
   7    50.13   13657.78   21   1e-01   1168    -0     +0      5e-01    956    -0     +0      5e-01    512    -0     +0    
==========================================================================================================================
Prune!
==========================================================================================================================
Depth = 5, Bound = 13657.78, Best = 13658

Branching on x[15] = 0.50
Fixing x[15] = 0

**************************************************************************************************************************
                                               Node 48
**************************************************************************************************************************
Problem size 94
Fixed variables: (x[12],0) (x[15],0) (x[36],1) (x[59],0) (x[71],0) (x[74],0)
==========================================================================================================================
starting bound     cut  triangles added  violation
      13802.58   13658              500       0.50
==========================================================================================================================
iter     time      bound  bdl   viol3  triag  purged   added   viol5  penta  purged   added   viol7  hepta  purged   added
==========================================================================================================================
   1    50.19   13737.27    5   4e-01    831    -159   +490   
   2    50.25   13708.71    5   4e-01   1137    -169   +475   
   3    50.31   13695.38    6   4e-01   1306    -283   +452   
   4    50.39   13681.10    8   3e-01   1451    -316   +461   
   5    50.59   13672.80   13   2e-01   1511    -349   +409    7e-01    478    -0     +478    7e-01    473    -0     +473  
   6    50.81   13665.14   18   2e-01   1359    -379   +227    6e-01    755    -170   +447    6e-01    644    -240   +411  
   7    50.90   13658.51   19   2e-01   1359    -0     +0      6e-01    755    -0     +0      6e-01    644    -0     +0    
==========================================================================================================================
Prune!
==========================================================================================================================
Depth = 6, Bound = 13658.51, Best = 13658

Fixing x[15] = 1

**************************************************************************************************************************
                                               Node 49
**************************************************************************************************************************
Problem size 94
Fixed variables: (x[12],0) (x[15],1) (x[36],1) (x[59],0) (x[71],0) (x[74],0)
==========================================================================================================================
starting bound     cut  triangles added  violation
      13810.34   13658              500       0.50
==========================================================================================================================
iter     time      bound  bdl   viol3  triag  purged   added   viol5  penta  purged   added   viol7  hepta  purged   added
==========================================================================================================================
   1    50.96   13754.07    4   4e-01    809    -180   +489   
   2    51.02   13723.06    5   3e-01   1072    -192   +455   
   3    51.09   13704.97    5   4e-01   1415    -127   +470   
   4    51.30   13694.34    8   3e-01   1462    -407   +454    8e-01    480    -0     +480    8e-01    480    -0     +480  
   5    51.52   13682.63   10   2e-01   1518    -375   +431    7e-01    797    -163   +480    8e-01    776    -184   +480  
   6    51.75   13675.04   14   1e-01   1535    -369   +386    5e-01   1026    -249   +478    6e-01    943    -299   +466  
   7    52.00   13668.23   20   1e-01   1304    -360   +129    5e-01   1241    -243   +458    5e-01   1103    -279   +439  
   8    52.26   13664.10   16   2e-01   1522    -190   +408    5e-01   1495    -225   +479    6e-01   1337    -241   +475  
   9    52.56   13661.95   18   1e-01   1274    -351   +103    5e-01   1601    -345   +451    5e-01   1417    -360   +440  
  10    52.66   13658.75   17   1e-01   1274    -0     +0      5e-01   1601    -0     +0      5e-01   1417    -0     +0    
==========================================================================================================================
Prune!
==========================================================================================================================
Depth = 6, Bound = 13658.75, Best = 13658

Branching on x[38] = 0.49
Fixing x[38] = 0

**************************************************************************************************************************
                                               Node 50
**************************************************************************************************************************
Problem size 95
Fixed variables: (x[12],1) (x[21],0) (x[38],0) (x[82],1) (x[86],0)
==========================================================================================================================
starting bound     cut  triangles added  violation
      13804.40   13658              500       0.49
==========================================================================================================================
iter     time      bound  bdl   viol3  triag  purged   added   viol5  penta  purged   added   viol7  hepta  purged   added
==========================================================================================================================
   1    52.72   13747.85    4   4e-01    819    -161   +480   
   2    52.77   13712.81    5   3e-01   1056    -202   +439   
   3    52.94   13691.79    8   3e-01   1271    -197   +412    7e-01    477    -0     +477    7e-01    471    -0     +471  
   4    53.13   13682.86    9   3e-01   1443    -213   +385    7e-01    782    -174   +479    8e-01    702    -241   +472  
   5    53.33   13672.59   11   2e-01   1332    -379   +268    5e-01    855    -329   +402    6e-01    558    -435   +291  
   6    53.54   13664.80   16   1e-01   1226    -239   +133    5e-01    966    -244   +355    4e-01    580    -213   +235  
   7    53.76   13660.88   17   1e-01   1246    -168   +188    4e-01   1075    -241   +350    5e-01    627    -182   +229  
   8    53.82   13658.61   19   1e-01   1246    -0     +0      4e-01   1075    -0     +0      5e-01    627    -0     +0    
==========================================================================================================================
Prune!
==========================================================================================================================
Depth = 5, Bound = 13658.61, Best = 13658

Fixing x[38] = 1

**************************************************************************************************************************
                                               Node 51
**************************************************************************************************************************
Problem size 95
Fixed variables: (x[12],1) (x[21],0) (x[38],1) (x[82],1) (x[86],0)
==========================================================================================================================
starting bound     cut  triangles added  violation
      13805.07   13658              500       0.49
==========================================================================================================================
iter     time      bound  bdl   viol3  triag  purged   added   viol5  penta  purged   added   viol7  hepta  purged   added
==========================================================================================================================
   1    53.88   13745.17    4   4e-01    861    -117   +478   
   2    53.94   13709.64    4   4e-01   1115    -232   +486   
   3    54.01   13696.32    6   4e-01   1232    -342   +459   
   4    54.19   13685.01   10   2e-01   1285    -315   +368    7e-01    471    -0     +471    7e-01    449    -0     +449  
   5    54.39   13674.53   11   2e-01   1389    -259   +363    6e-01    758    -166   +453    6e-01    602    -239   +392  
   6    54.60   13666.45   14   2e-01   1332    -288   +231    5e-01    918    -236   +396    5e-01    622    -280   +300  
   7    54.82   13661.11   18   1e-01   1232    -217   +117    5e-01   1040    -236   +358    5e-01    632    -216   +226  
   8    54.88   13658.42   22   1e-01   1232    -0     +0      5e-01   1040    -0     +0      5e-01    632    -0     +0    
==========================================================================================================================
Prune!
==========================================================================================================================
Depth = 5, Bound = 13658.42, Best = 13658

Branching on x[81] = 0.50
Fixing x[81] = 0

**************************************************************************************************************************
                                               Node 52
**************************************************************************************************************************
Problem size 94
Fixed variables: (x[12],0) (x[36],1) (x[59],0) (x[71],1) (x[74],0) (x[81],0)
==========================================================================================================================
starting bound     cut  triangles added  violation
      13804.88   13658              500       0.50
==========================================================================================================================
iter     time      bound  bdl   viol3  triag  purged   added   viol5  penta  purged   added   viol7  hepta  purged   added
==========================================================================================================================
   1    54.94   13752.14    3   5e-01    837    -150   +487   
   2    55.00   13719.36    5   4e-01   1099    -214   +476   
   3    55.20   13705.47    7   3e-01   1181    -356   +438    7e-01    480    -0     +480    8e-01    480    -0     +480  
   4    55.28   13687.13    8   3e-01   1416    -228   +463   
   5    55.50   13680.28   13   2e-01   1522    -276   +382    6e-01    816    -144   +480    7e-01    741    -219   +480  
   6    55.74   13673.59   16   2e-01   1550    -328   +356    6e-01   1114    -180   +478    6e-01    985    -228   +472  
   7    55.98   13664.52   20   1e-01   1212    -428   +90     4e-01   1259    -293   +438    5e-01   1055    -340   +410  
   8    56.25   13660.74   10   2e-01   1461    -131   +380    5e-01   1503    -231   +475    5e-01   1296    -227   +468  
   9    56.32   13658.29   13   2e-01   1461    -0     +0      5e-01   1503    -0     +0      5e-01   1296    -0     +0    
==========================================================================================================================
Prune!
==========================================================================================================================
Depth = 6, Bound = 13658.29, Best = 13658

Fixing x[81] = 1

**************************************************************************************************************************
                                               Node 53
**************************************************************************************************************************
Problem size 94
Fixed variables: (x[12],0) (x[36],1) (x[59],0) (x[71],1) (x[74],0) (x[81],1)
==========================================================================================================================
starting bound     cut  triangles added  violation
      13802.75   13658              500       0.50
==========================================================================================================================
iter     time      bound  bdl   viol3  triag  purged   added   viol5  penta  purged   added   viol7  hepta  purged   added
==========================================================================================================================
   1    56.38   13745.61    4   5e-01    858    -134   +492   
   2    56.44   13719.60    4   4e-01   1023    -320   +485   
   3    56.51   13702.52    6   4e-01   1283    -219   +479   
   4    56.59   13691.63    9   3e-01   1343    -378   +438   
   5    56.80   13682.16   11   2e-01   1476    -243   +376    7e-01    480    -0     +480    7e-01    478    -0     +478  
   6    57.02   13673.88   14   2e-01   1492    -309   +325    6e-01    820    -136   +476    6e-01    787    -155   +464  
   7    57.25   13668.86   17   1e-01   1344    -266   +118    5e-01   1089    -178   +447    5e-01    998    -202   +413  
   8    57.50   13663.20   19   2e-01   1179    -255   +90     5e-01   1254    -263   +428    5e-01   1067    -326   +395  
   9    57.61   13658.57   22   2e-01   1179    -0     +0      5e-01   1254    -0     +0      5e-01   1067    -0     +0    
==========================================================================================================================
Prune!
==========================================================================================================================
Depth = 6, Bound = 13658.57, Best = 13658


Nodes = 53
Root node bound = 13706.266
Maximum value = 13658
Solution = ( 2 3 4 9 10 11 12 13 14 18 21 22 24 25 27 29 31 32 38 39 40 41 42 43 45 49 50 51 55 57 58 60 61 62 63 65 68 70 72 73 75 77 79 82 85 89 90 91 94 95 97 )
CPU time = 57.61 s

