Input file: ./Instances/rudy/w01_100.5

Graph has 100 vertices and 495 edges.

BiqBin parameters:
    init_bundle_iter = 5
     max_bundle_iter = 20
      min_outer_iter = 10
      max_outer_iter = 30
       violated_Ineq = 0.050000
             TriIneq = 500
         Pent_Trials = 160
        Hepta_Trials = 120
        include_Pent = 1
       include_Hepta = 1
                root = 0
            use_diff = 1
          time_limit = 0
   branchingStrategy = 1
      detailedOutput = 1

**************************************************************************************************************************
                                               Node 1
**************************************************************************************************************************
Problem size 100
Fixed variables:
Node 1 Feasible solution 643
==========================================================================================================================
starting bound     cut  triangles added  violation
        737.14     643              500       0.50
==========================================================================================================================
iter     time      bound  bdl   viol3  triag  purged   added   viol5  penta  purged   added   viol7  hepta  purged   added
==========================================================================================================================
   1     0.05     707.48    5   4e-01    803    -171   +474   
   2     0.11     686.59    6   4e-01   1068    -194   +459   
   3     0.17     675.14    6   4e-01   1262    -240   +434   
   4     0.36     666.27    8   3e-01   1454    -241   +433    8e-01    479    -0     +479    8e-01    477    -0     +477  
   5     0.56     660.22   13   2e-01   1460    -352   +358    6e-01    764    -177   +462    6e-01    618    -275   +416  
   6     0.78     656.39   13   2e-01   1549    -275   +364    6e-01    985    -247   +468    7e-01    712    -314   +408  
   7     1.01     652.78   13   2e-01   1611    -311   +373    4e-01   1123    -313   +451    5e-01    756    -323   +367  
   8     1.25     650.09   15   1e-01   1419    -276   +84     5e-01   1197    -317   +391    5e-01    732    -289   +265  
   9     1.52     648.13   14   2e-01   1674    -131   +386    5e-01   1431    -222   +456    6e-01    966    -172   +406  
  10     1.80     646.28   18   1e-01   1410    -333   +69     4e-01   1427    -353   +349    5e-01    862    -345   +241  
  11     2.10     645.29   19   1e-01   1517    -113   +220    5e-01   1596    -255   +424    5e-01    989    -189   +316  
  12     2.43     644.22   13   1e-01   1660    -161   +304    5e-01   1747    -311   +462    5e-01   1150    -260   +421  
  13     2.59     643.89   16   1e-01   1660    -0     +0      5e-01   1747    -0     +0      5e-01   1150    -0     +0    
==========================================================================================================================
Prune!
==========================================================================================================================
Depth = 0, Bound = 643.89, Best = 643


Nodes = 1
Root node bound = 643.894
Maximum value = 643
Solution = ( 1 3 6 7 10 11 13 14 17 18 20 21 23 25 26 27 28 31 33 34 35 37 38 39 40 41 42 44 45 46 47 48 52 54 58 63 64 65 67 70 72 73 74 81 83 84 85 86 90 91 92 93 94 95 97 )
CPU time = 2.59 s

