Input file: ./Instances/rudy/w01_100.8

Graph has 100 vertices and 495 edges.

BiqBin parameters:
    init_bundle_iter = 5
     max_bundle_iter = 20
      min_outer_iter = 10
      max_outer_iter = 30
       violated_Ineq = 0.050000
             TriIneq = 500
         Pent_Trials = 160
        Hepta_Trials = 120
        include_Pent = 1
       include_Hepta = 1
                root = 0
            use_diff = 1
          time_limit = 0
   branchingStrategy = 1
      detailedOutput = 1

**************************************************************************************************************************
                                               Node 1
**************************************************************************************************************************
Problem size 100
Fixed variables:
Node 1 Feasible solution 721
==========================================================================================================================
starting bound     cut  triangles added  violation
        792.73     721              500       0.50
==========================================================================================================================
iter     time      bound  bdl   viol3  triag  purged   added   viol5  penta  purged   added   viol7  hepta  purged   added
==========================================================================================================================
   1     0.05     774.47    4   5e-01    749    -239   +488   
   2     0.11     754.17    6   4e-01    965    -260   +476   
   3     0.18     741.68    7   4e-01   1215    -231   +481   
   4     0.26     734.77    8   3e-01   1428    -248   +461   
   5     0.51     729.98    9   3e-01   1540    -341   +453    7e-01    480    -0     +480    8e-01    480    -0     +480  
   6     0.77     725.93   11   2e-01   1588    -397   +445    7e-01    795    -165   +480    7e-01    786    -174   +480  
   7     1.07     722.86    9   2e-01   1612    -411   +435    6e-01    996    -279   +480    7e-01    978    -288   +480  
   8     1.18     721.68   10   2e-01   1612    -0     +0      6e-01    996    -0     +0      7e-01    978    -0     +0    
==========================================================================================================================
Prune!
==========================================================================================================================
Depth = 0, Bound = 721.68, Best = 721


Nodes = 1
Root node bound = 721.683
Maximum value = 721
Solution = ( 2 3 6 7 8 11 15 20 22 24 25 27 28 29 30 32 33 34 35 36 37 39 40 41 42 44 50 51 54 58 59 63 65 70 71 74 77 78 79 82 83 84 85 90 96 )
CPU time = 1.18 s

