Input file: ./Instances/rudy/w01_100.2

Graph has 100 vertices and 495 edges.

BiqBin parameters:
    init_bundle_iter = 5
     max_bundle_iter = 20
      min_outer_iter = 10
      max_outer_iter = 30
       violated_Ineq = 0.050000
             TriIneq = 500
         Pent_Trials = 160
        Hepta_Trials = 120
        include_Pent = 1
       include_Hepta = 1
                root = 0
            use_diff = 1
          time_limit = 0
   branchingStrategy = 1
      detailedOutput = 1

**************************************************************************************************************************
                                               Node 1
**************************************************************************************************************************
Problem size 100
Fixed variables:
Node 1 Feasible solution 662
==========================================================================================================================
starting bound     cut  triangles added  violation
        781.40     662              500       0.50
==========================================================================================================================
iter     time      bound  bdl   viol3  triag  purged   added   viol5  penta  purged   added   viol7  hepta  purged   added
==========================================================================================================================
   1     0.05     756.88    5   4e-01    771    -219   +490   
Node 1 Feasible solution 667
   2     0.11     739.75    6   4e-01    970    -259   +458   
   3     0.18     724.13    7   3e-01   1097    -278   +405   
   4     0.25     713.23    7   3e-01   1307    -260   +470   
Node 1 Feasible solution 669
   5     0.45     707.02   11   2e-01   1401    -327   +421    6e-01    464    -0     +464    6e-01    422    -0     +422  
   6     0.65     703.16   14   2e-01   1439    -290   +328    6e-01    693    -201   +430    6e-01    491    -251   +320  
   7     0.86     698.69   17   2e-01   1446    -257   +264    5e-01    877    -212   +396    5e-01    518    -225   +252  
   8     1.09     695.32   18   2e-01   1313    -290   +157    5e-01    944    -272   +339    4e-01    491    -211   +184  
   9     1.32     693.36   22   9e-02   1118    -209   +14     5e-01    977    -213   +246    4e-01    476    -149   +134  
  10     1.57     691.60   22   1e-01   1156    -89    +127    5e-01   1150    -117   +290    4e-01    556    -75    +155  
  11     1.83     690.02   28   1e-01   1066    -134   +44     3e-01   1188    -216   +254    5e-01    565    -125   +134  
  12     2.10     688.73   29   1e-01   1056    -69    +59     4e-01   1290    -161   +263    4e-01    618    -95    +148  
  13     2.28     687.79   23   1e-01   1056    -0     +0      4e-01   1290    -0     +0      4e-01    618    -0     +0    
==========================================================================================================================
BOUNDING STOPPED: Gap to big!
==========================================================================================================================
Depth = 0, Bound = 687.79, Best = 669

Branching on x[78] = 0.50
Fixing x[78] = 0

**************************************************************************************************************************
                                               Node 2
**************************************************************************************************************************
Problem size 99
Fixed variables: (x[78],0)
==========================================================================================================================
BOUNDING STOPPED: Gap to big!
==========================================================================================================================
Depth = 1, Bound = 778.52, Best = 669

Fixing x[78] = 1

**************************************************************************************************************************
                                               Node 3
**************************************************************************************************************************
Problem size 99
Fixed variables: (x[78],1)
==========================================================================================================================
BOUNDING STOPPED: Gap to big!
==========================================================================================================================
Depth = 1, Bound = 776.91, Best = 669

Branching on x[43] = 0.50
Fixing x[43] = 0

**************************************************************************************************************************
                                               Node 4
**************************************************************************************************************************
Problem size 98
Fixed variables: (x[43],0) (x[78],0)
==========================================================================================================================
BOUNDING STOPPED: Gap to big!
==========================================================================================================================
Depth = 2, Bound = 772.59, Best = 669

Fixing x[43] = 1

**************************************************************************************************************************
                                               Node 5
**************************************************************************************************************************
Problem size 98
Fixed variables: (x[43],1) (x[78],0)
==========================================================================================================================
BOUNDING STOPPED: Gap to big!
==========================================================================================================================
Depth = 2, Bound = 772.93, Best = 669

Branching on x[81] = 0.50
Fixing x[81] = 0

**************************************************************************************************************************
                                               Node 6
**************************************************************************************************************************
Problem size 98
Fixed variables: (x[78],1) (x[81],0)
==========================================================================================================================
BOUNDING STOPPED: Gap to big!
==========================================================================================================================
Depth = 2, Bound = 771.04, Best = 669

Fixing x[81] = 1

**************************************************************************************************************************
                                               Node 7
**************************************************************************************************************************
Problem size 98
Fixed variables: (x[78],1) (x[81],1)
==========================================================================================================================
BOUNDING STOPPED: Gap to big!
==========================================================================================================================
Depth = 2, Bound = 771.23, Best = 669

Branching on x[98] = 0.50
Fixing x[98] = 0

**************************************************************************************************************************
                                               Node 8
**************************************************************************************************************************
Problem size 97
Fixed variables: (x[43],1) (x[78],0) (x[98],0)
Node 8 Feasible solution 673
==========================================================================================================================
BOUNDING STOPPED: Gap to big!
==========================================================================================================================
Depth = 3, Bound = 767.85, Best = 673

Fixing x[98] = 1

**************************************************************************************************************************
                                               Node 9
**************************************************************************************************************************
Problem size 97
Fixed variables: (x[43],1) (x[78],0) (x[98],1)
==========================================================================================================================
BOUNDING STOPPED: Gap to big!
==========================================================================================================================
Depth = 3, Bound = 769.25, Best = 673

Branching on x[83] = 0.50
Fixing x[83] = 0

**************************************************************************************************************************
                                               Node 10
**************************************************************************************************************************
Problem size 97
Fixed variables: (x[43],0) (x[78],0) (x[83],0)
==========================================================================================================================
BOUNDING STOPPED: Gap to big!
==========================================================================================================================
Depth = 3, Bound = 767.75, Best = 673

Fixing x[83] = 1

**************************************************************************************************************************
                                               Node 11
**************************************************************************************************************************
Problem size 97
Fixed variables: (x[43],0) (x[78],0) (x[83],1)
==========================================================================================================================
BOUNDING STOPPED: Gap to big!
==========================================================================================================================
Depth = 3, Bound = 769.06, Best = 673

Branching on x[58] = 0.51
Fixing x[58] = 0

**************************************************************************************************************************
                                               Node 12
**************************************************************************************************************************
Problem size 97
Fixed variables: (x[58],0) (x[78],1) (x[81],1)
==========================================================================================================================
BOUNDING STOPPED: Gap to big!
==========================================================================================================================
Depth = 3, Bound = 768.64, Best = 673

Fixing x[58] = 1

**************************************************************************************************************************
                                               Node 13
**************************************************************************************************************************
Problem size 97
Fixed variables: (x[58],1) (x[78],1) (x[81],1)
==========================================================================================================================
BOUNDING STOPPED: Gap to big!
==========================================================================================================================
Depth = 3, Bound = 768.71, Best = 673

Branching on x[32] = 0.51
Fixing x[32] = 0

**************************************************************************************************************************
                                               Node 14
**************************************************************************************************************************
Problem size 97
Fixed variables: (x[32],0) (x[78],1) (x[81],0)
==========================================================================================================================
starting bound     cut  triangles added  violation
        764.47     673              500       0.50
==========================================================================================================================
iter     time      bound  bdl   viol3  triag  purged   added   viol5  penta  purged   added   viol7  hepta  purged   added
==========================================================================================================================
   1     2.44     744.12    3   5e-01    768    -216   +484   
   2     2.49     724.05    4   4e-01    919    -329   +480   
   3     2.56     709.62    7   3e-01   1044    -325   +450   
   4     2.73     701.03    8   3e-01   1248    -232   +436    6e-01    479    -0     +479    7e-01    464    -0     +464  
   5     2.92     692.56    9   3e-01   1419    -249   +420    7e-01    727    -230   +478    7e-01    629    -299   +464  
   6     3.12     687.35   13   2e-01   1434    -318   +333    6e-01    883    -298   +454    5e-01    638    -366   +375  
   7     3.33     682.96   15   2e-01   1454    -272   +292    6e-01   1027    -265   +409    5e-01    598    -305   +265  
   8     3.55     680.25   16   1e-01   1330    -226   +102    5e-01   1155    -234   +362    5e-01    633    -201   +236  
   9     3.77     678.01   17   1e-01   1289    -132   +91     5e-01   1321    -207   +373    5e-01    647    -188   +202  
  10     4.01     676.08   17   9e-02   1242    -120   +73     4e-01   1422    -228   +329    5e-01    692    -161   +206  
  11     4.26     674.94   23   2e-01   1241    -85    +84     4e-01   1575    -189   +342    5e-01    769    -138   +215  
  12     4.37     673.73   25   2e-01   1241    -0     +0      4e-01   1575    -0     +0      5e-01    769    -0     +0    
==========================================================================================================================
Prune!
==========================================================================================================================
Depth = 3, Bound = 673.73, Best = 673

Fixing x[32] = 1

**************************************************************************************************************************
                                               Node 15
**************************************************************************************************************************
Problem size 97
Fixed variables: (x[32],1) (x[78],1) (x[81],0)
==========================================================================================================================
starting bound     cut  triangles added  violation
        765.27     673              500       0.49
==========================================================================================================================
iter     time      bound  bdl   viol3  triag  purged   added   viol5  penta  purged   added   viol7  hepta  purged   added
==========================================================================================================================
   1     4.42     745.35    5   4e-01    746    -239   +485   
   2     4.48     723.49    6   4e-01    974    -236   +464   
   3     4.55     710.55    8   3e-01   1135    -286   +447   
Node 15 Feasible solution 674
   4     4.74     702.61    8   3e-01   1378    -200   +443    7e-01    480    -0     +480    8e-01    479    -0     +479  
   5     4.93     696.41   11   2e-01   1425    -320   +367    7e-01    719    -229   +468    6e-01    614    -297   +432  
   6     5.14     691.64   11   2e-01   1542    -288   +405    6e-01    928    -262   +471    7e-01    727    -329   +442  
   7     5.35     687.03   11   2e-01   1510    -367   +335    6e-01   1030    -341   +443    7e-01    689    -404   +366  
   8     5.58     684.47   15   1e-01   1285    -313   +88     5e-01   1115    -294   +379    4e-01    609    -308   +228  
   9     5.81     681.81   16   1e-01   1337    -135   +187    4e-01   1237    -267   +389    5e-01    733    -144   +268  
  10     6.06     679.81   22   1e-01   1171    -189   +23     4e-01   1237    -270   +270    4e-01    660    -247   +174  
  11     6.31     678.85   17   2e-01   1398    -78    +305    4e-01   1485    -161   +409    5e-01    824    -111   +275  
  12     6.58     677.51   24   7e-02   1149    -257   +8      4e-01   1388    -354   +257    4e-01    709    -237   +122  
  13     6.86     676.36   23   9e-02   1108    -72    +31     4e-01   1525    -143   +280    4e-01    790    -99    +180  
  14     7.15     675.24   27   5e-02   1032    -77    +1      3e-01   1540    -193   +208    3e-01    775    -140   +125  
  15     7.24     674.80   25   5e-02   1032    -0     +0      3e-01   1540    -0     +0      3e-01    775    -0     +0    
==========================================================================================================================
Prune!
==========================================================================================================================
Depth = 3, Bound = 674.80, Best = 674

Branching on x[61] = 0.52
Fixing x[61] = 0

**************************************************************************************************************************
                                               Node 16
**************************************************************************************************************************
Problem size 96
Fixed variables: (x[43],1) (x[61],0) (x[78],0) (x[98],1)
==========================================================================================================================
starting bound     cut  triangles added  violation
        764.87     674              500       0.50
==========================================================================================================================
iter     time      bound  bdl   viol3  triag  purged   added   viol5  penta  purged   added   viol7  hepta  purged   added
==========================================================================================================================
   1     7.29     736.65    4   4e-01    818    -165   +483   
   2     7.34     719.82    6   4e-01   1005    -286   +473   
   3     7.41     708.51    7   4e-01   1226    -229   +450   
   4     7.59     699.24    9   3e-01   1328    -334   +436    7e-01    479    -0     +479    6e-01    474    -0     +474  
   5     7.77     692.16   11   2e-01   1458    -238   +368    6e-01    786    -165   +472    7e-01    677    -244   +447  
   6     7.97     685.36   14   2e-01   1474    -305   +321    6e-01    979    -260   +453    5e-01    719    -331   +373  
   7     8.18     682.31   17   1e-01   1464    -255   +245    6e-01   1153    -263   +437    6e-01    745    -271   +297  
   8     8.39     678.13   17   1e-01   1423    -225   +184    6e-01   1268    -283   +398    5e-01    749    -271   +275  
   9     8.62     676.40   19   1e-01   1338    -152   +67     4e-01   1409    -216   +357    4e-01    796    -165   +212  
  10     8.70     674.93   19   1e-01   1338    -0     +0      4e-01   1409    -0     +0      4e-01    796    -0     +0    
==========================================================================================================================
Prune!
==========================================================================================================================
Depth = 4, Bound = 674.93, Best = 674

Fixing x[61] = 1

**************************************************************************************************************************
                                               Node 17
**************************************************************************************************************************
Problem size 96
Fixed variables: (x[43],1) (x[61],1) (x[78],0) (x[98],1)
==========================================================================================================================
starting bound     cut  triangles added  violation
        765.10     674              500       0.49
==========================================================================================================================
iter     time      bound  bdl   viol3  triag  purged   added   viol5  penta  purged   added   viol7  hepta  purged   added
==========================================================================================================================
   1     8.75     737.64    5   4e-01    801    -170   +471   
   2     8.80     720.59    4   5e-01   1129    -155   +483   
   3     8.87     708.25    7   3e-01   1182    -418   +471   
   4     8.94     700.89    8   3e-01   1342    -285   +445   
   5     9.13     693.88    8   3e-01   1466    -311   +435    6e-01    480    -0     +480    7e-01    465    -0     +465  
   6     9.33     688.30   12   2e-01   1463    -376   +373    6e-01    725    -217   +462    5e-01    611    -269   +415  
   7     9.54     683.74   15   2e-01   1517    -246   +300    5e-01    968    -202   +445    6e-01    706    -266   +361  
   8     9.75     679.86   17   1e-01   1366    -287   +136    5e-01   1088    -278   +398    5e-01    693    -294   +281  
   9     9.98     677.48   22   1e-01   1286    -177   +97     5e-01   1224    -224   +360    4e-01    730    -212   +249  
  10    10.22     675.34   23   1e-01   1293    -143   +150    6e-01   1379    -217   +372    5e-01    761    -198   +229  
  11    10.26     674.81   22   1e-01   1293    -0     +0      6e-01   1379    -0     +0      5e-01    761    -0     +0    
==========================================================================================================================
Prune!
==========================================================================================================================
Depth = 4, Bound = 674.81, Best = 674

Branching on x[26] = 0.49
Fixing x[26] = 0

**************************************************************************************************************************
                                               Node 18
**************************************************************************************************************************
Problem size 96
Fixed variables: (x[26],0) (x[43],0) (x[78],0) (x[83],1)
==========================================================================================================================
starting bound     cut  triangles added  violation
        761.78     674              500       0.49
==========================================================================================================================
iter     time      bound  bdl   viol3  triag  purged   added   viol5  penta  purged   added   viol7  hepta  purged   added
==========================================================================================================================
   1    10.31     736.50    3   5e-01    776    -211   +487   
   2    10.36     720.19    4   4e-01    883    -366   +473   
   3    10.43     707.44    6   4e-01   1139    -219   +475   
   4    10.50     699.01    7   3e-01   1195    -393   +449   
   5    10.70     691.94    9   3e-01   1407    -230   +442    7e-01    480    -0     +480    8e-01    473    -0     +473  
   6    10.90     685.97   14   2e-01   1441    -313   +347    5e-01    731    -219   +470    6e-01    637    -262   +426  
   7    11.12     681.69   13   2e-01   1565    -251   +375    5e-01    934    -251   +454    6e-01    723    -307   +393  
   8    11.33     678.62   15   1e-01   1552    -302   +289    5e-01   1045    -303   +414    5e-01    693    -329   +299  
   9    11.56     675.38   23   1e-01   1277    -315   +40     4e-01   1087    -278   +320    5e-01    633    -265   +205  
  10    11.58     674.41   24   1e-01   1277    -0     +0      4e-01   1087    -0     +0      5e-01    633    -0     +0    
==========================================================================================================================
Prune!
==========================================================================================================================
Depth = 4, Bound = 674.41, Best = 674

Fixing x[26] = 1

**************************************************************************************************************************
                                               Node 19
**************************************************************************************************************************
Problem size 96
Fixed variables: (x[26],1) (x[43],0) (x[78],0) (x[83],1)
==========================================================================================================================
starting bound     cut  triangles added  violation
        758.77     674              500       0.50
==========================================================================================================================
iter     time      bound  bdl   viol3  triag  purged   added   viol5  penta  purged   added   viol7  hepta  purged   added
==========================================================================================================================
   1    11.63     738.98    3   5e-01    752    -230   +482   
   2    11.69     720.20    5   4e-01    914    -318   +480   
   3    11.75     704.46    6   4e-01   1162    -225   +473   
   4    11.93     695.56    7   3e-01   1226    -391   +455    7e-01    480    -0     +480    7e-01    474    -0     +474  
   5    12.11     688.45   10   2e-01   1357    -269   +400    6e-01    762    -184   +466    7e-01    616    -288   +430  
   6    12.32     682.08   12   2e-01   1466    -262   +371    7e-01    973    -254   +465    6e-01    686    -324   +394  
   7    12.53     677.99   16   1e-01   1327    -306   +167    5e-01   1059    -301   +387    5e-01    617    -346   +277  
   8    12.60     674.64   20   1e-01   1327    -0     +0      5e-01   1059    -0     +0      5e-01    617    -0     +0    
==========================================================================================================================
Prune!
==========================================================================================================================
Depth = 4, Bound = 674.64, Best = 674

Branching on x[9] = 0.51
Fixing x[9] = 0

**************************************************************************************************************************
                                               Node 20
**************************************************************************************************************************
Problem size 96
Fixed variables: (x[9],0) (x[58],1) (x[78],1) (x[81],1)
==========================================================================================================================
starting bound     cut  triangles added  violation
        761.86     674              500       0.50
==========================================================================================================================
iter     time      bound  bdl   viol3  triag  purged   added   viol5  penta  purged   added   viol7  hepta  purged   added
==========================================================================================================================
   1    12.66     739.08    3   4e-01    771    -214   +485   
   2    12.71     721.69    5   4e-01    944    -309   +482   
   3    12.77     708.05    9   3e-01   1139    -257   +452   
   4    12.84     700.00    7   4e-01   1407    -179   +447   
   5    13.03     694.37   10   2e-01   1422    -385   +400    6e-01    476    -0     +476    7e-01    460    -0     +460  
   6    13.23     688.34   12   2e-01   1496    -278   +352    6e-01    749    -185   +458    7e-01    618    -237   +395  
   7    13.43     684.27   16   2e-01   1376    -299   +179    6e-01    921    -228   +400    6e-01    598    -293   +273  
   8    13.65     680.66   16   1e-01   1422    -178   +224    5e-01   1090    -242   +411    5e-01    695    -189   +286  
   9    13.88     678.27   18   1e-01   1350    -211   +139    4e-01   1229    -254   +393    5e-01    724    -220   +249  
  10    14.11     676.26   20   1e-01   1200    -185   +35     5e-01   1255    -282   +308    4e-01    704    -197   +177  
  11    14.18     674.80   24   1e-01   1200    -0     +0      5e-01   1255    -0     +0      4e-01    704    -0     +0    
==========================================================================================================================
Prune!
==========================================================================================================================
Depth = 4, Bound = 674.80, Best = 674

Fixing x[9] = 1

**************************************************************************************************************************
                                               Node 21
**************************************************************************************************************************
Problem size 96
Fixed variables: (x[9],1) (x[58],1) (x[78],1) (x[81],1)
==========================================================================================================================
starting bound     cut  triangles added  violation
        762.74     674              500       0.50
==========================================================================================================================
iter     time      bound  bdl   viol3  triag  purged   added   viol5  penta  purged   added   viol7  hepta  purged   added
==========================================================================================================================
   1    14.23     736.07    5   4e-01    798    -175   +473   
   2    14.29     717.56    4   4e-01   1089    -190   +481   
   3    14.35     707.52    5   3e-01   1122    -429   +462   
   4    14.53     697.77    7   3e-01   1262    -277   +417    7e-01    476    -0     +476    7e-01    466    -0     +466  
   5    14.71     689.85   12   2e-01   1355    -244   +337    7e-01    736    -189   +449    6e-01    560    -279   +373  
   6    14.90     683.92   13   1e-01   1366    -243   +254    6e-01    908    -260   +432    6e-01    566    -294   +300  
   7    15.11     680.33   14   2e-01   1383    -250   +267    5e-01   1055    -260   +407    5e-01    633    -233   +300  
   8    15.32     677.70   18   1e-01   1263    -204   +84     6e-01   1156    -247   +348    5e-01    601    -251   +219  
   9    15.40     675.00   20   1e-01   1263    -0     +0      6e-01   1156    -0     +0      5e-01    601    -0     +0    
==========================================================================================================================
Prune!
==========================================================================================================================
Depth = 4, Bound = 675.00, Best = 674

Branching on x[19] = 0.51
Fixing x[19] = 0

**************************************************************************************************************************
                                               Node 22
**************************************************************************************************************************
Problem size 96
Fixed variables: (x[19],0) (x[58],0) (x[78],1) (x[81],1)
==========================================================================================================================
starting bound     cut  triangles added  violation
        762.05     674              500       0.49
==========================================================================================================================
iter     time      bound  bdl   viol3  triag  purged   added   viol5  penta  purged   added   viol7  hepta  purged   added
==========================================================================================================================
   1    15.44     736.31    5   4e-01    790    -180   +470   
   2    15.50     717.13    5   4e-01   1106    -149   +465   
   3    15.56     706.54    8   3e-01   1113    -432   +439   
   4    15.63     695.92    8   3e-01   1323    -239   +449   
   5    15.81     690.43   10   2e-01   1416    -301   +394    6e-01    465    -0     +465    6e-01    423    -0     +423  
   6    16.00     685.73   13   2e-01   1514    -246   +344    6e-01    743    -161   +439    7e-01    577    -202   +356  
   7    16.20     680.37   17   1e-01   1431    -293   +210    4e-01    918    -216   +391    6e-01    555    -288   +266  
   8    16.40     677.16   21   1e-01   1254    -243   +66     5e-01    962    -246   +290    5e-01    505    -220   +170  
   9    16.63     675.13   16   2e-01   1396    -101   +243    5e-01   1221    -144   +403    4e-01    672    -100   +267  
  10    16.67     674.67   19   2e-01   1396    -0     +0      5e-01   1221    -0     +0      4e-01    672    -0     +0    
==========================================================================================================================
Prune!
==========================================================================================================================
Depth = 4, Bound = 674.67, Best = 674

Fixing x[19] = 1

**************************************************************************************************************************
                                               Node 23
**************************************************************************************************************************
Problem size 96
Fixed variables: (x[19],1) (x[58],0) (x[78],1) (x[81],1)
==========================================================================================================================
starting bound     cut  triangles added  violation
        764.80     674              500       0.49
==========================================================================================================================
iter     time      bound  bdl   viol3  triag  purged   added   viol5  penta  purged   added   viol7  hepta  purged   added
==========================================================================================================================
   1    16.72     741.63    5   4e-01    761    -223   +484   
   2    16.78     726.29    4   4e-01   1041    -193   +473   
   3    16.84     712.30    7   4e-01   1100    -412   +471   
   4    17.02     703.91    7   3e-01   1253    -267   +420    7e-01    480    -0     +480    7e-01    478    -0     +478  
Node 23 Feasible solution 676
   5    17.21     694.68    9   3e-01   1405    -278   +430    7e-01    731    -229   +480    7e-01    662    -291   +475  
   6    17.41     690.33   12   2e-01   1387    -382   +364    6e-01    867    -316   +452    6e-01    681    -378   +397  
   7    17.63     685.66   15   2e-01   1300    -278   +191    4e-01   1021    -263   +417    5e-01    720    -283   +322  
   8    17.85     683.26   16   2e-01   1480    -183   +363    7e-01   1237    -235   +451    5e-01    850    -244   +374  
   9    18.09     680.95   18   1e-01   1509    -273   +302    5e-01   1357    -307   +427    5e-01    904    -293   +347  
  10    18.35     679.19   21   9e-02   1257    -268   +16     4e-01   1359    -318   +320    5e-01    846    -279   +221  
  11    18.61     677.90   21   1e-01   1283    -91    +117    4e-01   1559    -190   +390    4e-01    996    -149   +299  
  12    18.70     676.99   22   1e-01   1283    -0     +0      4e-01   1559    -0     +0      4e-01    996    -0     +0    
==========================================================================================================================
Prune!
==========================================================================================================================
Depth = 4, Bound = 676.99, Best = 676

Branching on x[89] = 0.49
Fixing x[89] = 0

**************************************************************************************************************************
                                               Node 24
**************************************************************************************************************************
Problem size 96
Fixed variables: (x[43],1) (x[78],0) (x[89],0) (x[98],0)
==========================================================================================================================
starting bound     cut  triangles added  violation
        764.88     676              500       0.50
==========================================================================================================================
iter     time      bound  bdl   viol3  triag  purged   added   viol5  penta  purged   added   viol7  hepta  purged   added
==========================================================================================================================
   1    18.75     743.28    5   5e-01    753    -235   +488   
   2    18.80     722.06    8   4e-01    966    -247   +460   
   3    18.87     708.11    6   3e-01   1143    -277   +454   
   4    18.94     699.72    8   3e-01   1272    -318   +447   
   5    19.13     692.31    9   2e-01   1460    -200   +388    7e-01    478    -0     +478    7e-01    464    -0     +464  
   6    19.33     686.06   12   2e-01   1498    -299   +337    6e-01    751    -181   +454    5e-01    596    -253   +385  
   7    19.54     682.77   14   1e-01   1381    -243   +126    5e-01    945    -214   +408    5e-01    650    -254   +308  
   8    19.76     680.17   12   2e-01   1620    -148   +387    6e-01   1229    -181   +465    6e-01    896    -185   +431  
   9    20.00     677.81   19   8e-02   1301    -351   +32     5e-01   1194    -380   +345    5e-01    738    -392   +234  
  10    20.05     676.98   19   8e-02   1301    -0     +0      5e-01   1194    -0     +0      5e-01    738    -0     +0    
==========================================================================================================================
Prune!
==========================================================================================================================
Depth = 4, Bound = 676.98, Best = 676

Fixing x[89] = 1

**************************************************************************************************************************
                                               Node 25
**************************************************************************************************************************
Problem size 96
Fixed variables: (x[43],1) (x[78],0) (x[89],1) (x[98],0)
==========================================================================================================================
starting bound     cut  triangles added  violation
        765.48     676              500       0.50
==========================================================================================================================
iter     time      bound  bdl   viol3  triag  purged   added   viol5  penta  purged   added   viol7  hepta  purged   added
==========================================================================================================================
   1    20.10     740.83    5   4e-01    770    -217   +487   
   2    20.15     719.98    4   4e-01    962    -281   +473   
   3    20.21     705.28    6   3e-01   1107    -318   +463   
   4    20.39     696.95    6   3e-01   1258    -291   +442    7e-01    480    -0     +480    8e-01    477    -0     +477  
   5    20.58     689.56    9   2e-01   1382    -285   +409    6e-01    705    -246   +471    7e-01    598    -324   +445  
   6    20.77     683.83   12   2e-01   1418    -318   +354    6e-01    873    -271   +439    6e-01    585    -354   +341  
   7    20.98     680.32   20   2e-01   1505    -218   +305    6e-01   1058    -236   +421    5e-01    625    -254   +294  
   8    21.20     677.51   16   2e-01   1491    -259   +245    6e-01   1216    -256   +414    5e-01    712    -212   +299  
   9    21.22     676.61   16   2e-01   1491    -0     +0      6e-01   1216    -0     +0      5e-01    712    -0     +0    
==========================================================================================================================
Prune!
==========================================================================================================================
Depth = 4, Bound = 676.61, Best = 676

Branching on x[32] = 0.50
Fixing x[32] = 0

**************************************************************************************************************************
                                               Node 26
**************************************************************************************************************************
Problem size 96
Fixed variables: (x[32],0) (x[43],0) (x[78],0) (x[83],0)
==========================================================================================================================
starting bound     cut  triangles added  violation
        761.87     676              500       0.49
==========================================================================================================================
iter     time      bound  bdl   viol3  triag  purged   added   viol5  penta  purged   added   viol7  hepta  purged   added
==========================================================================================================================
   1    21.27     739.82    3   5e-01    788    -199   +487   
   2    21.32     722.01    6   4e-01    908    -355   +475   
   3    21.38     705.59    7   3e-01   1119    -243   +454   
   4    21.56     696.93    8   3e-01   1305    -256   +442    8e-01    480    -0     +480    7e-01    470    -0     +470  
   5    21.75     690.23   11   2e-01   1359    -323   +377    7e-01    734    -209   +463    7e-01    579    -297   +406  
   6    21.94     685.56   15   2e-01   1443    -235   +319    5e-01    965    -221   +452    5e-01    653    -285   +359  
   7    22.14     680.61   16   2e-01   1275    -288   +120    5e-01   1038    -297   +370    4e-01    575    -309   +231  
   8    22.35     678.03   18   1e-01   1154    -156   +35     4e-01   1108    -223   +293    4e-01    576    -179   +180  
   9    22.41     676.00   14   1e-01   1154    -0     +0      4e-01   1108    -0     +0      4e-01    576    -0     +0    
==========================================================================================================================
Prune!
==========================================================================================================================
Depth = 4, Bound = 676.00, Best = 676

Fixing x[32] = 1

**************************************************************************************************************************
                                               Node 27
**************************************************************************************************************************
Problem size 96
Fixed variables: (x[32],1) (x[43],0) (x[78],0) (x[83],0)
==========================================================================================================================
starting bound     cut  triangles added  violation
        762.56     676              500       0.49
==========================================================================================================================
iter     time      bound  bdl   viol3  triag  purged   added   viol5  penta  purged   added   viol7  hepta  purged   added
==========================================================================================================================
   1    22.46     736.97    5   4e-01    768    -207   +475   
   2    22.51     720.30    6   4e-01    971    -247   +450   
   3    22.57     707.48    7   3e-01   1171    -237   +437   
   4    22.75     698.95    8   3e-01   1385    -207   +421    7e-01    479    -0     +479    8e-01    472    -0     +472  
   5    22.95     693.97   11   2e-01   1512    -278   +405    6e-01    765    -191   +477    6e-01    674    -255   +457  
   6    23.15     689.23   14   2e-01   1502    -326   +316    5e-01    902    -304   +441    5e-01    655    -364   +345  
   7    23.36     685.11   14   2e-01   1396    -250   +144    5e-01   1077    -246   +421    5e-01    738    -228   +311  
   8    23.58     681.79   19   1e-01   1274    -186   +64     4e-01   1184    -247   +354    4e-01    769    -207   +238  
   9    23.81     679.75   19   2e-01   1517    -111   +354    5e-01   1401    -198   +415    5e-01    892    -200   +323  
  10    24.07     677.52   18   1e-01   1363    -274   +120    5e-01   1491    -280   +370    5e-01    903    -255   +266  
  11    24.11     676.97   20   1e-01   1363    -0     +0      5e-01   1491    -0     +0      5e-01    903    -0     +0    
==========================================================================================================================
Prune!
==========================================================================================================================
Depth = 4, Bound = 676.97, Best = 676


Nodes = 27
Root node bound = 687.793
Maximum value = 676
Solution = ( 1 3 4 6 7 8 15 16 19 20 22 23 28 29 32 33 35 38 39 43 45 46 48 49 50 54 55 56 62 63 64 65 68 77 79 80 82 86 88 91 92 97 )
CPU time = 24.11 s

