Input file: ./Instances/rudy/w01_100.9

Graph has 100 vertices and 495 edges.

BiqBin parameters:
    init_bundle_iter = 5
     max_bundle_iter = 20
      min_outer_iter = 10
      max_outer_iter = 30
       violated_Ineq = 0.050000
             TriIneq = 500
         Pent_Trials = 160
        Hepta_Trials = 120
        include_Pent = 1
       include_Hepta = 1
                root = 0
            use_diff = 1
          time_limit = 0
   branchingStrategy = 1
      detailedOutput = 1

**************************************************************************************************************************
                                               Node 1
**************************************************************************************************************************
Problem size 100
Fixed variables:
Node 1 Feasible solution 719
==========================================================================================================================
starting bound     cut  triangles added  violation
        816.08     719              500       0.50
==========================================================================================================================
iter     time      bound  bdl   viol3  triag  purged   added   viol5  penta  purged   added   viol7  hepta  purged   added
==========================================================================================================================
Node 1 Feasible solution 724
   1     0.06     789.97    4   4e-01    808    -179   +487   
Node 1 Feasible solution 729
   2     0.12     773.54    5   4e-01   1051    -235   +478   
   3     0.19     762.42    9   3e-01   1202    -312   +463   
   4     0.39     751.89    6   3e-01   1399    -269   +466    8e-01    480    -0     +480    8e-01    480    -0     +480  
   5     0.60     745.58    9   2e-01   1489    -324   +414    7e-01    735    -224   +479    7e-01    699    -252   +471  
   6     0.83     740.19   12   2e-01   1662    -230   +403    6e-01   1027    -188   +480    6e-01    877    -286   +464  
   7     1.07     736.78   13   2e-01   1659    -348   +345    5e-01   1182    -318   +473    5e-01    912    -396   +431  
   8     1.34     734.37   10   3e-01   1903    -218   +462    7e-01   1383    -279   +480    8e-01   1100    -292   +480  
   9     1.62     731.96   13   1e-01   1671    -498   +266    4e-01   1378    -474   +469    5e-01   1036    -509   +445  
  10     1.91     730.83   15   1e-01   1538    -227   +94     4e-01   1527    -301   +450    6e-01   1135    -293   +392  
  11     1.97     729.98   19   1e-01   1538    -0     +0      4e-01   1527    -0     +0      6e-01   1135    -0     +0    
==========================================================================================================================
Prune!
==========================================================================================================================
Depth = 0, Bound = 729.98, Best = 729


Nodes = 1
Root node bound = 729.978
Maximum value = 729
Solution = ( 1 2 4 5 11 13 16 17 18 19 21 23 26 27 28 29 30 32 33 34 35 38 44 47 50 53 54 56 63 66 68 70 72 75 79 80 81 82 88 89 90 95 97 98 )
CPU time = 1.97 s

