Input file: ./Instances/rudy/w01_100.4

Graph has 100 vertices and 495 edges.

BiqBin parameters:
    init_bundle_iter = 5
     max_bundle_iter = 20
      min_outer_iter = 10
      max_outer_iter = 30
       violated_Ineq = 0.050000
             TriIneq = 500
         Pent_Trials = 160
        Hepta_Trials = 120
        include_Pent = 1
       include_Hepta = 1
                root = 0
            use_diff = 1
          time_limit = 0
   branchingStrategy = 1
      detailedOutput = 1

**************************************************************************************************************************
                                               Node 1
**************************************************************************************************************************
Problem size 100
Fixed variables:
Node 1 Feasible solution 668
==========================================================================================================================
starting bound     cut  triangles added  violation
        747.01     668              500       0.50
==========================================================================================================================
iter     time      bound  bdl   viol3  triag  purged   added   viol5  penta  purged   added   viol7  hepta  purged   added
==========================================================================================================================
   1     0.05     729.66    3   4e-01    749    -241   +490   
   2     0.11     710.54    6   4e-01    964    -269   +484   
   3     0.18     699.80    5   4e-01   1158    -283   +477   
   4     0.26     690.67    8   3e-01   1325    -306   +473   
   5     0.46     684.22    8   3e-01   1484    -296   +455    7e-01    480    -0     +480    7e-01    480    -0     +480  
   6     0.68     678.99   12   2e-01   1507    -405   +428    6e-01    729    -231   +480    7e-01    665    -286   +471  
   7     0.91     674.70   12   2e-01   1553    -356   +402    6e-01    914    -282   +467    6e-01    778    -325   +438  
   8     1.17     671.15   13   2e-01   1698    -216   +361    6e-01   1187    -205   +478    5e-01    966    -248   +436  
   9     1.47     669.52   12   2e-01   1794    -304   +400    5e-01   1363    -302   +478    6e-01   1131    -311   +476  
  10     1.57     668.83   13   2e-01   1794    -0     +0      5e-01   1363    -0     +0      6e-01   1131    -0     +0    
==========================================================================================================================
Prune!
==========================================================================================================================
Depth = 0, Bound = 668.83, Best = 668


Nodes = 1
Root node bound = 668.835
Maximum value = 668
Solution = ( 1 2 3 6 8 10 11 12 16 17 18 20 26 28 29 30 31 33 42 43 44 46 49 50 52 54 55 57 58 60 61 62 63 69 72 75 76 77 79 82 84 85 87 89 90 91 92 94 97 )
CPU time = 1.57 s

