Input file: ./Instances/rudy/w01_100.1

Graph has 100 vertices and 495 edges.

BiqBin parameters:
    init_bundle_iter = 5
     max_bundle_iter = 20
      min_outer_iter = 10
      max_outer_iter = 30
       violated_Ineq = 0.050000
             TriIneq = 500
         Pent_Trials = 160
        Hepta_Trials = 120
        include_Pent = 1
       include_Hepta = 1
                root = 0
            use_diff = 1
          time_limit = 0
   branchingStrategy = 1
      detailedOutput = 1

**************************************************************************************************************************
                                               Node 1
**************************************************************************************************************************
Problem size 100
Fixed variables:
Node 1 Feasible solution 719
==========================================================================================================================
starting bound     cut  triangles added  violation
        811.83     719              500       0.50
==========================================================================================================================
iter     time      bound  bdl   viol3  triag  purged   added   viol5  penta  purged   added   viol7  hepta  purged   added
==========================================================================================================================
   1     0.05     788.05    4   5e-01    794    -194   +488   
   2     0.12     765.73    6   4e-01   1020    -258   +484   
   3     0.19     755.41    6   3e-01   1207    -267   +454   
   4     0.26     746.20    8   3e-01   1409    -263   +465   
   5     0.47     739.70   11   2e-01   1539    -298   +428    7e-01    479    -0     +479    7e-01    475    -0     +475  
   6     0.70     734.83   12   2e-01   1615    -258   +334    6e-01    821    -137   +479    5e-01    721    -203   +449  
   7     0.94     730.35   14   2e-01   1714    -282   +381    5e-01   1036    -264   +479    5e-01    897    -291   +467  
   8     1.20     727.01   15   2e-01   1813    -303   +402    5e-01   1261    -253   +478    5e-01   1070    -298   +471  
   9     1.49     724.74   13   2e-01   1837    -372   +396    6e-01   1416    -325   +480    5e-01   1192    -348   +470  
  10     1.79     722.65   14   1e-01   1496    -436   +95     4e-01   1474    -408   +466    6e-01   1233    -393   +434  
  11     2.10     721.38   17   1e-01   1418    -132   +54     3e-01   1604    -304   +434    4e-01   1339    -291   +397  
  12     2.44     720.70   14   1e-01   1793    -76    +451    4e-01   1819    -265   +480    5e-01   1579    -238   +478  
  13     2.81     720.22   19   1e-01   1540    -342   +89     4e-01   1881    -414   +476    4e-01   1607    -432   +460  
  14     2.88     719.96   16   1e-01   1540    -0     +0      4e-01   1881    -0     +0      4e-01   1607    -0     +0    
==========================================================================================================================
Prune!
==========================================================================================================================
Depth = 0, Bound = 719.96, Best = 719


Nodes = 1
Root node bound = 719.956
Maximum value = 719
Solution = ( 2 3 4 8 9 13 14 15 16 17 21 26 28 29 33 35 39 40 44 46 47 48 49 51 54 55 60 61 62 63 64 68 70 71 74 75 80 83 84 91 92 94 96 )
CPU time = 2.88 s

