Input file: ./Instances/rudy/w05_100.7

Graph has 100 vertices and 2475 edges.

BiqBin parameters:
    init_bundle_iter = 5
     max_bundle_iter = 20
      min_outer_iter = 10
      max_outer_iter = 30
       violated_Ineq = 0.050000
             TriIneq = 500
         Pent_Trials = 160
        Hepta_Trials = 120
        include_Pent = 1
       include_Hepta = 1
                root = 0
            use_diff = 1
          time_limit = 0
   branchingStrategy = 1
      detailedOutput = 1

**************************************************************************************************************************
                                               Node 1
**************************************************************************************************************************
Problem size 100
Fixed variables:
Node 1 Feasible solution 1986
==========================================================================================================================
starting bound     cut  triangles added  violation
       2248.93    1986              500       0.50
==========================================================================================================================
iter     time      bound  bdl   viol3  triag  purged   added   viol5  penta  purged   added   viol7  hepta  purged   added
==========================================================================================================================
Node 1 Feasible solution 1987
   1     0.06    2168.61    4   5e-01    811    -185   +496   
   2     0.12    2120.06    7   4e-01   1020    -264   +473   
   3     0.19    2100.46    7   4e-01   1330    -167   +477   
   4     0.39    2081.80    9   3e-01   1381    -412   +463    8e-01    479    -0     +479    7e-01    477    -0     +477  
   5     0.61    2069.85   12   2e-01   1450    -291   +360    6e-01    775    -175   +471    6e-01    658    -257   +438  
   6     0.84    2054.16   14   2e-01   1545    -289   +384    5e-01    953    -286   +464    5e-01    736    -320   +398  
   7     1.08    2045.91   20   1e-01   1286    -344   +85     4e-01   1016    -305   +368    5e-01    650    -353   +267  
   8     1.33    2036.67   22   1e-01   1294    -181   +189    4e-01   1146    -248   +378    5e-01    706    -186   +242  
   9     1.59    2032.20   22   1e-01   1175    -187   +68     4e-01   1229    -213   +296    4e-01    708    -171   +173  
  10     1.86    2027.51   25   9e-02   1097    -121   +43     4e-01   1319    -191   +281    4e-01    699    -176   +167  
  11     2.14    2023.04   28   9e-02   1064    -91    +58     3e-01   1371    -210   +262    5e-01    743    -129   +173  
  12     2.43    2020.60   22   1e-01   1021    -84    +41     4e-01   1475    -177   +281    3e-01    790    -124   +171  
  13     2.61    2019.27   29   1e-01   1021    -0     +0      4e-01   1475    -0     +0      3e-01    790    -0     +0    
==========================================================================================================================
BOUNDING STOPPED: Gap to big!
==========================================================================================================================
Depth = 0, Bound = 2019.27, Best = 1987

Branching on x[48] = 0.50
Fixing x[48] = 0

**************************************************************************************************************************
                                               Node 2
**************************************************************************************************************************
Problem size 99
Fixed variables: (x[48],0)
==========================================================================================================================
BOUNDING STOPPED: Gap to big!
==========================================================================================================================
Depth = 1, Bound = 2236.57, Best = 1987

Fixing x[48] = 1

**************************************************************************************************************************
                                               Node 3
**************************************************************************************************************************
Problem size 99
Fixed variables: (x[48],1)
==========================================================================================================================
BOUNDING STOPPED: Gap to big!
==========================================================================================================================
Depth = 1, Bound = 2230.30, Best = 1987

Branching on x[18] = 0.50
Fixing x[18] = 0

**************************************************************************************************************************
                                               Node 4
**************************************************************************************************************************
Problem size 98
Fixed variables: (x[18],0) (x[48],0)
==========================================================================================================================
BOUNDING STOPPED: Gap to big!
==========================================================================================================================
Depth = 2, Bound = 2225.03, Best = 1987

Fixing x[18] = 1

**************************************************************************************************************************
                                               Node 5
**************************************************************************************************************************
Problem size 98
Fixed variables: (x[18],1) (x[48],0)
==========================================================================================================================
BOUNDING STOPPED: Gap to big!
==========================================================================================================================
Depth = 2, Bound = 2224.40, Best = 1987

Branching on x[21] = 0.49
Fixing x[21] = 0

**************************************************************************************************************************
                                               Node 6
**************************************************************************************************************************
Problem size 98
Fixed variables: (x[21],0) (x[48],1)
==========================================================================================================================
starting bound     cut  triangles added  violation
       2215.28    1987              500       0.50
==========================================================================================================================
iter     time      bound  bdl   viol3  triag  purged   added   viol5  penta  purged   added   viol7  hepta  purged   added
==========================================================================================================================
   1     2.71    2137.11    4   5e-01    830    -159   +489   
   2     2.76    2088.73    8   4e-01   1042    -256   +468   
   3     2.83    2063.63    7   4e-01   1341    -174   +473   
   4     3.02    2047.33   10   2e-01   1438    -334   +431    7e-01    478    -0     +478    7e-01    467    -0     +467  
   5     3.23    2035.09   13   2e-01   1484    -288   +334    6e-01    781    -159   +462    7e-01    665    -223   +421  
   6     3.45    2023.92   18   2e-01   1532    -257   +305    5e-01    993    -226   +438    5e-01    730    -295   +360  
   7     3.70    2016.64   21   1e-01   1318    -302   +88     6e-01   1135    -246   +388    4e-01    793    -250   +313  
   8     3.95    2010.34   20   1e-01   1378    -168   +228    5e-01   1292    -231   +388    5e-01    847    -230   +284  
   9     4.22    2004.30   19   1e-01   1381    -239   +242    5e-01   1427    -275   +410    5e-01    929    -240   +322  
  10     4.50    2000.37   26   8e-02   1134    -256   +9      4e-01   1350    -347   +270    4e-01    808    -314   +193  
  11     4.78    1996.32   30   8e-02   1037    -115   +18     3e-01   1416    -197   +263    4e-01    808    -171   +171  
  12     5.08    1993.83   31   1e-01   1020    -67    +50     3e-01   1522    -180   +286    4e-01    834    -134   +160  
  13     5.40    1990.97   30   7e-02    954    -71    +5      3e-01   1524    -208   +210    4e-01    788    -178   +132  
  14     5.71    1988.96   30   1e-01   1004    -31    +81     3e-01   1687    -129   +292    4e-01    864    -89    +165  
  15     5.89    1987.58   31   1e-01   1004    -0     +0      3e-01   1687    -0     +0      4e-01    864    -0     +0    
==========================================================================================================================
Prune!
==========================================================================================================================
Depth = 2, Bound = 1987.58, Best = 1987

Fixing x[21] = 1

**************************************************************************************************************************
                                               Node 7
**************************************************************************************************************************
Problem size 98
Fixed variables: (x[21],1) (x[48],1)
==========================================================================================================================
BOUNDING STOPPED: Gap to big!
==========================================================================================================================
Depth = 2, Bound = 2219.01, Best = 1987

Branching on x[58] = 0.50
Fixing x[58] = 0

**************************************************************************************************************************
                                               Node 8
**************************************************************************************************************************
Problem size 97
Fixed variables: (x[18],0) (x[48],0) (x[58],0)
==========================================================================================================================
starting bound     cut  triangles added  violation
       2203.56    1987              500       0.50
==========================================================================================================================
iter     time      bound  bdl   viol3  triag  purged   added   viol5  penta  purged   added   viol7  hepta  purged   added
==========================================================================================================================
   1     5.95    2125.35    5   4e-01    840    -151   +491   
   2     6.01    2075.91    6   4e-01   1085    -222   +467   
   3     6.08    2055.81    8   4e-01   1308    -250   +473   
   4     6.16    2041.93    8   3e-01   1409    -355   +456   
   5     6.38    2032.99   11   2e-01   1506    -334   +431    7e-01    480    -0     +480    7e-01    480    -0     +480  
   6     6.61    2020.59   16   2e-01   1559    -345   +398    6e-01    803    -156   +479    6e-01    786    -169   +475  
   7     6.87    2012.46   17   2e-01   1555    -356   +352    5e-01   1061    -218   +476    5e-01    970    -275   +459  
   8     7.14    2007.18   13   1e-01   1485    -325   +255    5e-01   1234    -291   +464    5e-01   1092    -315   +437  
   9     7.42    2003.53   15   1e-01   1424    -284   +223    5e-01   1344    -344   +454    5e-01   1183    -343   +434  
  10     7.73    1999.35   19   1e-01   1364    -203   +143    4e-01   1513    -290   +459    6e-01   1306    -316   +439  
  11     8.05    1995.90   21   9e-02   1208    -201   +45     5e-01   1570    -366   +423    5e-01   1347    -349   +390  
  12     8.40    1994.36   14   1e-01   1467    -114   +373    5e-01   1746    -304   +480    5e-01   1523    -292   +468  
  13     8.76    1992.87   22   1e-01   1199    -304   +36     3e-01   1814    -373   +441    5e-01   1570    -385   +432  
  14     9.14    1991.35   23   8e-02   1123    -84    +8      3e-01   1890    -312   +388    5e-01   1613    -314   +357  
  15     9.53    1989.93   22   6e-02   1053    -76    +6      2e-01   1867    -353   +330    4e-01   1618    -315   +320  
  16     9.93    1989.00   14   2e-01   1508    -31    +486    5e-01   2134    -213   +480    6e-01   1918    -180   +480  
  17    10.40    1988.37   13   8e-02   1111    -442   +45     3e-01   2126    -484   +476    5e-01   1898    -491   +471  
  18    10.53    1987.92   15   8e-02   1111    -0     +0      3e-01   2126    -0     +0      5e-01   1898    -0     +0    
==========================================================================================================================
Prune!
==========================================================================================================================
Depth = 3, Bound = 1987.92, Best = 1987

Fixing x[58] = 1

**************************************************************************************************************************
                                               Node 9
**************************************************************************************************************************
Problem size 97
Fixed variables: (x[18],0) (x[48],0) (x[58],1)
==========================================================================================================================
starting bound     cut  triangles added  violation
       2203.10    1987              500       0.50
==========================================================================================================================
iter     time      bound  bdl   viol3  triag  purged   added   viol5  penta  purged   added   viol7  hepta  purged   added
==========================================================================================================================
   1    10.58    2125.69    4   5e-01    860    -131   +491   
   2    10.63    2085.90    5   4e-01   1183    -155   +478   
   3    10.82    2057.93    8   3e-01   1248    -386   +451    7e-01    480    -0     +480    7e-01    480    -0     +480  
   4    11.02    2033.85    9   3e-01   1400    -306   +458    7e-01    747    -213   +480    7e-01    706    -251   +477  
   5    11.24    2023.16   10   2e-01   1490    -323   +413    6e-01    998    -228   +479    6e-01    868    -306   +468  
   6    11.47    2011.40   16   2e-01   1421    -394   +325    5e-01   1128    -310   +440    5e-01    854    -391   +377  
   7    11.70    2006.35   16   1e-01   1329    -234   +142    4e-01   1293    -255   +420    4e-01    965    -234   +345  
   8    11.96    1998.68   17   1e-01   1324    -222   +217    4e-01   1418    -305   +430    4e-01    985    -333   +353  
   9    12.25    1994.81   21   1e-01   1204    -203   +83     5e-01   1507    -320   +409    5e-01   1075    -267   +357  
  10    12.54    1992.39   22   7e-02   1099    -114   +9      4e-01   1582    -215   +290    4e-01   1126    -228   +279  
  11    12.83    1989.33   21   1e-01   1050    -100   +51     4e-01   1698    -243   +359    4e-01   1191    -235   +300  
  12    12.92    1987.66   21   1e-01   1050    -0     +0      4e-01   1698    -0     +0      4e-01   1191    -0     +0    
==========================================================================================================================
Prune!
==========================================================================================================================
Depth = 3, Bound = 1987.66, Best = 1987

Branching on x[81] = 0.50
Fixing x[81] = 0

**************************************************************************************************************************
                                               Node 10
**************************************************************************************************************************
Problem size 97
Fixed variables: (x[18],1) (x[48],0) (x[81],0)
==========================================================================================================================
starting bound     cut  triangles added  violation
       2210.26    1987              500       0.50
==========================================================================================================================
iter     time      bound  bdl   viol3  triag  purged   added   viol5  penta  purged   added   viol7  hepta  purged   added
==========================================================================================================================
   1    12.97    2125.90    5   5e-01    846    -142   +488   
   2    13.03    2085.87    7   4e-01   1132    -183   +469   
   3    13.10    2059.05    8   4e-01   1339    -261   +468   
   4    13.17    2043.05    8   3e-01   1502    -301   +464   
   5    13.38    2029.54   11   2e-01   1584    -351   +433    8e-01    480    -0     +480    7e-01    473    -0     +473  
   6    13.61    2016.64   13   2e-01   1626    -339   +381    6e-01    811    -144   +475    6e-01    727    -192   +446  
   7    13.85    2007.12   15   2e-01   1637    -327   +338    5e-01   1064    -217   +470    6e-01    872    -285   +430  
   8    14.10    1999.33   19   1e-01   1339    -366   +68     6e-01   1166    -281   +383    4e-01    843    -323   +294  
   9    14.36    1994.48   20   1e-01   1403    -135   +199    5e-01   1382    -207   +423    6e-01    974    -221   +352  
  10    14.63    1989.10   24   8e-02   1198    -219   +14     4e-01   1394    -302   +314    4e-01    905    -293   +224  
  11    14.69    1986.63   28   8e-02   1198    -0     +0      4e-01   1394    -0     +0      4e-01    905    -0     +0    
==========================================================================================================================
Prune!
==========================================================================================================================
Depth = 3, Bound = 1986.63, Best = 1987

Fixing x[81] = 1

**************************************************************************************************************************
                                               Node 11
**************************************************************************************************************************
Problem size 97
Fixed variables: (x[18],1) (x[48],0) (x[81],1)
==========================================================================================================================
starting bound     cut  triangles added  violation
       2207.32    1987              500       0.50
==========================================================================================================================
iter     time      bound  bdl   viol3  triag  purged   added   viol5  penta  purged   added   viol7  hepta  purged   added
==========================================================================================================================
   1    14.74    2123.69    4   4e-01    839    -147   +486   
   2    14.80    2069.31    5   4e-01   1107    -200   +468   
   3    14.86    2044.17    7   3e-01   1259    -303   +455   
   4    15.05    2027.49   12   3e-01   1441    -245   +427    7e-01    480    -0     +480    8e-01    465    -0     +465  
   5    15.26    2016.09   14   2e-01   1475    -364   +398    6e-01    721    -230   +471    6e-01    624    -282   +441  
   6    15.47    2006.67   15   2e-01   1520    -286   +331    6e-01    950    -214   +443    5e-01    686    -294   +356  
   7    15.70    1998.78   19   1e-01   1303    -336   +119    5e-01   1101    -238   +389    6e-01    709    -257   +280  
   8    15.94    1991.98   21   1e-01   1323    -166   +186    5e-01   1186    -265   +350    5e-01    700    -247   +238  
   9    16.03    1987.41   19   1e-01   1323    -0     +0      5e-01   1186    -0     +0      5e-01    700    -0     +0    
==========================================================================================================================
Prune!
==========================================================================================================================
Depth = 3, Bound = 1987.41, Best = 1987

Branching on x[71] = 0.50
Fixing x[71] = 0

**************************************************************************************************************************
                                               Node 12
**************************************************************************************************************************
Problem size 97
Fixed variables: (x[21],1) (x[48],1) (x[71],0)
==========================================================================================================================
starting bound     cut  triangles added  violation
       2197.17    1987              500       0.49
==========================================================================================================================
iter     time      bound  bdl   viol3  triag  purged   added   viol5  penta  purged   added   viol7  hepta  purged   added
==========================================================================================================================
   1    16.09    2119.56    3   5e-01    818    -176   +494   
   2    16.15    2083.26    5   4e-01   1102    -196   +480   
   3    16.22    2064.34    7   4e-01   1207    -365   +470   
   4    16.42    2047.15    6   3e-01   1333    -333   +459    7e-01    480    -0     +480    8e-01    479    -0     +479  
   5    16.64    2033.99    9   3e-01   1435    -335   +437    6e-01    791    -168   +479    7e-01    723    -236   +480  
   6    16.86    2024.54   13   2e-01   1445    -360   +370    6e-01   1005    -259   +473    6e-01    851    -318   +446  
   7    17.11    2012.90   17   2e-01   1385    -346   +286    5e-01   1169    -299   +463    6e-01    899    -361   +409  
   8    17.37    2007.00   19   1e-01   1383    -242   +240    5e-01   1373    -245   +449    5e-01   1085    -228   +414  
   9    17.63    2001.72   25   9e-02   1169    -234   +20     4e-01   1459    -276   +362    4e-01   1102    -292   +309  
  10    17.91    1997.93   26   1e-01   1076    -129   +36     4e-01   1559    -256   +356    5e-01   1139    -249   +286  
  11    18.21    1993.52   23   2e-01   1305    -87    +316    4e-01   1759    -229   +429    5e-01   1291    -220   +372  
  12    18.54    1991.34   26   9e-02   1086    -274   +55     3e-01   1752    -362   +355    4e-01   1272    -316   +297  
  13    18.85    1988.28   29   7e-02    973    -128   +15     3e-01   1696    -321   +265    3e-01   1185    -291   +204  
  14    18.89    1987.30   32   7e-02    973    -0     +0      3e-01   1696    -0     +0      3e-01   1185    -0     +0    
==========================================================================================================================
Prune!
==========================================================================================================================
Depth = 3, Bound = 1987.30, Best = 1987

Fixing x[71] = 1

**************************************************************************************************************************
                                               Node 13
**************************************************************************************************************************
Problem size 97
Fixed variables: (x[21],1) (x[48],1) (x[71],1)
==========================================================================================================================
starting bound     cut  triangles added  violation
       2199.54    1987              500       0.50
==========================================================================================================================
iter     time      bound  bdl   viol3  triag  purged   added   viol5  penta  purged   added   viol7  hepta  purged   added
==========================================================================================================================
   1    18.95    2118.49    4   4e-01    816    -178   +494   
   2    19.01    2074.56    7   4e-01   1033    -264   +481   
   3    19.08    2053.86    7   3e-01   1273    -211   +451   
   4    19.15    2035.09    8   3e-01   1457    -263   +447   
   5    19.36    2024.46   14   2e-01   1604    -238   +385    7e-01    479    -0     +479    7e-01    470    -0     +470  
   6    19.58    2010.87   17   2e-01   1588    -361   +345    5e-01    770    -169   +460    5e-01    671    -213   +414  
   7    19.81    2000.49   21   1e-01   1509    -312   +233    5e-01    989    -211   +430    5e-01    758    -249   +336  
   8    20.05    1993.96   25   9e-02   1261    -275   +27     4e-01   1042    -259   +312    5e-01    684    -292   +218  
   9    20.31    1990.67   22   1e-01   1320    -123   +182    4e-01   1258    -163   +379    4e-01    785    -171   +272  
  10    20.37    1987.63   26   1e-01   1320    -0     +0      4e-01   1258    -0     +0      4e-01    785    -0     +0    
==========================================================================================================================
Prune!
==========================================================================================================================
Depth = 3, Bound = 1987.63, Best = 1987


Nodes = 13
Root node bound = 2019.267
Maximum value = 1987
Solution = ( 2 4 7 8 10 11 13 14 15 18 21 23 25 28 29 30 31 32 36 37 38 41 43 44 45 46 48 50 51 52 53 57 61 65 67 71 73 74 77 79 80 81 84 87 88 90 91 92 )
CPU time = 20.37 s

