Input file: ./Instances/rudy/w05_100.9

Graph has 100 vertices and 2475 edges.

BiqBin parameters:
    init_bundle_iter = 5
     max_bundle_iter = 20
      min_outer_iter = 10
      max_outer_iter = 30
       violated_Ineq = 0.050000
             TriIneq = 500
         Pent_Trials = 160
        Hepta_Trials = 120
        include_Pent = 1
       include_Hepta = 1
                root = 0
            use_diff = 1
          time_limit = 0
   branchingStrategy = 1
      detailedOutput = 1

**************************************************************************************************************************
                                               Node 1
**************************************************************************************************************************
Problem size 100
Fixed variables:
Node 1 Feasible solution 1742
==========================================================================================================================
starting bound     cut  triangles added  violation
       2017.39    1742              500       0.50
==========================================================================================================================
iter     time      bound  bdl   viol3  triag  purged   added   viol5  penta  purged   added   viol7  hepta  purged   added
==========================================================================================================================
Node 1 Feasible solution 1752
   1     0.06    1934.99    5   4e-01    815    -176   +491   
   2     0.12    1884.81    6   4e-01   1083    -215   +483   
   3     0.19    1857.66    8   4e-01   1263    -291   +471   
   4     0.26    1840.58   10   3e-01   1437    -272   +446   
   5     0.47    1825.92   12   2e-01   1535    -324   +422    7e-01    478    -0     +478    6e-01    471    -0     +471  
   6     0.70    1817.29   12   2e-01   1545    -337   +347    5e-01    792    -147   +461    6e-01    693    -210   +432  
   7     0.93    1809.81   16   2e-01   1548    -340   +343    5e-01    999    -237   +444    6e-01    763    -304   +374  
   8     1.19    1802.82   16   1e-01   1282    -299   +33     4e-01   1072    -287   +360    5e-01    718    -292   +247  
   9     1.45    1794.54   21   1e-01   1245    -185   +148    4e-01   1192    -239   +359    4e-01    763    -205   +250  
  10     1.73    1790.22   25   1e-01   1181    -146   +82     4e-01   1300    -219   +327    4e-01    793    -213   +243  
  11     2.02    1786.00   27   9e-02   1068    -123   +10     4e-01   1302    -236   +238    4e-01    757    -203   +167  
  12     2.31    1782.92   25   8e-02   1042    -68    +42     4e-01   1369    -172   +239    4e-01    789    -126   +158  
  13     2.62    1779.76   28   9e-02    983    -81    +22     4e-01   1415    -156   +202    3e-01    773    -142   +126  
  14     2.93    1777.76   21   1e-01    975    -41    +33     3e-01   1488    -141   +214    4e-01    824    -83    +134  
  15     3.25    1775.58   30   6e-02    922    -58    +5      3e-01   1489    -160   +161    3e-01    825    -111   +112  
  16     3.60    1774.00   33   5e-02    895    -28    +1      3e-01   1538    -102   +151    3e-01    841    -78    +94   
  17     3.94    1772.14   33   6e-02    873    -27    +5      3e-01   1586    -102   +150    3e-01    831    -88    +78   
  18     4.15    1770.93   27   6e-02    873    -0     +0      3e-01   1586    -0     +0      3e-01    831    -0     +0    
==========================================================================================================================
BOUNDING STOPPED: Gap to big!
==========================================================================================================================
Depth = 0, Bound = 1770.93, Best = 1752

Branching on x[30] = 0.50
Fixing x[30] = 0

**************************************************************************************************************************
                                               Node 2
**************************************************************************************************************************
Problem size 99
Fixed variables: (x[30],0)
==========================================================================================================================
starting bound     cut  triangles added  violation
       1997.25    1752              500       0.50
==========================================================================================================================
iter     time      bound  bdl   viol3  triag  purged   added   viol5  penta  purged   added   viol7  hepta  purged   added
==========================================================================================================================
   1     4.21    1916.00    5   4e-01    793    -197   +490   
   2     4.27    1871.00    7   4e-01   1033    -227   +467   
   3     4.34    1846.23    6   4e-01   1328    -178   +473   
   4     4.54    1832.52    9   3e-01   1395    -349   +416    7e-01    480    -0     +480    8e-01    479    -0     +479  
   5     4.76    1815.18   13   2e-01   1486    -286   +377    6e-01    768    -186   +474    6e-01    686    -245   +452  
   6     4.98    1802.13   13   1e-01   1492    -317   +323    6e-01    992    -227   +451    6e-01    799    -282   +395  
   7     5.23    1794.02   17   1e-01   1328    -276   +112    5e-01   1147    -257   +412    5e-01    853    -293   +347  
   8     5.49    1788.43   16   1e-01   1268    -190   +130    4e-01   1291    -259   +403    4e-01    935    -236   +318  
   9     5.76    1781.17   22   1e-01   1198    -167   +97     4e-01   1381    -284   +374    6e-01    980    -238   +283  
  10     6.05    1777.52   27   1e-01   1174    -132   +108    4e-01   1484    -262   +365    5e-01   1004    -236   +260  
  11     6.36    1773.27   26   9e-02   1042    -144   +12     4e-01   1430    -285   +231    4e-01    933    -278   +207  
  12     6.66    1771.17   24   1e-01   1074    -55    +87     3e-01   1597    -145   +312    5e-01   1033    -126   +226  
  13     6.98    1768.92   24   8e-02   1012    -88    +26     3e-01   1658    -203   +264    4e-01   1076    -162   +205  
  14     7.31    1767.03   30   5e-02    944    -70    +2      3e-01   1639    -211   +192    4e-01   1037    -182   +143  
  15     7.66    1765.56   31   8e-02    918    -38    +12     3e-01   1708    -136   +205    3e-01   1062    -100   +125  
  16     8.02    1763.71   28   1e-01   1003    -33    +118    3e-01   1922    -131   +345    4e-01   1209    -100   +247  
  17     8.40    1762.66   34   8e-02    915    -96    +8      2e-01   1869    -261   +208    3e-01   1170    -189   +150  
  18     8.77    1761.81   26   9e-02    916    -34    +35     3e-01   1980    -162   +273    4e-01   1245    -116   +191  
  19     9.14    1760.36   33   6e-02    878    -43    +5      3e-01   1932    -201   +153    4e-01   1201    -159   +115  
  20     9.35    1759.85   28   6e-02    878    -0     +0      3e-01   1932    -0     +0      4e-01   1201    -0     +0    
==========================================================================================================================
BOUNDING STOPPED: Gap to big!
==========================================================================================================================
Depth = 1, Bound = 1759.85, Best = 1752

Fixing x[30] = 1

**************************************************************************************************************************
                                               Node 3
**************************************************************************************************************************
Problem size 99
Fixed variables: (x[30],1)
==========================================================================================================================
BOUNDING STOPPED: Gap to big!
==========================================================================================================================
Depth = 1, Bound = 2011.55, Best = 1752

Branching on x[18] = 0.50
Fixing x[18] = 0

**************************************************************************************************************************
                                               Node 4
**************************************************************************************************************************
Problem size 98
Fixed variables: (x[18],0) (x[30],1)
==========================================================================================================================
starting bound     cut  triangles added  violation
       1998.17    1752              500       0.50
==========================================================================================================================
iter     time      bound  bdl   viol3  triag  purged   added   viol5  penta  purged   added   viol7  hepta  purged   added
==========================================================================================================================
   1     9.41    1910.30    5   4e-01    868    -117   +485   
   2     9.46    1856.74    7   3e-01   1105    -243   +480   
   3     9.53    1834.61    5   4e-01   1277    -314   +486   
   4     9.72    1818.88    9   3e-01   1373    -362   +458    7e-01    480    -0     +480    7e-01    477    -0     +477  
   5     9.81    1806.92   13   3e-01   1511    -314   +452   
   6    10.03    1801.99   11   3e-01   1604    -356   +449    6e-01    755    -205   +480    7e-01    644    -308   +475  
   7    10.25    1790.55   14   2e-01   1552    -394   +342    5e-01    891    -309   +445    6e-01    636    -389   +381  
   8    10.49    1782.06   17   2e-01   1304    -355   +107    5e-01    975    -298   +382    5e-01    639    -293   +296  
   9    10.74    1776.36   18   2e-01   1519    -142   +357    5e-01   1167    -234   +426    5e-01    774    -202   +337  
  10    11.01    1771.90   21   8e-02   1271    -276   +28     4e-01   1217    -272   +322    5e-01    753    -244   +223  
  11    11.28    1765.81   26   9e-02   1142    -155   +26     3e-01   1278    -218   +279    4e-01    699    -194   +140  
  12    11.57    1762.23   27   9e-02   1100    -88    +46     4e-01   1382    -164   +268    6e-01    746    -127   +174  
  13    11.87    1759.87   29   8e-02   1040    -65    +5      4e-01   1380    -193   +191    3e-01    721    -123   +98   
  14    12.17    1757.35   27   6e-02    992    -55    +7      3e-01   1415    -134   +169    3e-01    707    -114   +100  
  15    12.49    1754.81   28   1e-01    980    -44    +32     4e-01   1491    -132   +208    3e-01    727    -90    +110  
  16    12.68    1752.81   35   1e-01    980    -0     +0      4e-01   1491    -0     +0      3e-01    727    -0     +0    
==========================================================================================================================
Prune!
==========================================================================================================================
Depth = 2, Bound = 1752.81, Best = 1752

Fixing x[18] = 1

**************************************************************************************************************************
                                               Node 5
**************************************************************************************************************************
Problem size 98
Fixed variables: (x[18],1) (x[30],1)
==========================================================================================================================
starting bound     cut  triangles added  violation
       1994.62    1752              500       0.50
==========================================================================================================================
iter     time      bound  bdl   viol3  triag  purged   added   viol5  penta  purged   added   viol7  hepta  purged   added
==========================================================================================================================
   1    12.74    1908.41    5   4e-01    812    -172   +484   
   2    12.80    1861.18    6   4e-01   1069    -217   +474   
   3    12.86    1838.95    5   4e-01   1368    -177   +476   
   4    13.06    1822.52    7   3e-01   1468    -339   +439    7e-01    480    -0     +480    7e-01    480    -0     +480  
   5    13.27    1805.09   10   2e-01   1487    -360   +379    5e-01    780    -171   +471    6e-01    670    -261   +451  
   6    13.50    1792.54   16   2e-01   1538    -283   +334    5e-01   1015    -222   +457    5e-01    767    -287   +384  
   7    13.74    1783.08   20   1e-01   1284    -341   +87     4e-01   1084    -303   +372    5e-01    762    -304   +299  
   8    13.99    1777.77   17   2e-01   1505    -150   +371    5e-01   1325    -210   +451    6e-01    975    -191   +404  
   9    14.26    1772.12   24   1e-01   1239    -308   +42     4e-01   1347    -327   +349    5e-01    896    -325   +246  
  10    14.54    1767.96   25   9e-02   1109    -160   +30     3e-01   1385    -248   +286    4e-01    874    -208   +186  
  11    14.82    1762.91   26   9e-02   1037    -95    +23     4e-01   1481    -196   +292    4e-01    893    -182   +201  
  12    15.12    1760.42   25   9e-02   1000    -86    +49     4e-01   1587    -198   +304    4e-01    956    -149   +212  
  13    15.43    1759.14   24   8e-02    981    -51    +32     3e-01   1640    -214   +267    4e-01    995    -150   +189  
  14    15.75    1756.58   28   1e-01   1025    -44    +88     4e-01   1705    -225   +290    4e-01    999    -166   +170  
  15    16.08    1754.34   32   4e-02    945    -80    +0      4e-01   1584    -257   +136    3e-01    912    -182   +95   
  16    16.23    1752.94   32   4e-02    945    -0     +0      4e-01   1584    -0     +0      3e-01    912    -0     +0    
==========================================================================================================================
Prune!
==========================================================================================================================
Depth = 2, Bound = 1752.94, Best = 1752

Branching on x[84] = 0.49
Fixing x[84] = 0

**************************************************************************************************************************
                                               Node 6
**************************************************************************************************************************
Problem size 98
Fixed variables: (x[30],0) (x[84],0)
==========================================================================================================================
starting bound     cut  triangles added  violation
       1983.65    1752              500       0.50
==========================================================================================================================
iter     time      bound  bdl   viol3  triag  purged   added   viol5  penta  purged   added   viol7  hepta  purged   added
==========================================================================================================================
   1    16.28    1899.25    5   4e-01    829    -157   +486   
   2    16.34    1856.16    7   4e-01   1107    -205   +483   
   3    16.40    1835.26    7   3e-01   1261    -293   +447   
   4    16.48    1818.24    9   3e-01   1475    -217   +431   
   5    16.69    1805.49   10   2e-01   1535    -331   +391    6e-01    480    -0     +480    7e-01    472    -0     +472  
   6    16.91    1795.87   13   2e-01   1565    -307   +337    6e-01    803    -148   +471    5e-01    703    -210   +441  
   7    17.16    1787.45   16   2e-01   1446    -311   +192    5e-01    990    -247   +434    5e-01    802    -283   +382  
   8    17.41    1778.71   21   1e-01   1280    -255   +89     4e-01   1105    -266   +381    5e-01    819    -303   +320  
   9    17.68    1773.47   22   1e-01   1213    -141   +74     4e-01   1260    -212   +367    5e-01    887    -214   +282  
  10    17.97    1769.57   18   2e-01   1474    -124   +385    5e-01   1502    -229   +471    6e-01   1105    -204   +422  
  11    18.29    1767.14   22   7e-02   1141    -346   +13     4e-01   1369    -405   +272    4e-01    924    -402   +221  
  12    18.59    1763.93   25   7e-02   1021    -124   +4      4e-01   1411    -217   +259    3e-01    909    -181   +166  
  13    18.90    1762.06   23   1e-01   1045    -52    +76     4e-01   1567    -159   +315    5e-01   1045    -121   +257  
  14    19.24    1759.86   24   1e-01   1004    -77    +36     4e-01   1653    -228   +314    4e-01   1090    -184   +229  
  15    19.60    1757.95   27   1e-01    982    -47    +25     3e-01   1747    -200   +294    5e-01   1140    -177   +227  
  16    19.96    1757.15   25   1e-01    968    -32    +18     3e-01   1841    -204   +298    4e-01   1268    -137   +265  
  17    20.34    1755.88   28   7e-02    930    -46    +8      3e-01   1855    -224   +238    3e-01   1276    -186   +194  
  18    20.72    1754.73   25   7e-02    906    -26    +2      2e-01   1866    -196   +207    3e-01   1231    -183   +138  
  19    20.91    1754.60   16   7e-02    906    -0     +0      2e-01   1866    -0     +0      3e-01   1231    -0     +0    
==========================================================================================================================
BOUNDING STOPPED: Gap to big!
==========================================================================================================================
Depth = 2, Bound = 1754.60, Best = 1752

Fixing x[84] = 1

**************************************************************************************************************************
                                               Node 7
**************************************************************************************************************************
Problem size 98
Fixed variables: (x[30],0) (x[84],1)
==========================================================================================================================
starting bound     cut  triangles added  violation
       1983.00    1752              500       0.50
==========================================================================================================================
iter     time      bound  bdl   viol3  triag  purged   added   viol5  penta  purged   added   viol7  hepta  purged   added
==========================================================================================================================
   1    20.97    1902.03    5   4e-01    813    -182   +495   
   2    21.03    1858.58    7   4e-01   1076    -219   +482   
   3    21.09    1838.44    9   3e-01   1274    -268   +466   
   4    21.30    1820.23    5   3e-01   1470    -244   +440    7e-01    480    -0     +480    8e-01    480    -0     +480  
   5    21.52    1804.95   11   3e-01   1544    -358   +432    7e-01    748    -212   +480    7e-01    734    -223   +477  
   6    21.76    1797.80   13   3e-01   1637    -341   +434    7e-01   1003    -225   +480    7e-01    931    -282   +479  
   7    22.01    1786.53   15   1e-01   1405    -443   +211    5e-01   1115    -334   +446    6e-01    966    -390   +425  
   8    22.27    1777.45   19   1e-01   1292    -268   +155    5e-01   1247    -293   +425    6e-01   1027    -320   +381  
   9    22.54    1772.94   19   1e-01   1187    -207   +102    4e-01   1382    -263   +398    4e-01   1086    -279   +338  
  10    22.84    1769.14   16   1e-01   1200    -117   +130    4e-01   1544    -264   +426    4e-01   1205    -232   +351  
  11    23.15    1766.13   17   1e-01   1253    -138   +191    4e-01   1685    -300   +441    5e-01   1322    -279   +396  
  12    23.47    1762.87   19   9e-02   1140    -157   +44     3e-01   1720    -334   +369    4e-01   1345    -304   +327  
  13    23.80    1760.30   23   1e-01   1049    -104   +13     5e-01   1786    -275   +341    4e-01   1357    -254   +266  
  14    24.15    1758.69   24   9e-02   1029    -56    +36     4e-01   1879    -250   +343    4e-01   1432    -198   +273  
  15    24.51    1756.74   33   5e-02    962    -67    +0      3e-01   1793    -306   +220    4e-01   1370    -266   +204  
  16    24.89    1755.20   29   7e-02    951    -36    +25     3e-01   1911    -151   +269    4e-01   1431    -171   +232  
  17    25.28    1754.20   18   1e-01   1134    -34    +217    5e-01   2191    -187   +467    5e-01   1728    -160   +457  
  18    25.70    1753.48   24   7e-02    987    -169   +22     5e-01   2154    -391   +354    3e-01   1679    -387   +338  
  19    25.83    1752.82   28   7e-02    987    -0     +0      5e-01   2154    -0     +0      3e-01   1679    -0     +0    
==========================================================================================================================
Prune!
==========================================================================================================================
Depth = 2, Bound = 1752.82, Best = 1752

Branching on x[34] = 0.48
Fixing x[34] = 0

**************************************************************************************************************************
                                               Node 8
**************************************************************************************************************************
Problem size 97
Fixed variables: (x[30],0) (x[34],0) (x[84],0)
==========================================================================================================================
starting bound     cut  triangles added  violation
       1967.11    1752              500       0.49
==========================================================================================================================
iter     time      bound  bdl   viol3  triag  purged   added   viol5  penta  purged   added   viol7  hepta  purged   added
==========================================================================================================================
   1    25.88    1880.57    4   5e-01    830    -162   +492   
   2    25.94    1844.34    7   4e-01   1085    -212   +467   
   3    26.01    1818.05    8   3e-01   1286    -242   +443   
   4    26.09    1800.57    8   3e-01   1484    -256   +454   
   5    26.30    1791.88   11   2e-01   1526    -341   +383    6e-01    479    -0     +479    8e-01    479    -0     +479  
   6    26.53    1778.95   15   2e-01   1563    -316   +353    5e-01    814    -138   +473    6e-01    740    -188   +449  
   7    26.77    1770.46   16   2e-01   1596    -298   +331    5e-01   1027    -249   +462    6e-01    912    -270   +442  
   8    27.04    1765.86   15   1e-01   1341    -298   +43     4e-01   1134    -295   +402    5e-01    907    -318   +313  
   9    27.32    1762.25   12   1e-01   1511    -128   +298    5e-01   1378    -225   +469    6e-01   1173    -190   +456  
  10    27.62    1758.75   18   9e-02   1262    -307   +58     4e-01   1356    -413   +391    5e-01   1074    -443   +344  
  11    27.94    1756.96   16   1e-01   1405    -113   +256    5e-01   1621    -206   +471    6e-01   1337    -187   +450  
  12    28.30    1754.95   14   1e-01   1303    -252   +150    4e-01   1719    -365   +463    5e-01   1360    -405   +428  
  13    28.66    1753.86    8   1e-01   1353    -180   +230    5e-01   1747    -445   +473    6e-01   1436    -387   +463  
  14    28.79    1752.98   11   1e-01   1353    -0     +0      5e-01   1747    -0     +0      6e-01   1436    -0     +0    
==========================================================================================================================
Prune!
==========================================================================================================================
Depth = 3, Bound = 1752.98, Best = 1752

Fixing x[34] = 1

**************************************************************************************************************************
                                               Node 9
**************************************************************************************************************************
Problem size 97
Fixed variables: (x[30],0) (x[34],1) (x[84],0)
==========================================================================================================================
starting bound     cut  triangles added  violation
       1962.75    1752              500       0.50
==========================================================================================================================
iter     time      bound  bdl   viol3  triag  purged   added   viol5  penta  purged   added   viol7  hepta  purged   added
==========================================================================================================================
   1    28.84    1882.51    5   4e-01    854    -125   +479   
   2    28.90    1835.22    6   4e-01   1073    -271   +490   
   3    28.96    1817.13    6   3e-01   1354    -169   +450   
   4    29.16    1802.36    7   3e-01   1426    -359   +431    6e-01    480    -0     +480    7e-01    480    -0     +480  
   5    29.39    1785.56   12   2e-01   1498    -338   +410    6e-01    767    -193   +480    7e-01    698    -253   +471  
   6    29.62    1776.83   13   1e-01   1505    -333   +340    5e-01   1013    -218   +464    5e-01    873    -261   +436  
   7    29.87    1769.79   14   1e-01   1549    -285   +329    5e-01   1209    -257   +453    6e-01   1033    -280   +440  
   8    30.13    1764.28   17   1e-01   1283    -309   +43     4e-01   1328    -268   +387    5e-01   1025    -341   +333  
   9    30.42    1761.98   17   2e-01   1553    -132   +402    5e-01   1592    -207   +471    6e-01   1263    -232   +470  
  10    30.74    1758.71   16   1e-01   1303    -351   +101    4e-01   1629    -393   +430    5e-01   1242    -424   +403  
  11    31.06    1757.30   20   7e-02   1157    -157   +11     3e-01   1686    -298   +355    5e-01   1280    -272   +310  
  12    31.38    1755.22   16   1e-01   1103    -85    +31     4e-01   1800    -268   +382    4e-01   1395    -226   +341  
  13    31.74    1753.87   13   1e-01   1197    -57    +151    4e-01   1964    -295   +459    5e-01   1582    -247   +434  
  14    31.85    1752.88   18   1e-01   1197    -0     +0      4e-01   1964    -0     +0      5e-01   1582    -0     +0    
==========================================================================================================================
Prune!
==========================================================================================================================
Depth = 3, Bound = 1752.88, Best = 1752


Nodes = 9
Root node bound = 1770.930
Maximum value = 1752
Solution = ( 5 8 9 10 11 12 13 14 16 17 19 21 23 24 25 26 28 29 30 36 37 38 39 40 42 43 44 45 46 50 51 52 53 55 56 57 58 59 62 64 65 66 67 72 74 78 80 81 82 86 88 90 91 95 96 )
CPU time = 31.85 s

