Input file: ./Instances/rudy/w05_100.6

Graph has 100 vertices and 2475 edges.

BiqBin parameters:
    init_bundle_iter = 5
     max_bundle_iter = 20
      min_outer_iter = 10
      max_outer_iter = 30
       violated_Ineq = 0.050000
             TriIneq = 500
         Pent_Trials = 160
        Hepta_Trials = 120
        include_Pent = 1
       include_Hepta = 1
                root = 0
            use_diff = 1
          time_limit = 0
   branchingStrategy = 1
      detailedOutput = 1

**************************************************************************************************************************
                                               Node 1
**************************************************************************************************************************
Problem size 100
Fixed variables:
Node 1 Feasible solution 1465
==========================================================================================================================
starting bound     cut  triangles added  violation
       1747.93    1465              500       0.50
==========================================================================================================================
iter     time      bound  bdl   viol3  triag  purged   added   viol5  penta  purged   added   viol7  hepta  purged   added
==========================================================================================================================
Node 1 Feasible solution 1472
   1     0.06    1660.43    4   4e-01    804    -184   +488   
Node 1 Feasible solution 1479
   2     0.12    1627.57    6   4e-01   1110    -168   +474   
   3     0.30    1601.08    8   3e-01   1223    -314   +427    7e-01    480    -0     +480    7e-01    471    -0     +471  
   4     0.50    1581.34   13   2e-01   1300    -285   +362    7e-01    746    -183   +449    6e-01    563    -297   +389  
   5     0.70    1565.74   18   2e-01   1351    -281   +332    6e-01    843    -287   +384    5e-01    524    -310   +271  
   6     0.92    1557.18   19   2e-01   1259    -224   +132    5e-01    982    -206   +345    5e-01    568    -192   +236  
   7     1.14    1550.57   21   1e-01   1139    -203   +83     5e-01   1011    -241   +270    5e-01    534    -199   +165  
   8     1.38    1545.02   24   1e-01   1036    -163   +60     4e-01   1029    -207   +225    4e-01    494    -159   +119  
   9     1.62    1541.37   28   1e-01   1012    -95    +71     4e-01   1109    -160   +240    5e-01    514    -116   +136  
  10     1.88    1538.05   21   1e-01    975    -77    +40     5e-01   1177    -151   +219    4e-01    531    -90    +107  
  11     2.14    1534.93   24   9e-02    938    -70    +33     4e-01   1214    -141   +178    3e-01    542    -80    +91   
  12     2.42    1531.22   30   6e-02    857    -82    +1      4e-01   1203    -135   +124    3e-01    519    -100   +77   
  13     2.59    1529.26   29   6e-02    857    -0     +0      4e-01   1203    -0     +0      3e-01    519    -0     +0    
==========================================================================================================================
BOUNDING STOPPED: Gap to big!
==========================================================================================================================
Depth = 0, Bound = 1529.26, Best = 1479

Branching on x[71] = 0.50
Fixing x[71] = 0

**************************************************************************************************************************
                                               Node 2
**************************************************************************************************************************
Problem size 99
Fixed variables: (x[71],0)
==========================================================================================================================
BOUNDING STOPPED: Gap to big!
==========================================================================================================================
Depth = 1, Bound = 1730.14, Best = 1479

Fixing x[71] = 1

**************************************************************************************************************************
                                               Node 3
**************************************************************************************************************************
Problem size 99
Fixed variables: (x[71],1)
==========================================================================================================================
BOUNDING STOPPED: Gap to big!
==========================================================================================================================
Depth = 1, Bound = 1733.10, Best = 1479

Branching on x[73] = 0.51
Fixing x[73] = 0

**************************************************************************************************************************
                                               Node 4
**************************************************************************************************************************
Problem size 98
Fixed variables: (x[71],1) (x[73],0)
==========================================================================================================================
BOUNDING STOPPED: Gap to big!
==========================================================================================================================
Depth = 2, Bound = 1717.80, Best = 1479

Fixing x[73] = 1

**************************************************************************************************************************
                                               Node 5
**************************************************************************************************************************
Problem size 98
Fixed variables: (x[71],1) (x[73],1)
==========================================================================================================================
BOUNDING STOPPED: Gap to big!
==========================================================================================================================
Depth = 2, Bound = 1719.75, Best = 1479

Branching on x[79] = 0.50
Fixing x[79] = 0

**************************************************************************************************************************
                                               Node 6
**************************************************************************************************************************
Problem size 98
Fixed variables: (x[71],0) (x[79],0)
==========================================================================================================================
BOUNDING STOPPED: Gap to big!
==========================================================================================================================
Depth = 2, Bound = 1707.48, Best = 1479

Fixing x[79] = 1

**************************************************************************************************************************
                                               Node 7
**************************************************************************************************************************
Problem size 98
Fixed variables: (x[71],0) (x[79],1)
==========================================================================================================================
BOUNDING STOPPED: Gap to big!
==========================================================================================================================
Depth = 2, Bound = 1708.18, Best = 1479

Branching on x[92] = 0.50
Fixing x[92] = 0

**************************************************************************************************************************
                                               Node 8
**************************************************************************************************************************
Problem size 97
Fixed variables: (x[71],1) (x[73],1) (x[92],0)
==========================================================================================================================
BOUNDING STOPPED: Gap to big!
==========================================================================================================================
Depth = 3, Bound = 1707.19, Best = 1479

Fixing x[92] = 1

**************************************************************************************************************************
                                               Node 9
**************************************************************************************************************************
Problem size 97
Fixed variables: (x[71],1) (x[73],1) (x[92],1)
==========================================================================================================================
BOUNDING STOPPED: Gap to big!
==========================================================================================================================
Depth = 3, Bound = 1708.68, Best = 1479

Branching on x[68] = 0.50
Fixing x[68] = 0

**************************************************************************************************************************
                                               Node 10
**************************************************************************************************************************
Problem size 97
Fixed variables: (x[68],0) (x[71],1) (x[73],0)
==========================================================================================================================
BOUNDING STOPPED: Gap to big!
==========================================================================================================================
Depth = 3, Bound = 1698.90, Best = 1479

Fixing x[68] = 1

**************************************************************************************************************************
                                               Node 11
**************************************************************************************************************************
Problem size 97
Fixed variables: (x[68],1) (x[71],1) (x[73],0)
==========================================================================================================================
starting bound     cut  triangles added  violation
       1696.57    1479              500       0.49
==========================================================================================================================
iter     time      bound  bdl   viol3  triag  purged   added   viol5  penta  purged   added   viol7  hepta  purged   added
==========================================================================================================================
   1     2.72    1611.63    4   4e-01    794    -185   +479   
   2     2.78    1572.78    7   4e-01   1037    -226   +469   
   3     2.85    1548.62    8   3e-01   1203    -265   +431   
   4     3.03    1532.18    7   2e-01   1306    -224   +327    6e-01    464    -0     +464    6e-01    394    -0     +394  
   5     3.22    1521.36   12   2e-01   1368    -275   +337    5e-01    674    -198   +408    6e-01    480    -223   +309  
   6     3.43    1513.58   12   2e-01   1220    -273   +125    6e-01    807    -194   +327    5e-01    490    -204   +214  
   7     3.63    1506.44   14   2e-01   1211    -167   +158    6e-01    889    -217   +299    5e-01    526    -156   +192  
   8     3.85    1499.90   21   1e-01   1035    -206   +30     4e-01    901    -196   +208    5e-01    464    -190   +128  
   9     4.09    1495.62   19   1e-01   1029    -90    +84     4e-01    986    -137   +222    5e-01    469    -107   +112  
  10     4.34    1491.35   25   8e-02    926    -120   +17     4e-01    991    -167   +172    4e-01    435    -118   +84   
  11     4.59    1488.24   27   8e-02    887    -64    +25     3e-01   1051    -88    +148    4e-01    446    -65    +76   
  12     4.85    1485.44   30   1e-01    857    -48    +18     3e-01   1095    -114   +158    3e-01    443    -63    +60   
  13     5.12    1483.61   26   1e-01    858    -39    +40     4e-01   1172    -89    +166    5e-01    467    -39    +63   
  14     5.41    1482.10   28   8e-02    832    -46    +20     3e-01   1189    -100   +117    3e-01    456    -58    +47   
  15     5.69    1480.23   32   7e-02    806    -36    +10     4e-01   1191    -92    +94     3e-01    451    -42    +37   
  16     5.71    1479.93   31   7e-02    806    -0     +0      4e-01   1191    -0     +0      3e-01    451    -0     +0    
==========================================================================================================================
Prune!
==========================================================================================================================
Depth = 3, Bound = 1479.93, Best = 1479

Branching on x[44] = 0.50
Fixing x[44] = 0

**************************************************************************************************************************
                                               Node 12
**************************************************************************************************************************
Problem size 96
Fixed variables: (x[44],0) (x[71],1) (x[73],1) (x[92],1)
==========================================================================================================================
starting bound     cut  triangles added  violation
       1688.64    1479              500       0.49
==========================================================================================================================
iter     time      bound  bdl   viol3  triag  purged   added   viol5  penta  purged   added   viol7  hepta  purged   added
==========================================================================================================================
   1     5.77    1599.80    3   5e-01    827    -163   +490   
   2     5.82    1563.78    7   4e-01   1051    -253   +477   
   3     5.88    1543.28    6   4e-01   1200    -298   +447   
   4     5.95    1529.20   10   3e-01   1342    -297   +439   
   5     6.15    1514.88   14   2e-01   1379    -315   +352    6e-01    458    -0     +458    6e-01    410    -0     +410  
   6     6.36    1504.31   15   2e-01   1427    -250   +298    6e-01    711    -150   +403    6e-01    502    -224   +316  
   7     6.57    1497.39   19   2e-01   1327    -250   +150    5e-01    874    -195   +358    5e-01    571    -191   +260  
   8     6.79    1490.63   19   1e-01   1179    -205   +57     4e-01    922    -224   +272    4e-01    514    -222   +165  
   9     7.02    1486.05   24   1e-01   1141    -130   +92     5e-01   1006    -165   +249    4e-01    537    -126   +149  
  10     7.27    1482.02   22   1e-01   1057    -108   +24     4e-01   1047    -173   +214    4e-01    523    -127   +113  
  11     7.40    1478.92   26   1e-01   1057    -0     +0      4e-01   1047    -0     +0      4e-01    523    -0     +0    
==========================================================================================================================
Prune!
==========================================================================================================================
Depth = 4, Bound = 1478.92, Best = 1479

Fixing x[44] = 1

**************************************************************************************************************************
                                               Node 13
**************************************************************************************************************************
Problem size 96
Fixed variables: (x[44],1) (x[71],1) (x[73],1) (x[92],1)
==========================================================================================================================
starting bound     cut  triangles added  violation
       1689.00    1479              500       0.50
==========================================================================================================================
iter     time      bound  bdl   viol3  triag  purged   added   viol5  penta  purged   added   viol7  hepta  purged   added
==========================================================================================================================
   1     7.45    1601.83    4   4e-01    826    -158   +484   
   2     7.50    1555.94    6   4e-01   1069    -206   +449   
   3     7.56    1539.43    8   4e-01   1328    -204   +463   
   4     7.75    1521.33    8   3e-01   1370    -373   +415    7e-01    478    -0     +478    7e-01    466    -0     +466  
   5     7.95    1508.30   13   2e-01   1439    -293   +362    6e-01    736    -201   +459    5e-01    586    -259   +379  
   6     8.15    1500.55   15   2e-01   1289    -307   +157    6e-01    849    -238   +351    6e-01    549    -288   +251  
   7     8.36    1493.01   20   1e-01   1218    -171   +100    4e-01    915    -223   +289    4e-01    542    -194   +187  
   8     8.58    1488.07   17   1e-01   1124    -151   +57     4e-01   1000    -184   +269    5e-01    569    -146   +173  
   9     8.82    1483.09   23   9e-02   1037    -111   +24     5e-01   1068    -173   +241    4e-01    550    -138   +119  
  10     8.94    1478.87   21   9e-02   1037    -0     +0      5e-01   1068    -0     +0      4e-01    550    -0     +0    
==========================================================================================================================
Prune!
==========================================================================================================================
Depth = 4, Bound = 1478.87, Best = 1479

Branching on x[10] = 0.50
Fixing x[10] = 0

**************************************************************************************************************************
                                               Node 14
**************************************************************************************************************************
Problem size 97
Fixed variables: (x[10],0) (x[71],0) (x[79],1)
==========================================================================================================================
starting bound     cut  triangles added  violation
       1693.64    1479              500       0.49
==========================================================================================================================
iter     time      bound  bdl   viol3  triag  purged   added   viol5  penta  purged   added   viol7  hepta  purged   added
==========================================================================================================================
   1     8.99    1623.64    4   4e-01    874    -102   +476   
   2     9.05    1585.05    5   4e-01   1086    -267   +479   
   3     9.25    1563.07    7   3e-01   1274    -268   +456    8e-01    480    -0     +480    8e-01    480    -0     +480  
   4     9.45    1544.58   10   2e-01   1368    -260   +354    7e-01    803    -155   +478    8e-01    715    -235   +470  
   5     9.66    1530.61   13   2e-01   1436    -290   +358    5e-01   1004    -260   +461    7e-01    797    -332   +414  
   6     9.90    1519.70   16   2e-01   1298    -333   +195    5e-01   1089    -322   +407    5e-01    798    -327   +328  
   7    10.14    1511.95   19   1e-01   1172    -208   +82     5e-01   1210    -228   +349    5e-01    788    -258   +248  
   8    10.39    1505.32   21   1e-01   1103    -155   +86     4e-01   1305    -264   +359    5e-01    826    -232   +270  
   9    10.66    1501.14   24   1e-01    990    -153   +40     4e-01   1362    -232   +289    4e-01    785    -221   +180  
  10    10.93    1496.52   22   1e-01    993    -77    +80     3e-01   1446    -223   +307    4e-01    855    -142   +212  
  11    11.21    1494.46   26   1e-01    946    -90    +43     4e-01   1534    -214   +302    4e-01    905    -159   +209  
  12    11.51    1491.19   28   9e-02    897    -76    +27     3e-01   1548    -236   +250    4e-01    868    -183   +146  
  13    11.82    1489.82   27   7e-02    869    -37    +9      4e-01   1619    -151   +222    4e-01    919    -86    +137  
  14    12.14    1488.12   29   1e-01    856    -40    +27     4e-01   1665    -173   +219    4e-01    950    -104   +135  
  15    12.46    1486.08   29   7e-02    813    -45    +2      3e-01   1683    -152   +170    4e-01    973    -106   +129  
  16    12.80    1484.11   34   6e-02    779    -37    +3      3e-01   1697    -124   +138    3e-01    971    -100   +98   
  17    13.16    1482.69   36   8e-02    759    -24    +4      3e-01   1726    -117   +146    4e-01    981    -84    +94   
  18    13.50    1481.78   34   5e-02    740    -20    +1      3e-01   1767    -85    +126    3e-01    994    -73    +86   
  19    13.86    1480.76   35   5e-02    712    -28    +0      3e-01   1805    -90    +128    4e-01   1033    -58    +97   
  20    14.22    1480.13   36   6e-02    709    -8     +5      2e-01   1866    -63    +124    3e-01   1066    -55    +88   
  21    14.29    1479.97   33   6e-02    709    -0     +0      2e-01   1866    -0     +0      3e-01   1066    -0     +0    
==========================================================================================================================
Prune!
==========================================================================================================================
Depth = 3, Bound = 1479.97, Best = 1479

Fixing x[10] = 1

**************************************************************************************************************************
                                               Node 15
**************************************************************************************************************************
Problem size 97
Fixed variables: (x[10],1) (x[71],0) (x[79],1)
==========================================================================================================================
starting bound     cut  triangles added  violation
       1690.35    1479              500       0.50
==========================================================================================================================
iter     time      bound  bdl   viol3  triag  purged   added   viol5  penta  purged   added   viol7  hepta  purged   added
==========================================================================================================================
   1    14.34    1614.45    3   4e-01    846    -134   +480   
   2    14.40    1571.37    5   3e-01   1017    -310   +481   
   3    14.47    1550.27    6   3e-01   1235    -231   +449   
   4    14.66    1535.53   10   3e-01   1305    -341   +411    7e-01    470    -0     +470    6e-01    441    -0     +441  
   5    14.87    1523.70   14   2e-01   1382    -279   +356    6e-01    745    -184   +459    6e-01    608    -233   +400  
   6    15.08    1514.48   17   1e-01   1186    -295   +99     5e-01    799    -289   +343    5e-01    515    -323   +230  
   7    15.30    1506.70   21   1e-01   1159    -185   +158    4e-01    952    -167   +320    5e-01    582    -152   +219  
   8    15.54    1501.31   22   1e-01   1056    -164   +61     5e-01   1026    -208   +282    4e-01    568    -178   +164  
   9    15.79    1495.77   27   1e-01    944    -137   +25     4e-01   1067    -200   +241    4e-01    541    -154   +127  
  10    16.04    1493.74   19   2e-01   1039    -61    +156    4e-01   1268    -120   +321    4e-01    652    -93    +204  
  11    16.31    1490.68   25   1e-01    942    -133   +36     4e-01   1270    -233   +235    5e-01    634    -156   +138  
  12    16.58    1488.06   27   7e-02    863    -89    +10     4e-01   1275    -159   +164    4e-01    617    -118   +101  
  13    16.86    1486.14   26   9e-02    833    -49    +19     3e-01   1335    -104   +164    5e-01    616    -79    +78   
  14    17.15    1483.56   28   8e-02    783    -63    +13     3e-01   1358    -125   +148    4e-01    605    -85    +74   
  15    17.45    1481.88   33   9e-02    776    -24    +17     4e-01   1389    -95    +126    3e-01    606    -58    +59   
  16    17.77    1480.50   31   6e-02    752    -29    +5      4e-01   1396    -100   +107    3e-01    625    -54    +73   
  17    17.86    1479.90   33   6e-02    752    -0     +0      4e-01   1396    -0     +0      3e-01    625    -0     +0    
==========================================================================================================================
Prune!
==========================================================================================================================
Depth = 3, Bound = 1479.90, Best = 1479

Branching on x[58] = 0.50
Fixing x[58] = 0

**************************************************************************************************************************
                                               Node 16
**************************************************************************************************************************
Problem size 97
Fixed variables: (x[58],0) (x[71],0) (x[79],0)
==========================================================================================================================
starting bound     cut  triangles added  violation
       1694.92    1479              500       0.50
==========================================================================================================================
iter     time      bound  bdl   viol3  triag  purged   added   viol5  penta  purged   added   viol7  hepta  purged   added
==========================================================================================================================
   1    17.92    1622.98    3   4e-01    845    -144   +489   
   2    17.98    1587.21    8   4e-01   1042    -271   +468   
   3    18.05    1564.55    9   3e-01   1291    -198   +447   
   4    18.25    1549.67    9   3e-01   1351    -368   +428    7e-01    480    -0     +480    8e-01    480    -0     +480  
   5    18.48    1535.65   12   2e-01   1424    -304   +377    7e-01    771    -187   +478    6e-01    720    -228   +468  
   6    18.71    1523.20   14   1e-01   1260    -335   +171    5e-01    952    -241   +422    6e-01    721    -371   +372  
   7    18.95    1515.48   16   2e-01   1428    -199   +367    5e-01   1157    -240   +445    6e-01    910    -218   +407  
   8    19.20    1510.20   22   8e-02   1075    -370   +17     4e-01   1125    -335   +303    5e-01    828    -324   +242  
   9    19.47    1507.92   16   2e-01   1387    -95    +407    5e-01   1432    -155   +462    5e-01   1115    -139   +426  
  10    19.76    1504.31   20   9e-02   1035    -366   +14     4e-01   1346    -382   +296    4e-01    992    -363   +240  
  11    20.05    1500.41   24   8e-02    920    -122   +7      3e-01   1426    -208   +288    4e-01    962    -228   +198  
  12    20.35    1497.36   22   2e-01   1024    -59    +163    4e-01   1633    -180   +387    4e-01   1119    -155   +312  
  13    20.67    1494.79   23   9e-02    942    -132   +50     4e-01   1720    -273   +360    4e-01   1128    -274   +283  
  14    21.01    1493.31   28   8e-02    892    -62    +12     4e-01   1738    -251   +269    3e-01   1161    -189   +222  
  15    21.36    1491.19   31   7e-02    825    -68    +1      3e-01   1681    -225   +168    4e-01   1096    -188   +123  
  16    21.71    1489.58   26   1e-01    883    -40    +98     3e-01   1889    -145   +353    4e-01   1238    -109   +251  
  17    22.09    1487.85   30   6e-02    806    -79    +2      3e-01   1797    -294   +202    4e-01   1188    -238   +188  
  18    22.45    1486.93   29   6e-02    788    -27    +9      2e-01   1891    -117   +211    3e-01   1259    -87    +158  
  19    22.82    1486.26   30   6e-02    771    -18    +1      2e-01   1895    -145   +149    3e-01   1299    -88    +128  
  20    23.19    1485.29   32   9e-02    756    -16    +1      3e-01   1936    -117   +158    3e-01   1360    -105   +166  
  21    23.56    1484.49   33   5e-02    742    -14    +0      3e-01   2018    -79    +161    3e-01   1395    -85    +120  
  22    23.95    1483.90   32   5e-02    725    -17    +0      2e-01   2093    -91    +166    3e-01   1438    -86    +129  
  23    24.17    1483.46   26   5e-02    725    -0     +0      2e-01   2093    -0     +0      3e-01   1438    -0     +0    
==========================================================================================================================
BOUNDING STOPPED: Gap to big!
==========================================================================================================================
Depth = 3, Bound = 1483.46, Best = 1479

Fixing x[58] = 1

**************************************************************************************************************************
                                               Node 17
**************************************************************************************************************************
Problem size 97
Fixed variables: (x[58],1) (x[71],0) (x[79],0)
==========================================================================================================================
starting bound     cut  triangles added  violation
       1695.73    1479              500       0.49
==========================================================================================================================
iter     time      bound  bdl   viol3  triag  purged   added   viol5  penta  purged   added   viol7  hepta  purged   added
==========================================================================================================================
   1    24.22    1615.43    5   4e-01    822    -163   +485   
   2    24.28    1577.94    5   4e-01   1080    -207   +465   
   3    24.47    1555.26    7   3e-01   1304    -233   +457    7e-01    480    -0     +480    8e-01    480    -0     +480  
   4    24.67    1538.59   11   2e-01   1346    -339   +381    6e-01    735    -220   +475    6e-01    654    -287   +461  
   5    24.88    1525.54   15   2e-01   1391    -293   +338    6e-01    964    -232   +461    6e-01    772    -300   +418  
   6    25.11    1514.45   19   1e-01   1226    -316   +151    5e-01   1039    -306   +381    5e-01    724    -351   +303  
   7    25.35    1510.21   16   1e-01   1138    -162   +74     6e-01   1173    -210   +344    5e-01    742    -211   +229  
   8    25.59    1504.14   18   1e-01   1085    -155   +102    4e-01   1274    -263   +364    4e-01    808    -211   +277  
   9    25.85    1500.17   22   9e-02   1023    -94    +32     4e-01   1373    -212   +311    5e-01    813    -204   +209  
  10    26.12    1496.87   20   1e-01   1090    -96    +163    4e-01   1554    -197   +378    5e-01    955    -157   +299  
  11    26.42    1491.82   25   8e-02    926    -174   +10     4e-01   1439    -358   +243    4e-01    854    -264   +163  
  12    26.71    1490.09   29   6e-02    853    -74    +1      4e-01   1416    -176   +153    3e-01    858    -128   +132  
  13    27.02    1487.67   26   8e-02    834    -35    +16     3e-01   1527    -111   +222    4e-01    952    -73    +167  
  14    27.34    1486.64   23   1e-01    834    -18    +18     2e-01   1600    -137   +210    3e-01   1009    -101   +158  
  15    27.66    1484.84   31   5e-02    800    -37    +3      3e-01   1553    -180   +133    5e-01   1002    -134   +127  
  16    28.00    1483.28   31   7e-02    795    -17    +12     2e-01   1638    -83    +168    4e-01   1045    -77    +120  
  17    28.36    1482.10   29   1e-01    798    -21    +24     4e-01   1751    -105   +218    4e-01   1142    -70    +167  
  18    28.71    1480.59   31   7e-02    767    -32    +1      3e-01   1730    -158   +137    3e-01   1121    -130   +109  
  19    28.87    1479.88   36   7e-02    767    -0     +0      3e-01   1730    -0     +0      3e-01   1121    -0     +0    
==========================================================================================================================
Prune!
==========================================================================================================================
Depth = 3, Bound = 1479.88, Best = 1479

Branching on x[0] = 0.50
Fixing x[0] = 0

**************************************************************************************************************************
                                               Node 18
**************************************************************************************************************************
Problem size 96
Fixed variables: (x[0],0) (x[71],1) (x[73],1) (x[92],0)
==========================================================================================================================
starting bound     cut  triangles added  violation
       1685.15    1479              500       0.49
==========================================================================================================================
iter     time      bound  bdl   viol3  triag  purged   added   viol5  penta  purged   added   viol7  hepta  purged   added
==========================================================================================================================
   1    28.92    1594.80    4   4e-01    847    -135   +482   
   2    28.98    1560.23    4   4e-01   1154    -173   +480   
   3    29.04    1538.61    8   3e-01   1191    -383   +420   
   4    29.22    1518.98    8   3e-01   1383    -229   +421    7e-01    478    -0     +478    6e-01    461    -0     +461  
   5    29.42    1507.57   13   2e-01   1389    -338   +344    6e-01    694    -224   +440    5e-01    519    -303   +361  
   6    29.63    1498.35   18   2e-01   1327    -272   +210    5e-01    796    -235   +337    4e-01    502    -258   +241  
   7    29.84    1490.41   22   1e-01   1156    -250   +79     5e-01    891    -202   +297    5e-01    487    -193   +178  
   8    30.06    1485.54   20   9e-02   1064    -124   +32     4e-01    997    -165   +271    4e-01    500    -115   +128  
   9    30.29    1481.32   20   1e-01   1032    -94    +62     4e-01   1091    -146   +240    4e-01    513    -110   +123  
  10    30.33    1479.58   22   1e-01   1032    -0     +0      4e-01   1091    -0     +0      4e-01    513    -0     +0    
==========================================================================================================================
Prune!
==========================================================================================================================
Depth = 4, Bound = 1479.58, Best = 1479

Fixing x[0] = 1

**************************************************************************************************************************
                                               Node 19
**************************************************************************************************************************
Problem size 96
Fixed variables: (x[0],1) (x[71],1) (x[73],1) (x[92],0)
==========================================================================================================================
starting bound     cut  triangles added  violation
       1683.96    1479              500       0.49
==========================================================================================================================
iter     time      bound  bdl   viol3  triag  purged   added   viol5  penta  purged   added   viol7  hepta  purged   added
==========================================================================================================================
   1    30.38    1595.78    5   5e-01    859    -129   +488   
   2    30.44    1566.86    8   3e-01   1081    -229   +451   
   3    30.61    1542.86   10   3e-01   1244    -238   +401    7e-01    480    -0     +480    7e-01    467    -0     +467  
   4    30.80    1521.33   10   2e-01   1353    -279   +388    6e-01    738    -210   +468    6e-01    619    -279   +431  
   5    31.00    1508.71   13   2e-01   1393    -273   +313    5e-01    898    -249   +409    6e-01    576    -356   +313  
   6    31.20    1500.52   17   1e-01   1269    -228   +104    4e-01    987    -240   +329    6e-01    599    -205   +228  
   7    31.41    1492.21   20   1e-01   1101    -234   +66     4e-01    991    -256   +260    5e-01    542    -233   +176  
   8    31.64    1489.18   23   1e-01   1065    -109   +73     5e-01   1082    -184   +275    5e-01    578    -135   +171  
   9    31.87    1485.05   22   8e-02    972    -118   +25     5e-01   1096    -192   +206    4e-01    568    -127   +117  
  10    32.12    1482.15   21   1e-01    978    -71    +77     5e-01   1214    -121   +239    4e-01    652    -81    +165  
  11    32.19    1479.85   25   1e-01    978    -0     +0      5e-01   1214    -0     +0      4e-01    652    -0     +0    
==========================================================================================================================
Prune!
==========================================================================================================================
Depth = 4, Bound = 1479.85, Best = 1479

Branching on x[96] = 0.49
Fixing x[96] = 0

**************************************************************************************************************************
                                               Node 20
**************************************************************************************************************************
Problem size 96
Fixed variables: (x[68],0) (x[71],1) (x[73],0) (x[96],0)
==========================================================================================================================
starting bound     cut  triangles added  violation
       1690.62    1479              500       0.50
==========================================================================================================================
iter     time      bound  bdl   viol3  triag  purged   added   viol5  penta  purged   added   viol7  hepta  purged   added
==========================================================================================================================
   1    32.24    1601.26    5   4e-01    815    -172   +487   
   2    32.29    1560.06    7   3e-01   1041    -240   +466   
   3    32.35    1535.38    6   3e-01   1281    -195   +435   
   4    32.53    1519.41    7   3e-01   1390    -305   +414    7e-01    476    -0     +476    6e-01    451    -0     +451  
   5    32.73    1507.26   12   2e-01   1426    -305   +341    5e-01    678    -225   +427    6e-01    495    -300   +344  
   6    32.93    1497.23   16   2e-01   1207    -333   +114    5e-01    732    -259   +313    4e-01    440    -264   +209  
   7    33.14    1490.45   19   1e-01   1177    -164   +134    4e-01    857    -162   +287    4e-01    450    -154   +164  
   8    33.36    1485.18   22   1e-01   1071    -174   +68     4e-01    907    -211   +261    4e-01    464    -129   +143  
   9    33.45    1479.77   26   1e-01   1071    -0     +0      4e-01    907    -0     +0      4e-01    464    -0     +0    
==========================================================================================================================
Prune!
==========================================================================================================================
Depth = 4, Bound = 1479.77, Best = 1479

Fixing x[96] = 1

**************************************************************************************************************************
                                               Node 21
**************************************************************************************************************************
Problem size 96
Fixed variables: (x[68],0) (x[71],1) (x[73],0) (x[96],1)
==========================================================================================================================
starting bound     cut  triangles added  violation
       1688.68    1479              500       0.50
==========================================================================================================================
iter     time      bound  bdl   viol3  triag  purged   added   viol5  penta  purged   added   viol7  hepta  purged   added
==========================================================================================================================
   1    33.50    1611.95    5   4e-01    827    -159   +486   
   2    33.55    1567.52    5   4e-01   1166    -137   +476   
   3    33.61    1548.96    8   4e-01   1315    -302   +451   
   4    33.81    1534.01    7   3e-01   1382    -348   +415    7e-01    480    -0     +480    7e-01    475    -0     +475  
   5    34.04    1518.86   13   2e-01   1447    -322   +387    6e-01    771    -182   +473    6e-01    645    -263   +433  
   6    34.27    1510.39   16   2e-01   1440    -307   +300    5e-01    918    -271   +418    5e-01    692    -300   +347  
   7    34.51    1500.76   20   1e-01   1233    -273   +66     5e-01   1010    -259   +351    6e-01    692    -248   +248  
   8    34.76    1494.35   22   1e-01   1100    -177   +44     4e-01   1071    -231   +292    4e-01    669    -208   +185  
   9    35.00    1489.99   21   1e-01   1233    -95    +228    4e-01   1266    -166   +361    5e-01    784    -139   +254  
  10    35.27    1487.80   25   1e-01   1061    -207   +35     4e-01   1253    -300   +287    4e-01    747    -212   +175  
  11    35.54    1483.16   27   1e-01    994    -120   +53     4e-01   1340    -183   +270    4e-01    757    -148   +158  
  12    35.81    1480.04   25   7e-02    901    -105   +12     4e-01   1314    -202   +176    4e-01    720    -158   +121  
  13    35.86    1479.28   28   7e-02    901    -0     +0      4e-01   1314    -0     +0      4e-01    720    -0     +0    
==========================================================================================================================
Prune!
==========================================================================================================================
Depth = 4, Bound = 1479.28, Best = 1479

Branching on x[84] = 0.50
Fixing x[84] = 0

**************************************************************************************************************************
                                               Node 22
**************************************************************************************************************************
Problem size 96
Fixed variables: (x[58],0) (x[71],0) (x[79],0) (x[84],0)
==========================================================================================================================
starting bound     cut  triangles added  violation
       1687.49    1479              500       0.50
==========================================================================================================================
iter     time      bound  bdl   viol3  triag  purged   added   viol5  penta  purged   added   viol7  hepta  purged   added
==========================================================================================================================
   1    35.91    1609.85    4   4e-01    824    -159   +483   
   2    35.96    1577.20    4   4e-01   1133    -170   +479   
   3    36.02    1555.92    6   3e-01   1203    -375   +445   
   4    36.22    1539.27   10   3e-01   1401    -242   +440    7e-01    480    -0     +480    7e-01    479    -0     +479  
   5    36.43    1524.52   14   2e-01   1392    -355   +346    6e-01    733    -209   +462    6e-01    691    -230   +442  
   6    36.66    1515.33   17   1e-01   1358    -270   +236    5e-01    996    -177   +440    6e-01    821    -275   +405  
   7    36.90    1507.09   19   1e-01   1215    -254   +111    5e-01   1169    -223   +396    6e-01    856    -289   +324  
   8    37.15    1503.20   19   2e-01   1411    -133   +329    5e-01   1399    -224   +454    5e-01   1066    -199   +409  
   9    37.42    1497.44   21   8e-02   1107    -343   +39     4e-01   1339    -368   +308    5e-01    938    -361   +233  
  10    37.70    1494.48   22   9e-02    983    -143   +19     4e-01   1390    -229   +280    4e-01    960    -201   +223  
  11    37.99    1489.90   22   1e-01    945    -77    +39     3e-01   1535    -191   +336    4e-01   1070    -178   +288  
  12    38.29    1488.53   21   1e-01    928    -59    +42     4e-01   1594    -212   +271    4e-01   1088    -193   +211  
  13    38.60    1486.03   25   1e-01    940    -56    +68     4e-01   1721    -220   +347    4e-01   1187    -189   +288  
  14    38.94    1483.57   25   7e-02    882    -66    +8      4e-01   1711    -244   +234    4e-01   1213    -196   +222  
  15    39.28    1481.77   27   5e-02    856    -27    +1      3e-01   1732    -127   +148    3e-01   1220    -151   +158  
  16    39.63    1481.05   25   1e-01    892    -22    +58     3e-01   1988    -97    +353    4e-01   1452    -98    +330  
  17    39.80    1479.98   28   1e-01    892    -0     +0      3e-01   1988    -0     +0      4e-01   1452    -0     +0    
==========================================================================================================================
Prune!
==========================================================================================================================
Depth = 4, Bound = 1479.98, Best = 1479

Fixing x[84] = 1

**************************************************************************************************************************
                                               Node 23
**************************************************************************************************************************
Problem size 96
Fixed variables: (x[58],0) (x[71],0) (x[79],0) (x[84],1)
==========================================================================================================================
starting bound     cut  triangles added  violation
       1684.58    1479              500       0.49
==========================================================================================================================
iter     time      bound  bdl   viol3  triag  purged   added   viol5  penta  purged   added   viol7  hepta  purged   added
==========================================================================================================================
   1    39.85    1612.01    3   5e-01    819    -150   +469   
   2    39.90    1578.32    4   4e-01   1097    -201   +479   
   3    39.97    1557.21    8   4e-01   1257    -294   +454   
   4    40.04    1540.33    8   3e-01   1344    -395   +482   
   5    40.24    1526.85    9   2e-01   1456    -275   +387    6e-01    478    -0     +478    6e-01    475    -0     +475  
   6    40.46    1516.99   15   1e-01   1356    -322   +222    5e-01    787    -145   +454    6e-01    701    -206   +432  
   7    40.70    1507.14   16   2e-01   1514    -215   +373    5e-01   1059    -193   +465    6e-01    906    -245   +450  
   8    40.96    1500.84   22   1e-01   1234    -386   +106    5e-01   1139    -334   +414    5e-01    848    -383   +325  
   9    41.22    1497.98   12   1e-01   1123    -151   +40     4e-01   1293    -206   +360    5e-01    964    -193   +309  
  10    41.49    1493.08   15   1e-01   1123    -99    +99     5e-01   1476    -219   +402    5e-01   1144    -196   +376  
  11    41.78    1489.53   19   1e-01   1065    -144   +86     4e-01   1505    -335   +364    5e-01   1082    -339   +277  
  12    42.08    1487.56   18   1e-01   1008    -107   +50     4e-01   1574    -277   +346    5e-01   1169    -207   +294  
  13    42.40    1485.68   22   1e-01    999    -81    +72     3e-01   1735    -208   +369    5e-01   1287    -205   +323  
  14    42.74    1484.00   21   2e-01    951    -79    +31     5e-01   1810    -267   +342    5e-01   1330    -256   +299  
  15    43.09    1482.49   22   8e-02    915    -43    +7      3e-01   1843    -253   +286    4e-01   1373    -226   +269  
  16    43.46    1481.14   27   6e-02    863    -53    +1      2e-01   1806    -241   +204    3e-01   1355    -223   +205  
  17    43.84    1480.61   15   1e-01    972    -15    +124    4e-01   2150    -114   +458    4e-01   1673    -119   +437  
  18    44.25    1480.22   15   2e-01   1108    -106   +242    5e-01   2200    -426   +476    5e-01   1770    -365   +462  
  19    44.34    1479.84   18   2e-01   1108    -0     +0      5e-01   2200    -0     +0      5e-01   1770    -0     +0    
==========================================================================================================================
Prune!
==========================================================================================================================
Depth = 4, Bound = 1479.84, Best = 1479


Nodes = 23
Root node bound = 1529.259
Maximum value = 1479
Solution = ( 1 3 6 9 10 12 13 18 20 21 22 24 29 30 35 36 39 40 42 43 44 45 47 49 50 53 56 61 65 68 69 70 73 74 82 84 85 86 88 91 92 94 95 98 99 )
CPU time = 44.34 s

