Input file: ./Instances/rudy/w05_100.1

Graph has 100 vertices and 2475 edges.

BiqBin parameters:
    init_bundle_iter = 5
     max_bundle_iter = 20
      min_outer_iter = 10
      max_outer_iter = 30
       violated_Ineq = 0.050000
             TriIneq = 500
         Pent_Trials = 160
        Hepta_Trials = 120
        include_Pent = 1
       include_Hepta = 1
                root = 0
            use_diff = 1
          time_limit = 0
   branchingStrategy = 1
      detailedOutput = 1

**************************************************************************************************************************
                                               Node 1
**************************************************************************************************************************
Problem size 100
Fixed variables:
Node 1 Feasible solution 1604
==========================================================================================================================
starting bound     cut  triangles added  violation
       1857.10    1604              500       0.49
==========================================================================================================================
iter     time      bound  bdl   viol3  triag  purged   added   viol5  penta  purged   added   viol7  hepta  purged   added
==========================================================================================================================
   1     0.10    1787.34    4   5e-01    804    -189   +493   
   2     0.18    1754.17    5   4e-01    980    -297   +473   
Node 1 Feasible solution 1606
   3     0.42    1725.82    9   3e-01   1150    -299   +469    7e-01    480    -0     +480    7e-01    474    -0     +474  
   4     0.67    1705.44    8   3e-01   1271    -276   +397    6e-01    716    -223   +459    6e-01    588    -308   +422  
   5     0.89    1694.74   10   2e-01   1340    -346   +415    6e-01    887    -298   +469    6e-01    692    -329   +433  
   6     1.11    1687.91   11   2e-01   1362    -345   +367    6e-01    996    -350   +459    6e-01    708    -379   +395  
   7     1.35    1677.47   14   2e-01   1262    -353   +253    5e-01   1009    -371   +384    4e-01    606    -390   +288  
   8     1.59    1669.95   19   1e-01   1076    -246   +60     6e-01   1004    -260   +255    4e-01    539    -225   +158  
   9     1.84    1665.93   24   1e-01    983    -114   +21     4e-01   1078    -156   +230    4e-01    529    -137   +127  
  10     2.10    1662.35   24   8e-02    913    -80    +10     4e-01   1109    -158   +189    4e-01    550    -101   +122  
  11     2.37    1658.69   25   1e-01    982    -67    +136    4e-01   1274    -119   +284    4e-01    605    -124   +179  
  12     2.66    1655.92   30   1e-01    880    -126   +24     3e-01   1256    -193   +175    5e-01    539    -145   +79   
  13     2.83    1653.90   30   1e-01    880    -0     +0      3e-01   1256    -0     +0      5e-01    539    -0     +0    
==========================================================================================================================
BOUNDING STOPPED: Gap to big!
==========================================================================================================================
Depth = 0, Bound = 1653.90, Best = 1606

Branching on x[76] = 0.50
Fixing x[76] = 0

**************************************************************************************************************************
                                               Node 2
**************************************************************************************************************************
Problem size 99
Fixed variables: (x[76],0)
==========================================================================================================================
BOUNDING STOPPED: Gap to big!
==========================================================================================================================
Depth = 1, Bound = 1841.79, Best = 1606

Fixing x[76] = 1

**************************************************************************************************************************
                                               Node 3
**************************************************************************************************************************
Problem size 99
Fixed variables: (x[76],1)
==========================================================================================================================
BOUNDING STOPPED: Gap to big!
==========================================================================================================================
Depth = 1, Bound = 1844.08, Best = 1606

Branching on x[42] = 0.50
Fixing x[42] = 0

**************************************************************************************************************************
                                               Node 4
**************************************************************************************************************************
Problem size 98
Fixed variables: (x[42],0) (x[76],1)
==========================================================================================================================
BOUNDING STOPPED: Gap to big!
==========================================================================================================================
Depth = 2, Bound = 1825.46, Best = 1606

Fixing x[42] = 1

**************************************************************************************************************************
                                               Node 5
**************************************************************************************************************************
Problem size 98
Fixed variables: (x[42],1) (x[76],1)
==========================================================================================================================
BOUNDING STOPPED: Gap to big!
==========================================================================================================================
Depth = 2, Bound = 1827.21, Best = 1606

Branching on x[48] = 0.50
Fixing x[48] = 0

**************************************************************************************************************************
                                               Node 6
**************************************************************************************************************************
Problem size 98
Fixed variables: (x[48],0) (x[76],0)
==========================================================================================================================
BOUNDING STOPPED: Gap to big!
==========================================================================================================================
Depth = 2, Bound = 1828.12, Best = 1606

Fixing x[48] = 1

**************************************************************************************************************************
                                               Node 7
**************************************************************************************************************************
Problem size 98
Fixed variables: (x[48],1) (x[76],0)
==========================================================================================================================
BOUNDING STOPPED: Gap to big!
==========================================================================================================================
Depth = 2, Bound = 1827.65, Best = 1606

Branching on x[12] = 0.51
Fixing x[12] = 0

**************************************************************************************************************************
                                               Node 8
**************************************************************************************************************************
Problem size 97
Fixed variables: (x[12],0) (x[48],0) (x[76],0)
==========================================================================================================================
BOUNDING STOPPED: Gap to big!
==========================================================================================================================
Depth = 3, Bound = 1818.86, Best = 1606

Fixing x[12] = 1

**************************************************************************************************************************
                                               Node 9
**************************************************************************************************************************
Problem size 97
Fixed variables: (x[12],1) (x[48],0) (x[76],0)
==========================================================================================================================
BOUNDING STOPPED: Gap to big!
==========================================================================================================================
Depth = 3, Bound = 1812.71, Best = 1606

Branching on x[37] = 0.51
Fixing x[37] = 0

**************************************************************************************************************************
                                               Node 10
**************************************************************************************************************************
Problem size 97
Fixed variables: (x[37],0) (x[48],1) (x[76],0)
==========================================================================================================================
BOUNDING STOPPED: Gap to big!
==========================================================================================================================
Depth = 3, Bound = 1818.25, Best = 1606

Fixing x[37] = 1

**************************************************************************************************************************
                                               Node 11
**************************************************************************************************************************
Problem size 97
Fixed variables: (x[37],1) (x[48],1) (x[76],0)
==========================================================================================================================
BOUNDING STOPPED: Gap to big!
==========================================================================================================================
Depth = 3, Bound = 1819.26, Best = 1606

Branching on x[60] = 0.51
Fixing x[60] = 0

**************************************************************************************************************************
                                               Node 12
**************************************************************************************************************************
Problem size 97
Fixed variables: (x[42],1) (x[60],0) (x[76],1)
==========================================================================================================================
BOUNDING STOPPED: Gap to big!
==========================================================================================================================
Depth = 3, Bound = 1814.86, Best = 1606

Fixing x[60] = 1

**************************************************************************************************************************
                                               Node 13
**************************************************************************************************************************
Problem size 97
Fixed variables: (x[42],1) (x[60],1) (x[76],1)
==========================================================================================================================
BOUNDING STOPPED: Gap to big!
==========================================================================================================================
Depth = 3, Bound = 1812.38, Best = 1606

Branching on x[96] = 0.51
Fixing x[96] = 0

**************************************************************************************************************************
                                               Node 14
**************************************************************************************************************************
Problem size 97
Fixed variables: (x[42],0) (x[76],1) (x[96],0)
==========================================================================================================================
BOUNDING STOPPED: Gap to big!
==========================================================================================================================
Depth = 3, Bound = 1814.25, Best = 1606

Fixing x[96] = 1

**************************************************************************************************************************
                                               Node 15
**************************************************************************************************************************
Problem size 97
Fixed variables: (x[42],0) (x[76],1) (x[96],1)
==========================================================================================================================
BOUNDING STOPPED: Gap to big!
==========================================================================================================================
Depth = 3, Bound = 1810.31, Best = 1606

Branching on x[33] = 0.51
Fixing x[33] = 0

**************************************************************************************************************************
                                               Node 16
**************************************************************************************************************************
Problem size 96
Fixed variables: (x[33],0) (x[37],1) (x[48],1) (x[76],0)
==========================================================================================================================
starting bound     cut  triangles added  violation
       1803.40    1606              500       0.49
==========================================================================================================================
iter     time      bound  bdl   viol3  triag  purged   added   viol5  penta  purged   added   viol7  hepta  purged   added
==========================================================================================================================
   1     3.01    1730.71    4   4e-01    829    -144   +473   
   2     3.06    1687.30    5   3e-01   1049    -250   +470   
   3     3.13    1669.05    7   4e-01   1337    -170   +458   
   4     3.31    1654.58    7   2e-01   1385    -364   +412    7e-01    478    -0     +478    6e-01    459    -0     +459  
   5     3.51    1637.89   12   2e-01   1436    -292   +343    6e-01    759    -179   +460    7e-01    602    -254   +397  
   6     3.71    1627.47   15   2e-01   1339    -321   +224    5e-01    942    -230   +413    5e-01    624    -289   +311  
   7     3.93    1619.72   18   1e-01   1172    -279   +112    5e-01   1018    -256   +332    5e-01    574    -267   +217  
   8     4.15    1613.10   22   2e-01   1159    -161   +148    5e-01   1130    -215   +327    5e-01    591    -188   +205  
   9     4.38    1610.21   21   1e-01   1139    -144   +124    4e-01   1245    -208   +323    5e-01    619    -154   +182  
  10     4.51    1606.40   21   1e-01   1139    -0     +0      4e-01   1245    -0     +0      5e-01    619    -0     +0    
==========================================================================================================================
Prune!
==========================================================================================================================
Depth = 4, Bound = 1606.40, Best = 1606

Fixing x[33] = 1

**************************************************************************************************************************
                                               Node 17
**************************************************************************************************************************
Problem size 96
Fixed variables: (x[33],1) (x[37],1) (x[48],1) (x[76],0)
==========================================================================================================================
starting bound     cut  triangles added  violation
       1800.92    1606              500       0.50
==========================================================================================================================
iter     time      bound  bdl   viol3  triag  purged   added   viol5  penta  purged   added   viol7  hepta  purged   added
==========================================================================================================================
   1     4.56    1733.46    4   4e-01    828    -157   +485   
   2     4.61    1692.64    4   4e-01    989    -314   +475   
   3     4.68    1664.14    8   3e-01   1208    -234   +453   
   4     4.85    1649.71   10   3e-01   1317    -302   +411    7e-01    479    -0     +479    7e-01    460    -0     +460  
   5     5.05    1641.38    9   3e-01   1373    -332   +388    7e-01    709    -244   +474    7e-01    618    -290   +448  
   6     5.25    1627.89   12   2e-01   1230    -374   +231    5e-01    799    -313   +403    6e-01    546    -377   +305  
   7     5.46    1618.45   17   2e-01   1081    -219   +70     5e-01    912    -207   +320    5e-01    551    -195   +200  
   8     5.67    1612.97   17   1e-01   1099    -114   +132    5e-01   1011    -193   +292    5e-01    570    -166   +185  
   9     5.90    1609.09   19   1e-01    981    -150   +32     5e-01   1070    -185   +244    4e-01    568    -137   +135  
  10     5.97    1606.90   17   1e-01    981    -0     +0      5e-01   1070    -0     +0      4e-01    568    -0     +0    
==========================================================================================================================
Prune!
==========================================================================================================================
Depth = 4, Bound = 1606.90, Best = 1606

Branching on x[5] = 0.49
Fixing x[5] = 0

**************************************************************************************************************************
                                               Node 18
**************************************************************************************************************************
Problem size 96
Fixed variables: (x[5],0) (x[12],0) (x[48],0) (x[76],0)
==========================================================================================================================
starting bound     cut  triangles added  violation
       1795.19    1606              500       0.50
==========================================================================================================================
iter     time      bound  bdl   viol3  triag  purged   added   viol5  penta  purged   added   viol7  hepta  purged   added
==========================================================================================================================
   1     6.02    1732.48    5   4e-01    827    -162   +489   
   2     6.08    1701.09    5   4e-01   1032    -261   +466   
   3     6.14    1677.79    7   4e-01   1308    -177   +453   
   4     6.34    1661.14    9   3e-01   1394    -352   +438    7e-01    480    -0     +480    8e-01    479    -0     +479  
   5     6.55    1649.42   10   2e-01   1509    -300   +415    7e-01    796    -164   +480    7e-01    754    -204   +479  
   6     6.78    1639.36   13   2e-01   1452    -390   +333    5e-01    960    -306   +470    6e-01    856    -344   +446  
   7     7.01    1630.20   20   2e-01   1276    -319   +143    6e-01   1110    -257   +407    5e-01    885    -314   +343  
   8     7.26    1624.67   22   1e-01   1166    -217   +107    4e-01   1253    -251   +394    5e-01    933    -281   +329  
   9     7.51    1620.66   20   2e-01   1146    -137   +117    5e-01   1380    -258   +385    5e-01    995    -242   +304  
  10     7.78    1617.85   21   1e-01   1076    -122   +52     4e-01   1503    -242   +365    5e-01   1100    -197   +302  
  11     8.06    1613.37   25   7e-02    954    -135   +13     3e-01   1464    -308   +269    4e-01   1031    -290   +221  
  12     8.34    1610.11   23   1e-01    901    -71    +18     3e-01   1531    -178   +245    4e-01   1026    -210   +205  
  13     8.64    1608.29   28   9e-02    900    -47    +46     4e-01   1689    -157   +315    4e-01   1113    -135   +222  
  14     8.72    1606.52   29   9e-02    900    -0     +0      4e-01   1689    -0     +0      4e-01   1113    -0     +0    
==========================================================================================================================
Prune!
==========================================================================================================================
Depth = 4, Bound = 1606.52, Best = 1606

Fixing x[5] = 1

**************************************************************************************************************************
                                               Node 19
**************************************************************************************************************************
Problem size 96
Fixed variables: (x[5],1) (x[12],0) (x[48],0) (x[76],0)
==========================================================================================================================
starting bound     cut  triangles added  violation
       1796.45    1606              500       0.50
==========================================================================================================================
iter     time      bound  bdl   viol3  triag  purged   added   viol5  penta  purged   added   viol7  hepta  purged   added
==========================================================================================================================
   1     8.77    1731.52    4   4e-01    792    -190   +482   
   2     8.83    1689.43    7   4e-01   1066    -206   +480   
   3     8.89    1667.11    7   3e-01   1197    -316   +447   
   4     9.07    1649.01   10   3e-01   1357    -271   +431    7e-01    479    -0     +479    7e-01    472    -0     +472  
   5     9.27    1636.31   11   2e-01   1336    -366   +345    5e-01    691    -227   +439    6e-01    535    -300   +363  
   6     9.46    1627.04   15   2e-01   1270    -279   +213    6e-01    873    -217   +399    5e-01    590    -227   +282  
   7     9.67    1619.81   17   1e-01   1139    -221   +90     5e-01   1021    -200   +348    5e-01    606    -210   +226  
   8     9.89    1613.31   17   1e-01   1061    -151   +73     5e-01   1112    -216   +307    5e-01    641    -171   +206  
   9    10.12    1608.87   22   8e-02    955    -126   +20     4e-01   1117    -234   +239    5e-01    586    -189   +134  
  10    10.18    1606.49   26   8e-02    955    -0     +0      4e-01   1117    -0     +0      5e-01    586    -0     +0    
==========================================================================================================================
Prune!
==========================================================================================================================
Depth = 4, Bound = 1606.49, Best = 1606

Branching on x[25] = 0.50
Fixing x[25] = 0

**************************************************************************************************************************
                                               Node 20
**************************************************************************************************************************
Problem size 96
Fixed variables: (x[25],0) (x[37],0) (x[48],1) (x[76],0)
==========================================================================================================================
starting bound     cut  triangles added  violation
       1806.46    1606              500       0.50
==========================================================================================================================
iter     time      bound  bdl   viol3  triag  purged   added   viol5  penta  purged   added   viol7  hepta  purged   added
==========================================================================================================================
   1    10.23    1741.11    4   4e-01    835    -149   +484   
   2    10.28    1704.45    4   4e-01    991    -325   +481   
   3    10.34    1682.15    6   4e-01   1240    -191   +440   
   4    10.53    1663.43   11   3e-01   1348    -331   +439    7e-01    480    -0     +480    8e-01    478    -0     +478  
   5    10.62    1649.40   11   3e-01   1491    -288   +431   
   6    10.82    1646.34   10   2e-01   1540    -324   +373    6e-01    764    -192   +476    6e-01    697    -233   +452  
   7    11.03    1637.32   13   1e-01   1308    -353   +121    6e-01    935    -246   +417    5e-01    741    -310   +354  
   8    11.26    1630.33   18   1e-01   1173    -202   +67     5e-01   1077    -227   +369    5e-01    761    -261   +281  
   9    11.50    1623.64   18   1e-01   1068    -166   +61     4e-01   1168    -225   +316    5e-01    739    -249   +227  
  10    11.75    1619.35   21   8e-02    982    -113   +27     4e-01   1251    -201   +284    4e-01    737    -163   +161  
  11    12.01    1614.52   21   9e-02    915    -93    +26     4e-01   1300    -201   +250    4e-01    760    -165   +188  
  12    12.28    1611.95   23   9e-02    877    -61    +23     5e-01   1352    -154   +206    4e-01    764    -135   +139  
  13    12.57    1609.12   23   1e-01    877    -70    +70     4e-01   1474    -150   +272    3e-01    821    -117   +174  
  14    12.70    1606.97   25   1e-01    877    -0     +0      4e-01   1474    -0     +0      3e-01    821    -0     +0    
==========================================================================================================================
Prune!
==========================================================================================================================
Depth = 4, Bound = 1606.97, Best = 1606

Fixing x[25] = 1

**************************************************************************************************************************
                                               Node 21
**************************************************************************************************************************
Problem size 96
Fixed variables: (x[25],1) (x[37],0) (x[48],1) (x[76],0)
==========================================================================================================================
starting bound     cut  triangles added  violation
       1804.94    1606              500       0.50
==========================================================================================================================
iter     time      bound  bdl   viol3  triag  purged   added   viol5  penta  purged   added   viol7  hepta  purged   added
==========================================================================================================================
   1    12.75    1738.24    3   4e-01    838    -144   +482   
   2    12.81    1699.03    6   4e-01   1059    -258   +479   
   3    12.98    1668.12   10   3e-01   1226    -287   +454    7e-01    480    -0     +480    7e-01    476    -0     +476  
   4    13.17    1654.82   10   3e-01   1365    -277   +416    6e-01    744    -215   +479    7e-01    624    -313   +461  
   5    13.36    1641.96   12   2e-01   1374    -344   +353    6e-01    868    -328   +452    6e-01    616    -389   +381  
   6    13.57    1630.33   15   1e-01   1221    -292   +139    7e-01    992    -276   +400    5e-01    587    -308   +279  
   7    13.78    1621.47   16   1e-01   1206    -165   +150    5e-01   1104    -230   +342    5e-01    586    -221   +220  
   8    14.01    1616.55   23   1e-01   1053    -183   +30     4e-01   1160    -211   +267    4e-01    580    -164   +158  
   9    14.24    1612.42   23   9e-02    959    -114   +20     5e-01   1205    -182   +227    4e-01    553    -149   +122  
  10    14.48    1608.54   19   1e-01    954    -66    +61     4e-01   1289    -151   +235    5e-01    554    -132   +133  
  11    14.59    1606.42   24   1e-01    954    -0     +0      4e-01   1289    -0     +0      5e-01    554    -0     +0    
==========================================================================================================================
Prune!
==========================================================================================================================
Depth = 4, Bound = 1606.42, Best = 1606

Branching on x[97] = 0.50
Fixing x[97] = 0

**************************************************************************************************************************
                                               Node 22
**************************************************************************************************************************
Problem size 96
Fixed variables: (x[42],1) (x[60],0) (x[76],1) (x[97],0)
==========================================================================================================================
starting bound     cut  triangles added  violation
       1801.57    1606              500       0.49
==========================================================================================================================
iter     time      bound  bdl   viol3  triag  purged   added   viol5  penta  purged   added   viol7  hepta  purged   added
==========================================================================================================================
   1    14.65    1733.52    4   4e-01    810    -176   +486   
   2    14.70    1695.13    5   4e-01   1031    -261   +482   
   3    14.90    1674.80    7   3e-01   1201    -293   +463    7e-01    480    -0     +480    8e-01    480    -0     +480  
   4    15.11    1659.53    9   3e-01   1356    -293   +448    7e-01    773    -187   +480    8e-01    699    -260   +479  
   5    15.33    1648.78   14   2e-01   1426    -342   +412    7e-01    999    -253   +479    6e-01    885    -292   +478  
   6    15.56    1639.61   16   1e-01   1295    -404   +273    6e-01   1117    -341   +459    5e-01    945    -372   +432  
   7    15.82    1633.66   12   1e-01   1221    -227   +153    5e-01   1278    -270   +431    6e-01   1088    -274   +417  
   8    16.08    1628.46   15   1e-01   1344    -181   +304    4e-01   1437    -300   +459    5e-01   1197    -320   +429  
   9    16.36    1625.35   19   9e-02   1058    -303   +17     4e-01   1441    -343   +347    5e-01   1233    -302   +338  
  10    16.65    1621.38   23   1e-01   1014    -115   +71     4e-01   1616    -229   +404    5e-01   1327    -270   +364  
  11    16.96    1618.30   21   1e-01   1096    -109   +191    4e-01   1735    -295   +414    4e-01   1378    -318   +369  
  12    17.29    1616.62   21   1e-01    980    -146   +30     4e-01   1804    -315   +384    5e-01   1481    -248   +351  
  13    17.63    1614.69   23   6e-02    904    -89    +13     3e-01   1776    -330   +302    4e-01   1447    -315   +281  
  14    17.98    1612.52   24   9e-02    844    -73    +13     3e-01   1833    -259   +316    3e-01   1482    -265   +300  
  15    18.35    1612.00   17   1e-01   1128    -25    +309    4e-01   2054    -242   +463    5e-01   1709    -210   +437  
  16    18.75    1610.69   22   7e-02    868    -266   +6      3e-01   1964    -415   +325    3e-01   1605    -422   +318  
  17    19.13    1609.88   27   8e-02    831    -45    +8      2e-01   2082    -225   +343    4e-01   1773    -180   +348  
  18    19.53    1609.22   20   1e-01    914    -20    +103    4e-01   2242    -307   +467    5e-01   1974    -248   +449  
  19    19.95    1608.58   23   5e-02    813    -103   +2      2e-01   2028    -443   +229    3e-01   1789    -433   +248  
  20    20.34    1608.18   26   5e-02    792    -22    +1      2e-01   2114    -153   +239    3e-01   1873    -170   +254  
  21    20.75    1607.90   18   7e-02    786    -9     +3      3e-01   2322    -145   +353    3e-01   2069    -157   +353  
  22    21.16    1607.46   23   7e-02    800    -13    +27     3e-01   2502    -259   +439    4e-01   2241    -257   +429  
  23    21.60    1607.18   20   1e-01    828    -34    +62     3e-01   2479    -413   +390    4e-01   2268    -351   +378  
  24    21.78    1606.95   18   1e-01    828    -0     +0      3e-01   2479    -0     +0      4e-01   2268    -0     +0    
==========================================================================================================================
Prune!
==========================================================================================================================
Depth = 4, Bound = 1606.95, Best = 1606

Fixing x[97] = 1

**************************************************************************************************************************
                                               Node 23
**************************************************************************************************************************
Problem size 96
Fixed variables: (x[42],1) (x[60],0) (x[76],1) (x[97],1)
==========================================================================================================================
starting bound     cut  triangles added  violation
       1802.81    1606              500       0.50
==========================================================================================================================
iter     time      bound  bdl   viol3  triag  purged   added   viol5  penta  purged   added   viol7  hepta  purged   added
==========================================================================================================================
   1    21.83    1743.10    3   5e-01    831    -157   +488   
   2    21.89    1702.20    5   4e-01    998    -328   +495   
   3    21.96    1684.28    8   3e-01   1162    -292   +456   
   4    22.03    1668.57    8   3e-01   1352    -279   +469   
   5    22.25    1656.93   10   2e-01   1439    -320   +407    7e-01    480    -0     +480    7e-01    480    -0     +480  
   6    22.47    1643.76   16   2e-01   1423    -366   +350    5e-01    785    -169   +474    6e-01    726    -199   +445  
   7    22.72    1637.36   19   2e-01   1323    -292   +192    6e-01   1045    -185   +445    5e-01    889    -245   +408  
   8    22.98    1633.29   13   2e-01   1568    -178   +423    6e-01   1244    -281   +480    6e-01   1127    -241   +479  
   9    23.27    1627.71   20   1e-01   1381    -414   +227    5e-01   1291    -407   +454    6e-01   1114    -444   +431  
  10    23.56    1623.66   19   9e-02   1198    -252   +69     4e-01   1396    -309   +414    5e-01   1171    -329   +386  
  11    23.86    1620.52   23   9e-02   1107    -132   +41     4e-01   1517    -251   +372    4e-01   1245    -258   +332  
  12    24.17    1617.27   25   9e-02   1023    -110   +26     4e-01   1621    -244   +348    4e-01   1322    -254   +331  
  13    24.50    1615.82   21   2e-01   1251    -53    +281    4e-01   1823    -255   +457    5e-01   1528    -226   +432  
  14    24.88    1613.81   24   7e-02    997    -268   +14     3e-01   1760    -407   +344    4e-01   1469    -400   +341  
  15    25.24    1612.22   25   6e-02    931    -69    +3      2e-01   1768    -235   +243    4e-01   1500    -213   +244  
  16    25.59    1610.81   26   6e-02    889    -44    +2      2e-01   1818    -189   +239    5e-01   1530    -199   +229  
  17    25.95    1610.31   16   6e-02    875    -22    +8      3e-01   2009    -133   +324    4e-01   1671    -134   +275  
  18    26.32    1609.13   23   1e-01   1056    -23    +204    4e-01   2244    -220   +455    4e-01   1896    -194   +419  
  19    26.71    1608.61   23   9e-02    895    -172   +11     2e-01   2170    -384   +310    3e-01   1824    -361   +289  
  20    27.10    1608.02   18   1e-01    987    -38    +130    4e-01   2339    -286   +455    5e-01   2048    -230   +454  
  21    27.53    1607.21   25   5e-02    858    -129   +0      3e-01   2095    -440   +196    3e-01   1820    -470   +242  
  22    27.92    1607.03   19   1e-01    936    -17    +95     3e-01   2388    -171   +464    4e-01   2086    -188   +454  
  23    27.95    1606.89   21   1e-01    936    -0     +0      3e-01   2388    -0     +0      4e-01   2086    -0     +0    
==========================================================================================================================
Prune!
==========================================================================================================================
Depth = 4, Bound = 1606.89, Best = 1606

Branching on x[95] = 0.50
Fixing x[95] = 0

**************************************************************************************************************************
                                               Node 24
**************************************************************************************************************************
Problem size 96
Fixed variables: (x[42],0) (x[76],1) (x[95],0) (x[96],0)
==========================================================================================================================
starting bound     cut  triangles added  violation
       1791.80    1606              500       0.49
==========================================================================================================================
iter     time      bound  bdl   viol3  triag  purged   added   viol5  penta  purged   added   viol7  hepta  purged   added
==========================================================================================================================
   1    28.00    1726.53    4   5e-01    839    -134   +473   
   2    28.05    1688.59    4   4e-01   1047    -253   +461   
   3    28.11    1664.10    9   3e-01   1213    -284   +450   
   4    28.19    1646.95    8   3e-01   1428    -231   +446   
   5    28.38    1637.13   13   2e-01   1438    -339   +349    6e-01    468    -0     +468    8e-01    444    -0     +444  
   6    28.59    1627.97   16   1e-01   1383    -257   +202    5e-01    786    -124   +442    5e-01    634    -182   +372  
   7    28.80    1618.30   20   1e-01   1239    -273   +129    4e-01    945    -218   +377    4e-01    673    -244   +283  
   8    29.02    1613.07   20   1e-01   1229    -155   +145    5e-01   1126    -188   +369    5e-01    766    -175   +268  
   9    29.27    1607.23   24   9e-02   1065    -200   +36     4e-01   1171    -246   +291    4e-01    726    -233   +193  
  10    29.30    1605.92   25   9e-02   1065    -0     +0      4e-01   1171    -0     +0      4e-01    726    -0     +0    
==========================================================================================================================
Prune!
==========================================================================================================================
Depth = 4, Bound = 1605.92, Best = 1606

Fixing x[95] = 1

**************************************************************************************************************************
                                               Node 25
**************************************************************************************************************************
Problem size 96
Fixed variables: (x[42],0) (x[76],1) (x[95],1) (x[96],0)
==========================================================================================================================
starting bound     cut  triangles added  violation
       1795.46    1606              500       0.50
==========================================================================================================================
iter     time      bound  bdl   viol3  triag  purged   added   viol5  penta  purged   added   viol7  hepta  purged   added
==========================================================================================================================
   1    29.35    1728.51    4   5e-01    836    -137   +473   
   2    29.40    1691.98    5   4e-01   1042    -273   +479   
   3    29.47    1670.78    7   3e-01   1283    -210   +451   
   4    29.67    1655.61    9   3e-01   1416    -309   +442    7e-01    480    -0     +480    7e-01    480    -0     +480  
   5    29.89    1640.70   14   2e-01   1437    -385   +406    7e-01    789    -170   +479    7e-01    720    -224   +464  
   6    30.11    1632.20   15   2e-01   1423    -342   +328    6e-01   1019    -231   +461    6e-01    883    -255   +418  
   7    30.35    1623.59   15   1e-01   1323    -327   +227    5e-01   1180    -291   +452    5e-01    945    -332   +394  
   8    30.59    1618.46   19   9e-02   1130    -243   +50     4e-01   1307    -275   +402    5e-01   1027    -269   +351  
   9    30.85    1613.17   25   1e-01   1034    -161   +65     4e-01   1408    -266   +367    5e-01   1000    -311   +284  
  10    31.12    1609.86   24   1e-01   1016    -100   +82     4e-01   1568    -208   +368    5e-01   1123    -198   +321  
  11    31.25    1606.47   20   1e-01   1016    -0     +0      4e-01   1568    -0     +0      5e-01   1123    -0     +0    
==========================================================================================================================
Prune!
==========================================================================================================================
Depth = 4, Bound = 1606.47, Best = 1606

Branching on x[45] = 0.50
Fixing x[45] = 0

**************************************************************************************************************************
                                               Node 26
**************************************************************************************************************************
Problem size 96
Fixed variables: (x[12],1) (x[45],0) (x[48],0) (x[76],0)
==========================================================================================================================
starting bound     cut  triangles added  violation
       1795.38    1606              500       0.50
==========================================================================================================================
iter     time      bound  bdl   viol3  triag  purged   added   viol5  penta  purged   added   viol7  hepta  purged   added
==========================================================================================================================
   1    31.30    1735.55    4   4e-01    848    -123   +471   
   2    31.35    1694.05    5   4e-01   1035    -255   +442   
   3    31.53    1665.84   10   3e-01   1211    -216   +392    7e-01    479    -0     +479    7e-01    469    -0     +469  
   4    31.72    1648.24   10   2e-01   1338    -262   +389    6e-01    765    -186   +472    6e-01    636    -283   +450  
   5    31.91    1635.88   14   2e-01   1378    -301   +341    5e-01    926    -278   +439    6e-01    686    -322   +372  
   6    32.12    1629.58   16   1e-01   1221    -268   +111    5e-01   1103    -218   +395    5e-01    711    -264   +289  
   7    32.34    1620.91   20   1e-01   1062    -222   +63     4e-01   1085    -314   +296    4e-01    587    -324   +200  
   8    32.56    1616.19   21   1e-01    993    -122   +53     6e-01   1148    -201   +264    4e-01    614    -150   +177  
   9    32.79    1612.41   22   1e-01    978    -86    +71     4e-01   1252    -181   +285    5e-01    633    -145   +164  
  10    33.04    1608.38   27   8e-02    881    -108   +11     4e-01   1255    -200   +203    4e-01    585    -158   +110  
  11    33.07    1606.79   30   8e-02    881    -0     +0      4e-01   1255    -0     +0      4e-01    585    -0     +0    
==========================================================================================================================
Prune!
==========================================================================================================================
Depth = 4, Bound = 1606.79, Best = 1606

Fixing x[45] = 1

**************************************************************************************************************************
                                               Node 27
**************************************************************************************************************************
Problem size 96
Fixed variables: (x[12],1) (x[45],1) (x[48],0) (x[76],0)
==========================================================================================================================
starting bound     cut  triangles added  violation
       1793.59    1606              500       0.49
==========================================================================================================================
iter     time      bound  bdl   viol3  triag  purged   added   viol5  penta  purged   added   viol7  hepta  purged   added
==========================================================================================================================
   1    33.12    1734.60    3   5e-01    829    -155   +484   
   2    33.17    1690.49    6   3e-01   1010    -295   +476   
   3    33.24    1667.87    8   4e-01   1238    -197   +425   
   4    33.42    1655.96    9   3e-01   1286    -350   +398    6e-01    474    -0     +474    6e-01    451    -0     +451  
   5    33.61    1640.68    9   3e-01   1351    -316   +381    6e-01    754    -186   +466    6e-01    629    -245   +423  
   6    33.81    1632.40   14   2e-01   1315    -317   +281    5e-01    859    -288   +393    5e-01    600    -317   +288  
   7    34.02    1623.55   17   2e-01   1256    -258   +199    5e-01    960    -251   +352    5e-01    588    -246   +234  
   8    34.24    1618.26   19   1e-01   1062    -239   +45     5e-01   1002    -234   +276    4e-01    558    -203   +173  
   9    34.47    1612.25   21   1e-01    934    -141   +13     5e-01   1024    -203   +225    4e-01    529    -167   +138  
  10    34.70    1608.86   23   1e-01    889    -77    +32     5e-01   1083    -141   +200    4e-01    516    -116   +103  
  11    34.77    1606.67   25   1e-01    889    -0     +0      5e-01   1083    -0     +0      4e-01    516    -0     +0    
==========================================================================================================================
Prune!
==========================================================================================================================
Depth = 4, Bound = 1606.67, Best = 1606

Branching on x[38] = 0.50
Fixing x[38] = 0

**************************************************************************************************************************
                                               Node 28
**************************************************************************************************************************
Problem size 96
Fixed variables: (x[38],0) (x[42],1) (x[60],1) (x[76],1)
==========================================================================================================================
starting bound     cut  triangles added  violation
       1803.86    1606              500       0.50
==========================================================================================================================
iter     time      bound  bdl   viol3  triag  purged   added   viol5  penta  purged   added   viol7  hepta  purged   added
==========================================================================================================================
   1    34.82    1742.40    4   5e-01    800    -180   +480   
   2    34.88    1699.33    7   4e-01   1013    -263   +476   
   3    34.94    1675.64    6   3e-01   1203    -253   +443   
   4    35.14    1660.17    9   3e-01   1438    -232   +467    7e-01    480    -0     +480    7e-01    479    -0     +479  
   5    35.35    1649.10   12   2e-01   1423    -373   +358    6e-01    744    -209   +473    6e-01    681    -255   +457  
   6    35.56    1637.75   13   2e-01   1449    -290   +316    6e-01    957    -239   +452    5e-01    785    -302   +406  
   7    35.80    1631.51   17   2e-01   1406    -309   +266    6e-01   1147    -258   +448    6e-01    911    -274   +400  
   8    36.06    1624.87   17   1e-01   1167    -296   +57     4e-01   1255    -281   +389    6e-01    912    -319   +320  
   9    36.31    1620.51   17   1e-01   1042    -166   +41     4e-01   1282    -295   +322    4e-01    942    -234   +264  
  10    36.59    1617.80   18   2e-01   1239    -99    +296    4e-01   1525    -211   +454    5e-01   1155    -196   +409  
  11    36.89    1614.88   18   1e-01   1105    -261   +127    4e-01   1571    -359   +405    5e-01   1146    -366   +357  
  12    37.20    1612.55   22   1e-01    974    -153   +22     4e-01   1551    -330   +310    4e-01   1134    -293   +281  
  13    37.52    1610.33   19   9e-02    909    -83    +18     4e-01   1629    -216   +294    4e-01   1146    -216   +228  
  14    37.85    1608.53   21   7e-02    872    -59    +22     4e-01   1687    -247   +305    5e-01   1198    -193   +245  
  15    38.19    1608.12   21   1e-01    890    -26    +44     4e-01   1851    -191   +355    5e-01   1374    -174   +350  
  16    38.34    1606.89   24   1e-01    890    -0     +0      4e-01   1851    -0     +0      5e-01   1374    -0     +0    
==========================================================================================================================
Prune!
==========================================================================================================================
Depth = 4, Bound = 1606.89, Best = 1606

Fixing x[38] = 1

**************************************************************************************************************************
                                               Node 29
**************************************************************************************************************************
Problem size 96
Fixed variables: (x[38],1) (x[42],1) (x[60],1) (x[76],1)
==========================================================================================================================
starting bound     cut  triangles added  violation
       1800.85    1606              500       0.49
==========================================================================================================================
iter     time      bound  bdl   viol3  triag  purged   added   viol5  penta  purged   added   viol7  hepta  purged   added
==========================================================================================================================
   1    38.39    1731.86    5   4e-01    841    -150   +491   
   2    38.45    1693.84    5   4e-01   1056    -264   +479   
   3    38.51    1673.77    8   3e-01   1265    -223   +432   
   4    38.58    1658.75    7   3e-01   1437    -294   +466   
   5    38.66    1651.15   10   3e-01   1572    -277   +412   
   6    38.88    1642.33   15   2e-01   1501    -387   +316    6e-01    473    -0     +473    6e-01    455    -0     +455  
   7    39.10    1633.30   15   2e-01   1375    -283   +157    5e-01    811    -94    +432    5e-01    666    -168   +379  
   8    39.34    1626.95   20   1e-01   1159    -245   +29     6e-01    993    -169   +351    5e-01    774    -192   +300  
   9    39.58    1621.33   21   1e-01   1101    -125   +67     4e-01   1149    -195   +351    4e-01    821    -191   +238  
  10    39.84    1617.22   21   1e-01   1016    -120   +35     4e-01   1256    -190   +297    5e-01    887    -176   +242  
  11    40.11    1613.68   23   1e-01   1070    -71    +125    4e-01   1420    -191   +355    5e-01    985    -165   +263  
  12    40.40    1611.57   20   1e-01    970    -138   +38     4e-01   1449    -248   +277    6e-01    984    -217   +216  
  13    40.69    1608.72   24   1e-01    927    -61    +18     3e-01   1484    -196   +231    4e-01    967    -175   +158  
  14    40.80    1606.95   25   1e-01    927    -0     +0      3e-01   1484    -0     +0      4e-01    967    -0     +0    
==========================================================================================================================
Prune!
==========================================================================================================================
Depth = 4, Bound = 1606.95, Best = 1606

Branching on x[7] = 0.50
Fixing x[7] = 0

**************************************************************************************************************************
                                               Node 30
**************************************************************************************************************************
Problem size 96
Fixed variables: (x[7],0) (x[42],0) (x[76],1) (x[96],1)
==========================================================================================================================
starting bound     cut  triangles added  violation
       1787.87    1606              500       0.49
==========================================================================================================================
iter     time      bound  bdl   viol3  triag  purged   added   viol5  penta  purged   added   viol7  hepta  purged   added
==========================================================================================================================
   1    40.85    1717.17    5   4e-01    813    -154   +467   
   2    40.90    1681.11    5   4e-01   1064    -190   +441   
   3    41.06    1657.17    7   3e-01   1241    -238   +415    8e-01    480    -0     +480    7e-01    474    -0     +474  
   4    41.24    1642.59   12   2e-01   1349    -249   +357    6e-01    779    -166   +465    6e-01    657    -250   +433  
   5    41.43    1629.41   15   2e-01   1299    -292   +242    6e-01    927    -257   +405    5e-01    633    -332   +308  
   6    41.63    1621.36   17   2e-01   1263    -216   +180    6e-01   1073    -227   +373    4e-01    678    -210   +255  
   7    41.84    1614.46   18   1e-01   1047    -246   +30     5e-01   1054    -290   +271    4e-01    585    -265   +172  
   8    42.05    1609.64   21   1e-01   1014    -106   +73     6e-01   1137    -178   +261    5e-01    584    -144   +143  
   9    42.13    1606.43   23   1e-01   1014    -0     +0      6e-01   1137    -0     +0      5e-01    584    -0     +0    
==========================================================================================================================
Prune!
==========================================================================================================================
Depth = 4, Bound = 1606.43, Best = 1606

Fixing x[7] = 1

**************************************************************************************************************************
                                               Node 31
**************************************************************************************************************************
Problem size 96
Fixed variables: (x[7],1) (x[42],0) (x[76],1) (x[96],1)
==========================================================================================================================
starting bound     cut  triangles added  violation
       1795.15    1606              500       0.49
==========================================================================================================================
iter     time      bound  bdl   viol3  triag  purged   added   viol5  penta  purged   added   viol7  hepta  purged   added
==========================================================================================================================
   1    42.17    1716.31    5   5e-01    841    -149   +490   
   2    42.22    1686.94    7   3e-01   1035    -281   +475   
   3    42.40    1661.60   10   3e-01   1200    -237   +402    7e-01    480    -0     +480    7e-01    471    -0     +471  
   4    42.59    1643.26    9   3e-01   1343    -274   +417    7e-01    771    -188   +479    7e-01    702    -236   +467  
   5    42.79    1632.93   16   2e-01   1368    -290   +315    5e-01    983    -250   +462    7e-01    786    -318   +402  
   6    43.01    1622.80   18   2e-01   1259    -324   +215    6e-01   1126    -279   +422    5e-01    788    -341   +343  
   7    43.23    1615.98   26   1e-01   1055    -256   +52     5e-01   1146    -305   +325    6e-01    704    -289   +205  
   8    43.46    1611.79   18   1e-01   1032    -123   +100    5e-01   1288    -200   +342    4e-01    749    -179   +224  
   9    43.70    1607.53   21   1e-01   1018    -125   +111    4e-01   1397    -226   +335    5e-01    796    -174   +221  
  10    43.72    1606.48   22   1e-01   1018    -0     +0      4e-01   1397    -0     +0      5e-01    796    -0     +0    
==========================================================================================================================
Prune!
==========================================================================================================================
Depth = 4, Bound = 1606.48, Best = 1606


Nodes = 31
Root node bound = 1653.905
Maximum value = 1606
Solution = ( 1 5 6 7 8 11 13 14 16 17 18 21 22 25 26 27 31 34 35 36 37 38 40 41 42 43 45 46 47 48 49 51 52 64 65 66 68 69 70 71 72 73 74 75 77 81 82 83 84 85 87 89 91 93 95 96 )
CPU time = 43.72 s

