Input file: ./Instances/rudy/w05_100.2

Graph has 100 vertices and 2475 edges.

BiqBin parameters:
    init_bundle_iter = 5
     max_bundle_iter = 20
      min_outer_iter = 10
      max_outer_iter = 30
       violated_Ineq = 0.050000
             TriIneq = 500
         Pent_Trials = 160
        Hepta_Trials = 120
        include_Pent = 1
       include_Hepta = 1
                root = 0
            use_diff = 1
          time_limit = 0
   branchingStrategy = 1
      detailedOutput = 1

**************************************************************************************************************************
                                               Node 1
**************************************************************************************************************************
Problem size 100
Fixed variables:
Node 1 Feasible solution 1902
==========================================================================================================================
starting bound     cut  triangles added  violation
       2182.07    1902              500       0.50
==========================================================================================================================
iter     time      bound  bdl   viol3  triag  purged   added   viol5  penta  purged   added   viol7  hepta  purged   added
==========================================================================================================================
   1     0.08    2087.72    4   4e-01    799    -186   +485   
   2     0.14    2048.93    7   3e-01   1025    -236   +462   
   3     0.20    2020.14    8   3e-01   1287    -201   +463   
   4     0.28    2005.59   10   3e-01   1398    -333   +444   
   5     0.49    1990.74   13   2e-01   1459    -340   +401    6e-01    470    -0     +470    6e-01    429    -0     +429  
   6     0.71    1982.02   19   1e-01   1386    -225   +152    5e-01    757    -117   +404    5e-01    531    -204   +306  
   7     0.94    1972.49   22   1e-01   1312    -215   +141    5e-01    876    -210   +329    5e-01    542    -215   +226  
   8     1.18    1964.64   19   1e-01   1265    -176   +129    4e-01   1021    -163   +308    4e-01    573    -165   +196  
   9     1.43    1958.21   19   2e-01   1250    -175   +160    4e-01   1145    -200   +324    4e-01    599    -160   +186  
  10     1.69    1954.21   25   9e-02   1122    -160   +32     4e-01   1192    -211   +258    5e-01    601    -153   +155  
  11     1.97    1950.69   27   8e-02   1041    -99    +18     4e-01   1195    -187   +190    4e-01    573    -129   +101  
  12     2.25    1947.23   33   7e-02    965    -85    +9      3e-01   1229    -146   +180    4e-01    570    -104   +101  
  13     2.43    1945.52   20   7e-02    965    -0     +0      3e-01   1229    -0     +0      4e-01    570    -0     +0    
==========================================================================================================================
BOUNDING STOPPED: Gap to big!
==========================================================================================================================
Depth = 0, Bound = 1945.52, Best = 1902

Branching on x[88] = 0.50
Fixing x[88] = 0

**************************************************************************************************************************
                                               Node 2
**************************************************************************************************************************
Problem size 99
Fixed variables: (x[88],0)
==========================================================================================================================
BOUNDING STOPPED: Gap to big!
==========================================================================================================================
Depth = 1, Bound = 2165.54, Best = 1902

Fixing x[88] = 1

**************************************************************************************************************************
                                               Node 3
**************************************************************************************************************************
Problem size 99
Fixed variables: (x[88],1)
==========================================================================================================================
BOUNDING STOPPED: Gap to big!
==========================================================================================================================
Depth = 1, Bound = 2166.60, Best = 1902

Branching on x[34] = 0.49
Fixing x[34] = 0

**************************************************************************************************************************
                                               Node 4
**************************************************************************************************************************
Problem size 98
Fixed variables: (x[34],0) (x[88],1)
==========================================================================================================================
BOUNDING STOPPED: Gap to big!
==========================================================================================================================
Depth = 2, Bound = 2151.38, Best = 1902

Fixing x[34] = 1

**************************************************************************************************************************
                                               Node 5
**************************************************************************************************************************
Problem size 98
Fixed variables: (x[34],1) (x[88],1)
==========================================================================================================================
BOUNDING STOPPED: Gap to big!
==========================================================================================================================
Depth = 2, Bound = 2152.34, Best = 1902

Branching on x[34] = 0.49
Fixing x[34] = 0

**************************************************************************************************************************
                                               Node 6
**************************************************************************************************************************
Problem size 98
Fixed variables: (x[34],0) (x[88],0)
==========================================================================================================================
BOUNDING STOPPED: Gap to big!
==========================================================================================================================
Depth = 2, Bound = 2149.75, Best = 1902

Fixing x[34] = 1

**************************************************************************************************************************
                                               Node 7
**************************************************************************************************************************
Problem size 98
Fixed variables: (x[34],1) (x[88],0)
==========================================================================================================================
BOUNDING STOPPED: Gap to big!
==========================================================================================================================
Depth = 2, Bound = 2148.55, Best = 1902

Branching on x[35] = 0.49
Fixing x[35] = 0

**************************************************************************************************************************
                                               Node 8
**************************************************************************************************************************
Problem size 97
Fixed variables: (x[34],1) (x[35],0) (x[88],1)
==========================================================================================================================
starting bound     cut  triangles added  violation
       2137.71    1902              500       0.50
==========================================================================================================================
iter     time      bound  bdl   viol3  triag  purged   added   viol5  penta  purged   added   viol7  hepta  purged   added
==========================================================================================================================
   1     2.53    2059.36    4   5e-01    856    -132   +488   
   2     2.59    2020.07    4   4e-01   1177    -160   +481   
   3     2.65    1994.74    6   4e-01   1278    -368   +469   
   4     2.86    1976.48   10   3e-01   1318    -411   +451    7e-01    480    -0     +480    7e-01    473    -0     +473  
   5     3.07    1965.46   12   2e-01   1393    -317   +392    7e-01    784    -173   +477    6e-01    708    -235   +470  
   6     3.30    1950.88   15   2e-01   1341    -341   +289    6e-01    963    -264   +443    6e-01    738    -354   +384  
   7     3.54    1941.98   17   1e-01   1179    -266   +104    5e-01   1108    -246   +391    5e-01    797    -275   +334  
   8     3.79    1935.29   14   2e-01   1418    -124   +363    5e-01   1358    -211   +461    5e-01    979    -208   +390  
   9     4.06    1931.03   20   1e-01   1123    -361   +66     4e-01   1383    -355   +380    5e-01    927    -350   +298  
  10     4.34    1926.96   23   1e-01   1030    -129   +36     4e-01   1438    -281   +336    4e-01    965    -231   +269  
  11     4.63    1922.20   26   9e-02    941    -110   +21     4e-01   1496    -250   +308    5e-01    977    -211   +223  
  12     4.93    1918.90   25   1e-01    954    -67    +80     3e-01   1632    -220   +356    5e-01   1083    -154   +260  
  13     5.25    1916.27   28   9e-02    875    -92    +13     4e-01   1661    -255   +284    4e-01   1158    -172   +247  
  14     5.58    1914.61   23   1e-01   1058    -34    +217    4e-01   1901    -181   +421    5e-01   1332    -175   +349  
  15     5.94    1912.94   23   9e-02    887    -179   +8      3e-01   1763    -364   +226    3e-01   1194    -319   +181  
  16     6.30    1911.36   25   8e-02    845    -48    +6      3e-01   1822    -185   +244    4e-01   1240    -155   +201  
  17     6.65    1909.93   29   6e-02    805    -42    +2      2e-01   1859    -162   +199    4e-01   1241    -149   +150  
  18     6.86    1909.55   24   6e-02    805    -0     +0      2e-01   1859    -0     +0      4e-01   1241    -0     +0    
==========================================================================================================================
BOUNDING STOPPED: Gap to big!
==========================================================================================================================
Depth = 3, Bound = 1909.55, Best = 1902

Fixing x[35] = 1

**************************************************************************************************************************
                                               Node 9
**************************************************************************************************************************
Problem size 97
Fixed variables: (x[34],1) (x[35],1) (x[88],1)
==========================================================================================================================
starting bound     cut  triangles added  violation
       2135.09    1902              500       0.50
==========================================================================================================================
iter     time      bound  bdl   viol3  triag  purged   added   viol5  penta  purged   added   viol7  hepta  purged   added
==========================================================================================================================
   1     6.91    2045.24    4   5e-01    850    -126   +476   
   2     6.96    2007.23    6   4e-01   1101    -219   +470   
   3     7.03    1987.87    5   3e-01   1236    -279   +414   
   4     7.22    1966.77    8   3e-01   1408    -244   +416    7e-01    480    -0     +480    7e-01    478    -0     +478  
   5     7.43    1949.53   14   2e-01   1428    -362   +382    6e-01    722    -229   +471    7e-01    653    -279   +454  
   6     7.64    1939.15   15   2e-01   1480    -265   +317    5e-01    949    -215   +442    5e-01    728    -288   +363  
   7     7.88    1931.63   19   1e-01   1344    -349   +213    5e-01   1067    -281   +399    5e-01    715    -315   +302  
   8     8.12    1925.55   21   1e-01   1129    -257   +42     4e-01   1133    -236   +302    4e-01    718    -236   +239  
   9     8.37    1921.77   21   1e-01   1067    -101   +39     4e-01   1265    -172   +304    4e-01    778    -157   +217  
  10     8.63    1918.05   21   1e-01   1036    -100   +69     4e-01   1388    -212   +335    4e-01    887    -145   +254  
  11     8.90    1914.25   20   1e-01    998    -90    +52     4e-01   1466    -221   +299    4e-01    908    -177   +198  
  12     9.19    1910.62   24   9e-02    935    -85    +22     3e-01   1457    -235   +226    4e-01    862    -199   +153  
  13     9.48    1908.16   29   9e-02    898    -66    +29     4e-01   1483    -198   +224    4e-01    884    -132   +154  
  14     9.80    1905.80   20   1e-01    944    -43    +89     4e-01   1636    -162   +315    4e-01    943    -159   +218  
  15    10.12    1904.47   28   8e-02    894    -70    +20     3e-01   1613    -222   +199    3e-01    910    -162   +129  
  16    10.27    1902.99   30   8e-02    894    -0     +0      3e-01   1613    -0     +0      3e-01    910    -0     +0    
==========================================================================================================================
Prune!
==========================================================================================================================
Depth = 3, Bound = 1902.99, Best = 1902

Branching on x[46] = 0.50
Fixing x[46] = 0

**************************************************************************************************************************
                                               Node 10
**************************************************************************************************************************
Problem size 97
Fixed variables: (x[34],0) (x[46],0) (x[88],1)
==========================================================================================================================
starting bound     cut  triangles added  violation
       2127.20    1902              500       0.50
==========================================================================================================================
iter     time      bound  bdl   viol3  triag  purged   added   viol5  penta  purged   added   viol7  hepta  purged   added
==========================================================================================================================
   1    10.32    2058.52    3   5e-01    817    -173   +490   
   2    10.38    2012.73    5   4e-01   1000    -312   +495   
   3    10.44    1991.30    7   4e-01   1183    -292   +475   
   4    10.52    1971.38    8   4e-01   1411    -252   +480   
   5    10.73    1958.38   12   3e-01   1451    -375   +415    7e-01    480    -0     +480    7e-01    477    -0     +477  
   6    10.95    1946.84   13   2e-01   1512    -302   +363    5e-01    809    -144   +473    5e-01    694    -227   +444  
   7    11.19    1935.29   15   1e-01   1230    -413   +131    5e-01    942    -281   +414    5e-01    747    -318   +371  
   8    11.43    1929.95   18   2e-01   1189    -177   +136    5e-01   1156    -190   +404    5e-01    863    -212   +328  
   9    11.69    1924.03   19   1e-01   1125    -178   +114    6e-01   1292    -248   +384    4e-01    888    -278   +303  
  10    11.95    1918.32   25   1e-01   1002    -166   +43     4e-01   1322    -274   +304    5e-01    839    -258   +209  
  11    12.24    1914.28   16   2e-01   1352    -75    +425    6e-01   1598    -187   +463    6e-01   1112    -164   +437  
  12    12.54    1912.55   19   1e-01   1067    -366   +81     5e-01   1589    -379   +370    5e-01   1018    -385   +291  
  13    12.86    1909.39   22   7e-02    929    -153   +15     3e-01   1532    -330   +273    4e-01    931    -295   +208  
  14    13.16    1906.03   23   9e-02    881    -74    +26     3e-01   1576    -212   +256    3e-01    918    -189   +176  
  15    13.49    1903.72   27   7e-02    822    -69    +10     3e-01   1597    -176   +197    4e-01    919    -135   +136  
  16    13.59    1902.54   28   7e-02    822    -0     +0      3e-01   1597    -0     +0      4e-01    919    -0     +0    
==========================================================================================================================
Prune!
==========================================================================================================================
Depth = 3, Bound = 1902.54, Best = 1902

Fixing x[46] = 1

**************************************************************************************************************************
                                               Node 11
**************************************************************************************************************************
Problem size 97
Fixed variables: (x[34],0) (x[46],1) (x[88],1)
==========================================================================================================================
starting bound     cut  triangles added  violation
       2126.18    1902              500       0.50
==========================================================================================================================
iter     time      bound  bdl   viol3  triag  purged   added   viol5  penta  purged   added   viol7  hepta  purged   added
==========================================================================================================================
   1    13.65    2050.11    3   5e-01    869    -108   +477   
   2    13.70    1999.41    6   4e-01   1100    -236   +467   
   3    13.77    1973.05    7   4e-01   1332    -222   +454   
   4    13.84    1956.77    8   3e-01   1479    -280   +427   
   5    14.03    1942.52   13   2e-01   1506    -379   +406    6e-01    466    -0     +466    6e-01    430    -0     +430  
   6    14.24    1932.07   15   2e-01   1525    -292   +311    6e-01    737    -176   +447    6e-01    577    -211   +358  
   7    14.46    1923.36   19   1e-01   1265    -309   +49     4e-01    855    -218   +336    4e-01    548    -244   +215  
   8    14.68    1918.92   16   1e-01   1308    -113   +156    4e-01   1074    -135   +354    4e-01    671    -120   +243  
   9    14.91    1912.95   20   9e-02   1156    -193   +41     5e-01   1105    -245   +276    4e-01    598    -219   +146  
  10    15.16    1908.10   26   9e-02   1065    -123   +32     4e-01   1134    -194   +223    4e-01    576    -141   +119  
  11    15.41    1904.83   26   1e-01   1064    -67    +66     4e-01   1252    -115   +233    3e-01    619    -81    +124  
  12    15.49    1902.49   28   1e-01   1064    -0     +0      4e-01   1252    -0     +0      3e-01    619    -0     +0    
==========================================================================================================================
Prune!
==========================================================================================================================
Depth = 3, Bound = 1902.49, Best = 1902

Branching on x[42] = 0.50
Fixing x[42] = 0

**************************************************************************************************************************
                                               Node 12
**************************************************************************************************************************
Problem size 97
Fixed variables: (x[34],0) (x[42],0) (x[88],0)
==========================================================================================================================
starting bound     cut  triangles added  violation
       2133.40    1902              500       0.50
==========================================================================================================================
iter     time      bound  bdl   viol3  triag  purged   added   viol5  penta  purged   added   viol7  hepta  purged   added
==========================================================================================================================
   1    15.54    2056.95    3   5e-01    801    -189   +490   
   2    15.59    2008.97    4   4e-01   1101    -194   +494   
   3    15.66    1984.99    7   3e-01   1249    -314   +462   
   4    15.84    1964.52   10   2e-01   1369    -311   +431    7e-01    476    -0     +476    6e-01    464    -0     +464  
   5    16.04    1949.23   14   2e-01   1458    -290   +379    7e-01    720    -212   +456    5e-01    569    -278   +383  
   6    16.25    1938.83   19   2e-01   1379    -282   +203    5e-01    858    -232   +370    6e-01    587    -252   +270  
   7    16.47    1931.21   19   2e-01   1508    -234   +363    6e-01   1090    -203   +435    5e-01    732    -194   +339  
   8    16.72    1924.98   26   1e-01   1180    -342   +14     4e-01    985    -360   +255    4e-01    557    -342   +167  
   9    16.96    1920.20   23   1e-01   1092    -130   +42     4e-01   1098    -140   +253    4e-01    575    -126   +144  
  10    17.21    1916.25   19   1e-01   1198    -89    +195    4e-01   1285    -143   +330    5e-01    681    -111   +217  
  11    17.47    1912.97   25   9e-02   1050    -165   +17     4e-01   1258    -236   +209    4e-01    592    -198   +109  
  12    17.74    1909.66   23   1e-01   1014    -67    +31     3e-01   1333    -137   +212    4e-01    629    -80    +117  
  13    18.02    1906.49   28   8e-02    952    -68    +6      4e-01   1347    -168   +182    4e-01    627    -87    +85   
  14    18.32    1903.69   30   8e-02    904    -60    +12     4e-01   1394    -138   +185    4e-01    633    -95    +101  
  15    18.42    1902.81   30   8e-02    904    -0     +0      4e-01   1394    -0     +0      4e-01    633    -0     +0    
==========================================================================================================================
Prune!
==========================================================================================================================
Depth = 3, Bound = 1902.81, Best = 1902

Fixing x[42] = 1

**************************************************************************************************************************
                                               Node 13
**************************************************************************************************************************
Problem size 97
Fixed variables: (x[34],0) (x[42],1) (x[88],0)
==========================================================================================================================
starting bound     cut  triangles added  violation
       2135.13    1902              500       0.50
==========================================================================================================================
iter     time      bound  bdl   viol3  triag  purged   added   viol5  penta  purged   added   viol7  hepta  purged   added
==========================================================================================================================
   1    18.47    2053.05    3   5e-01    846    -149   +495   
   2    18.53    2009.26    5   4e-01   1095    -232   +481   
   3    18.71    1985.08    8   3e-01   1201    -343   +449    7e-01    480    -0     +480    8e-01    478    -0     +478  
   4    18.90    1964.18   10   2e-01   1347    -258   +404    6e-01    759    -195   +474    6e-01    674    -255   +451  
   5    19.11    1947.72   14   2e-01   1423    -266   +342    5e-01    969    -244   +454    6e-01    718    -336   +380  
   6    19.33    1939.13   19   1e-01   1265    -282   +124    5e-01   1087    -276   +394    5e-01    706    -282   +270  
   7    19.56    1929.79   23   1e-01   1189    -184   +108    5e-01   1194    -235   +342    5e-01    707    -224   +225  
   8    19.80    1924.49   20   1e-01   1285    -113   +209    5e-01   1344    -207   +357    5e-01    773    -168   +234  
   9    20.06    1921.15   21   1e-01   1218    -195   +128    5e-01   1479    -239   +374    5e-01    815    -200   +242  
  10    20.32    1916.32   26   9e-02   1054    -187   +23     4e-01   1403    -332   +256    5e-01    738    -236   +159  
  11    20.59    1913.68   20   8e-02    978    -93    +17     5e-01   1446    -169   +212    4e-01    732    -137   +131  
  12    20.87    1909.75   25   9e-02    951    -63    +36     3e-01   1538    -162   +254    4e-01    785    -100   +153  
  13    21.15    1906.89   30   7e-02    903    -60    +12     3e-01   1535    -197   +194    4e-01    791    -104   +110  
  14    21.46    1904.86   29   8e-02    884    -41    +22     3e-01   1631    -112   +208    4e-01    810    -97    +116  
  15    21.62    1902.86   33   8e-02    884    -0     +0      3e-01   1631    -0     +0      4e-01    810    -0     +0    
==========================================================================================================================
Prune!
==========================================================================================================================
Depth = 3, Bound = 1902.86, Best = 1902

Branching on x[76] = 0.50
Fixing x[76] = 0

**************************************************************************************************************************
                                               Node 14
**************************************************************************************************************************
Problem size 97
Fixed variables: (x[34],1) (x[76],0) (x[88],0)
==========================================================================================================================
starting bound     cut  triangles added  violation
       2136.46    1902              500       0.50
==========================================================================================================================
iter     time      bound  bdl   viol3  triag  purged   added   viol5  penta  purged   added   viol7  hepta  purged   added
==========================================================================================================================
   1    21.67    2044.58    4   4e-01    800    -185   +485   
   2    21.73    2002.09    6   4e-01   1066    -208   +474   
   3    21.80    1974.09   10   3e-01   1243    -264   +441   
   4    21.87    1959.66    8   3e-01   1469    -227   +453   
   5    22.08    1948.78   10   2e-01   1498    -380   +409    6e-01    471    -0     +471    6e-01    456    -0     +456  
   6    22.29    1938.61   16   1e-01   1368    -284   +154    5e-01    757    -135   +421    5e-01    604    -194   +342  
   7    22.51    1929.38   19   1e-01   1238    -210   +80     4e-01    966    -185   +394    5e-01    653    -224   +273  
   8    22.74    1923.30   22   1e-01   1153    -156   +71     4e-01   1105    -212   +351    4e-01    724    -163   +234  
   9    22.99    1916.24   22   1e-01   1280    -135   +262    5e-01   1324    -184   +403    5e-01    835    -191   +302  
  10    23.25    1913.22   25   1e-01   1215    -191   +126    4e-01   1429    -251   +356    4e-01    826    -237   +228  
  11    23.52    1909.10   26   8e-02   1059    -163   +7      4e-01   1373    -277   +221    4e-01    730    -235   +139  
  12    23.81    1905.89   26   1e-01   1000    -95    +36     3e-01   1470    -169   +266    4e-01    762    -114   +146  
  13    24.11    1904.03   30   9e-02    965    -65    +30     3e-01   1517    -175   +222    4e-01    764    -114   +116  
  14    24.13    1902.92   31   9e-02    965    -0     +0      3e-01   1517    -0     +0      4e-01    764    -0     +0    
==========================================================================================================================
Prune!
==========================================================================================================================
Depth = 3, Bound = 1902.92, Best = 1902

Fixing x[76] = 1

**************************************************************************************************************************
                                               Node 15
**************************************************************************************************************************
Problem size 97
Fixed variables: (x[34],1) (x[76],1) (x[88],0)
==========================================================================================================================
starting bound     cut  triangles added  violation
       2135.69    1902              500       0.50
==========================================================================================================================
iter     time      bound  bdl   viol3  triag  purged   added   viol5  penta  purged   added   viol7  hepta  purged   added
==========================================================================================================================
   1    24.18    2049.58    5   4e-01    848    -136   +484   
   2    24.24    2002.80    6   4e-01   1110    -221   +483   
   3    24.31    1979.14    8   4e-01   1342    -241   +473   
   4    24.39    1961.02    9   3e-01   1416    -364   +438   
   5    24.60    1951.77   11   2e-01   1542    -249   +375    7e-01    478    -0     +478    7e-01    451    -0     +451  
   6    24.81    1941.06   15   2e-01   1504    -352   +314    5e-01    768    -171   +461    5e-01    624    -217   +390  
   7    25.04    1930.52   19   1e-01   1267    -302   +65     4e-01    919    -224   +375    5e-01    627    -267   +270  
   8    25.27    1925.61   18   2e-01   1265    -139   +137    4e-01   1128    -171   +380    5e-01    734    -142   +249  
   9    25.51    1920.28   21   1e-01   1208    -165   +108    5e-01   1256    -232   +360    5e-01    795    -163   +224  
  10    25.76    1913.89   28   8e-02   1055    -174   +21     3e-01   1273    -244   +261    4e-01    759    -206   +170  
  11    26.04    1909.91   31   7e-02    990    -83    +18     3e-01   1282    -218   +227    3e-01    768    -142   +151  
  12    26.32    1907.15   24   1e-01    973    -59    +42     4e-01   1382    -154   +254    4e-01    811    -116   +159  
  13    26.61    1905.81   27   1e-01   1010    -45    +82     4e-01   1491    -168   +277    4e-01    870    -106   +165  
  14    26.78    1902.86   23   1e-01   1010    -0     +0      4e-01   1491    -0     +0      4e-01    870    -0     +0    
==========================================================================================================================
Prune!
==========================================================================================================================
Depth = 3, Bound = 1902.86, Best = 1902

Branching on x[74] = 0.51
Fixing x[74] = 0

**************************************************************************************************************************
                                               Node 16
**************************************************************************************************************************
Problem size 96
Fixed variables: (x[34],1) (x[35],0) (x[74],0) (x[88],1)
==========================================================================================================================
starting bound     cut  triangles added  violation
       2115.71    1902              500       0.49
==========================================================================================================================
iter     time      bound  bdl   viol3  triag  purged   added   viol5  penta  purged   added   viol7  hepta  purged   added
==========================================================================================================================
   1    26.83    2038.17    4   4e-01    812    -174   +486   
   2    26.88    2000.23    6   4e-01   1066    -224   +478   
   3    26.94    1976.59    6   4e-01   1362    -181   +477   
   4    27.14    1963.41    8   2e-01   1383    -399   +420    7e-01    480    -0     +480    8e-01    480    -0     +480  
   5    27.35    1950.32    9   2e-01   1540    -254   +411    6e-01    828    -132   +480    7e-01    798    -160   +478  
   6    27.58    1936.89   14   2e-01   1460    -433   +353    5e-01    999    -302   +473    6e-01    846    -398   +446  
   7    27.82    1929.19   17   1e-01   1366    -296   +202    5e-01   1200    -262   +463    5e-01    984    -288   +426  
   8    28.08    1923.05   20   1e-01   1360    -205   +199    5e-01   1420    -225   +445    5e-01   1129    -254   +399  
   9    28.36    1916.49   19   2e-01   1298    -260   +198    4e-01   1565    -314   +459    6e-01   1207    -346   +424  
  10    28.65    1914.76   15   2e-01   1465    -221   +388    5e-01   1675    -363   +473    6e-01   1372    -301   +466  
  11    28.98    1910.99   21   1e-01   1161    -390   +86     4e-01   1675    -436   +436    5e-01   1329    -425   +382  
  12    29.30    1909.33   20   2e-01   1416    -138   +393    5e-01   1835    -317   +477    5e-01   1546    -251   +468  
  13    29.65    1907.55   21   8e-02   1073    -364   +21     3e-01   1780    -423   +368    5e-01   1439    -439   +332  
  14    29.99    1905.61   24   7e-02    966    -120   +13     3e-01   1852    -267   +339    5e-01   1466    -287   +314  
  15    30.34    1904.99   18   9e-02    982    -43    +59     3e-01   2076    -211   +435    4e-01   1666    -188   +388  
  16    30.73    1903.98   17   7e-02    957    -67    +42     3e-01   2143    -373   +440    5e-01   1769    -309   +412  
  17    31.12    1903.31   10   2e-01   1321    -54    +418    5e-01   2265    -358   +480    6e-01   1951    -298   +480  
  18    31.56    1903.08   12   6e-02    976    -349   +4      2e-01   2212    -487   +434    3e-01   1881    -477   +407  
  19    31.59    1902.75   11   6e-02    976    -0     +0      2e-01   2212    -0     +0      3e-01   1881    -0     +0    
==========================================================================================================================
Prune!
==========================================================================================================================
Depth = 4, Bound = 1902.75, Best = 1902

Fixing x[74] = 1

**************************************************************************************************************************
                                               Node 17
**************************************************************************************************************************
Problem size 96
Fixed variables: (x[34],1) (x[35],0) (x[74],1) (x[88],1)
==========================================================================================================================
starting bound     cut  triangles added  violation
       2124.02    1902              500       0.50
==========================================================================================================================
iter     time      bound  bdl   viol3  triag  purged   added   viol5  penta  purged   added   viol7  hepta  purged   added
==========================================================================================================================
   1    31.64    2052.19    3   5e-01    843    -141   +484   
   2    31.69    2014.90    5   4e-01   1170    -153   +480   
   3    31.75    1982.62    7   3e-01   1195    -443   +468   
   4    31.82    1963.60    8   3e-01   1462    -205   +472   
   5    32.03    1953.89   11   2e-01   1548    -341   +427    7e-01    480    -0     +480    7e-01    479    -0     +479  
   6    32.26    1942.58   14   2e-01   1553    -367   +372    6e-01    784    -174   +478    6e-01    755    -194   +470  
   7    32.50    1931.54   15   1e-01   1350    -332   +129    5e-01   1019    -213   +448    5e-01    870    -269   +384  
   8    32.74    1925.81   12   2e-01   1416    -162   +228    5e-01   1273    -191   +445    5e-01   1080    -195   +405  
   9    33.00    1920.69   18   1e-01   1280    -231   +95     4e-01   1429    -268   +424    5e-01   1121    -332   +373  
  10    33.28    1917.71   21   8e-02   1177    -116   +13     5e-01   1537    -231   +339    4e-01   1198    -233   +310  
  11    33.57    1913.13   23   1e-01   1286    -114   +223    4e-01   1720    -258   +441    4e-01   1336    -235   +373  
  12    33.89    1911.10   20   1e-01   1170    -199   +83     4e-01   1793    -348   +421    6e-01   1418    -315   +397  
  13    34.22    1908.54   25   9e-02   1081    -123   +34     3e-01   1861    -325   +393    5e-01   1441    -298   +321  
  14    34.56    1906.45   26   9e-02   1007    -84    +10     2e-01   1819    -318   +276    4e-01   1397    -282   +238  
  15    34.91    1905.17   13   1e-01   1403    -48    +444    5e-01   2136    -158   +475    6e-01   1726    -145   +474  
  16    35.32    1904.70   17   2e-01   1245    -386   +228    4e-01   2189    -423   +476    5e-01   1731    -445   +450  
  17    35.72    1903.92   20   8e-02   1021    -231   +7      4e-01   2180    -376   +367    5e-01   1686    -376   +331  
  18    36.11    1903.02   21   1e-01    977    -51    +7      3e-01   2268    -291   +379    5e-01   1840    -226   +380  
  19    36.16    1902.65   19   1e-01    977    -0     +0      3e-01   2268    -0     +0      5e-01   1840    -0     +0    
==========================================================================================================================
Prune!
==========================================================================================================================
Depth = 4, Bound = 1902.65, Best = 1902


Nodes = 17
Root node bound = 1945.524
Maximum value = 1902
Solution = ( 1 3 8 10 11 12 13 14 15 16 17 18 21 22 23 25 26 28 30 31 32 34 35 43 45 46 48 50 51 53 55 57 61 62 63 66 67 69 71 72 73 77 78 79 81 82 85 86 88 89 91 93 94 96 97 98 )
CPU time = 36.16 s

