Input file: ./Instances/rudy/w09_100.6

Graph has 100 vertices and 4455 edges.

BiqBin parameters:
    init_bundle_iter = 5
     max_bundle_iter = 20
      min_outer_iter = 10
      max_outer_iter = 30
       violated_Ineq = 0.050000
             TriIneq = 500
         Pent_Trials = 160
        Hepta_Trials = 120
        include_Pent = 1
       include_Hepta = 1
                root = 0
            use_diff = 1
          time_limit = 0
   branchingStrategy = 1
      detailedOutput = 1

**************************************************************************************************************************
                                               Node 1
**************************************************************************************************************************
Problem size 100
Fixed variables:
Node 1 Feasible solution 2220
==========================================================================================================================
starting bound     cut  triangles added  violation
       2552.11    2220              500       0.50
==========================================================================================================================
iter     time      bound  bdl   viol3  triag  purged   added   viol5  penta  purged   added   viol7  hepta  purged   added
==========================================================================================================================
   1     0.08    2442.96    4   4e-01    818    -167   +485   
   2     0.15    2389.64    4   4e-01   1048    -254   +484   
   3     0.22    2357.84    7   3e-01   1270    -255   +477   
   4     0.30    2339.36   10   3e-01   1456    -253   +439   
   5     0.52    2322.36   11   2e-01   1534    -342   +420    7e-01    480    -0     +480    6e-01    471    -0     +471  
   6     0.76    2309.21   16   2e-01   1541    -348   +355    5e-01    754    -166   +440    6e-01    657    -222   +408  
   7     1.00    2298.76   19   1e-01   1366    -296   +121    5e-01    953    -218   +417    5e-01    752    -235   +330  
   8     1.26    2289.10   25   1e-01   1262    -199   +95     4e-01   1121    -217   +385    5e-01    813    -241   +302  
   9     1.54    2281.08   27   9e-02   1130    -187   +55     4e-01   1190    -244   +313    3e-01    767    -255   +209  
  10     1.69    2279.08   20   9e-02   1130    -0     +0      4e-01   1190    -0     +0      3e-01    767    -0     +0    
==========================================================================================================================
BOUNDING STOPPED: Gap to big!
==========================================================================================================================
Depth = 0, Bound = 2279.08, Best = 2220

Branching on x[84] = 0.50
Fixing x[84] = 0

**************************************************************************************************************************
                                               Node 2
**************************************************************************************************************************
Problem size 99
Fixed variables: (x[84],0)
==========================================================================================================================
BOUNDING STOPPED: Gap to big!
==========================================================================================================================
Depth = 1, Bound = 2534.84, Best = 2220

Fixing x[84] = 1

**************************************************************************************************************************
                                               Node 3
**************************************************************************************************************************
Problem size 99
Fixed variables: (x[84],1)
==========================================================================================================================
BOUNDING STOPPED: Gap to big!
==========================================================================================================================
Depth = 1, Bound = 2537.50, Best = 2220

Branching on x[28] = 0.49
Fixing x[28] = 0

**************************************************************************************************************************
                                               Node 4
**************************************************************************************************************************
Problem size 98
Fixed variables: (x[28],0) (x[84],1)
==========================================================================================================================
BOUNDING STOPPED: Gap to big!
==========================================================================================================================
Depth = 2, Bound = 2515.09, Best = 2220

Fixing x[28] = 1

**************************************************************************************************************************
                                               Node 5
**************************************************************************************************************************
Problem size 98
Fixed variables: (x[28],1) (x[84],1)
==========================================================================================================================
BOUNDING STOPPED: Gap to big!
==========================================================================================================================
Depth = 2, Bound = 2515.22, Best = 2220

Branching on x[58] = 0.50
Fixing x[58] = 0

**************************************************************************************************************************
                                               Node 6
**************************************************************************************************************************
Problem size 98
Fixed variables: (x[58],0) (x[84],0)
==========================================================================================================================
BOUNDING STOPPED: Gap to big!
==========================================================================================================================
Depth = 2, Bound = 2498.14, Best = 2220

Fixing x[58] = 1

**************************************************************************************************************************
                                               Node 7
**************************************************************************************************************************
Problem size 98
Fixed variables: (x[58],1) (x[84],0)
==========================================================================================================================
BOUNDING STOPPED: Gap to big!
==========================================================================================================================
Depth = 2, Bound = 2514.23, Best = 2220

Branching on x[49] = 0.50
Fixing x[49] = 0

**************************************************************************************************************************
                                               Node 8
**************************************************************************************************************************
Problem size 97
Fixed variables: (x[28],1) (x[49],0) (x[84],1)
==========================================================================================================================
starting bound     cut  triangles added  violation
       2485.16    2220              500       0.49
==========================================================================================================================
iter     time      bound  bdl   viol3  triag  purged   added   viol5  penta  purged   added   viol7  hepta  purged   added
==========================================================================================================================
   1     1.80    2379.01    3   4e-01    841    -150   +491   
   2     1.86    2332.38    5   4e-01   1080    -241   +480   
   3     1.93    2298.71    7   3e-01   1294    -264   +478   
   4     2.01    2283.08    9   3e-01   1459    -298   +463   
   5     2.23    2269.17   12   2e-01   1568    -291   +400    6e-01    479    -0     +479    7e-01    476    -0     +476  
   6     2.46    2253.62   16   2e-01   1586    -312   +330    5e-01    815    -132   +468    6e-01    750    -174   +448  
   7     2.71    2243.17   19   1e-01   1565    -282   +261    6e-01   1052    -202   +439    6e-01    883    -256   +389  
   8     2.97    2233.65   23   1e-01   1445    -314   +194    4e-01   1228    -261   +437    5e-01    968    -289   +374  
   9     3.25    2227.10   26   2e-01   1383    -222   +160    4e-01   1341    -307   +420    5e-01   1051    -270   +353  
  10     3.56    2222.28   22   1e-01   1203    -203   +23     5e-01   1351    -305   +315    4e-01   1032    -272   +253  
  11     3.58    2219.67   20   1e-01   1203    -0     +0      5e-01   1351    -0     +0      4e-01   1032    -0     +0    
==========================================================================================================================
Prune!
==========================================================================================================================
Depth = 3, Bound = 2219.67, Best = 2220

Fixing x[49] = 1

**************************************************************************************************************************
                                               Node 9
**************************************************************************************************************************
Problem size 97
Fixed variables: (x[28],1) (x[49],1) (x[84],1)
==========================================================================================================================
starting bound     cut  triangles added  violation
       2479.47    2220              500       0.49
==========================================================================================================================
iter     time      bound  bdl   viol3  triag  purged   added   viol5  penta  purged   added   viol7  hepta  purged   added
==========================================================================================================================
   1     3.64    2365.35    3   5e-01    856    -136   +492   
   2     3.70    2323.89    5   4e-01   1026    -316   +486   
   3     3.77    2287.58    6   3e-01   1194    -304   +472   
   4     3.85    2272.06    9   3e-01   1401    -265   +472   
   5     4.05    2255.71   12   2e-01   1490    -297   +386    7e-01    477    -0     +477    7e-01    467    -0     +467  
   6     4.27    2240.06   13   2e-01   1532    -318   +360    5e-01    734    -189   +446    6e-01    609    -241   +383  
   7     4.50    2230.11   20   1e-01   1528    -304   +300    6e-01    961    -194   +421    5e-01    723    -226   +340  
   8     4.62    2220.29   22   1e-01   1528    -0     +0      6e-01    961    -0     +0      5e-01    723    -0     +0    
==========================================================================================================================
Prune!
==========================================================================================================================
Depth = 3, Bound = 2220.29, Best = 2220

Branching on x[83] = 0.50
Fixing x[83] = 0

**************************************************************************************************************************
                                               Node 10
**************************************************************************************************************************
Problem size 97
Fixed variables: (x[28],0) (x[83],0) (x[84],1)
==========================================================================================================================
starting bound     cut  triangles added  violation
       2484.97    2220              500       0.49
==========================================================================================================================
iter     time      bound  bdl   viol3  triag  purged   added   viol5  penta  purged   added   viol7  hepta  purged   added
==========================================================================================================================
   1     4.67    2386.81    3   4e-01    839    -148   +487   
   2     4.74    2337.49    4   4e-01   1081    -246   +488   
   3     4.94    2317.24    7   3e-01   1262    -276   +457    8e-01    480    -0     +480    9e-01    480    -0     +480  
   4     5.03    2294.07    9   3e-01   1455    -268   +461   
   5     5.26    2282.13   11   2e-01   1542    -321   +408    6e-01    787    -173   +480    7e-01    722    -237   +479  
   6     5.50    2268.12   13   2e-01   1556    -331   +345    6e-01   1025    -237   +475    6e-01    912    -267   +457  
   7     5.76    2255.42   17   2e-01   1530    -316   +290    5e-01   1241    -255   +471    7e-01   1075    -292   +455  
   8     6.03    2243.53   23   1e-01   1333    -330   +133    5e-01   1326    -360   +445    4e-01   1134    -356   +415  
   9     6.32    2238.11   20   1e-01   1291    -179   +137    5e-01   1509    -264   +447    6e-01   1278    -280   +424  
  10     6.63    2231.42   23   1e-01   1163    -216   +88     4e-01   1591    -336   +418    4e-01   1331    -325   +378  
  11     6.95    2227.53   23   1e-01   1209    -127   +173    4e-01   1742    -304   +455    5e-01   1448    -292   +409  
  12     7.29    2224.45   26   1e-01   1088    -174   +53     4e-01   1804    -342   +404    5e-01   1516    -301   +369  
  13     7.44    2221.00   29   1e-01   1088    -0     +0      4e-01   1804    -0     +0      5e-01   1516    -0     +0    
==========================================================================================================================
Prune!
==========================================================================================================================
Depth = 3, Bound = 2221.00, Best = 2220

Fixing x[83] = 1

**************************************************************************************************************************
                                               Node 11
**************************************************************************************************************************
Problem size 97
Fixed variables: (x[28],0) (x[83],1) (x[84],1)
==========================================================================================================================
starting bound     cut  triangles added  violation
       2483.63    2220              500       0.49
==========================================================================================================================
iter     time      bound  bdl   viol3  triag  purged   added   viol5  penta  purged   added   viol7  hepta  purged   added
==========================================================================================================================
   1     7.49    2358.72    4   4e-01    862    -120   +482   
   2     7.55    2311.53    4   4e-01   1110    -218   +466   
   3     7.62    2282.12    9   3e-01   1263    -286   +439   
   4     7.69    2259.90    6   3e-01   1499    -221   +457   
   5     7.89    2248.83   10   2e-01   1505    -329   +335    6e-01    469    -0     +469    6e-01    446    -0     +446  
   6     8.10    2234.10   14   2e-01   1480    -324   +299    5e-01    727    -155   +413    5e-01    566    -206   +326  
   7     8.32    2222.33   18   1e-01   1280    -298   +98     4e-01    847    -223   +343    5e-01    541    -239   +214  
   8     8.35    2218.51   19   1e-01   1280    -0     +0      4e-01    847    -0     +0      5e-01    541    -0     +0    
==========================================================================================================================
Prune!
==========================================================================================================================
Depth = 3, Bound = 2218.51, Best = 2220

Branching on x[56] = 0.50
Fixing x[56] = 0

**************************************************************************************************************************
                                               Node 12
**************************************************************************************************************************
Problem size 97
Fixed variables: (x[56],0) (x[58],1) (x[84],0)
==========================================================================================================================
starting bound     cut  triangles added  violation
       2490.95    2220              500       0.49
==========================================================================================================================
iter     time      bound  bdl   viol3  triag  purged   added   viol5  penta  purged   added   viol7  hepta  purged   added
==========================================================================================================================
   1     8.41    2385.98    3   5e-01    837    -144   +481   
   2     8.48    2336.40    5   4e-01   1086    -233   +482   
   3     8.55    2301.14    6   3e-01   1334    -198   +446   
   4     8.63    2279.94    8   3e-01   1536    -264   +466   
   5     8.85    2270.00   10   2e-01   1603    -343   +410    6e-01    480    -0     +480    7e-01    480    -0     +480  
   6     9.09    2255.32   13   2e-01   1562    -403   +362    5e-01    792    -161   +473    6e-01    740    -205   +465  
   7     9.34    2242.61   16   2e-01   1622    -296   +356    7e-01   1071    -195   +474    6e-01    967    -229   +456  
   8     9.60    2233.81   20   1e-01   1299    -373   +50     4e-01   1179    -298   +406    5e-01    972    -347   +352  
   9     9.88    2226.50   23   9e-02   1129    -200   +30     5e-01   1296    -235   +352    4e-01   1019    -265   +312  
  10    10.03    2220.43   23   9e-02   1129    -0     +0      5e-01   1296    -0     +0      4e-01   1019    -0     +0    
==========================================================================================================================
Prune!
==========================================================================================================================
Depth = 3, Bound = 2220.43, Best = 2220

Fixing x[56] = 1

**************************************************************************************************************************
                                               Node 13
**************************************************************************************************************************
Problem size 97
Fixed variables: (x[56],1) (x[58],1) (x[84],0)
==========================================================================================================================
BOUNDING STOPPED: Gap to big!
==========================================================================================================================
Depth = 3, Bound = 2496.59, Best = 2220

Branching on x[56] = 0.51
Fixing x[56] = 0

**************************************************************************************************************************
                                               Node 14
**************************************************************************************************************************
Problem size 97
Fixed variables: (x[56],0) (x[58],0) (x[84],0)
==========================================================================================================================
starting bound     cut  triangles added  violation
       2483.02    2220              500       0.50
==========================================================================================================================
iter     time      bound  bdl   viol3  triag  purged   added   viol5  penta  purged   added   viol7  hepta  purged   added
==========================================================================================================================
   1    10.09    2374.88    4   5e-01    832    -156   +488   
   2    10.15    2322.87    4   3e-01   1066    -242   +476   
   3    10.21    2287.36    7   3e-01   1324    -201   +459   
   4    10.41    2258.21    7   3e-01   1461    -297   +434    7e-01    480    -0     +480    7e-01    479    -0     +479  
   5    10.62    2245.45   12   2e-01   1554    -276   +369    6e-01    755    -200   +475    6e-01    642    -274   +437  
   6    10.84    2229.54   15   2e-01   1379    -397   +222    6e-01    870    -281   +396    5e-01    629    -330   +317  
   7    11.07    2221.68   20   1e-01   1275    -209   +105    5e-01   1034    -206   +370    5e-01    691    -195   +257  
   8    11.09    2219.75   19   1e-01   1275    -0     +0      5e-01   1034    -0     +0      5e-01    691    -0     +0    
==========================================================================================================================
Prune!
==========================================================================================================================
Depth = 3, Bound = 2219.75, Best = 2220

Fixing x[56] = 1

**************************************************************************************************************************
                                               Node 15
**************************************************************************************************************************
Problem size 97
Fixed variables: (x[56],1) (x[58],0) (x[84],0)
==========================================================================================================================
starting bound     cut  triangles added  violation
       2489.13    2220              500       0.49
==========================================================================================================================
iter     time      bound  bdl   viol3  triag  purged   added   viol5  penta  purged   added   viol7  hepta  purged   added
==========================================================================================================================
   1    11.14    2375.56    4   4e-01    847    -139   +486   
   2    11.20    2311.66    5   4e-01   1045    -275   +473   
   3    11.27    2283.23    7   3e-01   1258    -264   +477   
   4    11.47    2261.30    9   3e-01   1407    -262   +411    6e-01    479    -0     +479    7e-01    471    -0     +471  
   5    11.67    2247.95   12   2e-01   1515    -264   +372    6e-01    775    -181   +477    6e-01    674    -248   +451  
   6    11.90    2231.92   17   2e-01   1405    -364   +254    5e-01    934    -261   +420    5e-01    680    -338   +344  
   7    12.14    2222.33   20   1e-01   1237    -251   +83     6e-01   1025    -251   +342    5e-01    696    -255   +271  
   8    12.17    2218.56   22   1e-01   1237    -0     +0      6e-01   1025    -0     +0      5e-01    696    -0     +0    
==========================================================================================================================
Prune!
==========================================================================================================================
Depth = 3, Bound = 2218.56, Best = 2220

Branching on x[72] = 0.50
Fixing x[72] = 0

**************************************************************************************************************************
                                               Node 16
**************************************************************************************************************************
Problem size 96
Fixed variables: (x[56],1) (x[58],1) (x[72],0) (x[84],0)
==========================================================================================================================
starting bound     cut  triangles added  violation
       2476.76    2220              500       0.50
==========================================================================================================================
iter     time      bound  bdl   viol3  triag  purged   added   viol5  penta  purged   added   viol7  hepta  purged   added
==========================================================================================================================
   1    12.22    2380.99    5   4e-01    872    -119   +491   
   2    12.28    2334.81    4   4e-01   1228    -113   +469   
   3    12.35    2306.02    5   3e-01   1379    -306   +457   
   4    12.57    2284.32    8   3e-01   1559    -285   +465    7e-01    480    -0     +480    8e-01    480    -0     +480  
   5    12.82    2268.37   12   3e-01   1674    -312   +427    6e-01    822    -138   +480    7e-01    805    -155   +480  
   6    13.08    2254.40   16   2e-01   1654    -420   +400    5e-01   1046    -256   +480    6e-01   1036    -245   +476  
   7    13.34    2242.95   18   2e-01   1706    -324   +376    6e-01   1277    -249   +480    7e-01   1251    -261   +476  
   8    13.64    2237.77   12   2e-01   1780    -339   +413    6e-01   1482    -275   +480    6e-01   1433    -298   +480  
   9    13.93    2231.43   13   2e-01   1810    -369   +399    5e-01   1621    -341   +480    6e-01   1576    -336   +479  
  10    14.25    2225.80   18   1e-01   1414    -464   +68     4e-01   1680    -402   +461    5e-01   1636    -399   +459  
  11    14.58    2222.43   21   2e-01   1685    -142   +413    5e-01   1839    -320   +479    6e-01   1808    -301   +473  
  12    14.66    2220.62   20   2e-01   1685    -0     +0      5e-01   1839    -0     +0      6e-01   1808    -0     +0    
==========================================================================================================================
Prune!
==========================================================================================================================
Depth = 4, Bound = 2220.62, Best = 2220

Fixing x[72] = 1

**************************************************************************************************************************
                                               Node 17
**************************************************************************************************************************
Problem size 96
Fixed variables: (x[56],1) (x[58],1) (x[72],1) (x[84],0)
==========================================================================================================================
starting bound     cut  triangles added  violation
       2475.33    2220              500       0.50
==========================================================================================================================
iter     time      bound  bdl   viol3  triag  purged   added   viol5  penta  purged   added   viol7  hepta  purged   added
==========================================================================================================================
   1    14.72    2386.68    4   4e-01    839    -132   +471   
   2    14.78    2336.90    5   4e-01   1053    -263   +477   
   3    14.85    2304.42    8   3e-01   1318    -190   +455   
   4    15.08    2284.19    7   3e-01   1569    -234   +485    8e-01    480    -0     +480    8e-01    480    -0     +480  
   5    15.33    2276.92   12   2e-01   1605    -415   +451    6e-01    750    -210   +480    7e-01    734    -225   +479  
   6    15.59    2261.95   15   2e-01   1622    -392   +409    5e-01    989    -241   +480    7e-01    942    -266   +474  
   7    15.85    2251.13   14   2e-01   1754    -298   +430    6e-01   1235    -234   +480    7e-01   1153    -269   +480  
   8    16.14    2245.15   17   1e-01   1658    -391   +295    5e-01   1394    -318   +477    6e-01   1317    -311   +475  
   9    16.43    2239.12   18   1e-01   1396    -343   +81     4e-01   1524    -332   +462    6e-01   1423    -335   +441  
  10    16.75    2234.00   16   2e-01   1686    -153   +443    5e-01   1733    -271   +480    5e-01   1634    -269   +480  
  11    17.10    2230.95   22   8e-02   1282    -418   +14     3e-01   1745    -408   +420    4e-01   1690    -382   +438  
  12    17.45    2227.14   19   1e-01   1295    -129   +142    4e-01   1926    -286   +467    6e-01   1871    -280   +461  
  13    17.83    2224.87   16   1e-01   1201    -169   +75     3e-01   2017    -377   +468    5e-01   2001    -336   +466  
  14    18.21    2223.30   20   1e-01   1278    -107   +184    4e-01   2116    -376   +475    4e-01   2103    -372   +474  
  15    18.63    2221.94   15   1e-01   1561    -173   +456    5e-01   2168    -428   +480    6e-01   2195    -388   +480  
  16    19.08    2221.33   15   1e-01   1195    -391   +25     3e-01   2156    -484   +472    4e-01   2203    -470   +478  
  17    19.14    2220.76   17   1e-01   1195    -0     +0      3e-01   2156    -0     +0      4e-01   2203    -0     +0    
==========================================================================================================================
Prune!
==========================================================================================================================
Depth = 4, Bound = 2220.76, Best = 2220


Nodes = 17
Root node bound = 2279.083
Maximum value = 2220
Solution = ( 1 2 3 4 5 8 10 12 13 14 15 16 17 21 23 24 28 29 31 32 33 37 39 42 44 45 46 47 48 49 52 53 55 57 59 67 69 71 73 74 81 84 87 89 91 92 94 95 97 98 99 )
CPU time = 19.14 s

