Input file: ./Instances/rudy/w09_100.8

Graph has 100 vertices and 4455 edges.

BiqBin parameters:
    init_bundle_iter = 5
     max_bundle_iter = 20
      min_outer_iter = 10
      max_outer_iter = 30
       violated_Ineq = 0.050000
             TriIneq = 500
         Pent_Trials = 160
        Hepta_Trials = 120
        include_Pent = 1
       include_Hepta = 1
                root = 0
            use_diff = 1
          time_limit = 0
   branchingStrategy = 1
      detailedOutput = 1

**************************************************************************************************************************
                                               Node 1
**************************************************************************************************************************
Problem size 100
Fixed variables:
Node 1 Feasible solution 1830
==========================================================================================================================
starting bound     cut  triangles added  violation
       2213.12    1830              500       0.49
==========================================================================================================================
iter     time      bound  bdl   viol3  triag  purged   added   viol5  penta  purged   added   viol7  hepta  purged   added
==========================================================================================================================
Node 1 Feasible solution 1843
   1     0.10    2103.26    3   5e-01    793    -199   +492   
   2     0.18    2039.94    5   4e-01   1088    -198   +493   
   3     0.27    2011.92    7   4e-01   1215    -346   +473   
   4     0.53    1986.53   11   3e-01   1318    -320   +423    7e-01    479    -0     +479    7e-01    459    -0     +459  
   5     0.79    1968.13   11   2e-01   1465    -234   +381    6e-01    785    -156   +462    6e-01    605    -254   +400  
   6     1.02    1953.03   17   1e-01   1358    -289   +182    6e-01    893    -263   +371    5e-01    550    -331   +276  
   7     1.26    1941.35   17   2e-01   1439    -221   +302    5e-01   1022    -249   +378    5e-01    609    -212   +271  
   8     1.51    1932.48   20   2e-01   1379    -283   +223    5e-01   1147    -252   +377    4e-01    644    -215   +250  
   9     1.78    1925.32   26   7e-02   1100    -290   +11     4e-01   1047    -317   +217    3e-01    529    -233   +118  
  10     2.05    1919.88   21   1e-01   1084    -104   +88     4e-01   1210    -131   +294    5e-01    617    -84    +172  
  11     2.33    1915.68   21   9e-02   1033    -89    +38     4e-01   1280    -187   +257    4e-01    630    -127   +140  
  12     2.49    1912.10   25   9e-02   1033    -0     +0      4e-01   1280    -0     +0      4e-01    630    -0     +0    
==========================================================================================================================
BOUNDING STOPPED: Gap to big!
==========================================================================================================================
Depth = 0, Bound = 1912.10, Best = 1843

Branching on x[4] = 0.50
Fixing x[4] = 0

**************************************************************************************************************************
                                               Node 2
**************************************************************************************************************************
Problem size 99
Fixed variables: (x[4],0)
==========================================================================================================================
BOUNDING STOPPED: Gap to big!
==========================================================================================================================
Depth = 1, Bound = 2190.10, Best = 1843

Fixing x[4] = 1

**************************************************************************************************************************
                                               Node 3
**************************************************************************************************************************
Problem size 99
Fixed variables: (x[4],1)
==========================================================================================================================
BOUNDING STOPPED: Gap to big!
==========================================================================================================================
Depth = 1, Bound = 2207.34, Best = 1843

Branching on x[3] = 0.50
Fixing x[3] = 0

**************************************************************************************************************************
                                               Node 4
**************************************************************************************************************************
Problem size 98
Fixed variables: (x[3],0) (x[4],1)
==========================================================================================================================
BOUNDING STOPPED: Gap to big!
==========================================================================================================================
Depth = 2, Bound = 2193.90, Best = 1843

Fixing x[3] = 1

**************************************************************************************************************************
                                               Node 5
**************************************************************************************************************************
Problem size 98
Fixed variables: (x[3],1) (x[4],1)
==========================================================================================================================
BOUNDING STOPPED: Gap to big!
==========================================================================================================================
Depth = 2, Bound = 2196.36, Best = 1843

Branching on x[2] = 0.50
Fixing x[2] = 0

**************************************************************************************************************************
                                               Node 6
**************************************************************************************************************************
Problem size 97
Fixed variables: (x[2],0) (x[3],1) (x[4],1)
==========================================================================================================================
BOUNDING STOPPED: Gap to big!
==========================================================================================================================
Depth = 3, Bound = 2177.64, Best = 1843

Fixing x[2] = 1

**************************************************************************************************************************
                                               Node 7
**************************************************************************************************************************
Problem size 97
Fixed variables: (x[2],1) (x[3],1) (x[4],1)
==========================================================================================================================
BOUNDING STOPPED: Gap to big!
==========================================================================================================================
Depth = 3, Bound = 2178.65, Best = 1843

Branching on x[60] = 0.50
Fixing x[60] = 0

**************************************************************************************************************************
                                               Node 8
**************************************************************************************************************************
Problem size 97
Fixed variables: (x[3],0) (x[4],1) (x[60],0)
==========================================================================================================================
BOUNDING STOPPED: Gap to big!
==========================================================================================================================
Depth = 3, Bound = 2169.22, Best = 1843

Fixing x[60] = 1

**************************************************************************************************************************
                                               Node 9
**************************************************************************************************************************
Problem size 97
Fixed variables: (x[3],0) (x[4],1) (x[60],1)
==========================================================================================================================
BOUNDING STOPPED: Gap to big!
==========================================================================================================================
Depth = 3, Bound = 2166.55, Best = 1843

Branching on x[38] = 0.51
Fixing x[38] = 0

**************************************************************************************************************************
                                               Node 10
**************************************************************************************************************************
Problem size 98
Fixed variables: (x[4],0) (x[38],0)
==========================================================================================================================
BOUNDING STOPPED: Gap to big!
==========================================================================================================================
Depth = 2, Bound = 2176.20, Best = 1843

Fixing x[38] = 1

**************************************************************************************************************************
                                               Node 11
**************************************************************************************************************************
Problem size 98
Fixed variables: (x[4],0) (x[38],1)
==========================================================================================================================
BOUNDING STOPPED: Gap to big!
==========================================================================================================================
Depth = 2, Bound = 2167.49, Best = 1843

Branching on x[98] = 0.51
Fixing x[98] = 0

**************************************************************************************************************************
                                               Node 12
**************************************************************************************************************************
Problem size 96
Fixed variables: (x[2],1) (x[3],1) (x[4],1) (x[98],0)
==========================================================================================================================
BOUNDING STOPPED: Gap to big!
==========================================================================================================================
Depth = 4, Bound = 2159.64, Best = 1843

Fixing x[98] = 1

**************************************************************************************************************************
                                               Node 13
**************************************************************************************************************************
Problem size 96
Fixed variables: (x[2],1) (x[3],1) (x[4],1) (x[98],1)
==========================================================================================================================
BOUNDING STOPPED: Gap to big!
==========================================================================================================================
Depth = 4, Bound = 2154.79, Best = 1843

Branching on x[93] = 0.50
Fixing x[93] = 0

**************************************************************************************************************************
                                               Node 14
**************************************************************************************************************************
Problem size 96
Fixed variables: (x[2],0) (x[3],1) (x[4],1) (x[93],0)
==========================================================================================================================
BOUNDING STOPPED: Gap to big!
==========================================================================================================================
Depth = 4, Bound = 2154.09, Best = 1843

Fixing x[93] = 1

**************************************************************************************************************************
                                               Node 15
**************************************************************************************************************************
Problem size 96
Fixed variables: (x[2],0) (x[3],1) (x[4],1) (x[93],1)
==========================================================================================================================
BOUNDING STOPPED: Gap to big!
==========================================================================================================================
Depth = 4, Bound = 2158.13, Best = 1843

Branching on x[33] = 0.49
Fixing x[33] = 0

**************************************************************************************************************************
                                               Node 16
**************************************************************************************************************************
Problem size 97
Fixed variables: (x[4],0) (x[33],0) (x[38],0)
==========================================================================================================================
BOUNDING STOPPED: Gap to big!
==========================================================================================================================
Depth = 3, Bound = 2155.14, Best = 1843

Fixing x[33] = 1

**************************************************************************************************************************
                                               Node 17
**************************************************************************************************************************
Problem size 97
Fixed variables: (x[4],0) (x[33],1) (x[38],0)
==========================================================================================================================
BOUNDING STOPPED: Gap to big!
==========================================================================================================================
Depth = 3, Bound = 2150.02, Best = 1843

Branching on x[97] = 0.50
Fixing x[97] = 0

**************************************************************************************************************************
                                               Node 18
**************************************************************************************************************************
Problem size 96
Fixed variables: (x[3],0) (x[4],1) (x[60],0) (x[97],0)
==========================================================================================================================
starting bound     cut  triangles added  violation
       2140.23    1843              500       0.50
==========================================================================================================================
iter     time      bound  bdl   viol3  triag  purged   added   viol5  penta  purged   added   viol7  hepta  purged   added
==========================================================================================================================
   1     2.69    2038.79    4   4e-01    853    -125   +478   
   2     2.75    1985.64    5   4e-01   1161    -169   +477   
   3     2.81    1952.87    7   3e-01   1220    -401   +460   
   4     3.02    1930.22    7   3e-01   1456    -197   +433    8e-01    480    -0     +480    8e-01    480    -0     +480  
   5     3.23    1914.14   13   2e-01   1494    -357   +395    6e-01    743    -213   +476    6e-01    668    -278   +466  
   6     3.46    1899.77   16   1e-01   1532    -277   +315    6e-01   1024    -184   +465    5e-01    880    -233   +445  
   7     3.71    1889.89   21   1e-01   1396    -279   +143    5e-01   1191    -261   +428    5e-01    999    -291   +410  
   8     3.98    1878.29   22   1e-01   1228    -245   +77     5e-01   1292    -298   +399    4e-01   1036    -320   +357  
   9     4.26    1873.48   25   1e-01   1234    -123   +129    4e-01   1484    -217   +409    4e-01   1204    -213   +381  
  10     4.56    1869.71   17   1e-01   1146    -165   +77     4e-01   1524    -321   +361    5e-01   1209    -309   +314  
  11     4.85    1866.02   22   9e-02   1083    -100   +37     3e-01   1622    -271   +369    4e-01   1266    -249   +306  
  12     5.17    1862.71   22   1e-01   1178    -77    +172    4e-01   1776    -251   +405    4e-01   1388    -243   +365  
  13     5.50    1859.65   23   7e-02   1010    -176   +8      4e-01   1726    -313   +263    4e-01   1365    -277   +254  
  14     5.84    1858.03   25   8e-02    967    -47    +4      3e-01   1802    -197   +273    5e-01   1415    -197   +247  
  15     6.20    1855.85   32   8e-02    945    -34    +12     3e-01   1925    -187   +310    3e-01   1507    -190   +282  
  16     6.59    1854.32   27   7e-02    912    -47    +14     2e-01   2013    -213   +301    4e-01   1598    -175   +266  
  17     6.98    1853.38   21   8e-02    887    -39    +14     3e-01   2156    -191   +334    5e-01   1701    -181   +284  
  18     7.35    1852.35   22   8e-02    944    -24    +81     3e-01   2314    -270   +428    4e-01   1901    -198   +398  
  19     7.76    1851.13   26   7e-02    873    -76    +5      3e-01   2191    -392   +269    4e-01   1823    -360   +282  
  20     8.15    1850.15   27   5e-02    841    -32    +0      2e-01   2239    -209   +257    4e-01   1908    -201   +286  
  21     8.36    1849.75   18   5e-02    841    -0     +0      2e-01   2239    -0     +0      4e-01   1908    -0     +0    
==========================================================================================================================
BOUNDING STOPPED: Gap to big!
==========================================================================================================================
Depth = 4, Bound = 1849.75, Best = 1843

Fixing x[97] = 1

**************************************************************************************************************************
                                               Node 19
**************************************************************************************************************************
Problem size 96
Fixed variables: (x[3],0) (x[4],1) (x[60],0) (x[97],1)
==========================================================================================================================
starting bound     cut  triangles added  violation
       2140.01    1843              500       0.49
==========================================================================================================================
iter     time      bound  bdl   viol3  triag  purged   added   viol5  penta  purged   added   viol7  hepta  purged   added
==========================================================================================================================
   1     8.41    2011.23    5   5e-01    827    -163   +490   
   2     8.47    1968.37    5   4e-01   1102    -194   +469   
   3     8.53    1938.49    5   3e-01   1315    -253   +466   
   4     8.61    1915.89    9   3e-01   1409    -323   +417   
   5     8.81    1899.88   14   2e-01   1533    -267   +391    6e-01    477    -0     +477    6e-01    464    -0     +464  
   6     9.03    1883.50   16   2e-01   1460    -328   +255    6e-01    752    -161   +436    6e-01    659    -211   +406  
   7     9.26    1873.47   20   1e-01   1276    -240   +56     5e-01    929    -181   +358    5e-01    759    -207   +307  
   8     9.50    1865.29   22   1e-01   1218    -166   +108    4e-01   1139    -180   +390    5e-01    849    -205   +295  
   9     9.76    1858.49   26   1e-01   1102    -164   +48     4e-01   1132    -272   +265    5e-01    765    -280   +196  
  10    10.03    1854.41   18   1e-01   1202    -99    +199    4e-01   1365    -190   +423    5e-01    963    -161   +359  
  11    10.32    1850.86   24   9e-02   1066    -172   +36     5e-01   1360    -313   +308    4e-01    906    -297   +240  
  12    10.62    1846.66   25   1e-01   1036    -71    +41     4e-01   1480    -189   +309    4e-01    922    -196   +212  
  13    10.78    1842.97   23   1e-01   1036    -0     +0      4e-01   1480    -0     +0      4e-01    922    -0     +0    
==========================================================================================================================
Prune!
==========================================================================================================================
Depth = 4, Bound = 1842.97, Best = 1843

Branching on x[80] = 0.50
Fixing x[80] = 0

**************************************************************************************************************************
                                               Node 20
**************************************************************************************************************************
Problem size 97
Fixed variables: (x[4],0) (x[38],1) (x[80],0)
==========================================================================================================================
starting bound     cut  triangles added  violation
       2144.54    1843              500       0.49
==========================================================================================================================
iter     time      bound  bdl   viol3  triag  purged   added   viol5  penta  purged   added   viol7  hepta  purged   added
==========================================================================================================================
   1    10.84    2046.34    3   5e-01    857    -134   +491   
   2    10.90    1983.81    5   4e-01   1044    -267   +454   
   3    10.96    1940.34    8   3e-01   1287    -209   +452   
   4    11.16    1919.47   12   2e-01   1348    -357   +418    7e-01    477    -0     +477    7e-01    469    -0     +469  
   5    11.36    1904.91   16   2e-01   1415    -263   +330    7e-01    784    -143   +450    6e-01    651    -206   +388  
   6    11.58    1890.44   18   1e-01   1232    -273   +90     5e-01    903    -251   +370    5e-01    601    -327   +277  
   7    11.82    1881.08   20   1e-01   1230    -188   +186    5e-01   1073    -190   +360    6e-01    620    -232   +251  
   8    12.06    1875.86   21   1e-01   1089    -192   +51     5e-01   1134    -225   +286    5e-01    606    -188   +174  
   9    12.31    1869.10   23   1e-01    983    -130   +24     6e-01   1146    -234   +246    4e-01    607    -168   +169  
  10    12.57    1864.45   25   1e-01    982    -82    +81     4e-01   1243    -170   +267    4e-01    692    -105   +190  
  11    12.84    1859.63   27   7e-02    888    -105   +11     5e-01   1232    -198   +187    4e-01    657    -157   +122  
  12    13.12    1856.09   25   1e-01    991    -48    +151    4e-01   1407    -103   +278    4e-01    750    -94    +187  
  13    13.41    1853.82   30   7e-02    888    -111   +8      5e-01   1411    -176   +180    4e-01    729    -139   +118  
  14    13.72    1851.43   34   8e-02    848    -45    +5      3e-01   1421    -148   +158    4e-01    720    -108   +99   
  15    14.05    1848.85   35   9e-02    826    -43    +21     4e-01   1480    -109   +168    3e-01    721    -71    +72   
  16    14.38    1847.59   28   8e-02    803    -36    +13     3e-01   1521    -114   +155    3e-01    716    -85    +80   
  17    14.71    1845.64   32   7e-02    787    -30    +14     4e-01   1524    -107   +110    4e-01    702    -74    +60   
  18    14.91    1843.91   36   7e-02    787    -0     +0      4e-01   1524    -0     +0      4e-01    702    -0     +0    
==========================================================================================================================
Prune!
==========================================================================================================================
Depth = 3, Bound = 1843.91, Best = 1843

Fixing x[80] = 1

**************************************************************************************************************************
                                               Node 21
**************************************************************************************************************************
Problem size 97
Fixed variables: (x[4],0) (x[38],1) (x[80],1)
==========================================================================================================================
starting bound     cut  triangles added  violation
       2143.32    1843              500       0.50
==========================================================================================================================
iter     time      bound  bdl   viol3  triag  purged   added   viol5  penta  purged   added   viol7  hepta  purged   added
==========================================================================================================================
   1    14.96    2045.86    4   4e-01    809    -173   +482   
   2    15.02    1981.05    6   4e-01   1064    -202   +457   
   3    15.09    1937.52    8   3e-01   1268    -227   +431   
   4    15.28    1922.40    8   3e-01   1534    -142   +408    7e-01    480    -0     +480    8e-01    480    -0     +480  
   5    15.49    1905.71   11   2e-01   1476    -397   +339    6e-01    695    -243   +458    6e-01    595    -302   +417  
   6    15.71    1894.02   14   1e-01   1263    -322   +109    5e-01    853    -229   +387    6e-01    598    -286   +289  
   7    15.95    1882.75   20   1e-01   1258    -163   +158    5e-01   1039    -198   +384    5e-01    684    -204   +290  
   8    16.21    1876.49   18   1e-01   1264    -160   +166    4e-01   1176    -223   +360    5e-01    808    -175   +299  
   9    16.47    1869.93   24   1e-01   1113    -204   +53     6e-01   1207    -265   +296    4e-01    746    -265   +203  
  10    16.74    1865.72   21   2e-01   1115    -104   +106    4e-01   1357    -176   +326    4e-01    837    -144   +235  
  11    17.03    1862.68   26   7e-02    981    -139   +5      4e-01   1344    -229   +216    4e-01    823    -169   +155  
  12    17.33    1857.77   29   7e-02    923    -70    +12     5e-01   1392    -165   +213    3e-01    825    -158   +160  
  13    17.64    1854.84   32   9e-02    878    -65    +20     4e-01   1452    -153   +213    3e-01    802    -144   +121  
  14    17.95    1852.50   35   1e-01    896    -38    +56     3e-01   1553    -142   +243    3e-01    853    -102   +153  
  15    18.29    1850.49   31   6e-02    850    -51    +5      3e-01   1544    -174   +165    4e-01    826    -134   +107  
  16    18.64    1848.55   32   7e-02    820    -36    +6      3e-01   1550    -124   +130    3e-01    834    -103   +111  
  17    18.98    1847.33   33   6e-02    791    -30    +1      3e-01   1578    -103   +131    3e-01    847    -77    +90   
  18    19.33    1845.37   33   5e-02    770    -21    +0      3e-01   1603    -87    +112    4e-01    894    -52    +99   
  19    19.67    1844.37   34   6e-02    761    -13    +4      3e-01   1699    -47    +143    3e-01    948    -53    +107  
  20    19.70    1843.93   37   6e-02    761    -0     +0      3e-01   1699    -0     +0      3e-01    948    -0     +0    
==========================================================================================================================
Prune!
==========================================================================================================================
Depth = 3, Bound = 1843.93, Best = 1843

Branching on x[31] = 0.49
Fixing x[31] = 0

**************************************************************************************************************************
                                               Node 22
**************************************************************************************************************************
Problem size 96
Fixed variables: (x[3],0) (x[4],1) (x[31],0) (x[60],1)
==========================================================================================================================
BOUNDING STOPPED: Gap to big!
==========================================================================================================================
Depth = 4, Bound = 2148.20, Best = 1843

Fixing x[31] = 1

**************************************************************************************************************************
                                               Node 23
**************************************************************************************************************************
Problem size 96
Fixed variables: (x[3],0) (x[4],1) (x[31],1) (x[60],1)
==========================================================================================================================
starting bound     cut  triangles added  violation
       2142.33    1843              500       0.50
==========================================================================================================================
iter     time      bound  bdl   viol3  triag  purged   added   viol5  penta  purged   added   viol7  hepta  purged   added
==========================================================================================================================
   1    19.76    2031.92    3   4e-01    794    -194   +488   
   2    19.82    1970.26    4   4e-01   1115    -161   +482   
   3    19.88    1934.57    8   3e-01   1206    -375   +466   
   4    20.07    1913.80    9   2e-01   1348    -254   +396    7e-01    476    -0     +476    7e-01    465    -0     +465  
   5    20.28    1897.27   13   3e-01   1486    -243   +381    6e-01    792    -157   +473    6e-01    690    -226   +451  
   6    20.49    1881.91   17   2e-01   1313    -348   +175    5e-01    916    -284   +408    5e-01    656    -358   +324  
   7    20.73    1871.04   19   1e-01   1246    -206   +139    6e-01   1030    -245   +359    5e-01    710    -220   +274  
   8    20.97    1863.37   21   9e-02   1091    -195   +40     4e-01   1076    -263   +309    4e-01    684    -239   +213  
   9    21.23    1859.03   21   2e-01   1394    -74    +377    5e-01   1340    -172   +436    5e-01    934    -113   +363  
  10    21.50    1853.24   27   1e-01   1086    -338   +30     4e-01   1217    -386   +263    5e-01    755    -353   +174  
  11    21.77    1848.64   29   8e-02   1002    -90    +6      4e-01   1269    -181   +233    4e-01    765    -151   +161  
  12    22.05    1845.89   25   9e-02    965    -59    +22     4e-01   1344    -152   +227    4e-01    824    -91    +150  
  13    22.13    1843.26   26   9e-02    965    -0     +0      4e-01   1344    -0     +0      4e-01    824    -0     +0    
==========================================================================================================================
Prune!
==========================================================================================================================
Depth = 4, Bound = 1843.26, Best = 1843

Branching on x[35] = 0.50
Fixing x[35] = 0

**************************************************************************************************************************
                                               Node 24
**************************************************************************************************************************
Problem size 95
Fixed variables: (x[2],1) (x[3],1) (x[4],1) (x[35],0) (x[98],0)
==========================================================================================================================
starting bound     cut  triangles added  violation
       2133.64    1843              500       0.49
==========================================================================================================================
iter     time      bound  bdl   viol3  triag  purged   added   viol5  penta  purged   added   viol7  hepta  purged   added
==========================================================================================================================
   1    22.19    2001.82    5   4e-01    859    -117   +476   
   2    22.24    1952.27    5   4e-01   1202    -129   +472   
   3    22.44    1921.82    9   3e-01   1323    -312   +433    7e-01    480    -0     +480    7e-01    480    -0     +480  
   4    22.64    1901.54   14   2e-01   1453    -278   +408    6e-01    774    -184   +478    7e-01    730    -222   +472  
   5    22.86    1885.94   14   2e-01   1527    -316   +390    6e-01   1015    -234   +475    6e-01    900    -296   +466  
   6    23.10    1874.85   14   1e-01   1431    -364   +268    5e-01   1179    -296   +460    6e-01    976    -338   +414  
   7    23.36    1865.43   17   2e-01   1520    -260   +349    5e-01   1351    -300   +472    5e-01   1160    -267   +451  
   8    23.63    1861.20   21   2e-01   1544    -310   +334    4e-01   1494    -323   +466    6e-01   1244    -335   +419  
   9    23.92    1855.68   25   8e-02   1189    -367   +12     3e-01   1456    -377   +339    5e-01   1097    -410   +263  
  10    24.21    1851.14   26   1e-01   1110    -140   +61     3e-01   1570    -231   +345    4e-01   1118    -252   +273  
  11    24.53    1848.77   18   1e-01   1167    -93    +150    4e-01   1756    -249   +435    4e-01   1300    -197   +379  
  12    24.85    1845.79   21   8e-02   1060    -131   +24     4e-01   1810    -299   +353    4e-01   1278    -308   +286  
  13    24.93    1843.99   23   8e-02   1060    -0     +0      4e-01   1810    -0     +0      4e-01   1278    -0     +0    
==========================================================================================================================
Prune!
==========================================================================================================================
Depth = 5, Bound = 1843.99, Best = 1843

Fixing x[35] = 1

**************************************************************************************************************************
                                               Node 25
**************************************************************************************************************************
Problem size 95
Fixed variables: (x[2],1) (x[3],1) (x[4],1) (x[35],1) (x[98],0)
==========================================================================================================================
starting bound     cut  triangles added  violation
       2135.20    1843              500       0.50
==========================================================================================================================
iter     time      bound  bdl   viol3  triag  purged   added   viol5  penta  purged   added   viol7  hepta  purged   added
==========================================================================================================================
   1    24.98    2014.43    3   5e-01    839    -151   +490   
   2    25.04    1953.19    6   4e-01   1060    -253   +474   
   3    25.11    1915.13    5   4e-01   1331    -200   +471   
   4    25.18    1898.56    8   3e-01   1397    -377   +443   
   5    25.37    1881.35   10   2e-01   1517    -291   +411    7e-01    480    -0     +480    6e-01    473    -0     +473  
   6    25.59    1862.26   13   2e-01   1514    -350   +347    6e-01    743    -194   +457    5e-01    600    -264   +391  
   7    25.81    1849.33   17   1e-01   1340    -269   +95     5e-01    885    -221   +363    5e-01    597    -261   +258  
   8    25.91    1842.52   21   1e-01   1340    -0     +0      5e-01    885    -0     +0      5e-01    597    -0     +0    
==========================================================================================================================
Prune!
==========================================================================================================================
Depth = 5, Bound = 1842.52, Best = 1843

Branching on x[15] = 0.50
Fixing x[15] = 0

**************************************************************************************************************************
                                               Node 26
**************************************************************************************************************************
Problem size 95
Fixed variables: (x[2],0) (x[3],1) (x[4],1) (x[15],0) (x[93],1)
==========================================================================================================================
starting bound     cut  triangles added  violation
       2133.21    1843              500       0.49
==========================================================================================================================
iter     time      bound  bdl   viol3  triag  purged   added   viol5  penta  purged   added   viol7  hepta  purged   added
==========================================================================================================================
   1    25.97    2006.05    3   4e-01    870    -114   +484   
   2    26.03    1957.45    6   4e-01   1088    -254   +472   
   3    26.10    1935.40    8   3e-01   1288    -229   +429   
   4    26.30    1909.43    8   2e-01   1427    -298   +437    7e-01    480    -0     +480    7e-01    478    -0     +478  
   5    26.50    1897.55    9   2e-01   1526    -304   +403    6e-01    791    -166   +477    7e-01    709    -240   +471  
   6    26.72    1879.91   12   2e-01   1511    -325   +310    5e-01    970    -282   +461    6e-01    753    -360   +404  
   7    26.96    1867.44   17   1e-01   1447    -279   +215    5e-01   1095    -290   +415    6e-01    818    -296   +361  
   8    27.20    1855.78   20   1e-01   1191    -302   +46     4e-01   1140    -295   +340    5e-01    750    -316   +248  
   9    27.45    1849.66   22   1e-01   1113    -142   +64     4e-01   1237    -216   +313    4e-01    792    -174   +216  
  10    27.55    1843.81   25   1e-01   1113    -0     +0      4e-01   1237    -0     +0      4e-01    792    -0     +0    
==========================================================================================================================
Prune!
==========================================================================================================================
Depth = 5, Bound = 1843.81, Best = 1843

Fixing x[15] = 1

**************************************************************************************************************************
                                               Node 27
**************************************************************************************************************************
Problem size 95
Fixed variables: (x[2],0) (x[3],1) (x[4],1) (x[15],1) (x[93],1)
==========================================================================================================================
starting bound     cut  triangles added  violation
       2139.13    1843              500       0.49
==========================================================================================================================
iter     time      bound  bdl   viol3  triag  purged   added   viol5  penta  purged   added   viol7  hepta  purged   added
==========================================================================================================================
   1    27.62    2032.80    5   4e-01    825    -162   +487   
   2    27.67    1970.51    6   4e-01   1102    -202   +479   
   3    27.74    1942.39    5   3e-01   1285    -306   +489   
   4    27.95    1919.81   10   3e-01   1446    -279   +440    7e-01    480    -0     +480    7e-01    480    -0     +480  
   5    28.17    1904.69   14   2e-01   1532    -288   +374    6e-01    813    -146   +479    7e-01    762    -192   +474  
   6    28.41    1889.87   17   2e-01   1585    -339   +392    5e-01   1057    -223   +467    5e-01    921    -285   +444  
   7    28.66    1876.30   20   1e-01   1593    -326   +334    4e-01   1227    -294   +464    6e-01   1029    -320   +428  
   8    28.94    1869.35   19   1e-01   1365    -325   +97     4e-01   1312    -319   +404    5e-01   1058    -319   +348  
   9    29.22    1864.01   17   2e-01   1628    -165   +428    6e-01   1541    -251   +480    6e-01   1317    -218   +477  
  10    29.54    1856.90   21   1e-01   1396    -423   +191    4e-01   1568    -423   +450    5e-01   1298    -431   +412  
  11    29.86    1854.49   21   7e-02   1165    -236   +5      4e-01   1602    -307   +341    5e-01   1334    -277   +313  
  12    30.18    1849.69   24   1e-01   1124    -114   +73     4e-01   1737    -259   +394    4e-01   1423    -247   +336  
  13    30.52    1847.37   27   5e-02   1040    -84    +0      3e-01   1647    -336   +246    4e-01   1360    -282   +219  
  14    30.87    1844.63   22   1e-01   1051    -59    +70     4e-01   1861    -162   +376    4e-01   1493    -167   +300  
  15    30.90    1843.61   24   1e-01   1051    -0     +0      4e-01   1861    -0     +0      4e-01   1493    -0     +0    
==========================================================================================================================
Prune!
==========================================================================================================================
Depth = 5, Bound = 1843.61, Best = 1843

Branching on x[8] = 0.49
Fixing x[8] = 0

**************************************************************************************************************************
                                               Node 28
**************************************************************************************************************************
Problem size 96
Fixed variables: (x[4],0) (x[8],0) (x[33],0) (x[38],0)
==========================================================================================================================
starting bound     cut  triangles added  violation
       2140.09    1843              500       0.50
==========================================================================================================================
iter     time      bound  bdl   viol3  triag  purged   added   viol5  penta  purged   added   viol7  hepta  purged   added
==========================================================================================================================
   1    30.95    2030.86    4   4e-01    858    -134   +492   
   2    31.01    1975.39    5   4e-01   1086    -243   +471   
   3    31.08    1946.85    7   4e-01   1384    -170   +468   
   4    31.28    1933.49   10   3e-01   1431    -378   +425    8e-01    479    -0     +479    8e-01    479    -0     +479  
   5    31.50    1909.23   11   2e-01   1469    -331   +369    6e-01    790    -162   +473    7e-01    724    -221   +466  
   6    31.72    1894.21   14   2e-01   1275    -347   +153    4e-01   1017    -208   +435    6e-01    845    -270   +391  
   7    31.96    1885.86   17   1e-01   1201    -179   +105    5e-01   1238    -209   +430    5e-01    986    -239   +380  
   8    32.21    1877.38   22   1e-01   1185    -172   +156    4e-01   1361    -289   +412    5e-01   1058    -302   +374  
   9    32.50    1870.15   24   1e-01   1202    -180   +197    5e-01   1496    -297   +432    5e-01   1115    -300   +357  
  10    32.79    1868.18   18   1e-01   1075    -208   +81     4e-01   1575    -321   +400    5e-01   1203    -258   +346  
  11    33.09    1864.95   22   1e-01   1063    -106   +94     4e-01   1628    -333   +386    4e-01   1202    -326   +325  
  12    33.40    1861.71   25   8e-02    969    -108   +14     3e-01   1557    -359   +288    4e-01   1124    -308   +230  
  13    33.72    1858.60   29   8e-02    944    -56    +31     3e-01   1720    -151   +314    4e-01   1257    -130   +263  
  14    34.07    1855.85   25   9e-02    946    -50    +52     4e-01   1850    -235   +365    4e-01   1398    -165   +306  
  15    34.43    1853.55   26   6e-02    889    -67    +10     2e-01   1846    -299   +295    4e-01   1396    -242   +240  
  16    34.80    1851.58   26   7e-02    854    -39    +4      4e-01   1905    -192   +251    4e-01   1467    -168   +239  
  17    35.16    1850.96   27   8e-02    872    -16    +34     4e-01   2076    -186   +357    4e-01   1594    -156   +283  
  18    35.54    1849.17   29   7e-02    832    -43    +3      3e-01   1990    -315   +229    4e-01   1597    -228   +231  
  19    35.91    1847.64   34   7e-02    820    -14    +2      4e-01   2033    -160   +203    4e-01   1639    -159   +201  
  20    36.30    1846.80   27   1e-01    906    -18    +104    3e-01   2317    -167   +451    5e-01   1928    -110   +399  
  21    36.72    1846.14   30   6e-02    832    -78    +4      3e-01   2158    -372   +213    3e-01   1809    -325   +206  
  22    37.10    1845.51   31   5e-02    802    -30    +0      2e-01   2169    -181   +192    4e-01   1860    -162   +213  
  23    37.49    1844.66   35   6e-02    789    -15    +2      2e-01   2182    -158   +171    3e-01   1890    -138   +168  
  24    37.64    1843.93   37   6e-02    789    -0     +0      2e-01   2182    -0     +0      3e-01   1890    -0     +0    
==========================================================================================================================
Prune!
==========================================================================================================================
Depth = 4, Bound = 1843.93, Best = 1843

Fixing x[8] = 1

**************************************************************************************************************************
                                               Node 29
**************************************************************************************************************************
Problem size 96
Fixed variables: (x[4],0) (x[8],1) (x[33],0) (x[38],0)
==========================================================================================================================
starting bound     cut  triangles added  violation
       2137.28    1843              500       0.50
==========================================================================================================================
iter     time      bound  bdl   viol3  triag  purged   added   viol5  penta  purged   added   viol7  hepta  purged   added
==========================================================================================================================
   1    37.70    2042.96    4   5e-01    809    -182   +491   
   2    37.75    1976.33    6   4e-01   1043    -225   +459   
   3    37.82    1937.26    6   4e-01   1350    -175   +482   
   4    38.03    1917.82    8   3e-01   1416    -391   +457    8e-01    480    -0     +480    8e-01    480    -0     +480  
   5    38.24    1901.23   12   2e-01   1397    -413   +394    6e-01    786    -174   +480    7e-01    749    -203   +472  
   6    38.48    1886.26   13   2e-01   1518    -284   +405    6e-01   1036    -227   +477    6e-01    918    -300   +469  
   7    38.73    1874.39   18   1e-01   1335    -386   +203    6e-01   1218    -270   +452    5e-01    988    -336   +406  
   8    38.99    1867.55   17   1e-01   1207    -233   +105    4e-01   1346    -286   +414    5e-01   1069    -265   +346  
   9    39.25    1863.02   18   1e-01   1468    -151   +412    5e-01   1478    -334   +466    5e-01   1204    -300   +435  
  10    39.55    1857.95   20   1e-01   1265    -368   +165    4e-01   1557    -362   +441    5e-01   1243    -363   +402  
  11    39.84    1851.47   21   1e-01   1139    -187   +61     4e-01   1562    -361   +366    4e-01   1208    -331   +296  
  12    40.15    1847.58   24   7e-02   1027    -121   +9      3e-01   1558    -314   +310    4e-01   1210    -253   +255  
  13    40.30    1843.18   27   7e-02   1027    -0     +0      3e-01   1558    -0     +0      4e-01   1210    -0     +0    
==========================================================================================================================
Prune!
==========================================================================================================================
Depth = 4, Bound = 1843.18, Best = 1843

Branching on x[55] = 0.51
Fixing x[55] = 0

**************************************************************************************************************************
                                               Node 30
**************************************************************************************************************************
Problem size 95
Fixed variables: (x[2],1) (x[3],1) (x[4],1) (x[55],0) (x[98],1)
==========================================================================================================================
starting bound     cut  triangles added  violation
       2127.48    1843              500       0.49
==========================================================================================================================
iter     time      bound  bdl   viol3  triag  purged   added   viol5  penta  purged   added   viol7  hepta  purged   added
==========================================================================================================================
   1    40.35    2007.75    5   4e-01    837    -155   +492   
   2    40.41    1961.58    5   4e-01   1126    -201   +490   
   3    40.48    1921.94    7   3e-01   1251    -333   +458   
   4    40.66    1896.27   10   2e-01   1355    -299   +403    7e-01    471    -0     +471    6e-01    434    -0     +434  
   5    40.86    1880.34   13   2e-01   1445    -281   +371    5e-01    735    -194   +458    6e-01    544    -257   +367  
   6    41.07    1869.74   14   2e-01   1466    -277   +298    5e-01    912    -244   +421    6e-01    626    -243   +325  
   7    41.30    1856.32   16   1e-01   1356    -268   +158    4e-01   1014    -265   +367    5e-01    620    -255   +249  
   8    41.53    1847.35   19   1e-01   1244    -221   +109    4e-01   1074    -239   +299    4e-01    594    -215   +189  
   9    41.60    1842.83   23   1e-01   1244    -0     +0      4e-01   1074    -0     +0      4e-01    594    -0     +0    
==========================================================================================================================
Prune!
==========================================================================================================================
Depth = 5, Bound = 1842.83, Best = 1843

Fixing x[55] = 1

**************************************************************************************************************************
                                               Node 31
**************************************************************************************************************************
Problem size 95
Fixed variables: (x[2],1) (x[3],1) (x[4],1) (x[55],1) (x[98],1)
==========================================================================================================================
starting bound     cut  triangles added  violation
       2129.01    1843              500       0.49
==========================================================================================================================
iter     time      bound  bdl   viol3  triag  purged   added   viol5  penta  purged   added   viol7  hepta  purged   added
==========================================================================================================================
   1    41.65    2003.31    4   4e-01    846    -143   +489   
   2    41.71    1953.84    6   4e-01   1041    -283   +478   
   3    41.78    1920.16    6   3e-01   1299    -199   +457   
   4    41.97    1901.41    8   3e-01   1425    -321   +447    8e-01    480    -0     +480    7e-01    480    -0     +480  
   5    42.19    1879.59   10   2e-01   1455    -346   +376    6e-01    674    -281   +475    6e-01    605    -327   +452  
   6    42.40    1863.43   16   1e-01   1319    -311   +175    5e-01    867    -228   +421    5e-01    647    -296   +338  
   7    42.64    1851.34   18   1e-01   1268    -205   +154    4e-01   1033    -212   +378    5e-01    703    -229   +285  
   8    42.88    1844.26   19   1e-01   1213    -208   +153    4e-01   1164    -233   +364    5e-01    751    -203   +251  
   9    42.94    1841.24   23   1e-01   1213    -0     +0      4e-01   1164    -0     +0      5e-01    751    -0     +0    
==========================================================================================================================
Prune!
==========================================================================================================================
Depth = 5, Bound = 1841.24, Best = 1843

Branching on x[10] = 0.49
Fixing x[10] = 0

**************************************************************************************************************************
                                               Node 32
**************************************************************************************************************************
Problem size 95
Fixed variables: (x[2],0) (x[3],1) (x[4],1) (x[10],0) (x[93],0)
==========================================================================================================================
starting bound     cut  triangles added  violation
       2137.45    1843              500       0.50
==========================================================================================================================
iter     time      bound  bdl   viol3  triag  purged   added   viol5  penta  purged   added   viol7  hepta  purged   added
==========================================================================================================================
   1    42.99    2023.77    4   4e-01    817    -176   +493   
   2    43.05    1962.39    6   4e-01   1100    -179   +462   
   3    43.11    1927.01    5   4e-01   1351    -222   +473   
   4    43.30    1899.65    8   3e-01   1433    -372   +454    7e-01    480    -0     +480    7e-01    475    -0     +475  
   5    43.51    1882.09   13   2e-01   1464    -333   +364    6e-01    729    -218   +467    7e-01    625    -277   +427  
   6    43.72    1868.31   16   2e-01   1522    -276   +334    5e-01    937    -228   +436    6e-01    699    -290   +364  
   7    43.95    1854.36   22   1e-01   1246    -352   +76     4e-01    955    -307   +325    4e-01    581    -337   +219  
   8    44.19    1848.17   20   1e-01   1372    -121   +247    5e-01   1165    -177   +387    5e-01    694    -152   +265  
   9    44.21    1843.57   23   1e-01   1372    -0     +0      5e-01   1165    -0     +0      5e-01    694    -0     +0    
==========================================================================================================================
Prune!
==========================================================================================================================
Depth = 5, Bound = 1843.57, Best = 1843

Fixing x[10] = 1

**************************************************************************************************************************
                                               Node 33
**************************************************************************************************************************
Problem size 95
Fixed variables: (x[2],0) (x[3],1) (x[4],1) (x[10],1) (x[93],0)
==========================================================================================================================
starting bound     cut  triangles added  violation
       2134.18    1843              500       0.49
==========================================================================================================================
iter     time      bound  bdl   viol3  triag  purged   added   viol5  penta  purged   added   viol7  hepta  purged   added
==========================================================================================================================
   1    44.27    2013.30    4   5e-01    838    -156   +494   
   2    44.33    1957.69    4   4e-01   1160    -161   +483   
   3    44.40    1927.06    8   3e-01   1241    -376   +457   
   4    44.59    1900.58    9   3e-01   1409    -260   +428    8e-01    480    -0     +480    7e-01    474    -0     +474  
   5    44.79    1885.84   12   2e-01   1533    -282   +406    6e-01    789    -170   +479    7e-01    688    -252   +466  
   6    45.02    1868.92   18   2e-01   1335    -407   +209    4e-01    875    -337   +423    5e-01    629    -396   +337  
   7    45.24    1859.81   18   1e-01   1265    -184   +114    5e-01   1026    -217   +368    4e-01    690    -218   +279  
   8    45.48    1853.73   19   1e-01   1356    -144   +235    5e-01   1192    -208   +374    5e-01    823    -172   +305  
   9    45.74    1848.92   21   1e-01   1193    -203   +40     4e-01   1188    -271   +267    5e-01    807    -233   +217  
  10    45.84    1843.25   25   1e-01   1193    -0     +0      4e-01   1188    -0     +0      5e-01    807    -0     +0    
==========================================================================================================================
Prune!
==========================================================================================================================
Depth = 5, Bound = 1843.25, Best = 1843

Branching on x[27] = 0.50
Fixing x[27] = 0

**************************************************************************************************************************
                                               Node 34
**************************************************************************************************************************
Problem size 96
Fixed variables: (x[4],0) (x[27],0) (x[33],1) (x[38],0)
==========================================================================================================================
starting bound     cut  triangles added  violation
       2126.06    1843              500       0.49
==========================================================================================================================
iter     time      bound  bdl   viol3  triag  purged   added   viol5  penta  purged   added   viol7  hepta  purged   added
==========================================================================================================================
   1    45.89    2019.20    3   5e-01    833    -149   +482   
   2    45.95    1959.57    5   4e-01   1038    -263   +468   
   3    46.01    1916.53    6   3e-01   1256    -214   +432   
   4    46.20    1900.04   10   3e-01   1448    -234   +426    7e-01    480    -0     +480    8e-01    478    -0     +478  
   5    46.40    1880.86   15   2e-01   1419    -370   +341    5e-01    691    -242   +453    6e-01    577    -316   +415  
   6    46.61    1872.99   17   2e-01   1394    -242   +217    6e-01    921    -187   +417    5e-01    669    -223   +315  
   7    46.83    1860.00   21   1e-01   1183    -263   +52     4e-01    953    -278   +310    5e-01    612    -290   +233  
   8    47.06    1852.73   20   1e-01   1134    -123   +74     5e-01   1123    -147   +317    5e-01    669    -153   +210  
   9    47.31    1845.70   25   1e-01   1054    -124   +44     4e-01   1220    -176   +273    4e-01    678    -167   +176  
  10    47.33    1843.94   25   1e-01   1054    -0     +0      4e-01   1220    -0     +0      4e-01    678    -0     +0    
==========================================================================================================================
Prune!
==========================================================================================================================
Depth = 4, Bound = 1843.94, Best = 1843

Fixing x[27] = 1

**************************************************************************************************************************
                                               Node 35
**************************************************************************************************************************
Problem size 96
Fixed variables: (x[4],0) (x[27],1) (x[33],1) (x[38],0)
==========================================================================================================================
starting bound     cut  triangles added  violation
       2130.52    1843              500       0.50
==========================================================================================================================
iter     time      bound  bdl   viol3  triag  purged   added   viol5  penta  purged   added   viol7  hepta  purged   added
==========================================================================================================================
   1    47.38    2026.99    4   5e-01    818    -172   +490   
   2    47.43    1964.24    7   4e-01   1064    -228   +474   
   3    47.50    1932.90    7   4e-01   1291    -241   +468   
   4    47.70    1911.30   10   3e-01   1396    -357   +462    8e-01    480    -0     +480    8e-01    480    -0     +480  
   5    47.90    1896.48   14   2e-01   1472    -296   +372    6e-01    797    -160   +477    6e-01    729    -216   +465  
   6    48.13    1880.58   19   1e-01   1469    -312   +309    4e-01   1001    -243   +447    6e-01    811    -307   +389  
   7    48.37    1869.57   20   1e-01   1299    -285   +115    5e-01   1138    -261   +398    4e-01    816    -311   +316  
   8    48.61    1859.98   23   1e-01   1239    -168   +108    4e-01   1284    -217   +363    5e-01    880    -216   +280  
   9    48.87    1854.57   18   1e-01   1266    -116   +143    4e-01   1427    -248   +391    5e-01    986    -217   +323  
  10    49.13    1850.40   20   2e-01   1231    -143   +108    4e-01   1538    -276   +387    5e-01   1092    -213   +319  
  11    49.41    1846.29   23   1e-01   1140    -140   +49     4e-01   1572    -299   +333    5e-01   1076    -254   +238  
  12    49.46    1843.62   28   1e-01   1140    -0     +0      4e-01   1572    -0     +0      5e-01   1076    -0     +0    
==========================================================================================================================
Prune!
==========================================================================================================================
Depth = 4, Bound = 1843.62, Best = 1843

Branching on x[18] = 0.49
Fixing x[18] = 0

**************************************************************************************************************************
                                               Node 36
**************************************************************************************************************************
Problem size 95
Fixed variables: (x[3],0) (x[4],1) (x[18],0) (x[31],0) (x[60],1)
==========================================================================================================================
starting bound     cut  triangles added  violation
       2114.98    1843              500       0.50
==========================================================================================================================
iter     time      bound  bdl   viol3  triag  purged   added   viol5  penta  purged   added   viol7  hepta  purged   added
==========================================================================================================================
   1    49.51    1979.73    5   4e-01    857    -124   +481   
   2    49.57    1925.91    8   3e-01   1157    -139   +439   
   3    49.75    1896.13   10   3e-01   1393    -159   +395    7e-01    480    -0     +480    7e-01    476    -0     +476  
   4    49.95    1867.09   11   2e-01   1471    -286   +364    6e-01    761    -188   +469    6e-01    653    -278   +455  
   5    50.16    1853.91   15   2e-01   1496    -278   +303    5e-01    973    -230   +442    5e-01    730    -306   +383  
   6    50.23    1841.73   19   2e-01   1496    -0     +0      5e-01    973    -0     +0      5e-01    730    -0     +0    
==========================================================================================================================
Prune!
==========================================================================================================================
Depth = 5, Bound = 1841.73, Best = 1843

Fixing x[18] = 1

**************************************************************************************************************************
                                               Node 37
**************************************************************************************************************************
Problem size 95
Fixed variables: (x[3],0) (x[4],1) (x[18],1) (x[31],0) (x[60],1)
==========================================================================================================================
starting bound     cut  triangles added  violation
       2118.07    1843              500       0.50
==========================================================================================================================
iter     time      bound  bdl   viol3  triag  purged   added   viol5  penta  purged   added   viol7  hepta  purged   added
==========================================================================================================================
   1    50.28    1987.74    4   4e-01    862    -124   +486   
   2    50.34    1928.92    5   4e-01   1111    -232   +481   
   3    50.41    1903.11    7   4e-01   1255    -316   +460   
   4    50.49    1881.56    9   3e-01   1364    -270   +379   
   5    50.69    1864.42    8   3e-01   1589    -206   +431    7e-01    479    -0     +479    7e-01    471    -0     +471  
   6    50.90    1855.94   12   2e-01   1538    -345   +294    5e-01    706    -216   +443    6e-01    585    -273   +387  
   7    51.00    1842.30   16   2e-01   1538    -0     +0      5e-01    706    -0     +0      6e-01    585    -0     +0    
==========================================================================================================================
Prune!
==========================================================================================================================
Depth = 5, Bound = 1842.30, Best = 1843

Branching on x[39] = 0.59
Fixing x[39] = 0

**************************************************************************************************************************
                                               Node 38
**************************************************************************************************************************
Problem size 95
Fixed variables: (x[3],0) (x[4],1) (x[39],0) (x[60],0) (x[97],0)
==========================================================================================================================
starting bound     cut  triangles added  violation
       2105.49    1843              500       0.50
==========================================================================================================================
iter     time      bound  bdl   viol3  triag  purged   added   viol5  penta  purged   added   viol7  hepta  purged   added
==========================================================================================================================
   1    51.06    1998.83    4   5e-01    831    -151   +482   
   2    51.12    1940.51    5   3e-01   1038    -261   +468   
   3    51.19    1911.36    8   3e-01   1318    -174   +454   
   4    51.27    1896.47    8   3e-01   1486    -295   +463   
   5    51.51    1887.85   13   3e-01   1579    -328   +421    7e-01    480    -0     +480    7e-01    480    -0     +480  
   6    51.76    1873.52   13   2e-01   1546    -408   +375    6e-01    774    -185   +479    7e-01    739    -214   +473  
   7    52.02    1865.96   14   1e-01   1623    -286   +363    5e-01   1086    -166   +478    6e-01    966    -243   +470  
   8    52.31    1859.72   16   1e-01   1323    -397   +97     4e-01   1196    -341   +451    5e-01   1058    -338   +430  
   9    52.62    1854.86   12   2e-01   1569    -161   +407    5e-01   1399    -275   +478    6e-01   1250    -285   +477  
  10    52.94    1851.25   17   2e-01   1642    -358   +431    5e-01   1512    -367   +480    6e-01   1358    -370   +478  
  11    53.31    1848.44   16   8e-02   1218    -473   +49     3e-01   1538    -429   +455    5e-01   1382    -419   +443  
  12    53.66    1846.48   12   9e-02   1167    -116   +65     4e-01   1571    -394   +427    5e-01   1447    -353   +418  
  13    54.02    1844.18   12   1e-01   1178    -125   +136    4e-01   1724    -326   +479    5e-01   1612    -303   +468  
  14    54.15    1843.84    9   1e-01   1178    -0     +0      4e-01   1724    -0     +0      5e-01   1612    -0     +0    
==========================================================================================================================
Prune!
==========================================================================================================================
Depth = 5, Bound = 1843.84, Best = 1843

Fixing x[39] = 1

**************************************************************************************************************************
                                               Node 39
**************************************************************************************************************************
Problem size 95
Fixed variables: (x[3],0) (x[4],1) (x[39],1) (x[60],0) (x[97],0)
==========================================================================================================================
starting bound     cut  triangles added  violation
       2121.55    1843              500       0.49
==========================================================================================================================
iter     time      bound  bdl   viol3  triag  purged   added   viol5  penta  purged   added   viol7  hepta  purged   added
==========================================================================================================================
   1    54.21    2036.50    3   4e-01    857    -120   +477   
   2    54.27    1978.98    6   4e-01   1052    -283   +478   
   3    54.34    1944.62    5   4e-01   1335    -199   +482   
   4    54.55    1924.32    9   3e-01   1388    -392   +445    7e-01    480    -0     +480    8e-01    480    -0     +480  
   5    54.77    1901.79   12   2e-01   1483    -291   +386    6e-01    817    -139   +476    7e-01    796    -153   +469  
   6    55.00    1887.96   16   2e-01   1429    -308   +254    5e-01   1052    -213   +448    5e-01    901    -313   +418  
   7    55.26    1882.37   16   1e-01   1430    -198   +199    5e-01   1273    -230   +451    5e-01   1049    -251   +399  
   8    55.52    1871.99   21   1e-01   1256    -257   +83     4e-01   1365    -324   +416    5e-01   1071    -351   +373  
   9    55.81    1867.68   14   2e-01   1546    -147   +437    6e-01   1567    -278   +480    7e-01   1296    -252   +477  
  10    56.12    1862.92   17   1e-01   1321    -392   +167    4e-01   1558    -440   +431    5e-01   1277    -450   +431  
  11    56.44    1858.88   17   1e-01   1208    -200   +87     3e-01   1648    -323   +413    5e-01   1357    -332   +412  
  12    56.77    1856.41   21   1e-01   1144    -127   +63     4e-01   1796    -271   +419    6e-01   1471    -280   +394  
  13    57.12    1853.07   22   1e-01   1059    -111   +26     3e-01   1823    -349   +376    4e-01   1504    -306   +339  
  14    57.49    1851.03   24   1e-01   1136    -70    +147    3e-01   1981    -273   +431    5e-01   1657    -235   +388  
  15    57.89    1848.92   25   6e-02    975    -163   +2      3e-01   1909    -382   +310    3e-01   1616    -325   +284  
  16    58.29    1848.08   15   2e-01   1334    -40    +399    5e-01   2171    -218   +480    6e-01   1902    -186   +472  
  17    58.73    1846.86   21   7e-02   1014    -329   +9      3e-01   2149    -408   +386    4e-01   1901    -391   +390  
  18    59.15    1845.82   26   5e-02    950    -65    +1      3e-01   2169    -293   +313    5e-01   1933    -287   +319  
  19    59.57    1845.31   19   6e-02    923    -39    +12     3e-01   2318    -226   +375    4e-01   2079    -216   +362  
  20    59.99    1844.56   22   8e-02    940    -25    +42     3e-01   2452    -313   +447    4e-01   2218    -305   +444  
  21    60.43    1844.33   14   1e-01   1180    -32    +272    5e-01   2548    -384   +480    6e-01   2322    -376   +480  
  22    60.67    1843.96   13   1e-01   1180    -0     +0      5e-01   2548    -0     +0      6e-01   2322    -0     +0    
==========================================================================================================================
Prune!
==========================================================================================================================
Depth = 5, Bound = 1843.96, Best = 1843


Nodes = 39
Root node bound = 1912.096
Maximum value = 1843
Solution = ( 1 3 5 6 10 12 14 20 21 22 27 28 29 30 38 40 41 42 45 47 49 51 53 55 57 58 64 65 66 68 71 73 76 79 87 89 92 93 96 )
CPU time = 60.67 s

