Input file: ./Instances/rudy/w09_100.5

Graph has 100 vertices and 4455 edges.

BiqBin parameters:
    init_bundle_iter = 5
     max_bundle_iter = 20
      min_outer_iter = 10
      max_outer_iter = 30
       violated_Ineq = 0.050000
             TriIneq = 500
         Pent_Trials = 160
        Hepta_Trials = 120
        include_Pent = 1
       include_Hepta = 1
                root = 0
            use_diff = 1
          time_limit = 0
   branchingStrategy = 1
      detailedOutput = 1

**************************************************************************************************************************
                                               Node 1
**************************************************************************************************************************
Problem size 100
Fixed variables:
Node 1 Feasible solution 2433
==========================================================================================================================
starting bound     cut  triangles added  violation
       2733.64    2433              500       0.50
==========================================================================================================================
iter     time      bound  bdl   viol3  triag  purged   added   viol5  penta  purged   added   viol7  hepta  purged   added
==========================================================================================================================
   1     0.06    2634.48    3   5e-01    764    -228   +492   
   2     0.13    2570.76    6   4e-01   1039    -204   +479   
   3     0.20    2532.80   10   3e-01   1270    -227   +458   
   4     0.43    2511.92    8   2e-01   1426    -297   +453    7e-01    480    -0     +480    8e-01    480    -0     +480  
   5     0.65    2495.87   13   3e-01   1530    -306   +410    7e-01    814    -146   +480    6e-01    779    -179   +478  
   6     0.90    2483.36   15   2e-01   1507    -400   +377    5e-01    991    -297   +474    6e-01    888    -353   +462  
   7     1.17    2473.30   14   1e-01   1459    -332   +284    5e-01   1161    -283   +453    6e-01   1003    -294   +409  
   8     1.46    2465.26   17   2e-01   1581    -266   +388    6e-01   1352    -282   +473    6e-01   1190    -277   +464  
   9     1.76    2458.52   20   1e-01   1232    -382   +33     4e-01   1348    -370   +366    5e-01   1079    -435   +324  
  10     2.07    2450.72   24   1e-01   1073    -194   +35     4e-01   1440    -271   +363    4e-01   1132    -252   +305  
  11     2.39    2448.36   18   1e-01   1134    -76    +137    4e-01   1619    -214   +393    5e-01   1318    -179   +365  
  12     2.73    2444.75   16   1e-01   1103    -136   +105    4e-01   1714    -313   +408    5e-01   1413    -298   +393  
  13     3.09    2442.99   20   2e-01   1256    -89    +242    5e-01   1895    -283   +464    5e-01   1605    -255   +447  
  14     3.48    2440.73   24   8e-02   1081    -206   +31     3e-01   1878    -397   +380    4e-01   1520    -414   +329  
  15     3.88    2439.18   15   9e-02   1105    -82    +106    4e-01   2020    -293   +435    4e-01   1675    -238   +393  
  16     4.30    2437.52   18   8e-02   1009    -116   +20     4e-01   2021    -378   +379    4e-01   1744    -303   +372  
  17     4.71    2436.54   21   6e-02    958    -53    +2      3e-01   2048    -299   +326    5e-01   1811    -276   +343  
  18     5.13    2435.52   22   5e-02    937    -22    +1      2e-01   2060    -273   +285    4e-01   1852    -261   +302  
  19     5.56    2434.90   19   1e-01   1004    -9     +76     4e-01   2299    -214   +453    4e-01   2083    -194   +425  
  20     6.02    2434.68   16   1e-01   1089    -57    +142    4e-01   2429    -348   +478    5e-01   2245    -313   +475  
  21     6.48    2434.20   19   7e-02    965    -141   +17     3e-01   2352    -496   +419    3e-01   2200    -473   +428  
  22     6.63    2433.89   22   7e-02    965    -0     +0      3e-01   2352    -0     +0      3e-01   2200    -0     +0    
==========================================================================================================================
Prune!
==========================================================================================================================
Depth = 0, Bound = 2433.89, Best = 2433


Nodes = 1
Root node bound = 2433.885
Maximum value = 2433
Solution = ( 1 3 4 5 7 8 13 17 19 20 21 24 28 30 31 32 33 35 36 44 45 46 49 50 51 53 54 55 57 60 64 66 67 68 70 71 72 73 75 76 77 82 83 84 85 87 90 91 93 95 97 98 99 )
CPU time = 6.63 s

